   1                93sam = 2
   2               aaronl = 1
   3               absurd = 2
   4                  abz = 1
   5                 acid = 1
   6               aclark = 1
   7                 adam = 1
   8                adamm = 1
   9             adconrad = 1
  10              adejong = 1
  11                adric = 2
  12                  ads = 1
  13                  aeb = 1
  14                afrb2 = 1
  15                  agi = 1
  16             agmartin = 1
  17                  agx = 1
  18             aigarius = 1
  19                  ajk = 2
  20                 ajpg = 2
  21                  ajt = 2
  22                akira = 2
  23               aklein = 2
  24              akumria = 1
  25                alain = 1
  26                 alee = 1
  27                 alex = 2
  28            alexander = 1
  29                alexp = 1
  30                alexu = 1
  31                alfie = 1
  32                 alfs = 1
  33             algernon = 1
  34                alpha = 1
  35             amacater = 2
  36                amaya = 1
  37             ametzler = 1
  38                  amu = 1
  39             andersee = 2
  40               andrea = 2
  41              andreas = 1
  42             andrelop = 1
  43             andressh = 1
  44               andrew = 1
  45              andrewl = 2
  46                anfra = 2
  47             angdraug = 1
  48                 anle = 1
  49             apenwarr = 2
  50                  aph = 1
  51             apollock = 1
  52              aquette = 1
  53                   ar = 1
  54              arafune = 2
  55              araqnid = 2
  56                 ardo = 1
  57                  ari = 1
  58              aroldan = 1
  59               arthur = 1
  60            asuffield = 1
  61              atterer = 1
  62                 aure = 1
  63              aurel32 = 1
  64                  awm = 1
  65                   az = 1
  66             azekulic = 1
  67                  bab = 1
  68              bagpuss = 1
  69               bahner = 1
  70                 bali = 1
  71             ballombe = 1
  72                  bam = 2
  73                 bame = 1
  74                  bao = 1
  75                  bap = 1
  76                baran = 1
  77              barbier = 1
  78                 bart = 1
  79                bartw = 2
  80               baruch = 1
  81                  bas = 1
  82                bates = 2
  83                 baux = 1
  84                bayle = 1
  85             bcollins = 2
  86              bcwhite = 1
  87                bdale = 3
  88               behanw = 1
  89               bengen = 1
  90                 benj = 1
  91               benoit = 1
  92               bertol = 1
  93             bfulgham = 2
  94                 bg66 = 1
  95              bigpaul = 1
  96                  bjb = 1
  97               bkerin = 1
  98                blade = 1
  99              blarson = 1
 100                  bma = 1
 101              bnelson = 1
 102                  bod = 1
 103                 boll = 1
 104                borco = 1
 105                bortz = 2
 106              bossekr = 2
 107              bottoms = 2
 108                 brad = 1
 109                bradm = 1
 110              branden = 2
 111              brandon = 1
 112                brian = 2
 113               brianb = 2
 114               brianr = 2
 115             bridgett = 2
 116              brinkmd = 2
 117               brlink = 1
 118              broonie = 2
 119                   bs = 2
 120                  bsb = 1
 121                  btb = 2
 122              bubulle = 1
 123                 bug1 = 1
 124                cajus = 1
 125               calvin = 1
 126                 camm = 2
 127                carey = 2
 128                  cas = 2
 129                 casi = 1
 130                 cate = 1
 131                cavok = 1
 132                  cbf = 1
 133              ccheney = 1
 134          ccontavalli = 1
 135                   cd = 1
 136                 cech = 2
 137               cedric = 1
 138                cesco = 2
 139             cespedes = 2
 140                cetus = 2
 141                  cgb = 2
 142                   ch = 2
 143               chanop = 1
 144               charon = 1
 145               chaton = 1
 146                  che = 1
 147               chewie = 1
 148                 chip = 2
 149               chojin = 1
 150                chris = 2
 151               chrisb = 1
 152               chrish = 1
 153               chrism = 2
 154           christophe = 1
 155             cjwatson = 1
 156             ckesselh = 1
 157                cklin = 1
 158             clameter = 2
 159             claviola = 1
 160              clebars = 2
 161                  cmb = 1
 162                  cmc = 1
 163              cmiller = 1
 164             cmorrone = 2
 165             cmruffin = 1
 166                colol = 1
 167                 cord = 1
 168              costela = 1
 169                coven = 2
 170               cowboy = 2
 171              cpbotha = 1
 172                 cpbs = 1
 173                  cph = 1
 174              cprados = 1
 175             crafterm = 1
 176                craig = 1
 177                creis = 1
 178               csmall = 2
 179              csurchi = 1
 180                  cts = 2
 181                cupis = 1
 182                cwryu = 2
 183                  cyb = 1
 184              daenzer = 2
 185                  dan = 2
 186               dancer = 1
 187               danish = 1
 188              danlutz = 1
 189                dannf = 1
 190               danpat = 2
 191                 dark = 1
 192                darke = 2
 193                 dave = 2
 194                david = 1
 195               davidc = 1
 196               davidw = 2
 197              dbugger = 2
 198             dburrows = 1
 199              debacle = 2
 200               decker = 1
 201              decklin = 1
 202                 deek = 1
 203             delaunay = 2
 204               dennis = 1
 205                devin = 1
 206               dexter = 2
 207                dfrey = 2
 208                 dima = 2
 209               dirson = 1
 210                  dld = 2
 211                dlehn = 1
 212              dmartin = 2
 213                dmaze = 1
 214                  dmz = 1
 215                 doko = 2
 216               doogie = 2
 217                dopey = 1
 218             dparsons = 1
 219                  dpk = 2
 220                  drb = 1
 221             dreamind = 1
 222                 dres = 3
 223                 drew = 1
 224                   ds = 1
 225                 dsb3 = 1
 226             dsilvers = 1
 227                  dsp = 1
 228                  dsw = 2
 229                duncf = 1
 230               dunham = 2
 231               dvdeug = 1
 232                dwarf = 2
 233              dwhedon = 1
 234                   dz = 1
 235                  dzu = 1
 236                  ean = 1
 237                ecain = 1
 238                 ecki = 2
 239                   ed = 2
 240                  edd = 2
 241                eddie = 1
 242             edelhard = 1
 243                ediaz = 2
 244               edward = 2
 245               efraim = 1
 246               eichin = 1
 247                 ejad = 1
 248                  elf = 2
 249                 eloy = 1
 250              elphick = 2
 251             emschwar = 1
 252                ender = 1
 253               enrico = 1
 254                  epg = 1
 255             eppesuig = 1
 256                  era = 1
 257                 eric = 1
 258                erich = 1
 259               ericvb = 1
 260                 erik = 1
 261                 etbe = 1
 262                 evan = 1
 263                  evo = 1
 264              ezanard = 2
 265             fabbione = 1
 266               fabien = 2
 267                 falk = 2
 268               fenton = 1
 269                  fer = 1
 270                   fh = 2
 271               fizbin = 2
 272              fjordan = 2
 273               flight = 2
 274               flimsy = 1
 275               flinny = 2
 276                  flo = 1
 277                  fmw = 1
 278                fnord = 2
 279                  fog = 2
 280                 foka = 2
 281               forcer = 1
 282              fpeters = 2
 283             francois = 1
 284              frankie = 1
 285                 frob = 2
 286              fsmunoz = 1
 287                 fuji = 2
 288                   fw = 1
 289                gadek = 1
 290              garabik = 1
 291               geiger = 2
 292              gemorin = 1
 293              gibreel = 1
 294             gleydson = 1
 295              godisch = 1
 296              goedson = 1
 297                gopal = 2
 298               gordon = 1
 299                gorgo = 2
 300                gotom = 1
 301               graham = 1
 302              grantma = 1
 303              grendel = 1
 304                 grin = 1
 305                grisu = 2
 306                   gt = 1
 307              guillem = 1
 308                  gus = 1
 309                 guus = 1
 310                  gwj = 1
 311                gwolf = 1
 312               hadess = 1
 313                hafre = 1
 314                hakan = 2
 315               hallon = 2
 316                halls = 1
 317               hamish = 1
 318             hartmans = 1
 319               hattas = 1
 320                hauva = 1
 321             hazelsct = 1
 322                  hec = 1
 323               hecker = 1
 324               hector = 1
 325                henry = 2
 326              herbert = 1
 327              hertzog = 2
 328               hgebel = 1
 329             hilliard = 2
 330                  hmh = 1
 331              holgate = 2
 332                honey = 1
 333                horms = 1
 334                   hp = 1
 335               hsteoh = 1
 336                huber = 1
 337                 hugo = 1
 338                 hvdm = 1
 339                ieure = 1
 340             igenibel = 1
 341                igloo = 2
 342                  iko = 2
 343                  iml = 1
 344             imurdock = 2
 345                 ingo = 1
 346             ishikawa = 2
 347                 ivan = 1
 348                 ivey = 1
 349                  ivo = 1
 350                  iwj = 1
 351                  jab = 1
 352                 jack = 1
 353              jaldhar = 2
 354             jalvarez = 1
 355              jamuraa = 1
 356                  jan = 1
 357                  jaq = 1
 358               jaqque = 1
 359                jason = 1
 360             jaybonci = 1
 361              jbailey = 1
 362             jbernard = 1
 363              jblache = 1
 364             jcollins = 1
 365              jdassen = 2
 366                  jdg = 2
 367                  jeb = 1
 368                  jef = 1
 369                 jeff = 2
 370                jello = 1
 371               jensen = 1
 372               jerome = 1
 373                jewel = 1
 374                  jfs = 2
 375                  jgb = 1
 376                  jgg = 1
 377             jgoerzen = 2
 378                   jh = 1
 379              jhasler = 1
 380              jhirche = 1
 381                  jim = 3
 382                jimmy = 2
 383                  jjm = 1
 384               jlines = 1
 385              jmarler = 1
 386              jmintha = 1
 387                  jmr = 2
 388              jmunsin = 2
 389               jochen = 1
 390                  joe = 1
 391                 joel = 2
 392                joerg = 1
 393            joergland = 1
 394                 joey = 2
 395                joeyh = 2
 396               johnie = 1
 397                  jon = 1
 398                jonas = 1
 399              joostje = 1
 400              joostvb = 1
 401              jordens = 1
 402                jordi = 1
 403                  jos = 1
 404             joschlec = 1
 405               joshua = 1
 406                 joss = 1
 407              joussen = 1
 408                  joy = 1
 409               jpenny = 1
 410                  jps = 1
 411                   jr = 1
 412                  jrv = 1
 413                   js = 1
 414                jsogo = 1
 415               jstudt = 1
 416              jtarrio = 1
 417               juanma = 1
 418              jughead = 2
 419                jules = 1
 420                jwest = 2
 421                  jwl = 2
 422                 kabi = 1
 423                  kai = 2
 424                kalfa = 1
 425             kaminski = 1
 426                kamop = 2
 427                karlb = 1
 428             kawamura = 2
 429                  kay = 1
 430                  kcr = 1
 431              kelbert = 1
 432                kevin = 2
 433               keybuk = 1
 434                khkim = 1
 435               killer = 1
 436                 kims = 1
 437             kirfrank = 1
 438                 kirk = 2
 439               kitame = 2
 440                  kju = 1
 441                   kk = 1
 442             klindsay = 1
 443                  kmr = 1
 444                kmuto = 2
 445             kneecaps = 1
 446                 knok = 1
 447                koala = 1
 448               kobras = 1
 449                kohda = 1
 450               kokids = 2
 451              koptein = 1
 452                  kov = 1
 453                kraai = 1
 454                krala = 1
 455               kraxel = 1
 456              kreckel = 1
 457             krisrose = 1
 458              krooger = 1
 459                   ks = 1
 460               kubota = 1
 461                 kyle = 1
 462              labisso = 1
 463             lakeland = 1
 464               lamont = 3
 465                lange = 1
 466               larryg = 1
 467                 lars = 1
 468             lawrencc = 2
 469              ldrolez = 1
 470                 lear = 2
 471                leist = 1
 472                  leo = 2
 473               lepied = 1
 474             leutloff = 2
 475                  lex = 1
 476                  ley = 1
 477             lfilipoz = 1
 478              licquia = 2
 479                liiwi = 1
 480              lingnau = 2
 481               lintux = 1
 482               ljlane = 2
 483               lmoore = 2
 484               lohner = 2
 485                 loic = 1
 486              lolando = 1
 487                 lowe = 2
 488                  lss = 2
 489                  ltd = 1
 490                 luca = 1
 491              luferbu = 1
 492                luigi = 1
 493                lukas = 1
 494                lupus = 1
 495               luther = 2
 496              lynbech = 1
 497                   ma = 1
 498                macan = 2
 499                 mace = 1
 500              madduck = 1
 501              madhack = 1
 502              madkiss = 1
 503              maehara = 2
 504               magnus = 1
 505              makholm = 2
 506                 mako = 1
 507                 malc = 2
 508                manty = 1
 509                 maor = 1
 510              mapache = 1
 511               marcel = 2
 512             marillat = 1
 513               markos = 2
 514               martin = 2
 515              martinb = 2
 516              masklin = 1
 517               matrix = 1
 518                 mats = 1
 519                 matt = 2
 520              matthew = 1
 521             matthieu = 1
 522              mattice = 1
 523                  max = 1
 524                 maxx = 1
 525               mbaker = 2
 526               mbanck = 1
 527                  mbc = 1
 528              mblevin = 1
 529                mbuck = 2
 530            mckinstry = 1
 531                   md = 2
 532                  mdj = 1
 533              mdorman = 1
 534                  mdz = 1
 535             mechanix = 1
 536                meder = 1
 537                 mejo = 1
 538              mendoza = 1
 539             mennucc1 = 1
 540               merker = 1
 541               meskes = 2
 542               mester = 1
 543                   mf = 2
 544                mfurr = 1
 545                   mh = 1
 546               mhatta = 1
 547              mhummel = 1
 548                micce = 1
 549             michaelf = 1
 550             michaelw = 1
 551               miguel = 1
 552              mihtjel = 1
 553                mikan = 1
 554                mikem = 1
 555              miquels = 1
 556                misha = 1
 557                   mj = 1
 558                  mjb = 2
 559                mjg59 = 1
 560                  mjr = 1
 561                   mk = 1
 562               mkabel = 2
 563                  mkc = 1
 564                mlang = 1
 565             mmagallo = 2
 566                  mms = 1
 567              mnencia = 1
 568                monga = 1
 569                mooch = 1
 570             morimura = 1
 571             moronito = 1
 572               morten = 1
 573               moshez = 1
 574                 moth = 1
 575              mpalmer = 1
 576                 mpav = 1
 577                  mrd = 1
 578                  mrj = 1
 579                mryan = 1
 580                   ms = 1
 581                  msp = 1
 582               mstone = 1
 583                munro = 1
 584                murat = 1
 585                  mvo = 1
 586             nakahara = 1
 587                  nas = 1
 588              nathans = 1
 589             nboullis = 1
 590                 neal = 1
 591                neale = 2
 592              nefsall = 1
 593                 negm = 1
 594                 neil = 1
 595             netzwurm = 1
 596                nevyn = 1
 597                   ng = 2
 598                 nick = 1
 599           nickrusnov = 1
 600                 nico = 1
 601                 nidd = 1
 602               niklas = 2
 603                 nils = 2
 604              njordan = 1
 605                noahm = 1
 606                nobse = 1
 607                 noel = 1
 608               nonaka = 1
 609              noodles = 1
 610              noshiro = 1
 611             nsandver = 1
 612               nveber = 2
 613                  nwp = 1
 614                 ocsi = 1
 615                ohura = 1
 616                  oku = 1
 617                 oldw = 2
 618               oliver = 1
 619                omote = 1
 620               ondrej = 1
 621               oohara = 1
 622                 opal = 1
 623                osamu = 1
 624               ossama = 2
 625                 ossk = 2
 626               otavio = 1
 627               othmar = 1
 628                 ovek = 1
 629                   pa = 2
 630               pa3aba = 2
 631                pablo = 1
 632                 pape = 1
 633                 pasc = 1
 634                  pat = 2
 635              patrick = 1
 636                 paul = 2
 637               paulvt = 1
 638                pavel = 1
 639                   pb = 1
 640               pbrown = 1
 641                  pdm = 2
 642                peloy = 2
 643                 pere = 1
 644               peterh = 1
 645               peterk = 1
 646               peterm = 1
 647              petervr = 1
 648             pfaffben = 2
 649             pfrauenf = 2
 650             phaggart = 2
 651                 phil = 2
 652                philh = 2
 653              philipc = 1
 654               phreed = 2
 655              phython = 1
 656               piefel = 1
 657                  pik = 1
 658                piman = 1
 659                  pjb = 1
 660              plypkie = 1
 661                   pm = 1
 662             pmachard = 1
 663               pmhahn = 1
 664             porridge = 1
 665              portnoy = 1
 666              pouelle = 2
 667             ppatters = 1
 668                  prh = 1
 669              profeta = 1
 670             pronovic = 1
 671             prudhomm = 1
 672             prussell = 1
 673              pseelig = 1
 674                  psg = 1
 675               psmith = 2
 676           pstorralba = 1
 677             pvaneynd = 2
 678                  pxt = 1
 679                 pyro = 1
 680                  pzn = 1
 681                racke = 1
 682               rafael = 2
 683                ranty = 1
 684                   rb = 1
 685                  rbf = 1
 686            rcardenes = 1
 687                  rcp = 1
 688                  rcw = 2
 689              rdonald = 1
 690                remco = 2
 691                 remi = 2
 692                 rene = 1
 693                ressu = 2
 694           rfrancoise = 1
 695             rganesan = 1
 696                 riku = 2
 697                risko = 1
 698                  rjs = 2
 699            rkrishnan = 1
 700              rkrusty = 2
 701                  rla = 1
 702                  rlb = 1
 703               rleigh = 1
 704                rmayr = 1
 705            rmgolbeck = 1
 706                  rmh = 1
 707              rmurray = 1
 708                robbe = 1
 709               robert = 1
 710                robin = 1
 711             robot101 = 1
 712              robster = 1
 713              rogerso = 1
 714             rogoyski = 1
 715               roland = 2
 716               romain = 1
 717                roman = 2
 718              romosan = 1
 719                  ron = 2
 720                 ross = 1
 721                rotty = 1
 722             rousseau = 1
 723                rover = 2
 724              rperrot = 1
 725              rsahlen = 1
 726                 ruud = 2
 727                 rvdm = 1
 728                  rvr = 1
 729               rweber = 1
 730                sacha = 1
 731                salve = 2
 732                 sama = 1
 733                 samj = 2
 734                 samo = 1
 735                 samu = 1
 736                 sano = 2
 737              sanvila = 2
 738                 sasa = 2
 739                  sax = 1
 740             schaumat = 1
 741           scheffczyk = 1
 742             schepler = 1
 743              schimmi = 1
 744               schizo = 2
 745               schlue = 2
 746              schmitz = 2
 747              schoepf = 1
 748             schuller = 2
 749             schultmc = 1
 750                scott = 2
 751                sdier = 1
 752               seamus = 1
 753              seanius = 1
 754               seb128 = 1
 755                seppy = 1
 756               sfllaw = 1
 757               sfrost = 1
 758                  sgk = 2
 759                sgore = 1
 760                sgran = 1
 761               sgybas = 2
 762               shadur = 1
 763               shaleh = 2
 764                shane = 1
 765              shanson = 1
 766              sharkey = 1
 767             sharpone = 2
 768                shaul = 1
 769                shell = 1
 770                  sho = 1
 771               shorty = 2
 772                shugo = 1
 773                siggi = 1
 774             sjackman = 1
 775                  sjg = 1
 776               sjoerd = 1
 777              sjogren = 1
 778                  sjq = 1
 779                  sjr = 1
 780                  skx = 1
 781             smarenka = 1
 782                  smp = 1
 783                  smr = 1
 784                smurf = 1
 785                  spa = 1
 786              spectra = 1
 787            speedblue = 1
 788                  sph = 1
 789              srbaker = 2
 790              srittau = 1
 791             srivasta = 2
 792                  srk = 1
 793                 srua = 1
 794              ssmeenk = 1
 795              sstrick = 2
 796              stefanb = 1
 797              stephen = 2
 798                steve = 2
 799              stevegr = 2
 800              stevenk = 1
 801               stigge = 1
 802                stijn = 1
 803                  sto = 1
 804                stone = 1
 805                storm = 1
 806           stramiello = 1
 807             stroucki = 2
 808              susumuo = 2
 809                 swan = 1
 810               sweeks = 1
 811                synrg = 2
 812                 tach = 1
 813              taggart = 1
 814                tagoh = 1
 815                 take = 1
 816                talby = 2
 817                 tale = 2
 818                 tali = 1
 819                  tao = 1
 820                taral = 1
 821                 taru = 2
 822                tausq = 2
 823                   tb = 1
 824             tbarreno = 1
 825                  tbm = 1
 826                  tca = 1
 827                  teo = 1
 828             terminus = 1
 829             terpstra = 1
 830                terry = 1
 831               tfheen = 1
 832                  tgs = 1
 833                thimo = 2
 834                 thom = 1
 835               thomas = 2
 836             tibbetts = 1
 837                tille = 2
 838                 timr = 1
 839              timshel = 1
 840             tjhukkan = 2
 841                tjrc1 = 1
 842             tmancill = 2
 843                 toma = 1
 844             tomasera = 1
 845                tomfa = 1
 846                 toni = 1
 847                  tor = 2
 848                 tora = 1
 849                 tore = 1
 850              torsten = 2
 851               totoro = 1
 852                  tpo = 1
 853               treacy = 1
 854              treinen = 1
 855                troup = 2
 856                 troy = 2
 857              tsauter = 1
 858             ttroxell = 1
 859                turbo = 2
 860               turgon = 1
 861                   tv = 1
 862              twerner = 1
 863                tyson = 2
 864                tytso = 1
 865                 ucko = 1
 866                 ukai = 2
 867            ultrotter = 1
 868                 utsl = 1
 869                  uwe = 1
 870              vanicat = 1
 871                 vela = 2
 872                 vigu = 1
 873                viiru = 1
 874              villate = 1
 875                vince = 1
 876              vincent = 1
 877                viral = 1
 878             vleeuwen = 1
 879                  vlm = 1
 880               vomjom = 1
 881               vorlon = 1
 882                 voss = 1
 883                 w1bw = 1
 884               wagner = 2
 885             wakkerma = 2
 886                waldi = 1
 887               walken = 2
 888              walters = 1
 889                 warp = 2
 890                 wart = 1
 891                  was = 1
 892                  wdg = 1
 893               weasel = 1
 894                 wehe = 1
 895                 whig = 2
 896                 will = 1
 897                willy = 1
 898               witten = 1
 899                  wli = 1
 900                wmono = 1
 901               wolfie = 1
 902               wookey = 1
 903               wouter = 1
 904               xavier = 1
 905                xtifr = 1
 906             yaegashi = 1
 907                  ygh = 1
 908             ykomatsu = 1
 909                yochi = 2
 910             yooseong = 1
 911               younie = 1
 912               ypwong = 2
 913                yusuf = 1
 914                 yves = 1
 915                 zack = 1
 916                  zal = 1
 917                  zed = 2
 918               zeevon = 1
 919             zinoviev = 1
 920                 zoso = 1
 921                zufus = 1
 922            zugschlus = 1
