    1	93sam	CEBB52301D617E910390FE16587979573442684E
    2	aba	010BF4B922AC26888C4F895F49BB63F18B4CCAD5
    3	abe	2517B724C5F6CA9953296E612FF9CD59612616B5
    4	abi	75D8908EBD35E31D94D102EF10557B83807CAC25
    5	absurd	54EB6D089FA37C19A64590B3066DE8017E2B61D9
    6	achernya	3224C4469D7DF8F3D6F41A02BBC756DDBE595F6B
    7	acid	5361BD40015B74382739101A611BA9508B78A5C2
    8	acornet	EA7DC27F2742024DFB1E8293B24F9D802225848E
    9	adamm	90B66A695BB4557F228CE989E523F220AC8DFBD0
   10	adconrad	8BC600805AAC660FEB4D198383401A30B1CDE58F
   11	adejong	452EC2CB65CF68C2A1ADBF5F2A8B746810E0AFC1
   12	adn	3E5FF5F704DA71974CFB4E31DE9F93584D474C1B
   13	adsb	7203630E2C8E727251684FEBC5CE5DC2C542CD59
   14	aeb	25714AECDBFDACEE1CE95FE77F6022516E869F64
   15	ag	2FC3907C20D963EBB234D023236C60C665B4B162
   16	agi	5347CBD83E30A9EB4D7D4BF2009B33756B9AAA55
   17	agmartin	ED78D97FA0065393A48AC71398B9E4BEEA6CB7B3
   18	agney	4B6DC72F824DCF3B75AE64790FDF48D659B957AE
   19	agx	D3439DAA19DCFACDAE879CF2B999CDB58C8DDBD2
   20	ah	FAE1E5B64652BE798E278CC20BC47DC64D135306
   21	ahs3	89C95A288ED9190FB81892D6530CB002D761B16C
   22	aigarius	166C2BA88956443CDD637F46FA643BA61D227AFB
   23	ajmitch	1149DCAB4F2F17C6C458DC7F82091D9A5921B5D8
   24	ajqlee	47E4BB6FF629245E311677E79D0633E1B6250985
   25	ajt	4E56CFC8D2036C0D69F347786177B35582A8D8A6
   26	akira	04FA3190D777DFC49F1BD28B93B3C2434E7609B8
   27	akumar	466FDDBF10560F509CDE3A4C7A8F49E8B63480BE
   28	alain	CF0B10589F1D97102CAD3F858CEEB259B3C281F4
   29	alee	D4199C0239C6A5AFBE2E97AA464DE301B74952A9
   30	alejandro	F6A7EF7E468870C66B37A8EFF6B09645B24BF200
   31	alerios	12DAD00150FDB751A32CED19A1BCBB2F306CDFF3
   32	alessio	04160004A8276E40BB9890FBE8A48AE5311D765A
   33	alex	9D289851E71F9673192A1046159767DF3B773EC1
   34	alexp	861E40A353C217CCEA4C27B2759D33F5C15F0596
   35	alfs	55D640C2AE41CF92C4DC8804B9A81DDEB19B4B16
   36	algernon	10E65DC045EABEFCC5193A26AC1E90BAC433F68F
   37	alteholz	C74F6AC9E933B3067F52F33FA459EC6715B0705F
   38	amacater	55965E3993E06E2B5BA5CD844AA8FC2422EF1F0F
   39	amaya	FB693A748E2BF8E01C4BC8E2C3016ACB317F2731
   40	amejia	2655978EA053D586597FE5D63FB9C78A53C854DF
   41	ametzler	D2E092039EF8D496EDF4FA5EA54F018543821484
   42	ana	7A33ECAA188B96F27C917288B3464F896AA15948
   43	anarcat	8DC901CE64146C048AD50FBB792152527B75921E
   44	anbe	EBF30A30A8D9C63BDA44C6945FB33F9359E9ED08
   45	and	45C75861BE88634A0CD2905CB0A2F1A9B3E6122C
   46	anderson	0791D3B89A4C2CDCA31FBD030A62E53437A79149
   47	andi	938A5CEE1E290DE255D9AC98B01FEA84617B586D
   48	andreas	ADEE56831C993257F41DA3F2F20FAC0B7B8357E5
   49	andree	226D697EFF42A4AC7317C40688BBD7DDBD88CDAC
   50	andrelop	9E9A41001622548B562493E3B6F6F753E15B47E9
   51	andrewsh	782130B4C9944247977B82FD6EA4D2311A2D268D
   52	anfra	5C8CEBFC806DAA3C2B6BC0BF05048A9B631B4819
   53	angdraug	7FD9D652BF5FD2EC5F1391B0798F1E35CB4D38A9
   54	angel	EBF6080D59D4008ADF4700D4098DAE47EE3BC279
   55	anibal	C6045C813887B77C2DFF97A57C56ACFE947897D8
   56	ansgar	80E976F14A508A48E9CA3FE9BC372252CA1CF964
   57	antonio	40E6D8AC1900D5246B7CE6B535C8C88872CB1EED
   58	apeeters	EFD432E05C0B10950669743D032570844D2313D5
   59	apoikos	3E02FD6656295952110BAB99F51B18C720248224
   60	apollock	5B702496CFA6A507239C2D7951DFD93B3EFB79EF
   61	appaji	BF813A99E07CD0F8653D9666A8D2CD13AA544AA1
   62	apw	BB1838728F40B7E63BFCD67AE52707E90485EFCD
   63	aquette	35610CB997C2245289817328ACC0E41055CA5976
   64	ar	BADAB1EEB153F414CFA505F4AEEC6E7302754958
   65	ardo	274110CCBCD0DFDF7591B3E583B4B2DC119A098F
   66	ari	1998FD821B7124F525B25133888220B87E798989
   67	arjan	9DF1B20A0D3D62E4F1A9D065D2277E455D3983A0
   68	arnau	43B51C2AAAD3E0D49ACF8F5997C2C6AB313C7B03
   69	arno	3BE9A67148F348F23E1E2076C72B51EE9D80F36D
   70	aroldan	0EE927C955F192E43809B852D8E0724BB29396EB
   71	aron	3A9E7D149697510A3E37CD95C38E8160A17841FE
   72	arthurliu	95908AA6E4F7BAA78BD6C148F1A69BE429C0FFEE
   73	asac	4215EA5BBDDA4DD48A7AA125BFCA4B38A824B93F
   74	asb	6EB223D7D71E67A53C93A7DA3B56E2BBD53FDCB1
   75	ash	1EC26450E831FAA295C1C5F0B85D12EC9BFA3B80
   76	asias	E0FD6DAE7C51262FDAE6A28B7174A18FAAA7A078
   77	atterer	08A97B7D3D133EF23D25D15779E6F6DC888354F7
   78	aurel32	77462642A9EF94FD0F77196DBA9C78061DDD8C9B
   79	avtobiff	3A2A7ED9122EA05132225996B188AE5579F492F8
   80	awm	F6E0FA5CF0307507BB23A512EAFCFEBF8FEB8EBF
   81	awoodland	F00F67C10AC612F5418B01975098021C70518078
   82	az	431C3FE32450FCAC547EABDA2FCCF66BB963BD5F
   83	azadi	3A0B3D84370896136B845E826887935AB297B391
   84	azekulic	091B93CF28AD65C2B76C9F23FF666668B9FD8238
   85	bab	519A0009FB50255DDB4E889270A6BEDF542D38D9
   86	bahner	076531CE6223B28C1A644F7A99727C1454ECB8AF
   87	ballombe	42028EA404A2E9D80AC453148F0E7C2B4522E387
   88	bam	8847D2F7662095A869D0C2CF9C84EE1AB9D02636
   89	bame	C83EDA064DA5138578C7B9598DD404FF7ED87D57
   90	baozich	6F1D26E46B6612334228B04A5EA2BDB6883CCDE2
   91	bap	64F429E36EA11CC2D966546F125B57475E190D18
   92	baran	DDBE8A2373481CA7FC9156CC8F3B66A6FC494FC4
   93	barbier	0FABFD4B88C1E66DA3DDD021E81D75E2ADBCB60D
   94	barry	8417157EDBE73D9EAC1E539B126EB563A74B06BF
   95	bartm	65A12DF4FE31AD6BAC4D76AE3355F4D63B5821CC
   96	bas	8210B8A457F1C6047C969AFFD183A517BFA98DE6
   97	bayle	97D0E2B125185AF7C95FEC776B982DEBBFE91C29
   98	bcwhite	D20D5E7E7BDA7633BEA14A9F67708B14E1C142B1
   99	bdale	8470F20B062592187CBA7BB33A936196C095D941
  100	bdefreese	6F1F40039E09BD7A8099C5F3E48B65B54B394F7E
  101	bdrung	A62D2CFBD50B9B5BF360D54B159EB5C4EFC8774C
  102	behanw	063C1543E73BDDA7AD7F106C72AF46E6E541A5A2
  103	ben	0B4D4F3DD28ABA1465316C6EED630BD2FFA943F1
  104	bencer	93AEA3727846B14E0DB38B65589A903470EB0FCE
  105	bengen	AE731055442A1D96CF4D4C7875B710635C213A7E
  106	benh	AC2B29BD34A6AFDDB3F68F35E7BFC8EC95861109
  107	bernat	AEF2348766F371C689A7360095A42FE8353525F9
  108	berto	1B82AAF294792E7F55864F3EBE3219AF3ED41341
  109	bertol	92720B065DB1A9EEF89001FD3E7434397DD9018D
  110	beuc	42273C1AE37FC4347CF079128FF1CB6E8D89059F
  111	bg66	A8B90F6902FD86E7D339C9A6FA96A148004DA6B4
  112	bgoglin	7A5A4E80E40097BAF6EAD638449190F3235ABD3B
  113	bgupta	AF113DD0EC498CD884BDCB36C0F8864CDA3D0358
  114	biebl	09B3AC2ECB169C904345CC546AE1DF0D608F22DC
  115	bigon	7E0ED3D2B34A03B15F9F3121C7F7F9660D82A682
  116	blackxored	99E8E74E7B4F93AEF32A552399730D5C8A9A3084
  117	blade	648DD98F4BC4829017CB0E3469740E5CB35FEC3C
  118	blarson	D5D098AFB14363734F4178618351C3C268AC5746
  119	bod	52D5B1593D7FD9146A5A63071C7C41EDEBDDBB60
  120	bossekr	5202EA4B6946AE85149A9BB0376941AB835EB2FF
  121	bottoms	07CA87DDC4C2B06240B6B1745041F1891F44E090
  122	boutil	30414D81DC28290C25686DE3DA4958F611E149E9
  123	bpellin	B67ACB32C21FC4FE6EDEC08175E1C1E9710F68E2
  124	brad	7ED48642624C08B853FA3240BFA28F8B9FC8AE73
  125	bradsmith	D20172742FE1A92AC45CEFAB8F70629AC718D347
  126	branden	1573D54473C3988F00963E4FEA4C661F2B46A27C
  127	bremner	815B63982A79F8E7C72786C4762B57BB784206AD
  128	brianr	578A87BDBE6D8A04DF7A6EB30D46FE7CD21DF495
  129	bridgett	38378E6102542A8BBF7475959E86D9142C9ED607
  130	brlink	F8AC04D50B9B064B3383C3DAAFFC96D1151DFFDC
  131	broonie	3F2568AAC26998F9E813A1C5C3F436CA30F5D8EB
  132	brother	56522C5F712B8BA202C99C093884437B13D8FF8B
  133	bs	C7934D35FF87D526F797DBEAC519A20D121461F7
  134	btb	79982CB0635F170ADFE9643DB5E01C5DE678D1A1
  135	bubulle	D5C2F9BFCA128BBA22A77218872F702C4D6E25A8
  136	bureado	3A0BEE9EEE0E1B7ECC6424E0C03242A988D4B7DF
  137	bzed	ECA1E3F28E112432D485DD95EB36171A6FF9435F
  138	camm	FE214F363697773242E816ECB845CE510F9B714D
  139	camrdale	FF0784FEE439DA85CAF1EA950F1F76E20D2036AD
  140	capriott	1AF86F8139461B6B4E4AF7B30BAFEEEFE969BD54
  141	carey	5A98FF2242DC75277ADE7A58252CC4C873D446C2
  142	carnil	04A4407CB9142C23030C17AE789D6F057FD863FE
  143	caroll	86233022C12B6ECFC90A400785045872DA83FD56
  144	carsten	B638FD9E5E6B184FCF9E2363329465A24F1FC85D
  145	cas	8803AA4BE1915CA7A211BA6263490E055E0774C5
  146	cascardo	DF813B226DD39A2C530F6F7D0ABA650372FD9571
  147	cate	A91751625A08C3CF9088F6AD55FF03AE59EC5558
  148	cavedon	C62F5124B8950ADBF7F3AB4C13C0B5667A38B0B0
  149	cavok	3A0F2F80F79C678A89364FEE06779033A20EBC50
  150	ccheney	2D31192787D71F249FF91BC5D1065AB38E384AF2
  151	cech	DF330C6EE20179FFD2B2930AF682B9EEB9E99CF8
  152	cedric	995F58995A9D3DED9D473DD56E69973CF7E8BC63
  153	certik	1B470A1C043AB115A99638E048682904DEE27C7D
  154	cespedes	3EF6FC9BDFD076F506BEA16FAFAB931FA560607C
  155	chaica	DD34BB88EFB7DE735C77597C0270A2758CD736E2
  156	ch	F7916DC334E7C855C5D1F8B5114CAAF608E25893
  157	chrisb	5F0D82B343AECAD8BB0B5D19C39E74E049E3ACD3
  158	chrish	BE3D5AF7470A183F0E518C339A8DBEF268396FD2
  159	chrism	4C8F6B0D121EB15F076FEB1704EE131AE6D621BE
  160	christine	FBE01342FCEFD379D3DCE61764959FE9838DF19C
  161	christoph	9FED5C6CE206B70A585770CA965522B9D49AE731
  162	chrisvdb	3C83C334CC3F81F836575C1E96E3F1336AED591E
  163	cjwatson	AC0A4FF12611B6FCCF01C111393587D97D86500B
  164	cklin	C0730C82DF731FD9E619273A167FD434C043A313
  165	clameter	88462A803BAE94ED94BA98DCD29BBFFC442E63C2
  166	claviola	86447B523F2D8F3E28E7F62517E950C257EB2134
  167	cleto	1FC9AF77380C91A8545F4CE24933DAB400EF5DFB
  168	clint	2100A32C46F895AF3A08783AF6D3495BB0AE9A02
  169	clown	930BB50F68C747D2A0E70FA4566E861304468DEC
  170	cmb	EE6116FF05A783D6E6176B4517B1CA7D64089528
  171	cmc	FA59358BA580CA386695714FCEB14A7A1DDC990D
  172	codehelp	7F71C1E9C78E735D0360C6CCF167E43C8143B682
  173	colint	AB8B748CBD90258044D955D2FA0C410738C9D903
  174	cord	12CF5605F7A8D8A6789B9B5398561D2D2502FE39
  175	corsac	4510DCB57ED4704060C6647630550F7871EF0BA8
  176	costela	8AE6CDFF6535192FB5B659212262D36F7ADF9466
  177	coven	DB0DF889C81596F203DF0C5104E76310EFC18770
  178	cowboy	684A1F8DC9BBE0DFF3168C9F015427E3A4B47676
  179	cph	424626C56C4AA9DB11194C07E3AA82D81B352C01
  180	cristian	745ECE2B47D405CB9342FEFF80F7DBDCCF4D32E4
  181	csmall	5D2FB320B825D93904D205193938F96BDF50FEA5
  182	csurchi	D1E29A9D17120E948671834E0CFF30E126257B68
  183	ctaylor	829679D2343D0D7A1E264A1E746B10E52F7CEC16
  184	cts	32E1DE99463F182E167A3E04700D567871B28342
  185	cupis	716E40B5BEBE5B231C7E17F6233B8A57E4875FF9
  186	curan	060096CEF3C8E733E5B61587A309D76CE1DE59D2
  187	cworth	CEF8DDC8019CA66D4E3094F3600233BA9E54DC61
  188	cwryu	5F6EC41CE863A6C519953A5B01B47334E0D49E99
  189	cyb	5E045B0EA831824D9E5F58716754891DEAAC62DF
  190	daf	037665A2AF809CF9D81EA8FFB9B31EAA12F27D94
  191	dai	0B29D88E42E6B765B8D8EA507839619DD439668E
  192	daigo	17C558FC44F27E08DDF13BBC35C3E3FAE91CD250
  193	dajobe	F879F0DEDA780198DD08DC6443EC92504F71955A
  194	damog	5CFA8779892CF7B0E515E960482D17E94DADEC2F
  195	danai	2D9353BFB3CEFFA531AA4BF76436436109F34024
  196	dancer	E8F377AEEE943676599BC50C07299F687458A89E
  197	danchev	1AE77C660A265BFFDF225D551C570C890E4BD0AB
  198	dannf	09F47DBF2D32EEDC2443EBEE1BF83C5E54FC8640
  199	dapal	81D96BD19A3AEE396FDBD30C0359959479467018
  200	dap	F36251F76D5185EBAF6875B9D29B1AFCF90FFFE5
  201	dato	8ED5FF85EB6D58F501640246CE7C4AADEA637685
  202	dave	D4A9BBA214CF41C95B89517502D0204508FB0EF7
  203	davidc	1B36433A095BA85C22C473FDE434E57F7DA4AEF2
  204	dbugger	F3A12880BCF7F8047C39B29E292A35920034C733
  205	dburrows	07FB533591FD5ACC4CBC5DBF721EB1B0CEE44978
  206	debacle	7ED1DEA345D9A0A118D4A740E3E0A1C286B963EA
  207	debalance	671925C5B8CDE74A52253DF9E5CA8C4925E4205F
  208	decklin	55782B782151EEB381717DE6B8824687F1968D1B
  209	deek	7102808A7733C2F3097B161B9222DAB89840105A
  210	deepak	4BEBFC6A62FC0CB40E10F2CEC4D1681A7F217B01
  211	delaunay	0A0FBFF6BCE060FC8A3B9A87CDB227FC0E691E17
  212	dererk	A6C7B88B9583046A11C5403E0B00FB6CEBE2D002
  213	des	1E0849A352646367675AD4897D08E5236EB95A6F
  214	devin	9C6437CD1B7B029D093349EA1E5276729197B5F9
  215	dexter	56B4B786A62D3EA134CF264C84C1C77BC0B10A5B
  216	dilinger	500524F97D58893223B35F6A645D0247C36E7637
  217	dima	38841253CD2BCA0BB3432E9F35FC9EEA97AA33D6
  218	diocles	058051A76AEE285679C2260C7B7B40AD0F81D93B
  219	directhex	C10B0C427181A34B1BC5FEDDC90F9CB90E1FAD0C
  220	dirson	74AF05DDD92027F5F0C3CDD50D85F29625A3F9FD
  221	djpig	EFFDC2C90B84664F14B3096E41B9F4E85B713DF0
  222	dkg	0EE5BE979282D80B9F7540F1CCD2ED94D21739E9
  223	dktrkranz	DDC53E5130FD08223F98945649086AD3EBE2F31F
  224	dld	4AC29C6152C82353307E4BDEC39FFC6F55A410A0
  225	dlehn	86D92F9286F1276BA6AF8370DE85C199300CBB5C
  226	dleidert	BEED4DED5544A4C03E283DC74BCD0567C296D05D
  227	dmartin	17EF07E6F59E9F3E16E0C0A259EC43D65246508B
  228	dmn	AEA0C44ECB056E93630D9D33DBBE9D4D99D2A004
  229	dnusinow	F2E1D6829607241FE54C12A8C8B7E935D63469DF
  230	dod	9F7239FCB664F10B33E9DC03C31F4FD949AB2B6C
  231	doko	D56571B88A8BBAF140BF63D6BD7EAA60778FA6F5
  232	dom	CB496527F9009F2B1C1A76DAC0057E714D694FB2
  233	domibel	EA482D50992E936CEBDA5FD219B5E6C862191001
  234	don	2AD865BA26040F67F9CC3660A2D13001D98C0FBA
  235	doogie	AD46C888F587F8A3A6DA32618A2C7DC28BD4A489
  236	dopey	F42F871071C27603A56F16184FDEC6E7E160649A
  237	dottedmag	A8DF13269E5D9A38E57CFAC29D20F6503E338888
  238	dparsons	23C9A93E585819E9126D0A36573EF1E4BD5A01FA
  239	drazzib	B3C1A1178EF9C84C6FC7FC1C75E20CCD33E749FC
  240	dreamind	A681868486470C5D79B9A59D8B9D310A97C398CB
  241	dsilvers	19568523759E2A2858F4606B3CCEBABE206C3B69
  242	duck	72972A83E526453DF2885F8155E9F9F7AC1C443F
  243	dwatson	5FDBB1BE9B31D3A8298172850DE8799EA7D6AE79
  244	dz	C925AD3CFF7CCC2F12FA93FFFE88AC6C19048885
  245	ean	1C977AFDCD9B00F2BC509A088C09994F6E48A047
  246	ebourg	B8CE4DE21080DCF903E16C40F513C419E4B9D0AC
  247	edd	AE89DB0EE10E60C01100A8F2A1489FE2AB99A21A
  248	ed	E959DBA0092A7AD23F41500E7649D1C5B4A4E070
  249	edelhard	DD2937062B8D22A8DEA2C302941C86926F222F1F
  250	edmonds	DF3D96EEB3827820F302665C01817AB0AAF6CDAE
  251	eevans	C4965EE9E3015D192CCCF2B6F758CE318D77295D
  252	eichin	345EAE92AEFDE9FBDE0395C317E92B42206F8A04
  253	eighthave	5E61C8780F86295CE17D86779F0FE587374BBE81
  254	eike	753636FE62768F94785D2042C3F8A3A26A8333C6
  255	elbrus	58B66D48736BE93B052DE6729C5C99EB05BD750A
  256	elf	A4CA03F82F1A32BD9E1741CC1ACC11FE7D39213C
  257	ellert	EA1830AFDF4D431AD9E11452E8AEC2FF3BE1A94B
  258	eloy	F7D0679A87AD501B48237DB1F45E7D53CF0E01FE
  259	ema	DEE850F81C5AF8208DD629D30BA0EE03EAF19B60
  260	emfox	654E8C20440667B12D20BE8E8D83379110000DEB
  261	emschwar	FAA6D8592F0BAED7C3329F7AEBAD6E5CBAC59E39
  262	ender	5B8C6F80C812E8598EDA653507438AA0984A4545
  263	enrico	1793D6AB75663E6BF104953A634F4BD1E7AD5568
  264	eppesuig	51539D3F62E8522ED0C7C070C2AEDB1447EDD321
  265	eriberto	357DCB0EEC95A01AEBA1F0D2DE63B9C704EBE9EF
  266	eric	43CF1228F726FD5B474CE962C256FBD500221E93
  267	erich	BE8321D41C42D0AC513D001B86464F59104378F1
  268	erik	47A83979F90C0B9B1E3BB45C26EC67B4FE6CBC8F
  269	eriks	BA5B1C3CED82638DC3DF0DEC726746E0F0BC8365
  270	erinn	8738A680B84B3031A630F2DB416F061063FEE659
  271	error	043E0E69DD56BA595905875690BC9192B06291B2
  272	etbe	9F7D619DCC06F57C02AA66C7D141CD30FC4B8F79
  273	etobi	57A4935F9221888FDE3714A2D62E4F5B041390BC
  274	eugen	AC9D68316918E4C026567767C16DA8E7F451B93C
  275	evan	A9EBB297CD4424F81CF269A850AA7015A876F581
  276	evgeni	C575A957E819BA18BF07E766A1B09B42333961E8
  277	evo	DA6AB28551DAB530AAD5D91BE665078E8E6AF13E
  278	fabbe	87546B51422EF780FA9C4A7A542B94E55719A67D
  279	fabbione	E3103275FEEE6B3672357D11081419C30B437A89
  280	fabo	CEE06509A9D42D28D2573EA88CF535F66AA572F7
  281	falk	6AA2ABD3C802094EF1FF283BD386DEE262EEAD8B
  282	faw	36CCC10F61849F24F04E0CB1C6B8598485522E2D
  283	federico	7CA7DDFB333921408C6F2B966F31BC44F5177DAA
  284	fenio	2BEC79D6FB49FB227872901BB0D9D4A83CD3BBC1
  285	fgeyer	164C70512F7929476764AB56FE22C6FD83135D45
  286	fh	F9AB00C13E3A8125DD3FDF1CDF79A374B4071A65
  287	filippo	BAD91EFF7DB4C1837B6D705A99D49B6B00CAD1E5
  288	flatmax
  289	flimsy	06D001CB97765ED9E7F1EB5E8B49BB0F0F945FC8
  290	flo	75BF68EE879B5F6A5AA50FCA90DD4120CB09F22F
  291	florian	067D375ED270572A65276EB1063741BAF5DD1ECE
  292	fog	697807F613F7E0A359D1FF95BDC0A0AE06468DEB
  293	foka	142421B19AD4A95996F95072EA2500B412C59ACF
  294	formorer	6E3966C1E1D15DB973D05B491E45F8CA9DE23B16
  295	fourmond	4C6F117FFEEA73DE8FA655E97403062689664EDE
  296	fpeters	7149147DF2F46AE03D556E3B2AE901E5C70218D2
  297	franam	320DD86E1E256275B28F89D729CEADC9260F0067
  298	francisco	CF682F046496EFEA663C24419A953C82556ABA51
  299	francois	8C470B2A0B31568E110D432516281F2E007C98D1
  300	frank	25C0E61BDC474BA7204E62F5FB1B3D632252FA1A
  301	frankie	0579A97A2238EBF9BE61ED020F02A5E1163686A4
  302	freee	76E7B1471EE8D0E7A593E89620CAA0E7EA885677
  303	frob	1FFBF62CFFAB43DDDC81F6AEDAF7350A7EBBD625
  304	fsateler	218EE0362033C87B6C135FA4A3BABAE2408DD6CF
  305	fs	E4E44DEECDA10D901DD99DA4EA7ED2A341954920
  306	fsfs	30B23C8B4E6A3B09EAA6B65212973B6E72DC07B5
  307	fuddl	6CD068620DE13D1B938572334B0069CCF6527847
  308	fuji	D4024AF37488165BCC3441477F0CD922EE4C26E8
  309	fw	C8D3D9CFFA9E70563F32FA54BF7BFF0402D524BE
  310	garabik	C1B8D13D3DF5DF650C464EEE6856A4A640AF3FD3
  311	garden	B0A6E03283E639BD769D3CF2DA03B32626600662
  312	gareuselesinge	C11A5053569A7C8C1758E311250533CCA29B764F
  313	gaudenz	836E4F81EFBBADA7085279BFA97A7702BAF91EF5
  314	gcs	A0DF7E0D3851E0EE45C00BC8ACE1F33CB933BBBB
  315	geiger	D73EEDEC8D5CBE955D9BC6AAD696CA8660B6B958
  316	geissert	FE96A3E9B6685DDD0CE3E63E49DDA59BA2EC1A7F
  317	genannt	CFC5B232C0D082CAE6B3A166F04CEFF6016CFFD0
  318	georgesk	3340B364FF67153FB7CCAE851C2816907136AE39
  319	ghe	190473745A88BF8DFFE844A0DD0BA251BC52FA6F
  320	ghedo	A4F455C3414B10563FCC9244AFA51BD6CDE573CB
  321	ghostbar	D278F9C15E5461AA3C1E2FCD13EC43EEB9AC8C43
  322	gildor	DEC45F25277079F50ED0841F47BE58A24A3CB85A
  323	gio	82D119A840C6EFCA6F5AF9459EDCC991D9AB457E
  324	giskard	81187882B05112F6627455A5ED6434406E34893C
  325	gismo	C331BA3F75FB723B5873785B06EAA066E397832F
  326	gladk	BBBD45EA818AB86FF67E7285D3E17383CFA7FF06
  327	glandium	182E161D1130B9FCCD7DB167E42AA04FA6AA8C72
  328	glaubitz	62FF8A7584E029569546000674263B37F5B5F913
  329	glaweh	0FF89AA2BE33C4197DF80EF2D0AAB32A23B5397C
  330	gleydson	BC8103B7B2891227A02E675AA56BC3DF985BA281
  331	glondu	58EB0999C64E897EE894B8037853DA4D49881AD3
  332	gniibe	124124BD3B4862AF7A0A42F100B45EBD4CA7BABE
  333	godisch	1842323B4FCF9B90995FA17FA350B991F05A4857
  334	goedson	20FCAD60E8C8D2EB064A8F5BEED8D4CC1DEB8EAE
  335	goneri	1FF368E8019913731705B8AF049ED9B94765572E
  336	gotom	D29E635FDF31BB875632563BC95C49F12A068813
  337	gq	04B59D90DF7CC2ABCD49BAEACA87E9E82AAC33F1
  338	grantma	C1A1C3F1135DBE0936705CE3C44E5FFC1335C3A2
  339	gregoa	D1E1316E93A760A8104D85FABB3A68018649AA06
  340	greuff	01FA29EF7F5666A86596C50143225D698FC03128
  341	gris	8B94819C255570A374B62CCD26E3C875A74420EF
  342	grisu	3CAB9397E835E2E95289A0C0F85EBF46258D8781
  343	guillem	4F3E74F436050C10F5696574B972BF3EA4AE57A3
  344	guoliang	2B7F82AF50DADDE16B6F486D82B5B40868C097BC
  345	gus	4CD79C1A472F03F8673725C15BE2EB392C5C4329
  346	gusnan	DB306E4B10FFD98EF4DB55D7194B631AB2DA2888
  347	guus	4D1B7796C03E0831991BDD423F490DEB871EF9FA
  348	gwolf	AB41C1C68AFD668CA045EBF8673A03E4C1DB921F
  349	haas	559E4BA79816CB5AC1F95DDBFE038E5950B5A343
  350	hakan	881C66A096E124903BEECA1CEA25F9FB06A9A7D1
  351	hallon	BADCB4C43D3DED4E540771DAE337DB93426E4154
  352	halls	BE88B4B38D1F6639580FCCEE7B199D131997E7CF
  353	hamish	79D417AFF510BE814C308BCDDF45A8055D07E95C
  354	harmoney	A86FF3650C417790415A66EC28E545808596DC7C
  355	harshula	B6DFFF2AEEE316B030F2B4D18D55C80D3430D100
  356	hartmans	332D4CE3A2FAE5439B7E25B2283681BA6FE7F41D
  357	hattas	9C0712D92B0C8978C547B98BB72D2AB365B328C6
  358	hazelsct	D54D1AEEB11CCE9BA02BC5DD526F01E8564EE4B6
  359	he	0C2CE3E83489599A75EF115698EE733A9DE1EEB1
  360	hecker	5919FC3BDC30CE4135F1DC070F5E1ED4664196E2
  361	hector	70F7E757154F2A01D77C1DAEC2FE04B214E36550
  362	helen	B7938AC2CC488357C29939C2DDE35CF15653C9C4
  363	helmutg	4CC2D2D90A8D1654DBF873AA2D1AAACF24444442
  364	henrich	58E1222F9696C885A3CD104C5D328D082AAAB140
  365	hertzog	3E4FB7117877F589DBCF06D6E619045DF2AC729A
  366	hmh	C467A717507BBAFED3C160920BD9E81139CB4807
  367	hoexter	7C0717F9FA2B2B9D788B141BA6DC24D9DA2493D1
  368	holger	B8BF54137B09D35CF026FE9D091AB856069AAA1C
  369	holmgren	CD2A073B386154170A4082E8D4F219BFEC998489
  370	honey	EC5F68E32FD9F61286C58776992FB5D8ED881C8E
  371	horms	E27CD9A1F5ACC2FF4BFE7285D7CF64696A374FBE
  372	hsteoh	FFFF328C0D4BBCC8033DFA92D1A539B0B0C3105C
  373	hug	210E1CD0A6A31386914A14510953ED7BAD69A1CB
  374	hvhaugwitz	2BBBD30FAAB29B3253BCFBA6F6947DAB68E7B931
  375	hyperair	12E0D09DFB3FF7F759D36ED0FBD5225B588752A1
  376	iamfuzz	2A62FCF3BBE867727440369C9258A798513F86CD
  377	ianb	AF6CC0F11E74424BBCD5481440ECC154A8BAC1EA
  378	ianw	446ECB19D158C53D263691D058395253F829E9E7
  379	ijc	9D5CEE01334F46CE2FEF6DC6EC63699779074FA8
  380	ijones	414EAC7008BC7BC4836E7CA604B3D367B2B831A2
  381	iko	F70A1DFDB1964669CE1F47C2DAFD5959408B7B9B
  382	ingo	B2A37622D32A0D1CCE3F3DF2E17AD7B5090DD8D5
  383	intrigeri	7C84A74CFB12BC439E81BA78C92949B8A63BB098
  384	ishikawa	B5D82EE65EC1F4704AF16D0E686DD060155490E0
  385	iuculano	844580C22272BC4FCE8FD68E8F61CE8D947DB113
  386	iustin	CB94E3AA3B1755D61EBB19A5F66E3E419F84F4DE
  387	ivan	68CB5B3A48FC18F17D79A94681872F9B54C1C1C9
  388	ivodd	F07D9E73D66E69748C1626CD824294CD0217E8D8
  389	iwamatsu	5E629EE5232197357B84CF4332247FBB40AD1FA6
  390	iwj	559AE46C2D6B6D3265E7CBA1E3E3392348B50D39
  391	jab	7F38A2F829379B7430349D32A876AE830A49ACD3
  392	jackyf	505D0AA78F90F6B23CC296A8A7ED831F59B3A0E8
  393	jaime	51C915494C030E7F2150F1F0111E3AA0BFBCC985
  394	jak	AEE1C8AAAAF0B7684019C546021B361B6B031B00
  395	jaldhar	37EF5B0219C30C6E47B251D0EAA638FAC4794DAF
  396	jamespage	AB23E9A98422889E08C3838CBFECAECBA0E7D8C3
  397	jamessan	91BFBF4D6956BD5DF7B72D23DFE691AE331BA3DB
  398	jamuraa	911B70F9D760274148BD0D1CD91315B964C06556
  399	jan	37B12F75F77FD8EE47105A455299B4990437AC41
  400	jandd	B2FF1D95CE8F7A22DF4CF09BA73E0055558FB8DD
  401	janos	ED856FB82F9DA804C678D9959E509C93D26DF9D3
  402	jaq	440E7691F86880B4AC9C78B45750F754ED9B2138
  403	jaqque	BCA6F0EF11B23F924BA392296FE413326DC4B226
  404	jas	9AA9BDB11BB1B99A21285A330664A76954265E8C
  405	jason	5028E73900DC3E7BDE6C6ED6EDC63044925288BE
  406	jaybonci	7DF3D4B58EAD38D84E554E3B68530A812B47DCDE
  407	jbelmonte	46D87F4F70492BCFE3587852B1A88A2FD52D3AF3
  408	jbernard	4DB7E515795C4C73CCA668B069783A9EAD536107
  409	jbouse	09C5AB71078F4ACD235B28E5FFCE1C9A4FADF197
  410	jcorbier	49B286EB0461CEAC2E347CC516AD84C0641323B1
  411	jcristau	7B27A3F1A6E18CD9588B4AE8310180050905E40C
  412	jdg	725E9D6EE56FCAD6C339A7F259D03CC92BA0FEAE
  413	jeb	859120FE0D9FA6A5B054C775AEC828749D85C53C
  414	jello	73173B093B03CFB85108AD14B11BD919079A3B98
  415	jelmer	DC837EE14A7E37347E87061700806F2BD729A457
  416	jenner	4F032C3CACA0C02D9BB218E3D203CCA5FDA6B6A9
  417	jeroen	532E050C8651BC4DBC6D64FE2F68E3DB7BE9A998
  418	jewel	325A3DD1F8D5E51C5D1D83725EB9E72A228A3AE4
  419	jfs	150F0AABAB6D211DC34FE00E8B1F6F48AB257F98
  420	jgoerzen	276D7B77B69B756C7CB68669DD29F88442839ED3
  421	jh	2F033C55478C67FAF2A2CCC59F8B68AF86EAA7D3
  422	jhirche	3C4D08BDE22F1DEDEDA3251B1D3C025FE7DFC3B7
  423	jhr	79A045FB6FC78F80CE0FED32E083EC151231C465
  424	jimmy	46B65063C267884B1282170F751AB5DDA79679CC
  425	jjr	463293E4AE33871846F30227B321F203110FCAF3
  426	jlines	A87F09E8B4C54890B17A6DF41F126539964685E7
  427	jluebbe	2376B53EDE22A15829A63D2BBBF68F03E8F37941
  428	jmarler	15F9573925428D361188CDF49E2B9967C33F126D
  429	jmaslibre	B3ED4984F65A9AE06511DAF4756BEB4B70D8FB2A
  430	jmm	B6E62F3D12AC38495C0DA90510C293B6C37C4E36
  431	jmtd	E037CB2A1A0061B943363C8B0907409606AAAAAA
  432	jmw	0A55B7C51223394286EC74C35394479DD3524C51
  433	jochen	61A90CB8CE09966D0741880BD1F857D18FE8733D
  434	joel	5A939A71A46792CF57866A51996DDA075594ADB8
  435	joerg	FBFABDB541B5DC955BD9BA6EDB16CF5BB12525C4
  436	joey	B53FE57BD0C1F689FCE256235B9AA5F8801EA932
  437	johfel	477C8339D36D766ED853201C8359193BFDCB09C4
  438	johnf	A9468EB345CB92B7670DBAD04FFB060C9EC70B95
  439	johns	A4626CBAFF376039D2D7554497BA9CE761A0963B
  440	jon	B8F572F14CC831F9013F7B1E8E62E7F764011A8B
  441	jonny	A4FA7977AA06AFA87D33380781812383AD289755
  442	joostvb	B8FAC2E250475B8CE940A91957930DAB0B86B067
  443	jordi	E8175486C02929837C286A1625502F6FCBE3CB04
  444	josch	F83356BBE112B7462A41552F7D5D8C60CF4D3EB4
  445	josem	30059549A3B8F653914D596AC12178348A90819F
  446	joshk	3F3787880D85019456F741CBA3882EBF78446F26
  447	joss	EC49567210C69CAB25DB34EFE78F751770E81554
  448	joussen	CD5DEC1753FC15DDCE65491259DF9475A373F5B4
  449	joy	741B5485DB27D5CDC6E75D4D8D29AB07711AE871
  450	jredrejo	C3C7AB7305C85849C4BE8BE85E08AFD2A1DE50E9
  451	jrnieder	521E58F17E96D712AA0FF102DFC671EEB333FA25
  452	js	9FE3E9C36691A69FF53CC6842C7C3146C1A00121
  453	jsa	87FCDA315F00C8850DC3E28FBD0D4B33A997BA7A
  454	jsogo	913DCFFCE6BDAC4A6C78882C07A198C172BD757F
  455	jsw	CB3EEC7081E7F3D54D2C3F2ECC79866F99409084
  456	jule	B73823B302F8A2426FCA1BBE590AE197EF123736
  457	julian	C2C8904E314CD8FA041D9B00D5FDFC156168BF60
  458	jurij	1D0120342DF409F5CBB0A0459388188B43C30A7D
  459	jwilk	CDB5A1243ACDB63009AD07212D4EB3A6015475F5
  460	kaare	5E5C4B0E1AFD7325CF66500F962680C5305A9418
  461	kabi	B9B99D73B04756F9FDDF98A91885AD387D42F16E
  462	kalfa	E9EE805F8037CCBE19114BC28E16B90AD6A6121C
  463	kamal	73EE922658C2E07340EA9613E7F710555409E422
  464	kamop	2D2B6C13DB888AD4F69FDCD73A0A01731BAE93B9
  465	kaol	09C397FE531118695A533445840867EE9D8F265C
  466	kaplan	F931E47E19C27CD0A0AF361A09DA9408B4E14499
  467	kapouer	03C4E7ABB880F524306E48156611C05EDD39F374
  468	kartik	6B631B5EF554AF6B1196629202C1D3F2783AA4DE
  469	kcoyner	FA7FB8C09F87C4A0482F4A86EBB31A62C85D8F71
  470	kcr	D4131B46EC40C61A91BCD54BE63716F4E069949E
  471	kees	A5C3F68F229DD60F723E6E138972F4DFDC6DC026
  472	keithp	C383B778255613DFDB409D91DB221A6900000011
  473	kelbert	058963931BFCABEDBEB2091E640E642E2F2F0CDE
  474	keving	C6EA9EA1442B7F369645F89DF3AC49989AD13245
  475	keybuk	8D2D1F62A4AC9A22FEFCB0DC21EC4FDC84AD676C
  476	khalid	2CD818BFF64619EADB582134CD58A1B17ED033FA
  477	khkim	7DB291A3CA1BE7078065B873F36D89424DB97694
  478	kibi	B60EBF2984453C70D74CF478FF914AF0C2B35520
  479	kilian	8381EF07EF163D3A9754A6E9EF758EAF49FA435C
  480	kitame	DC1A298CE5C95ECE9A0882263D6903DFE1D316DC
  481	kitterman	E7729BFFBE85400FEEEE23B178D7DEFB9AD59AF1
  482	kix	3F480B8CC385AD419E28006A7B1F549072B74923
  483	klee	91EECA611F18DA32AFA40E2E84CCF98060F105FE
  484	kmr	D7A055B647683582B10D3F0C112ECDF2C4A3823E
  485	kmuto	9CCC5C22C10955B58F55A51B1D21C83DC452E0FC
  486	knok	99452B4DD28BEEAC8AB5C931B06662EC9C0C1404
  487	kobold	46050CB27C6F231B00B148A68473062B7CF094BA
  488	kolter	4D0D537E8C37BC99DFF10B874B077723929D42C3
  489	koster	374FF2AD0A12935FD0B0C84F1B132E01CEC6AD46
  490	kov	9AE55601A23412FF423FA999D200EB30A0FB5DA6
  491	kraai	CC18531C52CB15723A06EF9F1E9310D9ADCE6065
  492	krala	CDED1582A8BE02B483D5B0B9F53E93AF3DED42EB
  493	kreckel	2F1C04A3697FDE6E22FECE95F040BD4C93C85AD2
  494	krisrose	291FC71D8BD6EECCAAF88379C4D012FFE0163787
  495	kroeckx	E5E52560DD91C556DDBDA5D02064C53641C25E5D
  496	lamby	C2FE4BD271C139B86C533E461E953E27D4311E58
  497	lamont	BD430448BD8CF1EE1340BBD5D547946327003A3F
  498	laney	3D0EFB95E7B5237F16E82258E352D5C51C5041D4
  499	lange	B11EE3273F6B2DEB528C93DA2BF8D9FE074BCDE4
  500	lars	0CA2E3A6FBC7BC3BEBDCCEB8EB5CE1D75E8511F9
  501	lawrencc	6958A4100D1830978B3DACB6C9FC41B8F98C66CF
  502	lazyfrosch	6FBDB41587919A0F4BA96EBA9A358BAB04A4ED27
  503	lbrenta	55D962BB3022E32672E82C28F1C9A83C08AA3E9C
  504	ldrolez	8944F03B2DFCE015306ACF363EABB1CB540A7E68
  505	leatherface	34C2252964508E0BCC4BDE66397F3DB1C97A628E
  506	leist	63490CA7D9728AA050A620FEB14BCEFE316DC8FB
  507	lfaraone	51892A7D16D049BB046BDC7797325DD8F9FDD506
  508	lfilipoz	CE98F258BB344F29F4F5AF45B5754A69B6BE608C
  509	licquia	FB0DFA5552571E936DFED64412D34B8B656AE027
  510	lidaobing	2F18947301F75240A6E8B1BCE5350AE06087D2F8
  511	lightsey	18D805F88178E8A9BD0C097DE44F8016D3630F89
  512	liiwi	C4402EA201E79D54E6EA61DE24C5CFE4F5521541
  513	lindi	9A5C6B0937685F8E11878BD84D249D9B23E6FC3A
  514	lingnau	7381CB06184C5C490FE59CED0EEF2AE4AF8165FC
  515	lintux	D604F94B5A4C45E84E8465187985979AE3304051
  516	lisandro	12DDFA84AC23B2BBF04B313CAB645F406286A7D0
  517	ljlane	732368015D7002442ECE3563C490643655D3A1E9
  518	lkajan	91B46ECD90312D7C86F9469A9BD2D6409A0C52FA
  519	lmamane	3ED52FEE3D7080106D89D734EED5716B078E43D4
  520	lohner	D7C225344F275A390F0F96A4DE6EE692F2D89614
  521	loic	E99FFE83DF73E72FB6B264ED992D23B392F9E4F2
  522	lolando	B415360F591EB6DD73AFFB83D30DECD2599322FC
  523	lool	EA721EE999D3135F0860E545F114084C08611111
  524	lopippo	B053304E17D6D419DD9B465141AB484D7694CF42
  525	lucab	4C8413AA38176150A8906994BB1A3A854F3BBEBF
  526	lucas	FEDEC1CB337BCF509F43C2243914B532F4DFBE99
  527	luciano	6B2CC5967BD1BDEA9E589B296EC2DEF68FFE3774
  528	luigi	8D485A35FF1E6EB790E50F6D0284F20C2BA97CED
  529	luk	A4AD7A700EE5F70F31B16FA32127371B9BB23062
  530	lunar	0603CCFD91865C17E88D4C798382C95C29023DF9
  531	lupus	9A303F9907A03230D188B75A2EF5710914C6A712
  532	lutin	5732F0C3999089EEC643F0651106F2005BB6E4A5
  533	ma	7DDF975E73435ACD725E62159A6027DB1A944AD7
  534	maarten	B97BD6A80CAC4981091AE547FE558C72A67013C3
  535	mace	7345F2F751F07700FEB7FE2087D5E190EBC73D63
  536	madamezou	A197352049C1BDBDA18E763CDB686C92D9D59F61
  537	madcoder	72B4C59ADA78D70E055C129EBC6AFB5BA1EE761C
  538	madduck	2CCB26BC5C49BC221F20794255C9882D999BBCC4
  539	madhack	7FC70DC0EF31DF837313FE2B77A8F36A3B047084
  540	madkiss	D7A1478078B370D047A11FB31E08BF280CB9A31A
  541	maehara	6A2E6A5438F1D1D815136CDF27122D42A674A359
  542	mafm	2A8E80505C486298430DD0937F7606A445DCA80E
  543	mak	D33A3F0CA16B0ACC51A60738494C8A5FBF4DECEB
  544	makholm	A32897E97EA9BAE5A7195812A1B13F2C2C8B195A
  545	mako	E9A271C071964891AA57663D9EA33414F5852F4E
  546	maks	B62B5DA4A31446F014F8D66410252E653A91E527
  547	malat	693367FFAECD8EAACD1F063B0171E1828AE09345
  548	malattia	F962EF7FBF67B18C96108BFAE7E6F782283D6300
  549	malex	EE63C471ADBA5D80ADFB1054DA286F326C5F196B
  550	manty	06A3E5760F611B4BB1A90E68B8688CA3D876D5A3
  551	manuel	802EB746852F21A39239C111F16961C8CC8D7957
  552	mapache	E506FDDEA891E826E7137B4A1E198A792782AF55
  553	marcot	658A2ACF83A6E5D7F6E45E3AD7884C4718E18F44
  554	marga	00C3E184E8AF12711856DFD280D0A42FF2C850CA
  555	marillat	A401FF99368FA1F98152DE755C808C2B65558117
  556	mario	DF3AB6653EEB747A7BDD9B7327D10348DD1B0EF7
  557	markos	3FC37391FECDD3CB550171216606027F6437124C
  558	marks	70E466E41AF7052F7F2C3B275D3CE77FD54F0847
  559	maswan	C0BD59FEBBFA2A7E8A41BB3F91374E81825BEF79
  560	matrix	65AAD7654205BEB39EA05687DB2F706FDF11900A
  561	mattb	6583A11F1428FCDD65FCC7B5E0CD3CDC59B2D9A0
  562	matthew	BA4EF9C84DF96D37D8A1E2D412F4D21C8F6A63C8
  563	matthijs	28F4DD779010CEAA86ECE5BE15C18EF489FA4CBE
  564	mattice	050C2D2FA95A25BBB61FCD16EC3BCAC4137A955E
  565	maxx	E188D95736CBB351B20404D2BEBAD1FA1B874544
  566	maxy	F8921D3A7404C86E11352215C7197699B29B232A
  567	mazen	BAF6C64436107850D4227106B3255C6D55878D8C
  568	mbanck	9CA877749FAB2E4FA96862ECDC686A27B43481B0
  569	mbr	
  570	mbuck	91FF5256A30AE6DF2D44F53BFF55C8F4DAE92422
  571	mcasadevall
  572	mckinstry	CD45260A4546C3C0F595F0F64132BF902A385C57
  573	md	1F2232EEE56FD048EAEFE47F1467F0D8E1EE3FB1
  574	mdj	8FC758345E24684B67E523CEAFF1D4BDB69135D0
  575	mdz	A24331921670F0060A97500A8A111B5CAE426944
  576	mechanix	20F9B56E8B381D64968E0E99F2A1F0FF6C3BB7C9
  577	meebey	ABE195E150A8DBE7809D3F427127E5ABEEF946C8
  578	mehdi	BD838A2BAAF9E3408BD9646833BE1A0A8C2ED8FF
  579	mejo	2C8CD283D3EFDF433890E7835262E7FF491049FE
  580	mendoza	1C1DE3C0F4FBA3F28ED8FE280A5042F49751031C
  581	mennucc1	372D9DAC08EB27B8B38EE96F57CCF4596A1353C2
  582	merker	BA62C2D7EE4490884FD6E7B8B22C1F17F1E89CE2
  583	meskes	BBBC58B45994CF9CCC56BCDADF23DA3396978EB3
  584	metal	
  585	meyering	155D3FC500C834486D1EEA677FD9FCCB000BEEEE
  586	mez	065BFD16E4BFB184D73F768C2AFBD67FD133AC6E
  587	mfurr	5B9F587FBC5CD82350CE4DB0ED93CA29124B26F3
  588	mfv	4E8E810A6B445FDE68DAD0258062398983B2CF7A
  589	mgilbert	1FBB8F049963FA032C3DAD88A784FF770F0F4FFA
  590	mhatta	643CD2E8DDCB00F8F158121BDDAE12626E141035
  591	mhy	309911BEA966D0613053045711B4E5FF15B0FD82
  592	micah	4777535FE5471562626077B58CBF9A322861A790
  593	micha	A3EBB41FC5ABD675CEE41C45EA6CA6B951B85139
  594	michi	16FB517BA866C3F68F111485F3E4122F1D8C261A
  595	midget	BAA17AAFB21D6567D457D67DA82FBB83F3D57033
  596	mih	5701F1D0D18B87E61AA31F3DC073D2287FFB9E9B
  597	mika	33CCB136401AFEC843A3876396A87872B7EA3737
  598	miquels	AEE3CFA76134028A2E290DA1E42E41CAFD50FF4F
  599	miriam	75EFC41387105FFAF4392E025F8E6BE0928FFAFA
  600	mithrandi	DB24E315EDAAAC13D646709958C0FB1CDE3B7600
  601	mitya57	F24299FF1BBC9018B906A4CB6026936D2F1C8AE0
  602	mjb	9091CDDB68CC34006335F0543B6212915022936C
  603	mjr	B55E1248ADE6909495BAC7E59946397AE142E6F4
  604	mjt	6EE195D1886E8FFB810D4324457CE0A0804465C5
  605	mkoch	BAC54B28D43695E6F2E0BD115923A0082763483B
  606	mlang	ECCF01262122210307349CFAB87D9ADC46820241
  607	mlt	EC63D02697EDFFBE375BBC185CB9D8493D29D438
  608	mmagallo	4389F70092A2044E83520EFE7A81833366468D05
  609	mmind	795D0851095CAACA16CA79259AFB7B8C9A5F5BBC
  610	mnencia	7C23B8043E65D2980A21B6E2589F03F01BA55038
  611	mnordstr	737357552CC0B16C4339258FC0A4F11DE06B3F97
  612	modax	9E8CCC49180D6A1500B400881CEF494673EAE214
  613	moeller	84C1977A89E7EFED3E5CA62E2FD8BEDAC020EED1
  614	mones	43BC364B16DF0C205EBD75921F0F0A88DE5BCCA6
  615	monga	412390227937157C990177E5846A74DB6538F5BF
  616	monica	403ACC0852105B2334EF153E1EFEB1801A49C0D2
  617	mooch	A103263A1923373E122746A06DEA9281DA034410
  618	moray	EB32D67638C4E3D8AA2403F0BEBD933335FC140B
  619	morimura	B3AA8A8AC95EEA2877AA140D6F0B4F8857D68A06
  620	morph	8C455876FA072D53EEC3CA81FE8D78F9FE4F4E10
  621	mpalmer	AC17A3ECE2C52DC48898CC4B0449EB4D69351387
  622	mpitt	3DB46B55EFA59D40E6232148D14EF15DAFE11347
  623	mquinson	4FBE9C4EEA52EF13D541661298BD97244F73BEA7
  624	mrd	BC8506510E9CE91D49EC2C0BBC10BD0F7B8BF08B
  625	msameer	9F73032EEAC9F7AD951F280ECB668E29A3FD0DF7
  626	ms	F369DA7EB08B0320562F5D6BCE04080E9456ADE2
  627	msp	51B335E71D4C13261A37E86DA02CDA9F3D08B612
  628	mstone	02D5315FF11F1861860E1E02F61AACDCFA11FFDE
  629	mt	ACA6C3F4E1003986F35388043BBF839336ECA931
  630	mtmiller	930750035A15E27C3830740728FA801A43BDD637
  631	muammar	1C9A2574B1A48D8AC243CAE55C29137271246E4A
  632	murat	0D70D69D9D5B00E4E74E674300959FA39C478D49
  633	mvo	DA6C6754D8887626CD06A12898CABB3ABD4CA59E
  634	myon	5C48FE6157F49179597087C64C5A6BAB12D2A7AE
  635	naoliv	8C215F25828DA7C07F462399010C2EA6D9309644
  636	nas	9B3B987BF40E932006190A17A366302EB1DE86CE
  637	nathans	F7ABE8761E6FE68638E6283AFE0842EE36DD8C0C
  638	nattie	3A2C76F9E5B25DBE1FCD751AA1F751F1A55357E8
  639	nboullis	13B582E2E0673A311DDF1B08D0E94F8D882D4468
  640	nbreen	843E5FA61E6063389876D2E5EE4AFD69EC65108F
  641	negm	CFB557734D191507C4B0A38A27FEA5D163E8BE82
  642	neil	61D47BA1FFE7AA02EFED88CA365C1409A4B3A640
  643	neilm	8217A2055E57043B2883054E7F55BB12A40F862E
  644	netzwurm	C6AEBDCC834C811871A3634176112FBCFCB1DD23
  645	nhandler	31DCC3B33F2179883DA014C7CAFB3BAD0A75C877
  646	nickrusnov	C4616C2533DABA992A1F0F3C54D4094CF1219B84
  647	nicolas	62D94D32A99722112F59F7F2B52A9CF4490DFC8D
  648	nijel	63CB1DF1EF12CF2AC0EE5A329C27B31342B7511D
  649	nion	E1ABDE0EFFCAAEF394947592CD4B2AF3A0A0AAAA
  650	njordan	807BA7C50D7D81C0C21F1D36775AC806095918D0
  651	noahm	A4D19E6ED3C1331EF253EA251CD8D854FE4252C1
  652	nobse	DA81F974C7A422030571DAA79495B8CF68668910
  653	noel	A45E405C0C6C80F13FF1521768C078BE88F80CDA
  654	nomadium	4CB7FE1E280ECC90F29A597E6E608B637D8967E9
  655	nomeata	1A46087F955D93C57C60571B3D908AB3F0FBF51F
  656	nonaka	B800BE0B06D78EEBFF980CCF563D7CEC0B191787
  657	noodles	0E3A94C3E83002DAB88CCA1694FA372B2DA8B985
  658	noshiro	7951D6DDD2E12A6C47520A89B6D3FC68BA25360D
  659	nthykier	B3131A451DBFDF7CA05B4197054BBB9F7D806442
  660	ntyni	5B06791DDCF1684488D8E4810D06A759E6D38790
  661	nveber	CF677AECDC3E11621E32AF6AA217C4C35E2EB5B4
  662	nwp	3A6D1E36E58A91CCC372A68E7592489BCC983928
  663	obergix	ACE46EBD89F6656D6642660BE941DEDA7C5BB6A5
  664	ocsi	83CF22A155BD99BBC084B13FA0A9766CDB362222
  665	odyx	5D3E052646729E4E85F05B3FD929F2992BEF0A33
  666	ogi	5A4375C9244E9554A975F2F6AB98288E36D33D07
  667	ohura	CE5B4C3A973A37E0F096BE2831B8DEDB8C6DF5CD
  668	okoli	E6BB7EF8CC4D7FF79D570EAA6042B0B5D3F974DF
  669	olasd	791F12396630DD71FD364375B8E5087766475AAF
  670	olebole	BAFC6C85F7CB143FEEB6FB157115AFD07710DCF7
  671	oliva	EB3345F56441B8B81A7798767DFA41AD961985D7
  672	olly	08E2400FF7FE8FEDE3ACB52818147B073BAD2B07
  673	omote	E4D1B12B5F8854BF014D4FBE60C8350B6C88DA32
  674	ondrej	30B933D80FCE3D981A2D38FB0C99B70EF4FCBB07
  675	onlyjob	50BC7CF939D20C272A6B065652B6BBD953968D1B
  676	oohara	61428D079C5B159BC1701F4A40D6F42EF464A695
  677	opal	22F232C6B1E0F4BF2B260A6A5E90DCFA9426876F
  678	osallou	5FB46F83D3B952046335D26D78DC68DB326D8438
  679	osamu	3133724D6207881579E95D621E1356881DD8D791
  680	otavio	B7F7F218A0541D2A0BEDBE8BEB70FEF3CDFC6E4F
  681	ovek	E37B9BC2CB44DC419FEA4EE103E18C6B83E5110F
  682	p2	950CA1EA6493A7F64A90AA4D28B295C3F46EADBB
  683	pabs	610B28B55CFCFE45EA1B563B3116BA5E9FFA69A3
  684	paco	4DD1FB4846697692FF124B8B27438BAA634770E9
  685	pape	23F41D24FF2C083DB0932EC2189A3241BC70A6FF
  686	paravoid	A9592C521CB904077D6598009D0B5E5B1EEC8F0E
  687	pasc	A86D7CED4E8C17F64457FD1ADFEDBB2225BCD5BF
  688	pascal	B82CDC351FC8191C3B75290DBE5CF687DC5AB7C2
  689	patryk	DC02BED6463913B817BB6AEC5EC42C53D86A66BA
  690	paul	C9F34FD3C01971BC5BF5586932F78DCEAD113B8B
  691	paulliu	DA06F3E341E999EC18C376DDA108FBC534A26946
  692	paulproteus	97225E589D6B9E01533C485EEC4B033C70096AD1
  693	paultag	8F049AD82C92066C7352D28A7B585B30807C2A87
  694	paulvt	9122D77A6212860737F36FA5C6DE073EDA9EEC4D
  695	paulwaite	493A66484BB79570D642FA3089EADCE39B80E069
  696	pdm	3EFE0F3DF0C98E28B8A81C4714D01A08AFD89BE3
  697	pelle	8B75CA7811367175D05F3B03C43570F80CC295E6
  698	peloy	31A2171EFA6B051885809BD86A08D37C0B4D63D8
  699	pere	830C56B4125681C54D71CFD1DB4CCC4B2A30D729
  700	periapt	B0838C2660D764D9D806455CB6C4D9B63BFFE73C
  701	petere	975450AAFA49A20BA9C89D714D3C7CA1554FB4C6
  702	peters	640FED1488F41A5ED57183585E4EEC2113D0461D
  703	pfaffben	C2D1AB061656AAC54B5E975485199DE8C6648E90
  704	philh	DFF1415ACE3227FCF20707D6D04BA3A00125D5C0
  705	philipp	C1A82BE87587215D91EBB015A95C3BECEB88E930
  706	picca	E92E7E6E9E9DA6B1AA3139DC5632906F4696E015
  707	piefel	497DEE4549D1CF9E71C15ACDE569B5E3F30D2F35
  708	piem	BD2A847E2C31BC788631CDE592E0BDE7C6002CBD
  709	pik	29E003C86C6AC548A5E9D4E8136E9CF17B5D342D
  710	pini	A0939BCC0AC3134E56B48C91EFE86C6C7FFECF83
  711	pino	35B9B3BFB3E9765FD90E30224CD1F6A6207F2F7A
  712	piotr	1D2FA89858DAAF6217862DF7AEF6F1A2A7457645
  713	pjb	2823000E3FA98FF8EB7C100A819D278A0E6F992A
  714	pkern	F75FBFCD771DEB5E9C86050550C3634D3A291CF9
  715	plessy	73471499CC60ED9EEE805946C5BD6C8F2295D502
  716	plugwash	5340D001360CA656E3497EB70C48EA2A7A8FFD7B
  717	pm	556054EA47665DE00263CB41603B832661F9CA53
  718	pmachard	B906A53F84E049B66CF782C2B3A02D6623706F87
  719	pmatthaei	58A03DC582425A4DC8B90E1312D9B04A90CBD8E4
  720	pmhahn	58AF7C2E007CDBE62C59E078F50EFDCF8AD04B1A
  721	pochu	709CA6C7EBE6259C5DF7643E9D46C488E4368302
  722	pocock	F50FF72AADF5C01BF0FCE5636C6580E77BD756C4
  723	pollux	BF18695797741DB24E59188FC61A64DCF1393998
  724	porridge	35E913449F775F4313DD6423DBF480C602F946FC
  725	pouelle	6FB77BB89C41C8C8D2D2B59A19B267802103329F
  726	ppatters	DAED39803772421B1AE40F3945458ADCB1E557A0
  727	praveen	2A7974AE2FC152D77867DA4ACE1F9C674512C22A
  728	preining	F7D8A92826E316A19FA0ACF06CACA448860CDC13
  729	prh	587D9A3EC1D563EAD4245DDEC79838D0436337DD
  730	profeta	D8EC6E235452749BBCF97E18CBFD09CA41FDAD01
  731	pronovic	0A463F5CE07D0979B5C5C90711192892EFD75934
  732	prudhomm	370350DE7A9F024E0F260D07A18FB40BD4BE1450
  733	psg	630928AE8EB3AB5722F303BC17DC3CC470D4A979
  734	pstorralba	B9FA855DBE54DE19AD27851F995B17866B3B7323
  735	pvaneynd	177A79EBA658DBCE9854073EB59EB72202D1BC65
  736	pyro	C5B81C4D3C1663B2711E4C28D4D8356166F24521
  737	qjb	C2C96B10011FE009E6D1DF828A75D10998012C7E
  738	racke	D6814975A277774C98D0DFEF5B93015BFA2720F8
  739	radu	F3EFB12B23D9D245B7E4BE6D26431938C9ABFBD3
  740	rafl	E8DC91A1B7BEE5ABC17247EE742F2A428E635A5E
  741	rak	4E469519ED677734268FBD958F7BF8FC4A11C97A
  742	ras	D25DD87DF8EA9ED1D1465023F5231C62E7843A8C
  743	rbalint	8A125F698A1F7762B5D5363E55AD141521E764DF
  744	rbd	3779F472BB84DFE1A650C304DDC7ECFBB4F83169
  745	rcp	32F23DB43D709382E58BD19204D147A595E0A1A1
  746	rcw	61F695A34BB6EB702DC3F5C1829CA1942F06D925
  747	reg	0C016D3BD1195D30105837CC44975278B8612B5D
  748	regis	BA1C73EB8400716C5B4659C1544D7BB0B12D595A
  749	reichel	AD7E8DCCBC30B2BE318EC115B8FAFF1C43886771
  750	rene	E12DEA46750670CFA960801D0AA04571D03E3E70
  751	rfrancoise	BE349742CA987ECD7E77E42DAD15F435F05F962D
  752	rganesan	F36184F18D8232E71832679815E002BA5D8C12EA
  753	rhonda	5393ACF308011A978845026331FCE7E7DD079461
  754	richih	DF0BFDFF4A4DDA0179441B8F69064B0195206DD3
  755	riku	FF8203C8C39198AE058141EFB44890DEDE3C9BC0
  756	risko	BD1DDA696803C41A564A62072930100100003344
  757	rjs	3F437485B057EFEF2F2FA12BE90112A72B05B73A
  758	rkrishnan	4DEE15BCEEAAC544DAFD4419CF64CD61EB46CA9A
  759	rlb	E6A9DA3CC9FD1FF8C676D2C4C0F039E9ED1B597A
  760	rleigh	F33D281D470AB4436756147C07B3C8BC4083E800
  761	rmayorga	3CD593CFAF0908BE7C74A8F5BB20AC20E0B7D6BE
  762	rmayr	717A033BBB45A2B328CFB84BA1E52A7E249BC034
  763	rmgolbeck	738D57F5B656ECBA6757EB227EA7A51C29C2BDB6
  764	rmh	8E57F7A8E4B04244C915321B0B5F62A3AAD40AFF
  765	rmurray	70BC7F9D8C60D2265B7076A23760DBCFFD6645AB
  766	robert	35E876FAB4D3732E93B4D237631DE7553BE8AFD4
  767	robertc	92228732859D25CC2560B617867BF9A9FBD3EB8E
  768	robertle	F5F817BCCBD1B8D268179CB086F5FB8791776115
  769	roberto	2AB8EB163CA562E182A13AAE7731FCCC63E4E277
  770	robotux	5F35F67BAFA8B6D581CA08EBD003852FBD52529E
  771	robster	A8ED2F81B1778FFDA9A69A570B0F2929DF81EE83
  772	rogerso	F2C341368FB175020C0C01B10E5937AC98FAA0AD
  773	roktas	2061020BA49CB3F7810815D09C0E389B3FD25C84
  774	roland	AC2FBDB104943D8A44A0211D02713BCFCA5410B2
  775	ron	52744009F2C743EDA2CC69524F346E47A5805D48
  776	ross	1A21F5B0D8D0CFE381D4E25A2D09E447D0B433DF
  777	rotty	C38A39C516D7B69F33A3699322C827F735A992E7
  778	rousseau	F5E11B9FFE911146F41D953D78A1B4DFE8F9C57E
  779	rover	D0FF1317762D5F3C80A5C740B67EE21012290B4D
  780	rra	E784364E8DDE7BB370FBD9EAD15D313882004173
  781	rrs	43DEF582F9E67111CE008917F2F11C23F00A2BE6
  782	rudi	0FDF0F1869C2AA24B45F1691A84F709AEDD3D779
  783	rudy	0D128537607E2DF54EFB35A7550F1A003433BD21
  784	rvr	BEB43CCC0725E024F531D1DD43148E6D18EA3457
  785	rweber	98AA9AE3439BDA66E1AB3621E60BE35A13F71D36
  786	ryan	47009BB5CC109BFDF7B124752DE1AD437A9DBF6E
  787	sacha	7285A1EBA8633EE26BB23D41FDDAB37AD935CEBA
  788	salve	8DE38CCA640823EB343C96B52EC615B2E8D3A535
  789	samj	BD486B9E4BFAA792CEC5FD7D0EBD65E13C093EEF
  790	samo	DDF8B22B71418194DB94817A2CEBF138D91EE369
  791	santiago	07A7044DD7EE3DC8AEB16FF5B3F25D6B00A80662
  792	sanvila	D54C3BFAFFB042DE382DA5D741CE7F0B9F1B8B32
  793	sasa	0CBC5D95331B55C176C558E4F80D211A99FDEEF8
  794	sathieu	AAA58B842E882CF414E0BAB1A7C72A1C782B8C3F
  795	scheffczyk	E91E9F5E01866C52F431333420258B8FA2E31632
  796	schepler	83C28932B64F1A4EE8A2D7C9342DCB0320021490
  797	schimmi	4E68B38EFDB08F638D97F1671D40E113E62B2C45
  798	schlue	2B653B348212337FB37E585A79D9469400E0D054
  799	schmitz	818AE6055310CEB65B08D8C48C7DD3254F6A478E
  800	schoenfeld	D3367A17DCCC090651C626B795BD42E195D12EF7
  801	schultmc	BAE0340127D536AD2CB12FE09EC002FE1C9CA517
  802	sdier	CF67D67A398CD0B8723431C4C97425FBAE4B5D92
  803	sdt	663BD5D71E1C4AB4CD254A3AA975987B1F9FA7EE
  804	seamus	D85B36267C65069E446022FDA1231035532005DA
  805	seanius	F6FB223148A9B50C68D718ECCA78CB3E6E76D81D
  806	seb128	4724B86F47E02915DEEA49E23EBD44903EDB0496
  807	sebastic	8182DE417056408D614650D16750F10AE88D4AF1
  808	sebastien	20691DFCC2C98C47952984EE00018C22381A7594
  809	seb	E40F8DC40800ACA52562BBE491AD581ADAF6CE93
  810	segre	1F9FA4CA6FFB59779BBCE14B58A922CDDB5DB08E
  811	sesse	C2E9004FF028C18E4EADDB837F61756177978F76
  812	sez	036456AA8EC8C0B08B48561B4F9F6D550ED6122A
  813	sf	3A988DCDAF09A81CB2618B31C6875F3541CEFDE0
  814	sfrost	C1FEA06F12A10FCEB7CEBC7FED6C8A3883476455
  815	sgevatter	7C0FF088052C082B442454171CFC22F3363DEAE3
  816	sgolovan	59E895A48D09D6C8EBB94CE857E7C6324F81391D
  817	sgran	84C605B363AB70ADFB6ABAE5B3118CEF8AEA8FEE
  818	shachar	F2D643A558B9924C0649207BA0C5AD1359CD3653
  819	shaka	0FA6DCF3C1B87FC2E637B9D4EE50AA3CDD81604C
  820	shane	F099A5F4B77CD6F66A992E6C7B9DBAD42A7E0F3D
  821	sharkey	2E98D4D0F8B723A1FF326B5B45E2CDA5A7FD90F9
  822	sharky	C8845CF9E83F50114D07A264D2CF64921ACE2687
  823	shlomme	190200025DFC856BF146894C7CC5451EA244C858
  824	sho	5C809377432D6157DDF52D5D055C4B35FFFFFFFE
  825	showard	5E9E9A7BDBB9DC61B7D14D358ED06069037E24F2
  826	shugo	EEA16E29E9EEE8297499CD796771A2CC718329DC
  827	siretart	B3932517957C77DF066EADC40D1B6F07658CB036
  828	sjackman	FEDD8BFA71ED33F4F8F4F469D4ED5223F4E57996
  829	sjoerd	2870A31BEA9DBCF274723108C274DB64C2300F7B
  830	sjr	9C43253495E4DCA837945F5BEBF67A846AABE354
  831	skainz	ED98D2D344641A6859A0864F1CB4F0F78DECAFE9
  832	skitt	79D9C58C50D6B5AA65D530C1759778A9A36B494F
  833	slomo	7F4BC7CC3CA06F97336BBFEB0668CC1486C2D7B5
  834	smarenka	C51BCC4F505F3F8C1C114EDF54A33827B62849B3
  835	smcv	DA98F25C0871C49A59EAFF2C4DE8FF2A63C7CC90
  836	smimram	52F6FEBCA7B91895F1B6D35A21A7B53B800969EF
  837	smr	CBCF64F1F6B7ADC94D8F2A24C9E55E2FADC8F4B9
  838	smurf	AFD79782F3BAEC020B28A19F72CF8E5E25B4C293
  839	sonne	8B229447DCEBD1872719CA977F36CF55AA87AA77
  840	spa	709197B8927DAB9F40255A7BCE84E8E795A4F1D6
  841	spaillard	37241D81BA263AAF93D0B432DFF738C2D16CFBA2
  842	spamaps	F00C9F2F4F7EB714AFAD1A42538C0766F4BCB38E
  843	spectra	20A741B470D74B2077D029E86C7BFF9E99746B65
  844	sramacher	F78CBA07817BB149A11D339069F2FC516EA71993
  845	sre	EF660D07463F8B726A795413D8EED7F3C83BFA9A
  846	srittau	B4BC4D674EDE9802F9A74C17714E66B4496A1827
  847	srivasta	E37E5EC52A01DA25AD2005B6CF489438C5779A1C
  848	srk	D6EACBD6EE46B834248D111215CDDA6AE19135A2
  849	ssm	799E67EEE22748031E05A2DC7DBA958C1C055538
  850	stapelberg	424E14D703E7C6D43D9D6F364E7160ED4AC8EE1D
  851	stappers	8A7F208C6D9E73291657414D2135D123D8C19BEC
  852	stefanor	8B5BD33F542BC3FC03D55A9A51106DF5CD92D072
  853	steinm	DC2BE5A635D6DCF094A1BD3037C2B4F8642139FF
  854	stephe	5B8ADB53B6B308B4CF6CF46CECC1D5F5A1FC6CFA
  855	steve	445D0A1210E44A0B7352570E1258534C37EC7A69
  856	stevegr	12EDD7B538F5198A4EC4DDBA76266C50FBB1DB53
  857	stevenk	65574BDD9F3C76D0808CBF36FDD63BAF588A553F
  858	sthibault	900CB024B67931D40F82304BD0178C767D069EE6
  859	stigge	C6F531340F61030C1C6E8061F41B286258C7B079
  860	sto	FA908E471AD37D7F2363D78F821AEE0FD167FBDF
  861	stone	2CD6C838BE77795F5EF13E5BDA91EE7BA58E164F
  862	stratus	190852B94A166EC274D1C03BEDFB700537155778
  863	stuart	90E2D2C1AD146A1B7EBB891DBBC17EBB1396F2F7
  864	sune	8514067B1F1F5DF4E79DE0801A30765DF1F0D3ED
  865	sunweaver	9BFBAEE86C0AA5FFBF2207829AF46B3025771B31
  866	susumuo	8C45D3765B3907517FA5F866DEEC8C09DE415B0E
  867	sven	0101241DE4C8565F3D8B3B19478112D54B1AC295
  868	sylvestre	B60DB5994D39BEC4D1A95CCF7E6528DA752F1BE1
  869	synrg	5887C8D4012BF84A53E5F9DA4330169952D556DB
  870	syq	816790FE0A75677E2A6C22C814135D277B88D7E5
  871	tach	94769E52D436D58B260CA7DD40D716CFE909CDEE
  872	taffit	AE14AD01426D2BFB82EF7E1EB82A217AFDFE09F2
  873	taggart	339FF8F4DEEFC8AAC77E5D1E1E4F6649EA291785
  874	takaki	D24ABFD127CD2556A13C6C79CC149F6C28A5E257
  875	tale	08505F45081052B18F5E5022E53B8AA696552D63
  876	tanguy	240BBA15B694DD00E38030D8D6EFA6AC4B10D847
  877	tao	ED698CF5610221B9AFD19DB70B2796FD15DAA404
  878	taru	09F05D7A2BB04E77A73C9F84D523A6E660062884
  879	tassia	EE8A7D484BF40152AB1F3708F5B8B2E02AF31308
  880	tats	031C623D94EF1F3EF17B1C84E5EFAB90080EA63C
  881	tb	A7676E0D4B855C1318128733A8CB01F5BE9F70EA
  882	tbm	D866749DF7FCD903C32D01893D0787AAAF6C61DD
  883	tehnick	EF8359781239A9194D2D7F59D0015BD128F39278
  884	terceiro	B2DEE66036C40829FCD0F10CFC0DB1BBCD460BDE
  885	terpstra	0E8944762B0B3F32B56A4043BCBBC495718A9256
  886	tfheen	A28411A596193171331802C0B65A4871CA19D717
  887	tgg	3C08DE837B5EFA2461417F5B16A588942D510B52
  888	thansen	A07E3AA25DCCDAEDA6628D248C82169D8ECECD2A
  889	thb	33500F0D4FA9C0C867B85E06706326432D8522BC
  890	thep	32CC490E5A70B23DD6AA5AB2A2EBAED1B6F90241
  891	thibaut	BCADFB52B41998D74D99D98E93945348E0DC2840
  892	thierry	C643C2338B7D7A1742877D03F892981B6258629A
  893	thijs	E0D3FAAA6F50A5DA9D5B293833961588E1C21845
  894	thom	1C5DFCF9DDBE01F6ABA9CB36B5679467473F7EFA
  895	thorvald	F8919C6A91DC3A35AE1CC0BFF09B1EEDDEBA6F3E
  896	tiago	62C017B12A96919BBB7AD45DD84747ACE4B6813D
  897	tille	F1F007320A035541F0A663CA578A0494D1C646D1
  898	timo	6B854D46E8433CD7CDC03630E0F759F790BDD207
  899	timr	1BD5D97CDF5356070609A880583CA816CD98B20A
  900	tin	7781BC58325EC6E496CAF4ED02285210789038F2
  901	tincho	E1278E7A3A87C7B622BFAA62578BD370AAA22456
  902	tjaalton	752DE27C4DEB17019B4B6623CB703165A88984DC
  903	tjhukkan	E8DB4B451B2659AFD9B1217E536D57489C2001D0
  904	tjrc1	3006C9FBBFC9CAB82FA38A2A63CE20BAC49C4148
  905	tmancill	E50AFD55ADD27AAB97163A8B21D20589974B3E96
  906	toabctl	1C17166DC55780466188885142EE72DAC27319AD
  907	tobald	264064BA960E6640131AB47866C0ADDE8B45AC41
  908	tobi	13C904F0CE085E7C36307985DECF849AA6357FB7
  909	toddy	D1CB8F39BC5DED24C5D2C78C1302F1F036EBEB19
  910	tokkee	EF0D277FACAF0159BBBDDEB510510A738501C7FC
  911	toma	AD695CDFA9527D803FE193019F9B356CA7BDB751
  912	tomasz	9E81ED79FA81D45C0F830E139FB9262724B17D29
  913	tomfa	B9BCEDE29580516AEA8C34E733C1FE3D81D72FF8
  914	toni	1DF6A19FCA53F97353F3F35D8A0A48874687AF4F
  915	toots	6C608C2D20FCD4624A97D1089EE43746DE599800
  916	torsten	8A4D01D983DF73C51DCC745B308355FA32C5067D
  917	tpo	1482937EADEFFBB923269A8CEEBA150C29774B39
  918	treinen	02054829E12D0F2A8E648E62745C4766D4CACDFF
  919	troup	9BF093BC475BABF8B6AEA5F6D7C3F131AB2A91F5
  920	troyh	55AB31F837A4104C9C3D7F2740EAFD0BE19F188E
  921	tschmidt	E3BA9117DCDF37B182B2F1DB4157ED054116CFEA
  922	ttroxell	31B8BF834898E26D19354C5DE2EDE84371473F66
  923	turbo	5EB35C47B97AC11F551DB287201C31294D5843EA
  924	tvainika	003471EA8AFB37A11FD717A98AEFBE4E76169B60
  925	tweber	5DC46B57C74776546BF0A839C7FF938B1C1A3E49
  926	twerner	A698CD7FC5ED63FE985273C27D8DDD89C4CF8EC3
  927	tytso	3AB057B7E78D945C8C5591FBD36F769BC11804F0
  928	tzafrir	C0FE9DAC51E5CAF10DBE7DFC5E62533F19765111
  929	ucko	7C3AB9CFD230BD30DD009C591E7091B1F14A64A2
  930	uhoreg	96C5012F5F74A5F71FF75291AF29C719124B61FA
  931	uli	556509901902AF06ADC6E01C04AAE5B397F1AAAC
  932	ultrotter	140F202C78F643A57CE8B8F449C3BF8927553D2E
  933	umlaeute	7405E745574809734800156DB65019C47F7A36F8
  934	unera	71EDACFC68010DD91AD19B868D1F969A08EEA756
  935	uwe	0F3C34D1E4A38FC6435C01BA5DD5685778D621B4
  936	vagrant	F0ADA5240891831165DF98EA7CFCD8CD257721E9
  937	vanicat	DE8F92CD16FA1E5BA16EE95ED265C08531ED8AEF
  938	varenet	E67C0D43A75E12A5BB1CFA2F1E32C3DAB7D2F063
  939	varun	0C19C882237D25D43B8A41BE70373CF1290DB9CE
  940	vcheng	D53A815A3CB7659AF882E3958EEDCC1BAA1F32FF
  941	vdanjean	621E3509654DD77C43F5CA4AF6AEF2AFD17897FA
  942	vela	48B484D197DD75FB5727B665A9B62CEAC42B63CA
  943	venthur	8795AF2E4A1A4EFBA068A4498E889544D985000D
  944	vicho	F43419496DC7B967C36C20FA07B48452768D3824
  945	viiru	B6A927C0FFE73B32D48F1DC034CD816DE6FCD33E
  946	vince	4762F1AE6F400841A52AD16D79B0C7A2CBD93B9E
  947	vlegout	55043B43EFEB282F587CF5816598789058A23DE9
  948	vlm	0BA3FF69645D021DE0542DC4E28450F601D3AB93
  949	vorlon	A7400F5A48FB42B8CEE8638B5759F35001AA4A64
  950	waja	5CE7510A8FBC0D4E72ABBA9B0C70557B5A06513E
  951	waldi	BD111DBBB521B9C3082ACC9B1E2A2F0B19116AD8
  952	warp10	7FEB617A87114E1BDE8C89C92713E679084651AF
  953	wart	705A4C887A366A4E6A12CE5AB8CA331F10726171
  954	wdg	3FDB9863799A6B11D8EF6065049B1033AF060C5A
  955	weasel	25FC1614B8F87B52FF2F99B962AF4031C82E0039
  956	wehe	E42F80297DE2955CB34F5BBE21BDD5BE10FFF2CC
  957	werner	A9A21A65AF3E708D4DBE86C1B27E083D50F5E924
  958	wijnen	98E5F9F30D3E63B7F3247065152865FB627CCF95
  959	will	E8749170A94830D8A463600DC9CA0C62A9E29ABC
  960	willi	9FDFBD2937CEC8A249DD4D9C8CBE219C74576D81
  961	willy	38FAA231A84DE7C5724850CC2218C81E8E7C03FF
  962	winnie
  963	wookey	4789EF23C3DEFF0556879CAAFB863251A86F9E47
  964	wouter	CF62318D5BBED48F33ACD5431B0006256FB29164
  965	wrar	B5FEA278371F0B5120B4691AA3E3969F6DDEEC86
  966	xaiki	68177B2B2BF382F8C499CB98CF953E76C24B9018
  967	xam	529AA297EFCAD9AEB218B6627CDC1F97DA023621
  968	xavier	BB71C7E6CB1AD8FAF53FE42A60C3AA7180598EFB
  969	xluthi	6DF18403037B3036A6F7172C387706A26998E5C4
  970	xnox	D764F6CC2AB59A38B1147D73887B60618B3C16AE
  971	xoswald	DE468D1D2744CF2854311CD785B90D23464B8DE3
  972	yaegashi	47EA803F6F81ECEC9965D77969CB827F225EF8F1
  973	ygh	071405537C103CFE2FB44F6D28D3E82917E57327
  974	yoh	C5B905F0E8D9FD9668FF366FA2DE235062DA33FA
  975	yooseong	A801E1F5D96433F6B20A1EDB0A19648B2AE7444E
  976	yoush	CB5FAB1CFF8D4782C2321C11C5D058E4BD68AEDB
  977	yyabuki	678AC67A3C5A16058122D62171A802D0BCD1BC92
  978	zack	4900707DDC5C07F2DECB02839C31503C6D866396
  979	zed	7408AB6A97DE9850A9F3817348F47C58D61C6283
  980	zeha	7D1ACFFAD9E0806C9C4CD3925C13D6DB93052E03
  981	zigo	A0B1A9F3508956130E7A425CD416AD15AC6B43FE
  982	zinoviev	89C73548E8A12D930B11898D93B716E393FB18A6
  983	zobel	6B1856428E41EC893D5DBDBB53B1AC6DB11B627B
  984	zufus	0416EDEF91138372D4970EE78745DD787582C21A
  985	zugschlus	E902F9509FCBD2972E3446E38F77201301320442
  986	zumbi	E90F0889545E78C82A9DE74EAF2283AA76E2AC7B
