-=-=-=-=-=-=-=-=-=-=-=-=-=-=-=-=-=-=-=-=-=-=-=-=-=-=-=-=-=-=-=-=-=-=-=
Count      Debian UID		 Key Fingerprint(s)
-=-=-=-=-=-=-=-=-=-=-=-=-=-=-=-=-=-=-=-=-=-=-=-=-=-=-=-=-=-=-=-=-=-=-=
    1           93sam		CEBB52301D617E910390FE16587979573442684E
    2             aba		010BF4B922AC26888C4F895F49BB63F18B4CCAD5
    3             abe		2517B724C5F6CA9953296E612FF9CD59612616B5
    4          absurd		54EB6D089FA37C19A64590B3066DE8017E2B61D9
    5        achernya		3224C4469D7DF8F3D6F41A02BBC756DDBE595F6B
    6            acid		5361BD40015B74382739101A611BA9508B78A5C2
    7           adamm		90B66A695BB4557F228CE989E523F220AC8DFBD0
    8        adconrad		8BC600805AAC660FEB4D198383401A30B1CDE58F
    9         adejong		452EC2CB65CF68C2A1ADBF5F2A8B746810E0AFC1
   10             adn		3E5FF5F704DA71974CFB4E31DE9F93584D474C1B
   11            adsb		7203630E2C8E727251684FEBC5CE5DC2C542CD59
   12             aeb		25714AECDBFDACEE1CE95FE77F6022516E869F64
   13            afif		8EBD460CB464A67530FF39FBCEAE6AD3AFE826FB
   14             agi		5347CBD83E30A9EB4D7D4BF2009B33756B9AAA55
   15        agmartin		ED78D97FA0065393A48AC71398B9E4BEEA6CB7B3
   16             agx		D3439DAA19DCFACDAE879CF2B999CDB58C8DDBD2
   17              ah		FAE1E5B64652BE798E278CC20BC47DC64D135306
   18            ahs3		89C95A288ED9190FB81892D6530CB002D761B16C
   19        aigarius		166C2BA88956443CDD637F46FA643BA61D227AFB
   20         ajmitch		69862BA807198EF9FBC50EF0731991F308F24FEA
   21          ajqlee		EF4DD4947F74418A5F132255E7CBE152AC17F973
   22             ajt		4E56CFC8D2036C0D69F347786177B35582A8D8A6
   23           akira		04FA3190D777DFC49F1BD28B93B3C2434E7609B8
   24          akumar		466FDDBF10560F509CDE3A4C7A8F49E8B63480BE
-=-=-=-=-=-=-=-=-=-=-=-=-=-=-=-=-=-=-=-=-=-=-=-=-=-=-=-=-=-=-=-=-=-=-=
Count      Debian UID		 Key Fingerprint(s)
-=-=-=-=-=-=-=-=-=-=-=-=-=-=-=-=-=-=-=-=-=-=-=-=-=-=-=-=-=-=-=-=-=-=-=
   25       alejandro		A3CAEB0BE94B06BE8EF84EB571396D61F1C09EFB
   26         alessio		04160004A8276E40BB9890FBE8A48AE5311D765A
   27            alex		9D289851E71F9673192A1046159767DF3B773EC1
   28           alexp		861E40A353C217CCEA4C27B2759D33F5C15F0596
   29            alfs		55D640C2AE41CF92C4DC8804B9A81DDEB19B4B16
   30        algernon		10E65DC045EABEFCC5193A26AC1E90BAC433F68F
   31        alteholz		C74F6AC9E933B3067F52F33FA459EC6715B0705F
   32        amacater		55965E3993E06E2B5BA5CD844AA8FC2422EF1F0F
   33           amaya		FB693A748E2BF8E01C4BC8E2C3016ACB317F2731
   34          amejia		2655978EA053D586597FE5D63FB9C78A53C854DF
   35        ametzler		D2E092039EF8D496EDF4FA5EA54F018543821484
   36             ana		7A33ECAA188B96F27C917288B3464F896AA15948
   37         anarcat		8DC901CE64146C048AD50FBB792152527B75921E
   38            anbe		EBF30A30A8D9C63BDA44C6945FB33F9359E9ED08
   39             and		45C75861BE88634A0CD2905CB0A2F1A9B3E6122C
   40            andi		938A5CEE1E290DE255D9AC98B01FEA84617B586D
   41        andrelop		9E9A41001622548B562493E3B6F6F753E15B47E9
   42        andrewsh		782130B4C9944247977B82FD6EA4D2311A2D268D
   43        angdraug		7FD9D652BF5FD2EC5F1391B0798F1E35CB4D38A9
   44           angel		4A0897191621CCF7FBEEF752A6D58816010A1096
   45          anibal		C6045C813887B77C2DFF97A57C56ACFE947897D8
   46            anoe		EB532A2C0653E521E4B7214CAAF8AE16305D6E2C
   47          ansgar		80E976F14A508A48E9CA3FE9BC372252CA1CF964
   48         antonio		40E6D8AC1900D5246B7CE6B535C8C88872CB1EED
-=-=-=-=-=-=-=-=-=-=-=-=-=-=-=-=-=-=-=-=-=-=-=-=-=-=-=-=-=-=-=-=-=-=-=
Count      Debian UID		 Key Fingerprint(s)
-=-=-=-=-=-=-=-=-=-=-=-=-=-=-=-=-=-=-=-=-=-=-=-=-=-=-=-=-=-=-=-=-=-=-=
   49             apo		ACF3D088EF32EDEF6A1A835FD9AD14B9513B51E4
   50         apoikos		3E02FD6656295952110BAB99F51B18C720248224
   51        apollock		5B702496CFA6A507239C2D7951DFD93B3EFB79EF
   52          appaji		BF813A99E07CD0F8653D9666A8D2CD13AA544AA1
   53         aquette		35610CB997C2245289817328ACC0E41055CA5976
   54              ar		BADAB1EEB153F414CFA505F4AEEC6E7302754958
   55            ardo		274110CCBCD0DFDF7591B3E583B4B2DC119A098F
   56             ari		1998FD821B7124F525B25133888220B87E798989
   57           arjan		9DF1B20A0D3D62E4F1A9D065D2277E455D3983A0
   58           arnau		43B51C2AAAD3E0D49ACF8F5997C2C6AB313C7B03
   59            arno		3BE9A67148F348F23E1E2076C72B51EE9D80F36D
   60            aron		3A9E7D149697510A3E37CD95C38E8160A17841FE
   61       arthurliu		95908AA6E4F7BAA78BD6C148F1A69BE429C0FFEE
   62             asb		6EB223D7D71E67A53C93A7DA3B56E2BBD53FDCB1
   63             ash		1EC26450E831FAA295C1C5F0B85D12EC9BFA3B80
   64           asias		E0FD6DAE7C51262FDAE6A28B7174A18FAAA7A078
   65         aurel32		77462642A9EF94FD0F77196DBA9C78061DDD8C9B
   66           aviau		E30154F5429FFBB9B22E49C2DA82830E3CCC3A3A
   67        avtobiff		3A2A7ED9122EA05132225996B188AE5579F492F8
   68             awm		F6E0FA5CF0307507BB23A512EAFCFEBF8FEB8EBF
   69       awoodland		F00F67C10AC612F5418B01975098021C70518078
   70              az		431C3FE32450FCAC547EABDA2FCCF66BB963BD5F
   71           azadi		3A0B3D84370896136B845E826887935AB297B391
   72        azekulic		091B93CF28AD65C2B76C9F23FF666668B9FD8238
-=-=-=-=-=-=-=-=-=-=-=-=-=-=-=-=-=-=-=-=-=-=-=-=-=-=-=-=-=-=-=-=-=-=-=
Count      Debian UID		 Key Fingerprint(s)
-=-=-=-=-=-=-=-=-=-=-=-=-=-=-=-=-=-=-=-=-=-=-=-=-=-=-=-=-=-=-=-=-=-=-=
   73             bab		519A0009FB50255DDB4E889270A6BEDF542D38D9
   74        ballombe		42028EA404A2E9D80AC453148F0E7C2B4522E387
   75             bam		D6365126A92DB560C627ACED1784577F811F6EAC
   76         baozich		6F1D26E46B6612334228B04A5EA2BDB6883CCDE2
   77             bap		64F429E36EA11CC2D966546F125B57475E190D18
   78         barbier		0FABFD4B88C1E66DA3DDD021E81D75E2ADBCB60D
   79           barry		8417157EDBE73D9EAC1E539B126EB563A74B06BF
   80           bartm		65A12DF4FE31AD6BAC4D76AE3355F4D63B5821CC
   81             bas		8210B8A457F1C6047C969AFFD183A517BFA98DE6
   82           bayle		97D0E2B125185AF7C95FEC776B982DEBBFE91C29
   83         bcwhite		D20D5E7E7BDA7633BEA14A9F67708B14E1C142B1
   84           bdale		8470F20B062592187CBA7BB33A936196C095D941
   85          bdrung		A62D2CFBD50B9B5BF360D54B159EB5C4EFC8774C
   86          behanw		063C1543E73BDDA7AD7F106C72AF46E6E541A5A2
   87             ben		0B4D4F3DD28ABA1465316C6EED630BD2FFA943F1
   88          bengen		AE731055442A1D96CF4D4C7875B710635C213A7E
   89            benh		AC2B29BD34A6AFDDB3F68F35E7BFC8EC95861109
   90          bernat		AEF2348766F371C689A7360095A42FE8353525F9
   91           berni		D6E01EC516A5DFCEF71956D3775079E5B850BC93
   92           berto		1B82AAF294792E7F55864F3EBE3219AF3ED41341
   93            beuc		42273C1AE37FC4347CF079128FF1CB6E8D89059F
   94         bgoglin		7A5A4E80E40097BAF6EAD638449190F3235ABD3B
   95          bgupta		AF113DD0EC498CD884BDCB36C0F8864CDA3D0358
   96           biebl		09B3AC2ECB169C904345CC546AE1DF0D608F22DC
-=-=-=-=-=-=-=-=-=-=-=-=-=-=-=-=-=-=-=-=-=-=-=-=-=-=-=-=-=-=-=-=-=-=-=
Count      Debian UID		 Key Fingerprint(s)
-=-=-=-=-=-=-=-=-=-=-=-=-=-=-=-=-=-=-=-=-=-=-=-=-=-=-=-=-=-=-=-=-=-=-=
   97         bigeasy		64254695FFF0AA4466CC19E67B96E8162A8CF5D1
   98           bigon		7E0ED3D2B34A03B15F9F3121C7F7F9660D82A682
   99           blade		648DD98F4BC4829017CB0E3469740E5CB35FEC3C
  100         blarson		23AAEC75ABBAC703F6593B40049B6D88E31734DB
  101             bod		52D5B1593D7FD9146A5A63071C7C41EDEBDDBB60
  102           bootc		846753CB19213142C56DC918F5C83C05D9CEEEEE
  103         bottoms		07CA87DDC4C2B06240B6B1745041F1891F44E090
  104          boutil		30414D81DC28290C25686DE3DA4958F611E149E9
  105         bpellin		0246088A02F1FBD0A74B3EF6552AD9AA16C4267F
  106            brad		7ED48642624C08B853FA3240BFA28F8B9FC8AE73
  107         bremner		815B63982A79F8E7C72786C4762B57BB784206AD
  108          brlink		F8AC04D50B9B064B3383C3DAAFFC96D1151DFFDC
  109         broonie		3F2568AAC26998F9E813A1C5C3F436CA30F5D8EB
  110         brother		56522C5F712B8BA202C99C093884437B13D8FF8B
  111              bs		C7934D35FF87D526F797DBEAC519A20D121461F7
  112         bubulle		D5C2F9BFCA128BBA22A77218872F702C4D6E25A8
  113         bureado		3A0BEE9EEE0E1B7ECC6424E0C03242A988D4B7DF
  114            bzed		ECA1E3F28E112432D485DD95EB36171A6FF9435F
  115            camm		FE214F363697773242E816ECB845CE510F9B714D
  116        capriott		1AF86F8139461B6B4E4AF7B30BAFEEEFE969BD54
  117          carnil		04A4407CB9142C23030C17AE789D6F057FD863FE
  118          caroll		86233022C12B6ECFC90A400785045872DA83FD56
  119         carsten		B638FD9E5E6B184FCF9E2363329465A24F1FC85D
  120             cas		8803AA4BE1915CA7A211BA6263490E055E0774C5
-=-=-=-=-=-=-=-=-=-=-=-=-=-=-=-=-=-=-=-=-=-=-=-=-=-=-=-=-=-=-=-=-=-=-=
Count      Debian UID		 Key Fingerprint(s)
-=-=-=-=-=-=-=-=-=-=-=-=-=-=-=-=-=-=-=-=-=-=-=-=-=-=-=-=-=-=-=-=-=-=-=
  121        cascardo		DF813B226DD39A2C530F6F7D0ABA650372FD9571
  122            cate		A91751625A08C3CF9088F6AD55FF03AE59EC5558
  123         cavedon		C62F5124B8950ADBF7F3AB4C13C0B5667A38B0B0
  124            cech		DF330C6EE20179FFD2B2930AF682B9EEB9E99CF8
  125          certik		1B470A1C043AB115A99638E048682904DEE27C7D
  126        cespedes		3EF6FC9BDFD076F506BEA16FAFAB931FA560607C
  127              ch		F7916DC334E7C855C5D1F8B5114CAAF608E25893
  128          chaica		DD34BB88EFB7DE735C77597C0270A2758CD736E2
  129          chrisb		5F0D82B343AECAD8BB0B5D19C39E74E049E3ACD3
  130          chrism		4C8F6B0D121EB15F076FEB1704EE131AE6D621BE
  131       christine		FBE01342FCEFD379D3DCE61764959FE9838DF19C
  132       christoph		9FED5C6CE206B70A585770CA965522B9D49AE731
  133        chrisvdb		3C83C334CC3F81F836575C1E96E3F1336AED591E
  134        cjwatson		AC0A4FF12611B6FCCF01C111393587D97D86500B
  135             ckk		08F084DA146C873C361AAFA8E76004C5CEF0C94C
  136           cklin		C0730C82DF731FD9E619273A167FD434C043A313
  137        claviola		86447B523F2D8F3E28E7F62517E950C257EB2134
  138           cleto		1FC9AF77380C91A8545F4CE24933DAB400EF5DFB
  139           clint		2100A32C46F895AF3A08783AF6D3495BB0AE9A02
  140           clown		930BB50F68C747D2A0E70FA4566E861304468DEC
  141             cmb		EE6116FF05A783D6E6176B4517B1CA7D64089528
  142        cnanakos		6583B3EBB874F4544D5D2B23873DEA309D13807F
  143        codehelp		7F71C1E9C78E735D0360C6CCF167E43C8143B682
  144          colint		AB8B748CBD90258044D955D2FA0C410738C9D903
-=-=-=-=-=-=-=-=-=-=-=-=-=-=-=-=-=-=-=-=-=-=-=-=-=-=-=-=-=-=-=-=-=-=-=
Count      Debian UID		 Key Fingerprint(s)
-=-=-=-=-=-=-=-=-=-=-=-=-=-=-=-=-=-=-=-=-=-=-=-=-=-=-=-=-=-=-=-=-=-=-=
  145            cord		12CF5605F7A8D8A6789B9B5398561D2D2502FE39
  146          corsac		4510DCB57ED4704060C6647630550F7871EF0BA8
  147        cristian		745ECE2B47D405CB9342FEFF80F7DBDCCF4D32E4
  148          csmall		5D2FB320B825D93904D205193938F96BDF50FEA5
  149         ctaylor		829679D2343D0D7A1E264A1E746B10E52F7CEC16
  150             cts		32E1DE99463F182E167A3E04700D567871B28342
  151           curan		060096CEF3C8E733E5B61587A309D76CE1DE59D2
  152          cworth		CEF8DDC8019CA66D4E3094F3600233BA9E54DC61
  153          czchen		EC9F905D866DBE46A896C827BE0C924203F4552D
  154             daf		037665A2AF809CF9D81EA8FFB9B31EAA12F27D94
  155             dai		0B29D88E42E6B765B8D8EA507839619DD439668E
  156           daigo		54D0AC54DBBD3F2118B09CCE01CBCC4BF28A0D3E
  157           danai		1BBC875324B7181B94C616032E31880A62EB5434
  158          dancer		E8F377AEEE943676599BC50C07299F687458A89E
  159         danchev		1AE77C660A265BFFDF225D551C570C890E4BD0AB
  160           dannf		09F47DBF2D32EEDC2443EBEE1BF83C5E54FC8640
  161           dapal		81D96BD19A3AEE396FDBD30C0359959479467018
  162           darek		C795C09263AB4009421A241D211A73C69A7B0FC7
  163            dato		8ED5FF85EB6D58F501640246CE7C4AADEA637685
  164            dave		D4A9BBA214CF41C95B89517502D0204508FB0EF7
  165          davidc		1B36433A095BA85C22C473FDE434E57F7DA4AEF2
  166         dbugger		F3A12880BCF7F8047C39B29E292A35920034C733
  167         debacle		7ED1DEA345D9A0A118D4A740E3E0A1C286B963EA
  168       debalance		671925C5B8CDE74A52253DF9E5CA8C4925E4205F
-=-=-=-=-=-=-=-=-=-=-=-=-=-=-=-=-=-=-=-=-=-=-=-=-=-=-=-=-=-=-=-=-=-=-=
Count      Debian UID		 Key Fingerprint(s)
-=-=-=-=-=-=-=-=-=-=-=-=-=-=-=-=-=-=-=-=-=-=-=-=-=-=-=-=-=-=-=-=-=-=-=
  169          deepak		4BEBFC6A62FC0CB40E10F2CEC4D1681A7F217B01
  170        delaunay		0A0FBFF6BCE060FC8A3B9A87CDB227FC0E691E17
  171          dererk		A6C7B88B9583046A11C5403E0B00FB6CEBE2D002
  172           devin		9C6437CD1B7B029D093349EA1E5276729197B5F9
  173          dexter		12CCFE48BAD829BBD6BFFE3D566217F3C4395C9C
  174           diane		1AFC09386700D1A8F05C65ADE5AB5F161CDD0D98
  175        dilinger		500524F97D58893223B35F6A645D0247C36E7637
  176         diocles		058051A76AEE285679C2260C7B7B40AD0F81D93B
  177       directhex		C10B0C427181A34B1BC5FEDDC90F9CB90E1FAD0C
  178          dirson		74AF05DDD92027F5F0C3CDD50D85F29625A3F9FD
  179             dkg		0EE5BE979282D80B9F7540F1CCD2ED94D21739E9
  180       dktrkranz		DDC53E5130FD08223F98945649086AD3EBE2F31F
  181             dld		4AC29C6152C82353307E4BDEC39FFC6F55A410A0
  182           dlehn		86D92F9286F1276BA6AF8370DE85C199300CBB5C
  183        dleidert		BEED4DED5544A4C03E283DC74BCD0567C296D05D
  184         dmartin		17EF07E6F59E9F3E16E0C0A259EC43D65246508B
  185             dmn		AEA0C44ECB056E93630D9D33DBBE9D4D99D2A004
  186             dod		9F7239FCB664F10B33E9DC03C31F4FD949AB2B6C
  187         dogsleg		DE6BA671D57D9B009CF686505EE76EE20216D2A5
  188            doko		D56571B88A8BBAF140BF63D6BD7EAA60778FA6F5
  189             dom		CB496527F9009F2B1C1A76DAC0057E714D694FB2
  190         domibel		EA482D50992E936CEBDA5FD219B5E6C862191001
  191             don		2AD865BA26040F67F9CC3660A2D13001D98C0FBA
  192       dottedmag		A8DF13269E5D9A38E57CFAC29D20F6503E338888
-=-=-=-=-=-=-=-=-=-=-=-=-=-=-=-=-=-=-=-=-=-=-=-=-=-=-=-=-=-=-=-=-=-=-=
Count      Debian UID		 Key Fingerprint(s)
-=-=-=-=-=-=-=-=-=-=-=-=-=-=-=-=-=-=-=-=-=-=-=-=-=-=-=-=-=-=-=-=-=-=-=
  193        dparsons		23C9A93E585819E9126D0A36573EF1E4BD5A01FA
  194         drazzib		B3C1A1178EF9C84C6FC7FC1C75E20CCD33E749FC
  195        dsilvers		19568523759E2A2858F4606B3CCEBABE206C3B69
  196            duck		72972A83E526453DF2885F8155E9F9F7AC1C443F
  197              dz		C925AD3CFF7CCC2F12FA93FFFE88AC6C19048885
  198             ean		1C977AFDCD9B00F2BC509A088C09994F6E48A047
  199          ebourg		B8CE4DE21080DCF903E16C40F513C419E4B9D0AC
  200             edd		AE89DB0EE10E60C01100A8F2A1489FE2AB99A21A
  201         edmonds		DF3D96EEB3827820F302665C01817AB0AAF6CDAE
  202          eevans		C4965EE9E3015D192CCCF2B6F758CE318D77295D
  203          eichin		345EAE92AEFDE9FBDE0395C317E92B42206F8A04
  204       eighthave		EE6620C7136B0D2C456C0A4DE9E28DEA00AA5556
  205            eike		9D0ED0480C310B06B88F0EA298042723E7133742
  206          elbrus		58B66D48736BE93B052DE6729C5C99EB05BD750A
  207             elf		A4CA03F82F1A32BD9E1741CC1ACC11FE7D39213C
  208          ellert		EA1830AFDF4D431AD9E11452E8AEC2FF3BE1A94B
  209            eloy		F7D0679A87AD501B48237DB1F45E7D53CF0E01FE
  210             ema		9545969619281C17FFAC5891D5085A0750FDB7A3
  211           emfox		654E8C20440667B12D20BE8E8D83379110000DEB
  212           ender		5B8C6F80C812E8598EDA653507438AA0984A4545
  213          enrico		1793D6AB75663E6BF104953A634F4BD1E7AD5568
  214        eppesuig		51539D3F62E8522ED0C7C070C2AEDB1447EDD321
  215        eriberto		357DCB0EEC95A01AEBA1F0D2DE63B9C704EBE9EF
  216            eric		43CF1228F726FD5B474CE962C256FBD500221E93
-=-=-=-=-=-=-=-=-=-=-=-=-=-=-=-=-=-=-=-=-=-=-=-=-=-=-=-=-=-=-=-=-=-=-=
Count      Debian UID		 Key Fingerprint(s)
-=-=-=-=-=-=-=-=-=-=-=-=-=-=-=-=-=-=-=-=-=-=-=-=-=-=-=-=-=-=-=-=-=-=-=
  217           erich		BE8321D41C42D0AC513D001B86464F59104378F1
  218            erik		47A83979F90C0B9B1E3BB45C26EC67B4FE6CBC8F
  219           eriks		BA5B1C3CED82638DC3DF0DEC726746E0F0BC8365
  220           erinn		8738A680B84B3031A630F2DB416F061063FEE659
  221           error		043E0E69DD56BA595905875690BC9192B06291B2
  222            etbe		9F7D619DCC06F57C02AA66C7D141CD30FC4B8F79
  223           etobi		57A4935F9221888FDE3714A2D62E4F5B041390BC
  224           eugen		AC9D68316918E4C026567767C16DA8E7F451B93C
  225          eugene		4D60D518D9ADC00459A27B1CD7D3402E0106630C
  226          evgeni		C575A957E819BA18BF07E766A1B09B42333961E8
  227             evo		DA6AB28551DAB530AAD5D91BE665078E8E6AF13E
  228           fabbe		87546B51422EF780FA9C4A7A542B94E55719A67D
  229        fabbione		E3103275FEEE6B3672357D11081419C30B437A89
  230          fabian		22C17648A9526B84DF191C96CBEA8E970CCD59DF
  231             faw		36CCC10F61849F24F04E0CB1C6B8598485522E2D
  232        federico		7CA7DDFB333921408C6F2B966F31BC44F5177DAA
  233           fenio		2BEC79D6FB49FB227872901BB0D9D4A83CD3BBC1
  234          fgeyer		164C70512F7929476764AB56FE22C6FD83135D45
  235         filippo		BAD91EFF7DB4C1837B6D705A99D49B6B00CAD1E5
  236           fladi		D8812F4065320B8DCA3CEF18694CADEF51C7B5B6
  237          flimsy		06D001CB97765ED9E7F1EB5E8B49BB0F0F945FC8
  238             flo		75BF68EE879B5F6A5AA50FCA90DD4120CB09F22F
  239         florian		067D375ED270572A65276EB1063741BAF5DD1ECE
  240            foka		142421B19AD4A95996F95072EA2500B412C59ACF
-=-=-=-=-=-=-=-=-=-=-=-=-=-=-=-=-=-=-=-=-=-=-=-=-=-=-=-=-=-=-=-=-=-=-=
Count      Debian UID		 Key Fingerprint(s)
-=-=-=-=-=-=-=-=-=-=-=-=-=-=-=-=-=-=-=-=-=-=-=-=-=-=-=-=-=-=-=-=-=-=-=
  241        formorer		6E3966C1E1D15DB973D05B491E45F8CA9DE23B16
  242        fourmond		4C6F117FFEEA73DE8FA655E97403062689664EDE
  243         fpeters		7149147DF2F46AE03D556E3B2AE901E5C70218D2
  244          franam		320DD86E1E256275B28F89D729CEADC9260F0067
  245       francisco		B555A43FADF8D3C652C543837FF0C7423219C4E7
  246        francois		8C470B2A0B31568E110D432516281F2E007C98D1
  247         frankie		0579A97A2238EBF9BE61ED020F02A5E1163686A4
  248           freee		76E7B1471EE8D0E7A593E89620CAA0E7EA885677
  249        fsateler		218EE0362033C87B6C135FA4A3BABAE2408DD6CF
  250            fsfs		30B23C8B4E6A3B09EAA6B65212973B6E72DC07B5
  251           fuddl		6CD068620DE13D1B938572334B0069CCF6527847
  252              fw		C8D3D9CFFA9E70563F32FA54BF7BFF0402D524BE
  253         garabik		C1B8D13D3DF5DF650C464EEE6856A4A640AF3FD3
  254          garden		B0A6E03283E639BD769D3CF2DA03B32626600662
  255  gareuselesinge		C11A5053569A7C8C1758E311250533CCA29B764F
  256         gaudenz		836E4F81EFBBADA7085279BFA97A7702BAF91EF5
  257             gcs		A0DF7E0D3851E0EE45C00BC8ACE1F33CB933BBBB
  258        geissert		FE96A3E9B6685DDD0CE3E63E49DDA59BA2EC1A7F
  259         genannt		CFC5B232C0D082CAE6B3A166F04CEFF6016CFFD0
  260        georgesk		3340B364FF67153FB7CCAE851C2816907136AE39
  261             ghe		190473745A88BF8DFFE844A0DD0BA251BC52FA6F
  262           ghedo		A4F455C3414B10563FCC9244AFA51BD6CDE573CB
  263        ghostbar		D278F9C15E5461AA3C1E2FCD13EC43EEB9AC8C43
  264          ginggs		25E3FF2D7F469DBE7D0D4E50AFCFEC8E669CE1C2
-=-=-=-=-=-=-=-=-=-=-=-=-=-=-=-=-=-=-=-=-=-=-=-=-=-=-=-=-=-=-=-=-=-=-=
Count      Debian UID		 Key Fingerprint(s)
-=-=-=-=-=-=-=-=-=-=-=-=-=-=-=-=-=-=-=-=-=-=-=-=-=-=-=-=-=-=-=-=-=-=-=
  265             gio		82D119A840C6EFCA6F5AF9459EDCC991D9AB457E
  266         giskard		81187882B05112F6627455A5ED6434406E34893C
  267           gismo		C331BA3F75FB723B5873785B06EAA066E397832F
  268           gladk		BBBD45EA818AB86FF67E7285D3E17383CFA7FF06
  269        glandium		182E161D1130B9FCCD7DB167E42AA04FA6AA8C72
  270        glaubitz		62FF8A7584E029569546000674263B37F5B5F913
  271          glaweh		0FF89AA2BE33C4197DF80EF2D0AAB32A23B5397C
  272          glondu		58EB0999C64E897EE894B8037853DA4D49881AD3
  273          gniibe		124124BD3B4862AF7A0A42F100B45EBD4CA7BABE
  274         godisch		1842323B4FCF9B90995FA17FA350B991F05A4857
  275          goneri		1FF368E8019913731705B8AF049ED9B94765572E
  276           gotom		D29E635FDF31BB875632563BC95C49F12A068813
  277              gq		04B59D90DF7CC2ABCD49BAEACA87E9E82AAC33F1
  278         grantma		C1A1C3F1135DBE0936705CE3C44E5FFC1335C3A2
  279          gregoa		D1E1316E93A760A8104D85FABB3A68018649AA06
  280            gris		8B94819C255570A374B62CCD26E3C875A74420EF
  281         guillem		4F3E74F436050C10F5696574B972BF3EA4AE57A3
  282        guoliang		2B7F82AF50DADDE16B6F486D82B5B40868C097BC
  283             gus		4CD79C1A472F03F8673725C15BE2EB392C5C4329
  284          gusnan		DB306E4B10FFD98EF4DB55D7194B631AB2DA2888
  285            guus		4D1B7796C03E0831991BDD423F490DEB871EF9FA
  286           gwolf		AB41C1C68AFD668CA045EBF8673A03E4C1DB921F
  287            haas		559E4BA79816CB5AC1F95DDBFE038E5950B5A343
  288           hakan		881C66A096E124903BEECA1CEA25F9FB06A9A7D1
-=-=-=-=-=-=-=-=-=-=-=-=-=-=-=-=-=-=-=-=-=-=-=-=-=-=-=-=-=-=-=-=-=-=-=
Count      Debian UID		 Key Fingerprint(s)
-=-=-=-=-=-=-=-=-=-=-=-=-=-=-=-=-=-=-=-=-=-=-=-=-=-=-=-=-=-=-=-=-=-=-=
  289          hallon		BADCB4C43D3DED4E540771DAE337DB93426E4154
  290           halls		905D0AC5E80C98D5FC6647823FA78B77EB9B072B
  291        harmoney		A86FF3650C417790415A66EC28E545808596DC7C
  292        harshula		B6DFFF2AEEE316B030F2B4D18D55C80D3430D100
  293        hartmans		332D4CE3A2FAE5439B7E25B2283681BA6FE7F41D
  294              he		F3AF135490C8AD078DB1C7FBAFCA65A20657A610
  295          hecker		5919FC3BDC30CE4135F1DC070F5E1ED4664196E2
  296          hector		70F7E757154F2A01D77C1DAEC2FE04B214E36550
  297         helmutg		4CC2D2D90A8D1654DBF873AA2D1AAACF24444442
  298         henrich		58E1222F9696C885A3CD104C5D328D082AAAB140
  299         hertzog		3E4FB7117877F589DBCF06D6E619045DF2AC729A
  300             hle		ACB7B67F197F9B321533431CAC90AC3EC524065E
  301      hlieberman		43DF758C18C7545A3E1A4F0A88237A6A53AB1B2E
  302             hmh		C467A717507BBAFED3C160920BD9E81139CB4807
  303         hoexter		7C0717F9FA2B2B9D788B141BA6DC24D9DA2493D1
  304          holger		B8BF54137B09D35CF026FE9D091AB856069AAA1C
  305        holmgren		CD2A073B386154170A4082E8D4F219BFEC998489
  306           honey		EC5F68E32FD9F61286C58776992FB5D8ED881C8E
  307           horms		E27CD9A1F5ACC2FF4BFE7285D7CF64696A374FBE
  308          hsteoh		FFFF328C0D4BBCC8033DFA92D1A539B0B0C3105C
  309             hug		210E1CD0A6A31386914A14510953ED7BAD69A1CB
  310      hvhaugwitz		2BBBD30FAAB29B3253BCFBA6F6947DAB68E7B931
  311        hyperair		12E0D09DFB3FF7F759D36ED0FBD5225B588752A1
  312         iamfuzz		2A62FCF3BBE867727440369C9258A798513F86CD
-=-=-=-=-=-=-=-=-=-=-=-=-=-=-=-=-=-=-=-=-=-=-=-=-=-=-=-=-=-=-=-=-=-=-=
Count      Debian UID		 Key Fingerprint(s)
-=-=-=-=-=-=-=-=-=-=-=-=-=-=-=-=-=-=-=-=-=-=-=-=-=-=-=-=-=-=-=-=-=-=-=
  313            ianw		FE3366210A6D0989C247FD6EB6A6FB8B9615AEC8
  314             ijc		9D5CEE01334F46CE2FEF6DC6EC63699779074FA8
  315             iko		F70A1DFDB1964669CE1F47C2DAFD5959408B7B9B
  316       infinity0		A405E58AB3725B396ED1B85C1318EFAC5FBBDBCE
  317       intrigeri		7C84A74CFB12BC439E81BA78C92949B8A63BB098
  318             irl		1F72607C5FF2CCD53F01600D56FF9EA4E9846C49
  319        ishikawa		B5D82EE65EC1F4704AF16D0E686DD060155490E0
  320        iuculano		844580C22272BC4FCE8FD68E8F61CE8D947DB113
  321          iustin		CB94E3AA3B1755D61EBB19A5F66E3E419F84F4DE
  322           ivodd		F07D9E73D66E69748C1626CD824294CD0217E8D8
  323        iwamatsu		5E629EE5232197357B84CF4332247FBB40AD1FA6
  324             iwj		559AE46C2D6B6D3265E7CBA1E3E3392348B50D39
  325             jab		7F38A2F829379B7430349D32A876AE830A49ACD3
  326          jackyf		505D0AA78F90F6B23CC296A8A7ED831F59B3A0E8
  327           jaime		3FC15BD6AAC3FC492F1BECC97B85277384EE1F78
  328             jak		AEE1C8AAAAF0B7684019C546021B361B6B031B00
  329         jaldhar		37EF5B0219C30C6E47B251D0EAA638FAC4794DAF
  330       jamespage		AB23E9A98422889E08C3838CBFECAECBA0E7D8C3
  331        jamessan		91BFBF4D6956BD5DF7B72D23DFE691AE331BA3DB
  332         jamuraa		911B70F9D760274148BD0D1CD91315B964C06556
  333             jan		37B12F75F77FD8EE47105A455299B4990437AC41
  334           jandd		B2FF1D95CE8F7A22DF4CF09BA73E0055558FB8DD
  335           janos		ED856FB82F9DA804C678D9959E509C93D26DF9D3
  336             jaq		440E7691F86880B4AC9C78B45750F754ED9B2138
-=-=-=-=-=-=-=-=-=-=-=-=-=-=-=-=-=-=-=-=-=-=-=-=-=-=-=-=-=-=-=-=-=-=-=
Count      Debian UID		 Key Fingerprint(s)
-=-=-=-=-=-=-=-=-=-=-=-=-=-=-=-=-=-=-=-=-=-=-=-=-=-=-=-=-=-=-=-=-=-=-=
  337          jaqque		BCA6F0EF11B23F924BA392296FE413326DC4B226
  338             jas		9AA9BDB11BB1B99A21285A330664A76954265E8C
  339        jaybonci		7DF3D4B58EAD38D84E554E3B68530A812B47DCDE
  340       jbelmonte		46D87F4F70492BCFE3587852B1A88A2FD52D3AF3
  341        jbernard		4DB7E515795C4C73CCA668B069783A9EAD536107
  342          jbouse		09C5AB71078F4ACD235B28E5FFCE1C9A4FADF197
  343        jcowgill		CA8463DD0C391573B4C9834FAEED6158020EAFFF
  344        jcristau		7B27A3F1A6E18CD9588B4AE8310180050905E40C
  345             jdg		725E9D6EE56FCAD6C339A7F259D03CC92BA0FEAE
  346             jeb		859120FE0D9FA6A5B054C775AEC828749D85C53C
  347           jello		73173B093B03CFB85108AD14B11BD919079A3B98
  348          jelmer		DC837EE14A7E37347E87061700806F2BD729A457
  349          jeroen		532E050C8651BC4DBC6D64FE2F68E3DB7BE9A998
  350           jewel		1D681C858FEE81D135A12D2AF3F431B892CC23AE
  351             jfs		150F0AABAB6D211DC34FE00E8B1F6F48AB257F98
  352        jgoerzen		276D7B77B69B756C7CB68669DD29F88442839ED3
  353              jh		2F033C55478C67FAF2A2CCC59F8B68AF86EAA7D3
  354             jhr		79A045FB6FC78F80CE0FED32E083EC151231C465
  355           jimmy		46B65063C267884B1282170F751AB5DDA79679CC
  356             jjr		463293E4AE33871846F30227B321F203110FCAF3
  357          jlines		A87F09E8B4C54890B17A6DF41F126539964685E7
  358         jluebbe		2376B53EDE22A15829A63D2BBBF68F03E8F37941
  359         jmarler		15F9573925428D361188CDF49E2B9967C33F126D
  360       jmaslibre		B3ED4984F65A9AE06511DAF4756BEB4B70D8FB2A
-=-=-=-=-=-=-=-=-=-=-=-=-=-=-=-=-=-=-=-=-=-=-=-=-=-=-=-=-=-=-=-=-=-=-=
Count      Debian UID		 Key Fingerprint(s)
-=-=-=-=-=-=-=-=-=-=-=-=-=-=-=-=-=-=-=-=-=-=-=-=-=-=-=-=-=-=-=-=-=-=-=
  361             jmm		B6E62F3D12AC38495C0DA90510C293B6C37C4E36
  362            jmtd		E037CB2A1A0061B943363C8B0907409606AAAAAA
  363             jmw		0A55B7C51223394286EC74C35394479DD3524C51
  364           jodal		30129ED01430713835CCB5E8BC1256AA6AA6EC5E
  365            joel		5A939A71A46792CF57866A51996DDA075594ADB8
  366           joerg		FBFABDB541B5DC955BD9BA6EDB16CF5BB12525C4
  367            joey		69A2FF9FA9CB606B9423D9DA3ACFD9C1E3950BF2
  368          johfel		477C8339D36D766ED853201C8359193BFDCB09C4
  369           johnf		A9468EB345CB92B7670DBAD04FFB060C9EC70B95
  370           johns		A4626CBAFF376039D2D7554497BA9CE761A0963B
  371           jonny		A4FA7977AA06AFA87D33380781812383AD289755
  372         joostvb		B8FAC2E250475B8CE940A91957930DAB0B86B067
  373           jordi		E8175486C02929837C286A1625502F6FCBE3CB04
  374           josch		F83356BBE112B7462A41552F7D5D8C60CF4D3EB4
  375           josem		30059549A3B8F653914D596AC12178348A90819F
  376           joshk		3F3787880D85019456F741CBA3882EBF78446F26
  377            joss		EC49567210C69CAB25DB34EFE78F751770E81554
  378         joussen		CD5DEC1753FC15DDCE65491259DF9475A373F5B4
  379             joy		741B5485DB27D5CDC6E75D4D8D29AB07711AE871
  380        jredrejo		C3C7AB7305C85849C4BE8BE85E08AFD2A1DE50E9
  381        jrnieder		521E58F17E96D712AA0FF102DFC671EEB333FA25
  382              js		9FE3E9C36691A69FF53CC6842C7C3146C1A00121
  383           jsogo		913DCFFCE6BDAC4A6C78882C07A198C172BD757F
  384             jsw		CB3EEC7081E7F3D54D2C3F2ECC79866F99409084
-=-=-=-=-=-=-=-=-=-=-=-=-=-=-=-=-=-=-=-=-=-=-=-=-=-=-=-=-=-=-=-=-=-=-=
Count      Debian UID		 Key Fingerprint(s)
-=-=-=-=-=-=-=-=-=-=-=-=-=-=-=-=-=-=-=-=-=-=-=-=-=-=-=-=-=-=-=-=-=-=-=
  385            jule		B73823B302F8A2426FCA1BBE590AE197EF123736
  386          julian		C2C8904E314CD8FA041D9B00D5FDFC156168BF60
  387           jurij		1D0120342DF409F5CBB0A0459388188B43C30A7D
  388           jwilk		CDB5A1243ACDB63009AD07212D4EB3A6015475F5
  389           kaare		5E5C4B0E1AFD7325CF66500F962680C5305A9418
  390            kabi		B9B99D73B04756F9FDDF98A91885AD387D42F16E
  391           kalfa		E9EE805F8037CCBE19114BC28E16B90AD6A6121C
  392           kamal		73EE922658C2E07340EA9613E7F710555409E422
  393           kamop		2D2B6C13DB888AD4F69FDCD73A0A01731BAE93B9
  394            kaol		09C397FE531118695A533445840867EE9D8F265C
  395          kaplan		F931E47E19C27CD0A0AF361A09DA9408B4E14499
  396         kapouer		03C4E7ABB880F524306E48156611C05EDD39F374
  397          kartik		6B631B5EF554AF6B1196629202C1D3F2783AA4DE
  398         kcoyner		FA7FB8C09F87C4A0482F4A86EBB31A62C85D8F71
  399             kcr		D4131B46EC40C61A91BCD54BE63716F4E069949E
  400            kees		A5C3F68F229DD60F723E6E138972F4DFDC6DC026
  401          keithp		C383B778255613DFDB409D91DB221A6900000011
  402          keving		C6EA9EA1442B7F369645F89DF3AC49989AD13245
  403          khalid		2CD818BFF64619EADB582134CD58A1B17ED033FA
  404            kibi		B60EBF2984453C70D74CF478FF914AF0C2B35520
  405          kilian		8381EF07EF163D3A9754A6E9EF758EAF49FA435C
  406        kilobyte		FD9CE2D8D7754B78AB279BBD2C3B436FEAC68101
  407          kitame		DC1A298CE5C95ECE9A0882263D6903DFE1D316DC
  408       kitterman		E7729BFFBE85400FEEEE23B178D7DEFB9AD59AF1
-=-=-=-=-=-=-=-=-=-=-=-=-=-=-=-=-=-=-=-=-=-=-=-=-=-=-=-=-=-=-=-=-=-=-=
Count      Debian UID		 Key Fingerprint(s)
-=-=-=-=-=-=-=-=-=-=-=-=-=-=-=-=-=-=-=-=-=-=-=-=-=-=-=-=-=-=-=-=-=-=-=
  409             kix		3F480B8CC385AD419E28006A7B1F549072B74923
  410            klee		91EECA611F18DA32AFA40E2E84CCF98060F105FE
  411             kmr		B660160C4D7814C6A9FE2A5DE7A48877D686C505
  412           kmuto		9CCC5C22C10955B58F55A51B1D21C83DC452E0FC
  413            knok		99452B4DD28BEEAC8AB5C931B06662EC9C0C1404
  414          kobold		46050CB27C6F231B00B148A68473062B7CF094BA
  415          kolter		4D0D537E8C37BC99DFF10B874B077723929D42C3
  416          koster		374FF2AD0A12935FD0B0C84F1B132E01CEC6AD46
  417             kov		9AE55601A23412FF423FA999D200EB30A0FB5DA6
  418           kraai		CC18531C52CB15723A06EF9F1E9310D9ADCE6065
  419           krala		CDED1582A8BE02B483D5B0B9F53E93AF3DED42EB
  420         kreckel		2F1C04A3697FDE6E22FECE95F040BD4C93C85AD2
  421        krisrose		291FC71D8BD6EECCAAF88379C4D012FFE0163787
  422      kritzefitz		1A6F3E639A4467E8C3476525DF6D76C44D696F6B
  423         kroeckx		E5E52560DD91C556DDBDA5D02064C53641C25E5D
  424           lamby		C2FE4BD271C139B86C533E461E953E27D4311E58
  425          lamont		BD430448BD8CF1EE1340BBD5D547946327003A3F
  426           laney		3D0EFB95E7B5237F16E82258E352D5C51C5041D4
  427           lange		B11EE3273F6B2DEB528C93DA2BF8D9FE074BCDE4
  428         larjona		445E3AD036903F47E19B37B2F22674467E4AF4A3
  429            lars		DBE5439D97D8262664A1B01844E17740B8611E9C
  430        lawrencc		6958A4100D1830978B3DACB6C9FC41B8F98C66CF
  431      lazyfrosch		6FBDB41587919A0F4BA96EBA9A358BAB04A4ED27
  432         lbrenta		55D962BB3022E32672E82C28F1C9A83C08AA3E9C
-=-=-=-=-=-=-=-=-=-=-=-=-=-=-=-=-=-=-=-=-=-=-=-=-=-=-=-=-=-=-=-=-=-=-=
Count      Debian UID		 Key Fingerprint(s)
-=-=-=-=-=-=-=-=-=-=-=-=-=-=-=-=-=-=-=-=-=-=-=-=-=-=-=-=-=-=-=-=-=-=-=
  433         ldrolez		8944F03B2DFCE015306ACF363EABB1CB540A7E68
  434     leatherface		34C2252964508E0BCC4BDE66397F3DB1C97A628E
  435             leo		57A7933EBFEF9EABCD266D6E9900FEF19803E32C
  436        lfaraone		8C823DED10AA8041639E12105ACE8D6E0C14A470
  437        lfilipoz		CE98F258BB344F29F4F5AF45B5754A69B6BE608C
  438         licquia		FB0DFA5552571E936DFED64412D34B8B656AE027
  439        lightsey		18D805F88178E8A9BD0C097DE44F8016D3630F89
  440           liiwi		8B112EB026D4BCBAACB886A245DB6B56EC2D523D
  441           lindi		9A5C6B0937685F8E11878BD84D249D9B23E6FC3A
  442         lingnau		7381CB06184C5C490FE59CED0EEF2AE4AF8165FC
  443          lintux		F4B472B56AC66F1A6ADF9F0E2770D9ADFD6C2A7E
  444        lisandro		12DDFA84AC23B2BBF04B313CAB645F406286A7D0
  445          lkajan		91B46ECD90312D7C86F9469A9BD2D6409A0C52FA
  446         lmamane		3ED52FEE3D7080106D89D734EED5716B078E43D4
  447   locutusofborg		92978A6E195E4921825F7FF0F34F09744E9F5DD9
  448          lohner		D7C225344F275A390F0F96A4DE6EE692F2D89614
  449            loic		E99FFE83DF73E72FB6B264ED992D23B392F9E4F2
  450         lolando		B415360F591EB6DD73AFFB83D30DECD2599322FC
  451            lool		EA721EE999D3135F0860E545F114084C08611111
  452         lopippo		B053304E17D6D419DD9B465141AB484D7694CF42
  453           lucab		4C8413AA38176150A8906994BB1A3A854F3BBEBF
  454           lucas		FEDEC1CB337BCF509F43C2243914B532F4DFBE99
  455         luciano		6B2CC5967BD1BDEA9E589B296EC2DEF68FFE3774
  456           luigi		8D485A35FF1E6EB790E50F6D0284F20C2BA97CED
-=-=-=-=-=-=-=-=-=-=-=-=-=-=-=-=-=-=-=-=-=-=-=-=-=-=-=-=-=-=-=-=-=-=-=
Count      Debian UID		 Key Fingerprint(s)
-=-=-=-=-=-=-=-=-=-=-=-=-=-=-=-=-=-=-=-=-=-=-=-=-=-=-=-=-=-=-=-=-=-=-=
  457             luk		A4AD7A700EE5F70F31B16FA32127371B9BB23062
  458           lunar		0603CCFD91865C17E88D4C798382C95C29023DF9
  459           lupus		9A303F9907A03230D188B75A2EF5710914C6A712
  460           lutin		5732F0C3999089EEC643F0651106F2005BB6E4A5
  461         maarten		B97BD6A80CAC4981091AE547FE558C72A67013C3
  462       madamezou		A197352049C1BDBDA18E763CDB686C92D9D59F61
  463         madduck		2CCB26BC5C49BC221F20794255C9882D999BBCC4
  464         madkiss		D7A1478078B370D047A11FB31E08BF280CB9A31A
  465            mafm		2A8E80505C486298430DD0937F7606A445DCA80E
  466             mak		D33A3F0CA16B0ACC51A60738494C8A5FBF4DECEB
  467            mako		E9A271C071964891AA57663D9EA33414F5852F4E
  468            maks		B62B5DA4A31446F014F8D66410252E653A91E527
  469           malat		693367FFAECD8EAACD1F063B0171E1828AE09345
  470        malattia		F962EF7FBF67B18C96108BFAE7E6F782283D6300
  471           manty		06A3E5760F611B4BB1A90E68B8688CA3D876D5A3
  472          marcot		658A2ACF83A6E5D7F6E45E3AD7884C4718E18F44
  473           marga		00C3E184E8AF12711856DFD280D0A42FF2C850CA
  474        marillat		A401FF99368FA1F98152DE755C808C2B65558117
  475          markos		3FC37391FECDD3CB550171216606027F6437124C
  476          markus		ED6762360784E331E25303D6025AFE95AC9DF31B
  477          matrix		65AAD7654205BEB39EA05687DB2F706FDF11900A
  478           mattb		DBB764A1797D2E21C7993CD7A628CB5FA48F065A
  479         matthew		BA4EF9C84DF96D37D8A1E2D412F4D21C8F6A63C8
  480        matthijs		28F4DD779010CEAA86ECE5BE15C18EF489FA4CBE
-=-=-=-=-=-=-=-=-=-=-=-=-=-=-=-=-=-=-=-=-=-=-=-=-=-=-=-=-=-=-=-=-=-=-=
Count      Debian UID		 Key Fingerprint(s)
-=-=-=-=-=-=-=-=-=-=-=-=-=-=-=-=-=-=-=-=-=-=-=-=-=-=-=-=-=-=-=-=-=-=-=
  481          mattia		66AE2B4AFCCF3F52DA184D184B043FCDB9444540
  482            maxx		E188D95736CBB351B20404D2BEBAD1FA1B874544
  483            maxy		F8921D3A7404C86E11352215C7197699B29B232A
  484           mazen		BAF6C64436107850D4227106B3255C6D55878D8C
  485          mbanck		9CA877749FAB2E4FA96862ECDC686A27B43481B0
  486           mbuck		91FF5256A30AE6DF2D44F53BFF55C8F4DAE92422
  487       mckinstry		82383CE9165B347C787081A2CBE6BB4E5D9AD3A5
  488              md		6791403B68AE2690517C42EAE6FFF1E38DC968B0
  489             mdj		8FC758345E24684B67E523CEAFF1D4BDB69135D0
  490             mdz		A24331921670F0060A97500A8A111B5CAE426944
  491        mechanix		20F9B56E8B381D64968E0E99F2A1F0FF6C3BB7C9
  492          meebey		ABE195E150A8DBE7809D3F427127E5ABEEF946C8
  493           mehdi		BD838A2BAAF9E3408BD9646833BE1A0A8C2ED8FF
  494            mejo		2C8CD283D3EFDF433890E7835262E7FF491049FE
  495         mendoza		1C1DE3C0F4FBA3F28ED8FE280A5042F49751031C
  496        mennucc1		372D9DAC08EB27B8B38EE96F57CCF4596A1353C2
  497          merker		BA62C2D7EE4490884FD6E7B8B22C1F17F1E89CE2
  498          meskes		BBBC58B45994CF9CCC56BCDADF23DA3396978EB3
  499           metal		5FAE7D03CCD22E1C8DA9C5095B924EE310055CD3
  500        meyering		155D3FC500C834486D1EEA677FD9FCCB000BEEEE
  501             mez		065BFD16E4BFB184D73F768C2AFBD67FD133AC6E
  502             mfv		4E8E810A6B445FDE68DAD0258062398983B2CF7A
  503        mgilbert		1FBB8F049963FA032C3DAD88A784FF770F0F4FFA
  504          mhatta		643CD2E8DDCB00F8F158121BDDAE12626E141035
-=-=-=-=-=-=-=-=-=-=-=-=-=-=-=-=-=-=-=-=-=-=-=-=-=-=-=-=-=-=-=-=-=-=-=
Count      Debian UID		 Key Fingerprint(s)
-=-=-=-=-=-=-=-=-=-=-=-=-=-=-=-=-=-=-=-=-=-=-=-=-=-=-=-=-=-=-=-=-=-=-=
  505             mhy		309911BEA966D0613053045711B4E5FF15B0FD82
  506           micah		4777535FE5471562626077B58CBF9A322861A790
  507           micha		A3EBB41FC5ABD675CEE41C45EA6CA6B951B85139
  508           michi		16FB517BA866C3F68F111485F3E4122F1D8C261A
  509          midget		BAA17AAFB21D6567D457D67DA82FBB83F3D57033
  510             mih		5701F1D0D18B87E61AA31F3DC073D2287FFB9E9B
  511            mika		33CCB136401AFEC843A3876396A87872B7EA3737
  512           milan		2C5CF8210CDF553B9521DE76223AE055BD94E154
  513         miquels		AEE3CFA76134028A2E290DA1E42E41CAFD50FF4F
  514          miriam		75EFC41387105FFAF4392E025F8E6BE0928FFAFA
  515       mithrandi		DB24E315EDAAAC13D646709958C0FB1CDE3B7600
  516         mitya57		F24299FF1BBC9018B906A4CB6026936D2F1C8AE0
  517             mjb		9091CDDB68CC34006335F0543B6212915022936C
  518             mjt		6EE195D1886E8FFB810D4324457CE0A0804465C5
  519           mlang		ECCF01262122210307349CFAB87D9ADC46820241
  520             mlt		EC63D02697EDFFBE375BBC185CB9D8493D29D438
  521           mmind		795D0851095CAACA16CA79259AFB7B8C9A5F5BBC
  522         mnencia		7C23B8043E65D2980A21B6E2589F03F01BA55038
  523         moeller		84C1977A89E7EFED3E5CA62E2FD8BEDAC020EED1
  524           mones		43BC364B16DF0C205EBD75921F0F0A88DE5BCCA6
  525          monica		403ACC0852105B2334EF153E1EFEB1801A49C0D2
  526           moray		EB32D67638C4E3D8AA2403F0BEBD933335FC140B
  527           morph		8C455876FA072D53EEC3CA81FE8D78F9FE4F4E10
  528         mpalmer		DCE76C9A36785CE022EFCC271654965A49F7FC9B
-=-=-=-=-=-=-=-=-=-=-=-=-=-=-=-=-=-=-=-=-=-=-=-=-=-=-=-=-=-=-=-=-=-=-=
Count      Debian UID		 Key Fingerprint(s)
-=-=-=-=-=-=-=-=-=-=-=-=-=-=-=-=-=-=-=-=-=-=-=-=-=-=-=-=-=-=-=-=-=-=-=
  529           mpitt		3DB46B55EFA59D40E6232148D14EF15DAFE11347
  530        mquinson		4FBE9C4EEA52EF13D541661298BD97244F73BEA7
  531             mrd		BC8506510E9CE91D49EC2C0BBC10BD0F7B8BF08B
  532             msp		DEE724FD54FA0B5BB0B29D6A2C0E8031F29C4A30
  533          mstone		02D5315FF11F1861860E1E02F61AACDCFA11FFDE
  534              mt		ACA6C3F4E1003986F35388043BBF839336ECA931
  535        mtmiller		930750035A15E27C3830740728FA801A43BDD637
  536         muammar		1C9A2574B1A48D8AC243CAE55C29137271246E4A
  537             mvo		DA6C6754D8887626CD06A12898CABB3ABD4CA59E
  538            myon		5C48FE6157F49179597087C64C5A6BAB12D2A7AE
  539         nathans		F7ABE8761E6FE68638E6283AFE0842EE36DD8C0C
  540          nattie		3A2C76F9E5B25DBE1FCD751AA1F751F1A55357E8
  541        nboullis		13B582E2E0673A311DDF1B08D0E94F8D882D4468
  542          nbreen		843E5FA61E6063389876D2E5EE4AFD69EC65108F
  543            neil		61D47BA1FFE7AA02EFED88CA365C1409A4B3A640
  544           neilm		8217A2055E57043B2883054E7F55BB12A40F862E
  545        nhandler		31DCC3B33F2179883DA014C7CAFB3BAD0A75C877
  546         nicolas		62D94D32A99722112F59F7F2B52A9CF4490DFC8D
  547           nijel		63CB1DF1EF12CF2AC0EE5A329C27B31342B7511D
  548            nion		E1ABDE0EFFCAAEF394947592CD4B2AF3A0A0AAAA
  549          nirgal		408303E7B34974006565532B3B5C2C71A218D83C
  550           noahm		A4D19E6ED3C1331EF253EA251CD8D854FE4252C1
  551           nobse		DA81F974C7A422030571DAA79495B8CF68668910
  552            noel		A45E405C0C6C80F13FF1521768C078BE88F80CDA
-=-=-=-=-=-=-=-=-=-=-=-=-=-=-=-=-=-=-=-=-=-=-=-=-=-=-=-=-=-=-=-=-=-=-=
Count      Debian UID		 Key Fingerprint(s)
-=-=-=-=-=-=-=-=-=-=-=-=-=-=-=-=-=-=-=-=-=-=-=-=-=-=-=-=-=-=-=-=-=-=-=
  553        nomadium		4CB7FE1E280ECC90F29A597E6E608B637D8967E9
  554         nomeata		1A46087F955D93C57C60571B3D908AB3F0FBF51F
  555         noodles		0E3A94C3E83002DAB88CCA1694FA372B2DA8B985
  556         noshiro		7951D6DDD2E12A6C47520A89B6D3FC68BA25360D
  557        nthykier		B3131A451DBFDF7CA05B4197054BBB9F7D806442
  558           ntyni		76A28E42C9811D91E88FBA5E2EC0FFB3B7301B1F
  559         obergix		ACE46EBD89F6656D6642660BE941DEDA7C5BB6A5
  560            ocsi		83CF22A155BD99BBC084B13FA0A9766CDB362222
  561            odyx		5D3E052646729E4E85F05B3FD929F2992BEF0A33
  562             ogi		5A4375C9244E9554A975F2F6AB98288E36D33D07
  563           ohura		CE5B4C3A973A37E0F096BE2831B8DEDB8C6DF5CD
  564           olasd		791F12396630DD71FD364375B8E5087766475AAF
  565         olebole		BAFC6C85F7CB143FEEB6FB157115AFD07710DCF7
  566           oliva		EB3345F56441B8B81A7798767DFA41AD961985D7
  567            olly		08E2400FF7FE8FEDE3ACB52818147B073BAD2B07
  568           omote		E4D1B12B5F8854BF014D4FBE60C8350B6C88DA32
  569          ondrej		30B933D80FCE3D981A2D38FB0C99B70EF4FCBB07
  570         onlyjob		50BC7CF939D20C272A6B065652B6BBD953968D1B
  571            opal		22F232C6B1E0F4BF2B260A6A5E90DCFA9426876F
  572         osallou		5FB46F83D3B952046335D26D78DC68DB326D8438
  573           osamu		3133724D6207881579E95D621E1356881DD8D791
  574          otavio		B7F7F218A0541D2A0BEDBE8BEB70FEF3CDFC6E4F
  575            otto		99B452B11F3C74C3B453E46FBED8449FCEE8DA88
  576              p2		E9BC51F6D467A31687DD3F61515BD7CAEEAE3C13
-=-=-=-=-=-=-=-=-=-=-=-=-=-=-=-=-=-=-=-=-=-=-=-=-=-=-=-=-=-=-=-=-=-=-=
Count      Debian UID		 Key Fingerprint(s)
-=-=-=-=-=-=-=-=-=-=-=-=-=-=-=-=-=-=-=-=-=-=-=-=-=-=-=-=-=-=-=-=-=-=-=
  577            pabs		610B28B55CFCFE45EA1B563B3116BA5E9FFA69A3
  578            paco		4DD1FB4846697692FF124B8B27438BAA634770E9
  579        paravoid		A9592C521CB904077D6598009D0B5E5B1EEC8F0E
  580          pascal		B82CDC351FC8191C3B75290DBE5CF687DC5AB7C2
  581          patryk		C92B1DE71A742BE2A4BB9C055FA5E75AAB515303
  582            paul		C9F34FD3C01971BC5BF5586932F78DCEAD113B8B
  583         paulliu		A36878F464108681600CB64844173FA13D058888
  584     paulproteus		97225E589D6B9E01533C485EEC4B033C70096AD1
  585         paultag		8F049AD82C92066C7352D28A7B585B30807C2A87
  586          paulvt		9122D77A6212860737F36FA5C6DE073EDA9EEC4D
  587       paulwaite		493A66484BB79570D642FA3089EADCE39B80E069
  588             pdm		3EFE0F3DF0C98E28B8A81C4714D01A08AFD89BE3
  589           pelle		8B75CA7811367175D05F3B03C43570F80CC295E6
  590            pere		3AC7B2E3ACA5DF8778F1D827111D6B29EE4E02F9
  591         periapt		B0838C2660D764D9D806455CB6C4D9B63BFFE73C
  592          petere		EEA24D48558A79103E80EE29A19F1243EC41269F
  593        pfaffben		C2D1AB061656AAC54B5E975485199DE8C6648E90
  594           philh		DFF1415ACE3227FCF20707D6D04BA3A00125D5C0
  595           picca		E92E7E6E9E9DA6B1AA3139DC5632906F4696E015
  596          piefel		497DEE4549D1CF9E71C15ACDE569B5E3F30D2F35
  597             pik		29E003C86C6AC548A5E9D4E8136E9CF17B5D342D
  598            pini		A0939BCC0AC3134E56B48C91EFE86C6C7FFECF83
  599            pino		5F2A9FB82FA6C1E1077007072D191C8843B13F4D
  600           piotr		1D2FA89858DAAF6217862DF7AEF6F1A2A7457645
-=-=-=-=-=-=-=-=-=-=-=-=-=-=-=-=-=-=-=-=-=-=-=-=-=-=-=-=-=-=-=-=-=-=-=
Count      Debian UID		 Key Fingerprint(s)
-=-=-=-=-=-=-=-=-=-=-=-=-=-=-=-=-=-=-=-=-=-=-=-=-=-=-=-=-=-=-=-=-=-=-=
  601             pjb		2823000E3FA98FF8EB7C100A819D278A0E6F992A
  602           pkern		F75FBFCD771DEB5E9C86050550C3634D3A291CF9
  603          plessy		73471499CC60ED9EEE805946C5BD6C8F2295D502
  604        plugwash		5340D001360CA656E3497EB70C48EA2A7A8FFD7B
  605              pm		556054EA47665DE00263CB41603B832661F9CA53
  606       pmatthaei		58A03DC582425A4DC8B90E1312D9B04A90CBD8E4
  607          pmhahn		58AF7C2E007CDBE62C59E078F50EFDCF8AD04B1A
  608           pochu		709CA6C7EBE6259C5DF7643E9D46C488E4368302
  609          pocock		F50FF72AADF5C01BF0FCE5636C6580E77BD756C4
  610          pollux		BF18695797741DB24E59188FC61A64DCF1393998
  611        porridge		59F4A7DED37D95C58939FDDBEFDED44BCDFB68E9
  612         pouelle		6FB77BB89C41C8C8D2D2B59A19B267802103329F
  613           prach		0CA75D987B8ECF6EA9443AD839091E8123CE1C09
  614         praveen		2A7974AE2FC152D77867DA4ACE1F9C674512C22A
  615        preining		F7D8A92826E316A19FA0ACF06CACA448860CDC13
  616         profeta		D8EC6E235452749BBCF97E18CBFD09CA41FDAD01
  617        pronovic		0A463F5CE07D0979B5C5C90711192892EFD75934
  618             psg		630928AE8EB3AB5722F303BC17DC3CC470D4A979
  619        pvaneynd		177A79EBA658DBCE9854073EB59EB72202D1BC65
  620             qjb		C2C96B10011FE009E6D1DF828A75D10998012C7E
  621           racke		D6814975A277774C98D0DFEF5B93015BFA2720F8
  622             rak		4E469519ED677734268FBD958F7BF8FC4A11C97A
  623             ras		D25DD87DF8EA9ED1D1465023F5231C62E7843A8C
  624    rattusrattus		C0E6366A2050781B72A82ED5BB41D45770EF06F7
-=-=-=-=-=-=-=-=-=-=-=-=-=-=-=-=-=-=-=-=-=-=-=-=-=-=-=-=-=-=-=-=-=-=-=
Count      Debian UID		 Key Fingerprint(s)
-=-=-=-=-=-=-=-=-=-=-=-=-=-=-=-=-=-=-=-=-=-=-=-=-=-=-=-=-=-=-=-=-=-=-=
  625         rbalint		8A125F698A1F7762B5D5363E55AD141521E764DF
  626             rbd		3779F472BB84DFE1A650C304DDC7ECFBB4F83169
  627             rcw		61F695A34BB6EB702DC3F5C1829CA1942F06D925
  628             reg		0C016D3BD1195D30105837CC44975278B8612B5D
  629         reichel		AD7E8DCCBC30B2BE318EC115B8FAFF1C43886771
  630            rene		E12DEA46750670CFA960801D0AA04571D03E3E70
  631      rfrancoise		BE349742CA987ECD7E77E42DAD15F435F05F962D
  632          rhonda		2C72F328ED1707204FB34994DEE8043EE17EBB30
  633          richih		DF0BFDFF4A4DDA0179441B8F69064B0195206DD3
  634            riku		FF8203C8C39198AE058141EFB44890DEDE3C9BC0
  635           risko		BD1DDA696803C41A564A62072930100100003344
  636       rkrishnan		4DEE15BCEEAAC544DAFD4419CF64CD61EB46CA9A
  637             rlb		E6A9DA3CC9FD1FF8C676D2C4C0F039E9ED1B597A
  638        rmayorga		3CD593CFAF0908BE7C74A8F5BB20AC20E0B7D6BE
  639           rmayr		717A033BBB45A2B328CFB84BA1E52A7E249BC034
  640       rmgolbeck		738D57F5B656ECBA6757EB227EA7A51C29C2BDB6
  641             rmh		A537F029AAAE0E9C39A7C22CBB9D98D9DEA2C38E
  642          robert		35E876FAB4D3732E93B4D237631DE7553BE8AFD4
  643         robertc		82440CEAB44083C79431D2CC298E9A19AAC0E286
  644        robertle		F5F817BCCBD1B8D268179CB086F5FB8791776115
  645         roberto		2AB8EB163CA562E182A13AAE7731FCCC63E4E277
  646         robotux		5F35F67BAFA8B6D581CA08EBD003852FBD52529E
  647          roland		AC2FBDB104943D8A44A0211D02713BCFCA5410B2
  648             ron		52744009F2C743EDA2CC69524F346E47A5805D48
-=-=-=-=-=-=-=-=-=-=-=-=-=-=-=-=-=-=-=-=-=-=-=-=-=-=-=-=-=-=-=-=-=-=-=
Count      Debian UID		 Key Fingerprint(s)
-=-=-=-=-=-=-=-=-=-=-=-=-=-=-=-=-=-=-=-=-=-=-=-=-=-=-=-=-=-=-=-=-=-=-=
  649        rousseau		F5E11B9FFE911146F41D953D78A1B4DFE8F9C57E
  650           rover		D0FF1317762D5F3C80A5C740B67EE21012290B4D
  651             rra		E784364E8DDE7BB370FBD9EAD15D313882004173
  652             rrs		43DEF582F9E67111CE008917F2F11C23F00A2BE6
  653            rudy		5BEA736E0518E297ABF4DBCE05BCA9EAD562EBBE
  654          rweber		98AA9AE3439BDA66E1AB3621E60BE35A13F71D36
  655            ryan		47009BB5CC109BFDF7B124752DE1AD437A9DBF6E
  656           salve		8DE38CCA640823EB343C96B52EC615B2E8D3A535
  657        santiago		07A7044DD7EE3DC8AEB16FF5B3F25D6B00A80662
  658         sanvila		D54C3BFAFFB042DE382DA5D741CE7F0B9F1B8B32
  659            sasa		0CBC5D95331B55C176C558E4F80D211A99FDEEF8
  660         sathieu		AAA58B842E882CF414E0BAB1A7C72A1C782B8C3F
  661         schmitz		3954417E4E59A2D8D73B92D63AD82CD4B4C4FB4C
  662      schoenfeld		D3367A17DCCC090651C626B795BD42E195D12EF7
  663        schultmc		BAE0340127D536AD2CB12FE09EC002FE1C9CA517
  664             seb		E40F8DC40800ACA52562BBE491AD581ADAF6CE93
  665          seb128		4724B86F47E02915DEEA49E23EBD44903EDB0496
  666        sebastic		8182DE417056408D614650D16750F10AE88D4AF1
  667       sebastien		20691DFCC2C98C47952984EE00018C22381A7594
  668           segre		1F9FA4CA6FFB59779BBCE14B58A922CDDB5DB08E
  669           sesse		C2E9004FF028C18E4EADDB837F61756177978F76
  670             sez		036456AA8EC8C0B08B48561B4F9F6D550ED6122A
  671              sf		3A988DCDAF09A81CB2618B31C6875F3541CEFDE0
  672          sfrost		C1FEA06F12A10FCEB7CEBC7FED6C8A3883476455
-=-=-=-=-=-=-=-=-=-=-=-=-=-=-=-=-=-=-=-=-=-=-=-=-=-=-=-=-=-=-=-=-=-=-=
Count      Debian UID		 Key Fingerprint(s)
-=-=-=-=-=-=-=-=-=-=-=-=-=-=-=-=-=-=-=-=-=-=-=-=-=-=-=-=-=-=-=-=-=-=-=
  673       sgevatter		7C0FF088052C082B442454171CFC22F3363DEAE3
  674        sgolovan		59E895A48D09D6C8EBB94CE857E7C6324F81391D
  675           sgran		84C605B363AB70ADFB6ABAE5B3118CEF8AEA8FEE
  676         shachar		F2D643A558B9924C0649207BA0C5AD1359CD3653
  677           shane		F099A5F4B77CD6F66A992E6C7B9DBAD42A7E0F3D
  678         sharkey		2E98D4D0F8B723A1FF326B5B45E2CDA5A7FD90F9
  679          sharky		C8845CF9E83F50114D07A264D2CF64921ACE2687
  680             sho		5C809377432D6157DDF52D5D055C4B35FFFFFFFE
  681         showard		5E9E9A7BDBB9DC61B7D14D358ED06069037E24F2
  682        siretart		B3932517957C77DF066EADC40D1B6F07658CB036
  683        sjackman		FEDD8BFA71ED33F4F8F4F469D4ED5223F4E57996
  684          sjoerd		2870A31BEA9DBCF274723108C274DB64C2300F7B
  685             sjr		9C43253495E4DCA837945F5BEBF67A846AABE354
  686          skainz		ED98D2D344641A6859A0864F1CB4F0F78DECAFE9
  687           skitt		79D9C58C50D6B5AA65D530C1759778A9A36B494F
  688           slomo		7F4BC7CC3CA06F97336BBFEB0668CC1486C2D7B5
  689            smcv		DA98F25C0871C49A59EAFF2C4DE8FF2A63C7CC90
  690             smr		CBCF64F1F6B7ADC94D8F2A24C9E55E2FADC8F4B9
  691           smurf		AFD79782F3BAEC020B28A19F72CF8E5E25B4C293
  692           sonne		8B229447DCEBD1872719CA977F36CF55AA87AA77
  693             spa		E3B9148FEB95F79876F52599A2B73E0DD4DDDC4E
  694       spaillard		37241D81BA263AAF93D0B432DFF738C2D16CFBA2
  695         spamaps		F00C9F2F4F7EB714AFAD1A42538C0766F4BCB38E
  696         spectra		20A741B470D74B2077D029E86C7BFF9E99746B65
-=-=-=-=-=-=-=-=-=-=-=-=-=-=-=-=-=-=-=-=-=-=-=-=-=-=-=-=-=-=-=-=-=-=-=
Count      Debian UID		 Key Fingerprint(s)
-=-=-=-=-=-=-=-=-=-=-=-=-=-=-=-=-=-=-=-=-=-=-=-=-=-=-=-=-=-=-=-=-=-=-=
  697       sramacher		F78CBA07817BB149A11D339069F2FC516EA71993
  698             sre		EF660D07463F8B726A795413D8EED7F3C83BFA9A
  699        srivasta		E37E5EC52A01DA25AD2005B6CF489438C5779A1C
  700             srk		D6EACBD6EE46B834248D111215CDDA6AE19135A2
  701             ssm		799E67EEE22748031E05A2DC7DBA958C1C055538
  702      stapelberg		424E14D703E7C6D43D9D6F364E7160ED4AC8EE1D
  703        stappers		8A7F208C6D9E73291657414D2135D123D8C19BEC
  704        stefanor		8B5BD33F542BC3FC03D55A9A51106DF5CD92D072
  705          steinm		DC2BE5A635D6DCF094A1BD3037C2B4F8642139FF
  706         stender		46CB1CA89EA3B74376761DB915E09AF4DF5182C8
  707          stephe		5B8ADB53B6B308B4CF6CF46CECC1D5F5A1FC6CFA
  708           steve		187DAC2552E81F4C2F335B46420A4295E9DBDDBC
  709         stevenk		65574BDD9F3C76D0808CBF36FDD63BAF588A553F
  710       sthibault		900CB024B67931D40F82304BD0178C767D069EE6
  711          stigge		C6F531340F61030C1C6E8061F41B286258C7B079
  712             sto		FA908E471AD37D7F2363D78F821AEE0FD167FBDF
  713           stone		5B79991B01F352724542C71D296A6F97E15ED335
  714          stuart		90E2D2C1AD146A1B7EBB891DBBC17EBB1396F2F7
  715            sune		8514067B1F1F5DF4E79DE0801A30765DF1F0D3ED
  716       sunweaver		9BFBAEE86C0AA5FFBF2207829AF46B3025771B31
  717            sven		0101241DE4C8565F3D8B3B19478112D54B1AC295
  718       sylvestre		B60DB5994D39BEC4D1A95CCF7E6528DA752F1BE1
  719           synrg		5887C8D4012BF84A53E5F9DA4330169952D556DB
  720             syq		816790FE0A75677E2A6C22C814135D277B88D7E5
-=-=-=-=-=-=-=-=-=-=-=-=-=-=-=-=-=-=-=-=-=-=-=-=-=-=-=-=-=-=-=-=-=-=-=
Count      Debian UID		 Key Fingerprint(s)
-=-=-=-=-=-=-=-=-=-=-=-=-=-=-=-=-=-=-=-=-=-=-=-=-=-=-=-=-=-=-=-=-=-=-=
  721            tach		94769E52D436D58B260CA7DD40D716CFE909CDEE
  722          taffit		AE14AD01426D2BFB82EF7E1EB82A217AFDFE09F2
  723         taggart		00E7CB9E10210383D2FD2459AA68ECC8E9800953
  724          takaki		D24ABFD127CD2556A13C6C79CC149F6C28A5E257
  725            tale		B12DF6DAEDDECCC13404889E9AED197FD311BBA1
  726          tanguy		240BBA15B694DD00E38030D8D6EFA6AC4B10D847
  727             tao		ED698CF5610221B9AFD19DB70B2796FD15DAA404
  728          tassia		EE8A7D484BF40152AB1F3708F5B8B2E02AF31308
  729            tats		031C623D94EF1F3EF17B1C84E5EFAB90080EA63C
  730             tbm		D866749DF7FCD903C32D01893D0787AAAF6C61DD
  731         tehnick		EF8359781239A9194D2D7F59D0015BD128F39278
  732        terceiro		B2DEE66036C40829FCD0F10CFC0DB1BBCD460BDE
  733          tfheen		A28411A596193171331802C0B65A4871CA19D717
  734             tgg		3C08DE837B5EFA2461417F5B16A588942D510B52
  735         thansen		A07E3AA25DCCDAEDA6628D248C82169D8ECECD2A
  736             thb		33500F0D4FA9C0C867B85E06706326432D8522BC
  737            thep		32CC490E5A70B23DD6AA5AB2A2EBAED1B6F90241
  738         thibaut		BCADFB52B41998D74D99D98E93945348E0DC2840
  739           thijs		E0D3FAAA6F50A5DA9D5B293833961588E1C21845
  740            thom		1C5DFCF9DDBE01F6ABA9CB36B5679467473F7EFA
  741           tiago		62C017B12A96919BBB7AD45DD84747ACE4B6813D
  742          tianon		B42F6819007F00F88E364FD4036A9C25BF357DD4
  743           tille		F1F007320A035541F0A663CA578A0494D1C646D1
  744            timo		6B854D46E8433CD7CDC03630E0F759F790BDD207
-=-=-=-=-=-=-=-=-=-=-=-=-=-=-=-=-=-=-=-=-=-=-=-=-=-=-=-=-=-=-=-=-=-=-=
Count      Debian UID		 Key Fingerprint(s)
-=-=-=-=-=-=-=-=-=-=-=-=-=-=-=-=-=-=-=-=-=-=-=-=-=-=-=-=-=-=-=-=-=-=-=
  745             tin		7781BC58325EC6E496CAF4ED02285210789038F2
  746          tincho		E1278E7A3A87C7B622BFAA62578BD370AAA22456
  747            tiwe		4D92F1E5B4BCD1CBE38659C6D9EEBFB4B66B10F0
  748        tjaalton		752DE27C4DEB17019B4B6623CB703165A88984DC
  749        tjhukkan		E8DB4B451B2659AFD9B1217E536D57489C2001D0
  750           tjrc1		3006C9FBBFC9CAB82FA38A2A63CE20BAC49C4148
  751        tmancill		E50AFD55ADD27AAB97163A8B21D20589974B3E96
  752         toabctl		1C17166DC55780466188885142EE72DAC27319AD
  753          tobald		264064BA960E6640131AB47866C0ADDE8B45AC41
  754            tobi		13C904F0CE085E7C36307985DECF849AA6357FB7
  755           toddy		D1CB8F39BC5DED24C5D2C78C1302F1F036EBEB19
  756          tokkee		D12074F7324DE199E0DD1C1BCC057E722F1FFCC7
  757            toma		AD695CDFA9527D803FE193019F9B356CA7BDB751
  758          tomasz		9E81ED79FA81D45C0F830E139FB9262724B17D29
  759           tomfa		B9BCEDE29580516AEA8C34E733C1FE3D81D72FF8
  760            toni		1DF6A19FCA53F97353F3F35D8A0A48874687AF4F
  761         torsten		8A4D01D983DF73C51DCC745B308355FA32C5067D
  762             tpo		1482937EADEFFBB923269A8CEEBA150C29774B39
  763         treinen		02054829E12D0F2A8E648E62745C4766D4CACDFF
  764           troup		9BF093BC475BABF8B6AEA5F6D7C3F131AB2A91F5
  765           troyh		3DD3D43ECD3EB4D785FC7604DB7C0360B2CB6597
  766        tschmidt		E3BA9117DCDF37B182B2F1DB4157ED054116CFEA
  767           turbo		5EB35C47B97AC11F551DB287201C31294D5843EA
  768        tvainika		003471EA8AFB37A11FD717A98AEFBE4E76169B60
-=-=-=-=-=-=-=-=-=-=-=-=-=-=-=-=-=-=-=-=-=-=-=-=-=-=-=-=-=-=-=-=-=-=-=
Count      Debian UID		 Key Fingerprint(s)
-=-=-=-=-=-=-=-=-=-=-=-=-=-=-=-=-=-=-=-=-=-=-=-=-=-=-=-=-=-=-=-=-=-=-=
  769        tvincent		D38B3BEEFF978FC6D5AA1E367A749064D38F11A3
  770          tweber		5DC46B57C74776546BF0A839C7FF938B1C1A3E49
  771           tytso		3AB057B7E78D945C8C5591FBD36F769BC11804F0
  772         tzafrir		C0FE9DAC51E5CAF10DBE7DFC5E62533F19765111
  773            ucko		7C3AB9CFD230BD30DD009C591E7091B1F14A64A2
  774        ukleinek		0D2511F322BFAB1C1580266BE2DCDD9132669BD6
  775             uli		556509901902AF06ADC6E01C04AAE5B397F1AAAC
  776       ultrotter		140F202C78F643A57CE8B8F449C3BF8927553D2E
  777        umlaeute		7405E745574809734800156DB65019C47F7A36F8
  778           unera		71EDACFC68010DD91AD19B868D1F969A08EEA756
  779             uwe		9A17578F8646055CE19DE3091D661A372FED8F94
  780         vagrant		F0ADA5240891831165DF98EA7CFCD8CD257721E9
  781         vanicat		DE8F92CD16FA1E5BA16EE95ED265C08531ED8AEF
  782           varun		0C19C882237D25D43B8A41BE70373CF1290DB9CE
  783          vcheng		D53A815A3CB7659AF882E3958EEDCC1BAA1F32FF
  784        vdanjean		621E3509654DD77C43F5CA4AF6AEF2AFD17897FA
  785         venthur		8795AF2E4A1A4EFBA068A4498E889544D985000D
  786           vicho		F43419496DC7B967C36C20FA07B48452768D3824
  787           viiru		B6A927C0FFE73B32D48F1DC034CD816DE6FCD33E
  788           vince		4762F1AE6F400841A52AD16D79B0C7A2CBD93B9E
  789         vlegout		55043B43EFEB282F587CF5816598789058A23DE9
  790          vorlon		A7400F5A48FB42B8CEE8638B5759F35001AA4A64
  791           vseva		8F19CADCD42A42D45563730C51A09B18CF5A5068
  792            waja		5CE7510A8FBC0D4E72ABBA9B0C70557B5A06513E
-=-=-=-=-=-=-=-=-=-=-=-=-=-=-=-=-=-=-=-=-=-=-=-=-=-=-=-=-=-=-=-=-=-=-=
Count      Debian UID		 Key Fingerprint(s)
-=-=-=-=-=-=-=-=-=-=-=-=-=-=-=-=-=-=-=-=-=-=-=-=-=-=-=-=-=-=-=-=-=-=-=
  793           waldi		BD111DBBB521B9C3082ACC9B1E2A2F0B19116AD8
  794          warp10		7FEB617A87114E1BDE8C89C92713E679084651AF
  795             wdg		3FDB9863799A6B11D8EF6065049B1033AF060C5A
  796          weasel		25FC1614B8F87B52FF2F99B962AF4031C82E0039
  797            wehe		E42F80297DE2955CB34F5BBE21BDD5BE10FFF2CC
  798          werner		A9A21A65AF3E708D4DBE86C1B27E083D50F5E924
  799          wijnen		288F494AF1CE7C9289C8341A9CD17D5807C0713A
  800            will		E8749170A94830D8A463600DC9CA0C62A9E29ABC
  801           willi		9FDFBD2937CEC8A249DD4D9C8CBE219C74576D81
  802          winnie		8D208172388840811B85DA1CC6D50A4188C70E43
  803          wookey		4789EF23C3DEFF0556879CAAFB863251A86F9E47
  804          wouter		CF62318D5BBED48F33ACD5431B0006256FB29164
  805            wrar		B5FEA278371F0B5120B4691AA3E3969F6DDEEC86
  806             xam		529AA297EFCAD9AEB218B6627CDC1F97DA023621
  807          xavier		BB71C7E6CB1AD8FAF53FE42A60C3AA7180598EFB
  808          xluthi		6DF18403037B3036A6F7172C387706A26998E5C4
  809            xnox		D764F6CC2AB59A38B1147D73887B60618B3C16AE
  810         xoswald		DE468D1D2744CF2854311CD785B90D23464B8DE3
  811        yaegashi		47EA803F6F81ECEC9965D77969CB827F225EF8F1
  812             yoh		C5B905F0E8D9FD9668FF366FA2DE235062DA33FA
  813           yoush		CB5FAB1CFF8D4782C2321C11C5D058E4BD68AEDB
  814         yyabuki		678AC67A3C5A16058122D62171A802D0BCD1BC92
  815            zack		4900707DDC5C07F2DECB02839C31503C6D866396
  816             zed		7408AB6A97DE9850A9F3817348F47C58D61C6283
-=-=-=-=-=-=-=-=-=-=-=-=-=-=-=-=-=-=-=-=-=-=-=-=-=-=-=-=-=-=-=-=-=-=-=
Count      Debian UID		 Key Fingerprint(s)
-=-=-=-=-=-=-=-=-=-=-=-=-=-=-=-=-=-=-=-=-=-=-=-=-=-=-=-=-=-=-=-=-=-=-=
  817            zeha		7D1ACFFAD9E0806C9C4CD3925C13D6DB93052E03
  818            zigo		A0B1A9F3508956130E7A425CD416AD15AC6B43FE
  819        zinoviev		89C73548E8A12D930B11898D93B716E393FB18A6
  820           zobel		6B1856428E41EC893D5DBDBB53B1AC6DB11B627B
  821       zugschlus		E902F9509FCBD2972E3446E38F77201301320442
  822           zumbi		E90F0889545E78C82A9DE74EAF2283AA76E2AC7B
