-=-=-=-=-=-=-=-=-=-=-=-=-=-=-=-=-=-=-=-=-=-=-=-=-=-=-=-=-=-=-=-=-=-=-=
Count      Debian UID		 Key Fingerprint(s)
-=-=-=-=-=-=-=-=-=-=-=-=-=-=-=-=-=-=-=-=-=-=-=-=-=-=-=-=-=-=-=-=-=-=-=
    1           93sam		CEBB52301D617E910390FE16587979573442684E
    2             aba		E820094883974FDC3CD00EC699D399A1EC36A185
    3             abe		F067EA2726B9C3FC1486202EC09E1D8995930EDE
    4             abi		75D8908EBD35E31D94D102EF10557B83807CAC25
    5          absurd		1CCFF5B3A16607D3FF6E2212CC254778F28CD102
    6        achernya		3224C4469D7DF8F3D6F41A02BBC756DDBE595F6B
    7            acid		5361BD40015B74382739101A611BA9508B78A5C2
    8         acornet		EA7DC27F2742024DFB1E8293B24F9D802225848E
    9           adamm		90B66A695BB4557F228CE989E523F220AC8DFBD0
   10        adconrad		C8B2CB3E322549BB5ED20002BE3CED47C6CEA0C9
   11         adejong		198DA17E5B2523BF88B6F7D45586A7DF9F8D08A7
   12             adn		E751A687D8EE4EC30922C4A5394DC5910ED704EA
   13            adsb		7203630E2C8E727251684FEBC5CE5DC2C542CD59
   14             aeb		25714AECDBFDACEE1CE95FE77F6022516E869F64
   15        afayolle		A9F7C81F531A6D888F81203A2E5FDBE0DF67A55E
   16              ag		2FC3907C20D963EBB234D023236C60C665B4B162
   17             agi		5347CBD83E30A9EB4D7D4BF2009B33756B9AAA55
   18        agmartin		ED78D97FA0065393A48AC71398B9E4BEEA6CB7B3
   19           agney		4B6DC72F824DCF3B75AE64790FDF48D659B957AE
   20             agx		D3439DAA19DCFACDAE879CF2B999CDB58C8DDBD2
   21              ah		FAE1E5B64652BE798E278CC20BC47DC64D135306
   22            ahs3		1C778E9F923F843174A72CE5B28EBE4FBA98E15D
   23        aigarius		166C2BA88956443CDD637F46FA643BA61D227AFB
   24             ajk		7579786D41105F4A4D4436911EC237D9534584E8
-=-=-=-=-=-=-=-=-=-=-=-=-=-=-=-=-=-=-=-=-=-=-=-=-=-=-=-=-=-=-=-=-=-=-=
Count      Debian UID		 Key Fingerprint(s)
-=-=-=-=-=-=-=-=-=-=-=-=-=-=-=-=-=-=-=-=-=-=-=-=-=-=-=-=-=-=-=-=-=-=-=
   25         ajmitch		1149DCAB4F2F17C6C458DC7F82091D9A5921B5D8
   26          ajqlee		47E4BB6FF629245E311677E79D0633E1B6250985
   27             ajt		4E56CFC8D2036C0D69F347786177B35582A8D8A6
   28           akira		2A0DD68A657843B60C72C59B5F3931A6E213F1A0
   29          akumar		466FDDBF10560F509CDE3A4C7A8F49E8B63480BE
   30           alain		CF0B10589F1D97102CAD3F858CEEB259B3C281F4
   31            alee		D4199C0239C6A5AFBE2E97AA464DE301B74952A9
   32       alejandro		A3CAEB0BE94B06BE8EF84EB571396D61F1C09EFB
   33         alerios		12DAD00150FDB751A32CED19A1BCBB2F306CDFF3
   34         alessio		04160004A8276E40BB9890FBE8A48AE5311D765A
   35            alex		3A3ECA3B63E3B1AB24F31BC435FECD3FEB380BE6
   36       alexander		7BC3013F8489FADC424A07B9141138DDA3E45D66
   37           alexp		8B325F49B8A5F2039A837E9CF9CA01D5E26A6F28
   38            alfs		55D640C2AE41CF92C4DC8804B9A81DDEB19B4B16
   39        algernon		10E65DC045EABEFCC5193A26AC1E90BAC433F68F
   40         aloiret		05BF5B00A17A5B32117FF7361DE4F44021275CC4
   41        alteholz		C74F6AC9E933B3067F52F33FA459EC6715B0705F
   42        amacater		F3FA275213277904846DC0DE3233C127E93ADE7B
   43           amaya		FB693A748E2BF8E01C4BC8E2C3016ACB317F2731
   44          amejia		2655978EA053D586597FE5D63FB9C78A53C854DF
   45        ametzler		D2E092039EF8D496EDF4FA5EA54F018543821484
   46             ana		7A33ECAA188B96F27C917288B3464F896AA15948
   47         anarcat		8DC901CE64146C048AD50FBB792152527B75921E
   48            anbe		EBF30A30A8D9C63BDA44C6945FB33F9359E9ED08
-=-=-=-=-=-=-=-=-=-=-=-=-=-=-=-=-=-=-=-=-=-=-=-=-=-=-=-=-=-=-=-=-=-=-=
Count      Debian UID		 Key Fingerprint(s)
-=-=-=-=-=-=-=-=-=-=-=-=-=-=-=-=-=-=-=-=-=-=-=-=-=-=-=-=-=-=-=-=-=-=-=
   49             and		45C75861BE88634A0CD2905CB0A2F1A9B3E6122C
   50        anderson		0791D3B89A4C2CDCA31FBD030A62E53437A79149
   51            andi		938A5CEE1E290DE255D9AC98B01FEA84617B586D
   52         andreas		ADEE56831C993257F41DA3F2F20FAC0B7B8357E5
   53          andree		226D697EFF42A4AC7317C40688BBD7DDBD88CDAC
   54        andrelop		A0C1A28E76270AAB1A57D2385B8FE2F59D1B82F6
   55        andrewsh		782130B4C9944247977B82FD6EA4D2311A2D268D
   56           anfra		5C8CEBFC806DAA3C2B6BC0BF05048A9B631B4819
   57        angdraug		7FD9D652BF5FD2EC5F1391B0798F1E35CB4D38A9
   58           angel		EBF6080D59D4008ADF4700D4098DAE47EE3BC279
   59          anibal		C6045C813887B77C2DFF97A57C56ACFE947897D8
   60          ansgar		80E976F14A508A48E9CA3FE9BC372252CA1CF964
   61         antonio		1B65C26BDA0A507B8E342E69E93ABC69A7BE5AB0
   62        apeeters		EFD432E05C0B10950669743D032570844D2313D5
   63         apoikos		3E02FD6656295952110BAB99F51B18C720248224
   64        apollock		5B702496CFA6A507239C2D7951DFD93B3EFB79EF
   65          appaji		BF813A99E07CD0F8653D9666A8D2CD13AA544AA1
   66             apw		BB1838728F40B7E63BFCD67AE52707E90485EFCD
   67         aquette		35610CB997C2245289817328ACC0E41055CA5976
   68              ar		BADAB1EEB153F414CFA505F4AEEC6E7302754958
   69            ardo		274110CCBCD0DFDF7591B3E583B4B2DC119A098F
   70             ari		1998FD821B7124F525B25133888220B87E798989
   71           arjan		B9829452CAE00CFAFBF4D1635002EFB1962E3890
   72           arnau		43B51C2AAAD3E0D49ACF8F5997C2C6AB313C7B03
-=-=-=-=-=-=-=-=-=-=-=-=-=-=-=-=-=-=-=-=-=-=-=-=-=-=-=-=-=-=-=-=-=-=-=
Count      Debian UID		 Key Fingerprint(s)
-=-=-=-=-=-=-=-=-=-=-=-=-=-=-=-=-=-=-=-=-=-=-=-=-=-=-=-=-=-=-=-=-=-=-=
   73            arno		3BE9A67148F348F23E1E2076C72B51EE9D80F36D
   74         aroldan		0EE927C955F192E43809B852D8E0724BB29396EB
   75            aron		3A9E7D149697510A3E37CD95C38E8160A17841FE
   76       arthurliu		95908AA6E4F7BAA78BD6C148F1A69BE429C0FFEE
   77            asac		4215EA5BBDDA4DD48A7AA125BFCA4B38A824B93F
   78             asb		6EB223D7D71E67A53C93A7DA3B56E2BBD53FDCB1
   79             ash		F9F86E60FB2C0EA422BF025F9C10DDE4C6A2EB7E
   80           asias		E0FD6DAE7C51262FDAE6A28B7174A18FAAA7A078
   81         atterer		08A97B7D3D133EF23D25D15779E6F6DC888354F7
   82         aurel32		77462642A9EF94FD0F77196DBA9C78061DDD8C9B
   83        avtobiff		3A2A7ED9122EA05132225996B188AE5579F492F8
   84             awm		F6E0FA5CF0307507BB23A512EAFCFEBF8FEB8EBF
   85       awoodland		F00F67C10AC612F5418B01975098021C70518078
   86              az		431C3FE32450FCAC547EABDA2FCCF66BB963BD5F
   87           azadi		3A0B3D84370896136B845E826887935AB297B391
   88        azekulic		091B93CF28AD65C2B76C9F23FF666668B9FD8238
   89             bab		925CCE050B76EBBC96375FE731036EC736B861C1
   90          bahner		076531CE6223B28C1A644F7A99727C1454ECB8AF
   91        ballombe		42028EA404A2E9D80AC453148F0E7C2B4522E387
   92             bam		8847D2F7662095A869D0C2CF9C84EE1AB9D02636
   93            bame		C83EDA064DA5138578C7B9598DD404FF7ED87D57
   94             bap		64F429E36EA11CC2D966546F125B57475E190D18
   95           baran		DDBE8A2373481CA7FC9156CC8F3B66A6FC494FC4
   96         barbier		AC1185A49C0BE1F8180D3B07F118B5951E161AFB
-=-=-=-=-=-=-=-=-=-=-=-=-=-=-=-=-=-=-=-=-=-=-=-=-=-=-=-=-=-=-=-=-=-=-=
Count      Debian UID		 Key Fingerprint(s)
-=-=-=-=-=-=-=-=-=-=-=-=-=-=-=-=-=-=-=-=-=-=-=-=-=-=-=-=-=-=-=-=-=-=-=
   97           barry		8417157EDBE73D9EAC1E539B126EB563A74B06BF
   98           bartm		65A12DF4FE31AD6BAC4D76AE3355F4D63B5821CC
   99             bas		8210B8A457F1C6047C969AFFD183A517BFA98DE6
  100           bayle		97D0E2B125185AF7C95FEC776B982DEBBFE91C29
  101         bcwhite		D20D5E7E7BDA7633BEA14A9F67708B14E1C142B1
  102           bdale		8470F20B062592187CBA7BB33A936196C095D941
  103       bdefreese		6F1F40039E09BD7A8099C5F3E48B65B54B394F7E
  104          bdrung		A62D2CFBD50B9B5BF360D54B159EB5C4EFC8774C
  105          behanw		6DE006ED5430A503940ED685BAC78EE5DBA50595
  106             ben		3ECB3F9C7D589FCBC939F86D54F52A8713AB03A7
  107          bencer		93AEA3727846B14E0DB38B65589A903470EB0FCE
  108          bengen		6619634A0F5DB23F6A5FFB6D5028272F3FD29468
  109            benh		AC2B29BD34A6AFDDB3F68F35E7BFC8EC95861109
  110          bernat		AEF2348766F371C689A7360095A42FE8353525F9
  111           berto		1B82AAF294792E7F55864F3EBE3219AF3ED41341
  112          bertol		92720B065DB1A9EEF89001FD3E7434397DD9018D
  113            beuc		42273C1AE37FC4347CF079128FF1CB6E8D89059F
  114            bg66		A8B90F6902FD86E7D339C9A6FA96A148004DA6B4
  115         bgoglin		7A5A4E80E40097BAF6EAD638449190F3235ABD3B
  116          bgupta		AF113DD0EC498CD884BDCB36C0F8864CDA3D0358
  117           biebl		09B3AC2ECB169C904345CC546AE1DF0D608F22DC
  118           bigon		7E0ED3D2B34A03B15F9F3121C7F7F9660D82A682
  119      blackxored		99E8E74E7B4F93AEF32A552399730D5C8A9A3084
  120           blade		648DD98F4BC4829017CB0E3469740E5CB35FEC3C
-=-=-=-=-=-=-=-=-=-=-=-=-=-=-=-=-=-=-=-=-=-=-=-=-=-=-=-=-=-=-=-=-=-=-=
Count      Debian UID		 Key Fingerprint(s)
-=-=-=-=-=-=-=-=-=-=-=-=-=-=-=-=-=-=-=-=-=-=-=-=-=-=-=-=-=-=-=-=-=-=-=
  121         blarson		23AAEC75ABBAC703F6593B40049B6D88E31734DB
  122             bod		52D5B1593D7FD9146A5A63071C7C41EDEBDDBB60
  123         bossekr		5202EA4B6946AE85149A9BB0376941AB835EB2FF
  124         bottoms		07CA87DDC4C2B06240B6B1745041F1891F44E090
  125          boutil		30414D81DC28290C25686DE3DA4958F611E149E9
  126         bpellin		B67ACB32C21FC4FE6EDEC08175E1C1E9710F68E2
  127            brad		E114EC83721B6D205D7E16B04BFDBDA66045FB1E
  128       bradsmith		D20172742FE1A92AC45CEFAB8F70629AC718D347
  129         branden		1573D54473C3988F00963E4FEA4C661F2B46A27C
  130         bremner		815B63982A79F8E7C72786C4762B57BB784206AD
  131          brianr		578A87BDBE6D8A04DF7A6EB30D46FE7CD21DF495
  132        bridgett		38378E6102542A8BBF7475959E86D9142C9ED607
  133          brlink		F8AC04D50B9B064B3383C3DAAFFC96D1151DFFDC
  134         broonie		3F2568AAC26998F9E813A1C5C3F436CA30F5D8EB
  135         brother		BDDB667058EE6756BBAA28B196DD4846A3D2357B
  136              bs		D930653A114193BFB8F6163E20D6688259EF5DBC
  137             btb		79982CB0635F170ADFE9643DB5E01C5DE678D1A1
  138         bubulle		D5C2F9BFCA128BBA22A77218872F702C4D6E25A8
  139         bureado		3A0BEE9EEE0E1B7ECC6424E0C03242A988D4B7DF
  140            bzed		ECA1E3F28E112432D485DD95EB36171A6FF9435F
  141          calvin		A97746CDF7094611A44D27FA781C250432EC6F3E
  142            camm		F1B068F9933AAC362A30A7957331B5C057F045DC
  143        camrdale		FF0784FEE439DA85CAF1EA950F1F76E20D2036AD
  144        capriott		7D9BD9F6F21953332D1DC4F9E283C86878398A01
-=-=-=-=-=-=-=-=-=-=-=-=-=-=-=-=-=-=-=-=-=-=-=-=-=-=-=-=-=-=-=-=-=-=-=
Count      Debian UID		 Key Fingerprint(s)
-=-=-=-=-=-=-=-=-=-=-=-=-=-=-=-=-=-=-=-=-=-=-=-=-=-=-=-=-=-=-=-=-=-=-=
  145           carey		5A98FF2242DC75277ADE7A58252CC4C873D446C2
  146          carnil		04A4407CB9142C23030C17AE789D6F057FD863FE
  147          caroll		86233022C12B6ECFC90A400785045872DA83FD56
  148         carsten		B638FD9E5E6B184FCF9E2363329465A24F1FC85D
  149             cas		96747EE24AC6F5EF3C5752C3EC326810CD5626F0
  150        cascardo		DF813B226DD39A2C530F6F7D0ABA650372FD9571
  151            cate		A91751625A08C3CF9088F6AD55FF03AE59EC5558
  152         cavedon		C62F5124B8950ADBF7F3AB4C13C0B5667A38B0B0
  153           cavok		3A0F2F80F79C678A89364FEE06779033A20EBC50
  154         ccheney		2D31192787D71F249FF91BC5D1065AB38E384AF2
  155            cech		0163FBB25BF0E1C8E530944CD152FFDAD06A8654
  156          cedric		995F58995A9D3DED9D473DD56E69973CF7E8BC63
  157          certik		1B470A1C043AB115A99638E048682904DEE27C7D
  158        cespedes		8574F8F3947725F5B339896D7A95A5B988784703
  159              ch		F7916DC334E7C855C5D1F8B5114CAAF608E25893
  160          chaica		DD34BB88EFB7DE735C77597C0270A2758CD736E2
  161          chrisb		5F0D82B343AECAD8BB0B5D19C39E74E049E3ACD3
  162          chrish		BE3D5AF7470A183F0E518C339A8DBEF268396FD2
  163          chrism		4C8F6B0D121EB15F076FEB1704EE131AE6D621BE
  164        chrissie		F3A06327D7557480440C458685E8FBFCF0B27113
  165       christine		FBE01342FCEFD379D3DCE61764959FE9838DF19C
  166       christoph		9FED5C6CE206B70A585770CA965522B9D49AE731
  167        chrisvdb		3C83C334CC3F81F836575C1E96E3F1336AED591E
  168        chrsmrtn		6C4486ED6D66999F4CCAB79C53E8165BEBEDB32B
-=-=-=-=-=-=-=-=-=-=-=-=-=-=-=-=-=-=-=-=-=-=-=-=-=-=-=-=-=-=-=-=-=-=-=
Count      Debian UID		 Key Fingerprint(s)
-=-=-=-=-=-=-=-=-=-=-=-=-=-=-=-=-=-=-=-=-=-=-=-=-=-=-=-=-=-=-=-=-=-=-=
  169        cjwatson		AC0A4FF12611B6FCCF01C111393587D97D86500B
  170           cklin		B5963B24A9B200B55CDB636CAAAEC012DD0F6268
  171        clameter		88462A803BAE94ED94BA98DCD29BBFFC442E63C2
  172        claviola		3BE16591C78C2AA431DDAEEF640602273516D372
  173           cleto		1FC9AF77380C91A8545F4CE24933DAB400EF5DFB
  174           clint		2100A32C46F895AF3A08783AF6D3495BB0AE9A02
  175           clown		930BB50F68C747D2A0E70FA4566E861304468DEC
  176             cmb		C3267C307B6DFBF86BA89107462E80ACB7D86E0F
  177             cmc		FA59358BA580CA386695714FCEB14A7A1DDC990D
  178        codehelp		7F71C1E9C78E735D0360C6CCF167E43C8143B682
  179          colint		AB8B748CBD90258044D955D2FA0C410738C9D903
  180            cord		12CF5605F7A8D8A6789B9B5398561D2D2502FE39
  181          corsac		4510DCB57ED4704060C6647630550F7871EF0BA8
  182         costela		8AE6CDFF6535192FB5B659212262D36F7ADF9466
  183           coven		DB0DF889C81596F203DF0C5104E76310EFC18770
  184          cowboy		684A1F8DC9BBE0DFF3168C9F015427E3A4B47676
  185             cph		424626C56C4AA9DB11194C07E3AA82D81B352C01
  186        cristian		745ECE2B47D405CB9342FEFF80F7DBDCCF4D32E4
  187          csmall		5D2FB320B825D93904D205193938F96BDF50FEA5
  188         csurchi		D1E29A9D17120E948671834E0CFF30E126257B68
  189         ctaylor		829679D2343D0D7A1E264A1E746B10E52F7CEC16
  190             cts		32E1DE99463F182E167A3E04700D567871B28342
  191           cupis		716E40B5BEBE5B231C7E17F6233B8A57E4875FF9
  192           curan		060096CEF3C8E733E5B61587A309D76CE1DE59D2
-=-=-=-=-=-=-=-=-=-=-=-=-=-=-=-=-=-=-=-=-=-=-=-=-=-=-=-=-=-=-=-=-=-=-=
Count      Debian UID		 Key Fingerprint(s)
-=-=-=-=-=-=-=-=-=-=-=-=-=-=-=-=-=-=-=-=-=-=-=-=-=-=-=-=-=-=-=-=-=-=-=
  193          cworth		CEF8DDC8019CA66D4E3094F3600233BA9E54DC61
  194           cwryu		5F6EC41CE863A6C519953A5B01B47334E0D49E99
  195             cyb		5E045B0EA831824D9E5F58716754891DEAAC62DF
  196             daf		037665A2AF809CF9D81EA8FFB9B31EAA12F27D94
  197             dai		0B29D88E42E6B765B8D8EA507839619DD439668E
  198           daigo		17C558FC44F27E08DDF13BBC35C3E3FAE91CD250
  199          dajobe		F879F0DEDA780198DD08DC6443EC92504F71955A
  200           damog		5CFA8779892CF7B0E515E960482D17E94DADEC2F
  201           danai		2D9353BFB3CEFFA531AA4BF76436436109F34024
  202          dancer		183A70FC47321B8757A5CE82D8377D4EE81E55C1
  203         danchev		1AE77C660A265BFFDF225D551C570C890E4BD0AB
  204           dannf		09F47DBF2D32EEDC2443EBEE1BF83C5E54FC8640
  205             dap		F36251F76D5185EBAF6875B9D29B1AFCF90FFFE5
  206           dapal		81D96BD19A3AEE396FDBD30C0359959479467018
  207            dato		8ED5FF85EB6D58F501640246CE7C4AADEA637685
  208            dave		D4A9BBA214CF41C95B89517502D0204508FB0EF7
  209          davidc		A3602018526B3DFF52BEE5AAB0F7E8C60FCC27C6
  210         dbugger		F3A12880BCF7F8047C39B29E292A35920034C733
  211        dburrows		07FB533591FD5ACC4CBC5DBF721EB1B0CEE44978
  212         debacle		7ED1DEA345D9A0A118D4A740E3E0A1C286B963EA
  213       debalance		671925C5B8CDE74A52253DF9E5CA8C4925E4205F
  214         decklin		55782B782151EEB381717DE6B8824687F1968D1B
  215            deek		7102808A7733C2F3097B161B9222DAB89840105A
  216          deepak		4BEBFC6A62FC0CB40E10F2CEC4D1681A7F217B01
-=-=-=-=-=-=-=-=-=-=-=-=-=-=-=-=-=-=-=-=-=-=-=-=-=-=-=-=-=-=-=-=-=-=-=
Count      Debian UID		 Key Fingerprint(s)
-=-=-=-=-=-=-=-=-=-=-=-=-=-=-=-=-=-=-=-=-=-=-=-=-=-=-=-=-=-=-=-=-=-=-=
  217        delaunay		08BA6695BF3358B0935624DCAE77E041B9D56A91
  218          dererk		A6C7B88B9583046A11C5403E0B00FB6CEBE2D002
  219             des		1E0849A352646367675AD4897D08E5236EB95A6F
  220           devin		9C6437CD1B7B029D093349EA1E5276729197B5F9
  221          dexter		56B4B786A62D3EA134CF264C84C1C77BC0B10A5B
  222        dilinger		500524F97D58893223B35F6A645D0247C36E7637
  223            dima		38841253CD2BCA0BB3432E9F35FC9EEA97AA33D6
  224         diocles		058051A76AEE285679C2260C7B7B40AD0F81D93B
  225       directhex		C10B0C427181A34B1BC5FEDDC90F9CB90E1FAD0C
  226          dirson		42384696F272C9882A01DB8A575B95B25C33C1B8
  227           djpig		EFFDC2C90B84664F14B3096E41B9F4E85B713DF0
  228             dkg		0EE5BE979282D80B9F7540F1CCD2ED94D21739E9
  229       dktrkranz		DDC53E5130FD08223F98945649086AD3EBE2F31F
  230             dld		4AC29C6152C82353307E4BDEC39FFC6F55A410A0
  231           dlehn		F52701E6467CAC15EDC9F9273C8408581A3B48DE
  232        dleidert		B5E7DDCA01B39BEE841B1E199B46F1FB088F6B8C
  233         dmartin		6D77976A392AEE47CA4331D3A3F5DC7342000462
  234             dmn		AEA0C44ECB056E93630D9D33DBBE9D4D99D2A004
  235        dnusinow		F2E1D6829607241FE54C12A8C8B7E935D63469DF
  236             dod		9F7239FCB664F10B33E9DC03C31F4FD949AB2B6C
  237            doko		2DA00A3E65263CACE706175A4AD9516B0F932C9C
  238             dom		CB496527F9009F2B1C1A76DAC0057E714D694FB2
  239         domibel		EA482D50992E936CEBDA5FD219B5E6C862191001
  240             don		2AD865BA26040F67F9CC3660A2D13001D98C0FBA
-=-=-=-=-=-=-=-=-=-=-=-=-=-=-=-=-=-=-=-=-=-=-=-=-=-=-=-=-=-=-=-=-=-=-=
Count      Debian UID		 Key Fingerprint(s)
-=-=-=-=-=-=-=-=-=-=-=-=-=-=-=-=-=-=-=-=-=-=-=-=-=-=-=-=-=-=-=-=-=-=-=
  241          doogie		AD46C888F587F8A3A6DA32618A2C7DC28BD4A489
  242           dopey		F42F871071C27603A56F16184FDEC6E7E160649A
  243       dottedmag		A8DF13269E5D9A38E57CFAC29D20F6503E338888
  244        dparsons		23C9A93E585819E9126D0A36573EF1E4BD5A01FA
  245         drazzib		B3C1A1178EF9C84C6FC7FC1C75E20CCD33E749FC
  246        dreamind		A681868486470C5D79B9A59D8B9D310A97C398CB
  247        dsilvers		19568523759E2A2858F4606B3CCEBABE206C3B69
  248            duck		6ADD5093AC6D1072C9129000B1CCD97290267086
  249         dwatson		5FDBB1BE9B31D3A8298172850DE8799EA7D6AE79
  250              dz		3CEDBDC64F23BEDAF4892445147F1AEA2DB65596
  251             ean		1C977AFDCD9B00F2BC509A088C09994F6E48A047
  252          ebourg		B8CE4DE21080DCF903E16C40F513C419E4B9D0AC
  253              ed		E959DBA0092A7AD23F41500E7649D1C5B4A4E070
  254             edd		AE89DB0EE10E60C01100A8F2A1489FE2AB99A21A
  255        edelhard		DD2937062B8D22A8DEA2C302941C86926F222F1F
  256         edmonds		DF3D96EEB3827820F302665C01817AB0AAF6CDAE
  257          eevans		C4965EE9E3015D192CCCF2B6F758CE318D77295D
  258          eichin		345EAE92AEFDE9FBDE0395C317E92B42206F8A04
  259       eighthave		5E61C8780F86295CE17D86779F0FE587374BBE81
  260            eike		753636FE62768F94785D2042C3F8A3A26A8333C6
  261          elbrus		58B66D48736BE93B052DE6729C5C99EB05BD750A
  262             elf		E39685B176DB94BE4CE9A40F57E8CE072EAE5D2D
  263          ellert		EA1830AFDF4D431AD9E11452E8AEC2FF3BE1A94B
  264            eloy		AC3A464ADF876468F63DCCB2F8D31F49DEB0EC31
-=-=-=-=-=-=-=-=-=-=-=-=-=-=-=-=-=-=-=-=-=-=-=-=-=-=-=-=-=-=-=-=-=-=-=
Count      Debian UID		 Key Fingerprint(s)
-=-=-=-=-=-=-=-=-=-=-=-=-=-=-=-=-=-=-=-=-=-=-=-=-=-=-=-=-=-=-=-=-=-=-=
  265             ema		DEE850F81C5AF8208DD629D30BA0EE03EAF19B60
  266           emfox		7E74053E142DB9CC313111B8F8C41B2CF7142EC2
  267        emschwar		FAA6D8592F0BAED7C3329F7AEBAD6E5CBAC59E39
  268           ender		5B8C6F80C812E8598EDA653507438AA0984A4545
  269          enrico		1793D6AB75663E6BF104953A634F4BD1E7AD5568
  270        eppesuig		43AAF8E27A0E57F4DC7FFD022207C594EC97089D
  271        eriberto		357DCB0EEC95A01AEBA1F0D2DE63B9C704EBE9EF
  272            eric		43CF1228F726FD5B474CE962C256FBD500221E93
  273           erich		BE8321D41C42D0AC513D001B86464F59104378F1
  274            erik		47A83979F90C0B9B1E3BB45C26EC67B4FE6CBC8F
  275           eriks		0DAFEEA41C0CFD21111B5C3FC007DEBB30825345
  276           erinn		8738A680B84B3031A630F2DB416F061063FEE659
  277           error		043E0E69DD56BA595905875690BC9192B06291B2
  278            etbe		D51E60CA98996009F1A4B4CDC2B079FCF5C75256
  279           etobi		26C0976C594BE3C7A5A392DDF7180D26AEDAA642
  280           eugen		AC9D68316918E4C026567767C16DA8E7F451B93C
  281            evan		A9EBB297CD4424F81CF269A850AA7015A876F581
  282          evgeni		C575A957E819BA18BF07E766A1B09B42333961E8
  283             evo		E5D870FFBB267D90D52C56B5347A7D93176015ED
  284           fabbe		87546B51422EF780FA9C4A7A542B94E55719A67D
  285        fabbione		E3103275FEEE6B3672357D11081419C30B437A89
  286            fabo		CEE06509A9D42D28D2573EA88CF535F66AA572F7
  287            falk		6AA2ABD3C802094EF1FF283BD386DEE262EEAD8B
  288             faw		36CCC10F61849F24F04E0CB1C6B8598485522E2D
-=-=-=-=-=-=-=-=-=-=-=-=-=-=-=-=-=-=-=-=-=-=-=-=-=-=-=-=-=-=-=-=-=-=-=
Count      Debian UID		 Key Fingerprint(s)
-=-=-=-=-=-=-=-=-=-=-=-=-=-=-=-=-=-=-=-=-=-=-=-=-=-=-=-=-=-=-=-=-=-=-=
  289           fenio		42B8C61FF6EACE10BCBAFAE9850BA2DE13FEFC40
  290          fgeyer		164C70512F7929476764AB56FE22C6FD83135D45
  291              fh		F9AB00C13E3A8125DD3FDF1CDF79A374B4071A65
  292         filippo		BAD91EFF7DB4C1837B6D705A99D49B6B00CAD1E5
  293          flimsy		96B05A4725393FEDC181A3A3726C2995383F25B5
  294             flo		75BF68EE879B5F6A5AA50FCA90DD4120CB09F22F
  295         florian		067D375ED270572A65276EB1063741BAF5DD1ECE
  296             fog		697807F613F7E0A359D1FF95BDC0A0AE06468DEB
  297            foka		142421B19AD4A95996F95072EA2500B412C59ACF
  298        formorer		6E3966C1E1D15DB973D05B491E45F8CA9DE23B16
  299        fourmond		4C6F117FFEEA73DE8FA655E97403062689664EDE
  300         fpeters		7149147DF2F46AE03D556E3B2AE901E5C70218D2
  301          franam		320DD86E1E256275B28F89D729CEADC9260F0067
  302       francisco		CF682F046496EFEA663C24419A953C82556ABA51
  303          franck		C10ED1D0EF700A2ACACF9A3CC490534E75C089FE
  304        francois		8C470B2A0B31568E110D432516281F2E007C98D1
  305           frank		25C0E61BDC474BA7204E62F5FB1B3D632252FA1A
  306         frankie		0579A97A2238EBF9BE61ED020F02A5E1163686A4
  307           freee		0AA4EABAF45D81DF35E90F9771A9C91A57159E59
  308            frob		1FFBF62CFFAB43DDDC81F6AEDAF7350A7EBBD625
  309              fs		E4E44DEECDA10D901DD99DA4EA7ED2A341954920
  310        fsateler		218EE0362033C87B6C135FA4A3BABAE2408DD6CF
  311            fsfs		30B23C8B4E6A3B09EAA6B65212973B6E72DC07B5
  312             fst		976E747F499C458015CBC0BF7EDE8735DC426429
-=-=-=-=-=-=-=-=-=-=-=-=-=-=-=-=-=-=-=-=-=-=-=-=-=-=-=-=-=-=-=-=-=-=-=
Count      Debian UID		 Key Fingerprint(s)
-=-=-=-=-=-=-=-=-=-=-=-=-=-=-=-=-=-=-=-=-=-=-=-=-=-=-=-=-=-=-=-=-=-=-=
  313           fuddl		1B954398F362AD2DC5E6718BBAB12CF0C7C58F7C
  314            fuji		D4024AF37488165BCC3441477F0CD922EE4C26E8
  315              fw		C8D3D9CFFA9E70563F32FA54BF7BFF0402D524BE
  316         garabik		9AF5D8B0862D2224400768DF501409C6A0FE58B8
  317          garden		B0A6E03283E639BD769D3CF2DA03B32626600662
  318  gareuselesinge		C11A5053569A7C8C1758E311250533CCA29B764F
  319         gaudenz		836E4F81EFBBADA7085279BFA97A7702BAF91EF5
  320             gcs		A0DF7E0D3851E0EE45C00BC8ACE1F33CB933BBBB
  321          geiger		D73EEDEC8D5CBE955D9BC6AAD696CA8660B6B958
  322        geissert		84DAEA2133802516C38106F7632E3DAD46D9CE5A
  323        georgesk		3340B364FF67153FB7CCAE851C2816907136AE39
  324             ghe		498639DAD152050B46999A7166DB5A3626F020F7
  325           ghedo		A4F455C3414B10563FCC9244AFA51BD6CDE573CB
  326        ghostbar		D278F9C15E5461AA3C1E2FCD13EC43EEB9AC8C43
  327          gildor		DEC45F25277079F50ED0841F47BE58A24A3CB85A
  328             gio		82D119A840C6EFCA6F5AF9459EDCC991D9AB457E
  329         giskard		81187882B05112F6627455A5ED6434406E34893C
  330           gismo		C331BA3F75FB723B5873785B06EAA066E397832F
  331           gladk		BBBD45EA818AB86FF67E7285D3E17383CFA7FF06
  332        glandium		182E161D1130B9FCCD7DB167E42AA04FA6AA8C72
  333        glaubitz		62FF8A7584E029569546000674263B37F5B5F913
  334          glaweh		B733A61DFE90985905ED4B218233A6D22D2F75EF
  335        gleydson		BC8103B7B2891227A02E675AA56BC3DF985BA281
  336          glondu		58EB0999C64E897EE894B8037853DA4D49881AD3
-=-=-=-=-=-=-=-=-=-=-=-=-=-=-=-=-=-=-=-=-=-=-=-=-=-=-=-=-=-=-=-=-=-=-=
Count      Debian UID		 Key Fingerprint(s)
-=-=-=-=-=-=-=-=-=-=-=-=-=-=-=-=-=-=-=-=-=-=-=-=-=-=-=-=-=-=-=-=-=-=-=
  337          gniibe		124124BD3B4862AF7A0A42F100B45EBD4CA7BABE
  338         godisch		1842323B4FCF9B90995FA17FA350B991F05A4857
  339         goedson		20FCAD60E8C8D2EB064A8F5BEED8D4CC1DEB8EAE
  340          goneri		1FF368E8019913731705B8AF049ED9B94765572E
  341           gotom		44A9EDF44076706A22B761A0A88A9AB0864826C3
  342              gq		04B59D90DF7CC2ABCD49BAEACA87E9E82AAC33F1
  343         grantma		C1A1C3F1135DBE0936705CE3C44E5FFC1335C3A2
  344          gregoa		D1E1316E93A760A8104D85FABB3A68018649AA06
  345          greuff		01FA29EF7F5666A86596C50143225D698FC03128
  346            gris		8B94819C255570A374B62CCD26E3C875A74420EF
  347           grisu		3CAB9397E835E2E95289A0C0F85EBF46258D8781
  348         guillem		4F3E74F436050C10F5696574B972BF3EA4AE57A3
  349        guoliang		2B7F82AF50DADDE16B6F486D82B5B40868C097BC
  350             gus		4CD79C1A472F03F8673725C15BE2EB392C5C4329
  351          gusnan		DB306E4B10FFD98EF4DB55D7194B631AB2DA2888
  352          guterm		E7C65AA9EA49291F7781577F3606C51455BFD024
  353            guus		4D1B7796C03E0831991BDD423F490DEB871EF9FA
  354           gwolf		AB41C1C68AFD668CA045EBF8673A03E4C1DB921F
  355            haas		559E4BA79816CB5AC1F95DDBFE038E5950B5A343
  356           hakan		5F760FDECF30A6206A6F82DD01BB5D753DE37DC0
  357          hallon		BADCB4C43D3DED4E540771DAE337DB93426E4154
  358           halls		BE88B4B38D1F6639580FCCEE7B199D131997E7CF
  359          hamish		79D417AFF510BE814C308BCDDF45A8055D07E95C
  360        harmoney		A86FF3650C417790415A66EC28E545808596DC7C
-=-=-=-=-=-=-=-=-=-=-=-=-=-=-=-=-=-=-=-=-=-=-=-=-=-=-=-=-=-=-=-=-=-=-=
Count      Debian UID		 Key Fingerprint(s)
-=-=-=-=-=-=-=-=-=-=-=-=-=-=-=-=-=-=-=-=-=-=-=-=-=-=-=-=-=-=-=-=-=-=-=
  361        harshula		B6DFFF2AEEE316B030F2B4D18D55C80D3430D100
  362        hartmans		39272F04C8E560DC056CE2F3FC8D76733C86260F
  363          hattas		9C0712D92B0C8978C547B98BB72D2AB365B328C6
  364        hazelsct		D54D1AEEB11CCE9BA02BC5DD526F01E8564EE4B6
  365              he		0C2CE3E83489599A75EF115698EE733A9DE1EEB1
  366          hecker		C3CF4178B8AD5871DD100B17CC1332317C796B7D
  367          hector		E1BA871DA5EA78F3FCBDBA5B330B038B6C63746D
  368           helen		B7938AC2CC488357C29939C2DDE35CF15653C9C4
  369         helmutg		4CC2D2D90A8D1654DBF873AA2D1AAACF24444442
  370         henrich		58E1222F9696C885A3CD104C5D328D082AAAB140
  371         hertzog		3E4FB7117877F589DBCF06D6E619045DF2AC729A
  372             hmh		C467A717507BBAFED3C160920BD9E81139CB4807
  373         hoexter		7C0717F9FA2B2B9D788B141BA6DC24D9DA2493D1
  374          holger		B8BF54137B09D35CF026FE9D091AB856069AAA1C
  375        holmgren		CD2A073B386154170A4082E8D4F219BFEC998489
  376           honey		057F5FF9577DA76DCC2168E7306C483AFF1F7A5C
  377           horms		E27CD9A1F5ACC2FF4BFE7285D7CF64696A374FBE
  378          hsteoh		FFFF328C0D4BBCC8033DFA92D1A539B0B0C3105C
  379             hug		210E1CD0A6A31386914A14510953ED7BAD69A1CB
  380      hvhaugwitz		2BBBD30FAAB29B3253BCFBA6F6947DAB68E7B931
  381        hyperair		12E0D09DFB3FF7F759D36ED0FBD5225B588752A1
  382         iamfuzz		2A62FCF3BBE867727440369C9258A798513F86CD
  383            ianb		AF6CC0F11E74424BBCD5481440ECC154A8BAC1EA
  384            ianw		446ECB19D158C53D263691D058395253F829E9E7
-=-=-=-=-=-=-=-=-=-=-=-=-=-=-=-=-=-=-=-=-=-=-=-=-=-=-=-=-=-=-=-=-=-=-=
Count      Debian UID		 Key Fingerprint(s)
-=-=-=-=-=-=-=-=-=-=-=-=-=-=-=-=-=-=-=-=-=-=-=-=-=-=-=-=-=-=-=-=-=-=-=
  385           igloo		C3ED6F9C2E5B4CFA6030E409EB7CBAA680C83E8E
  386             ijc		9D5CEE01334F46CE2FEF6DC6EC63699779074FA8
  387          ijones		414EAC7008BC7BC4836E7CA604B3D367B2B831A2
  388             iko		2123906893F464530847785D1144E4ADA7228C38
  389            ingo		B2A37622D32A0D1CCE3F3DF2E17AD7B5090DD8D5
  390       intrigeri		1152BF136B7A1B1C49FCA659BACE15D2A57498FF
  391        ishikawa		A7DBB59A4268DDF2276035947E2F30EEECA94FA8
  392        iuculano		844580C22272BC4FCE8FD68E8F61CE8D947DB113
  393          iustin		CB94E3AA3B1755D61EBB19A5F66E3E419F84F4DE
  394            ivan		68CB5B3A48FC18F17D79A94681872F9B54C1C1C9
  395           ivodd		F07D9E73D66E69748C1626CD824294CD0217E8D8
  396        iwamatsu		5E629EE5232197357B84CF4332247FBB40AD1FA6
  397             iwj		559AE46C2D6B6D3265E7CBA1E3E3392348B50D39
  398             jab		D5D39EFC140AB9FF953572D76B37E8DD34B36856
  399          jackyf		505D0AA78F90F6B23CC296A8A7ED831F59B3A0E8
  400           jaime		51C915494C030E7F2150F1F0111E3AA0BFBCC985
  401             jak		D9D9754A4BBA2E7D0A0AC024AC2A5FFE00823EC2
  402         jaldhar		48DFD0003BE71FF8D9C15832DA460E47EE6DC66A
  403       jamespage		AB23E9A98422889E08C3838CBFECAECBA0E7D8C3
  404        jamessan		91BFBF4D6956BD5DF7B72D23DFE691AE331BA3DB
  405         jamuraa		911B70F9D760274148BD0D1CD91315B964C06556
  406             jan		37B12F75F77FD8EE47105A455299B4990437AC41
  407           jandd		B2FF1D95CE8F7A22DF4CF09BA73E0055558FB8DD
  408           janos		ED856FB82F9DA804C678D9959E509C93D26DF9D3
-=-=-=-=-=-=-=-=-=-=-=-=-=-=-=-=-=-=-=-=-=-=-=-=-=-=-=-=-=-=-=-=-=-=-=
Count      Debian UID		 Key Fingerprint(s)
-=-=-=-=-=-=-=-=-=-=-=-=-=-=-=-=-=-=-=-=-=-=-=-=-=-=-=-=-=-=-=-=-=-=-=
  409             jaq		440E7691F86880B4AC9C78B45750F754ED9B2138
  410          jaqque		BCA6F0EF11B23F924BA392296FE413326DC4B226
  411           jason		5028E73900DC3E7BDE6C6ED6EDC63044925288BE
  412        jaybonci		7DF3D4B58EAD38D84E554E3B68530A812B47DCDE
  413         jbailey		DCAF16D5BB56B970A8F9EC88E4CE6199D0980A99
  414       jbelmonte		784F4E389A576829378B105BE4D7E0EA4C40410A
  415        jbernard		4DB7E515795C4C73CCA668B069783A9EAD536107
  416          jbouse		09C5AB71078F4ACD235B28E5FFCE1C9A4FADF197
  417        jcorbier		49B286EB0461CEAC2E347CC516AD84C0641323B1
  418        jcristau		7B27A3F1A6E18CD9588B4AE8310180050905E40C
  419             jdg		96711FD81FCA6831282D6F7A0D4E7DC3FDB4E459
  420             jeb		859120FE0D9FA6A5B054C775AEC828749D85C53C
  421           jello		73173B093B03CFB85108AD14B11BD919079A3B98
  422          jelmer		DC837EE14A7E37347E87061700806F2BD729A457
  423          jenner		4F032C3CACA0C02D9BB218E3D203CCA5FDA6B6A9
  424          jeroen		D9E45378D0F9E4B20622D299976B884B0813569F
  425           jewel		325A3DD1F8D5E51C5D1D83725EB9E72A228A3AE4
  426             jfs		150F0AABAB6D211DC34FE00E8B1F6F48AB257F98
  427        jgoerzen		276D7B77B69B756C7CB68669DD29F88442839ED3
  428              jh		03F39777FE54A8F65545EBFBCA07E61412AA1DB8
  429         jhirche		3C4D08BDE22F1DEDEDA3251B1D3C025FE7DFC3B7
  430             jhr		79A045FB6FC78F80CE0FED32E083EC151231C465
  431           jimmy		46B65063C267884B1282170F751AB5DDA79679CC
  432             jjr		16D2E421C2C9B60E9DC466AB5430209C4DD7CC93
-=-=-=-=-=-=-=-=-=-=-=-=-=-=-=-=-=-=-=-=-=-=-=-=-=-=-=-=-=-=-=-=-=-=-=
Count      Debian UID		 Key Fingerprint(s)
-=-=-=-=-=-=-=-=-=-=-=-=-=-=-=-=-=-=-=-=-=-=-=-=-=-=-=-=-=-=-=-=-=-=-=
  433          jlines		A87F09E8B4C54890B17A6DF41F126539964685E7
  434         jluebbe		2376B53EDE22A15829A63D2BBBF68F03E8F37941
  435         jmarler		15F9573925428D361188CDF49E2B9967C33F126D
  436       jmaslibre		B3ED4984F65A9AE06511DAF4756BEB4B70D8FB2A
  437             jmm		B6E62F3D12AC38495C0DA90510C293B6C37C4E36
  438            jmtd		E037CB2A1A0061B943363C8B0907409606AAAAAA
  439             jmw		0A55B7C51223394286EC74C35394479DD3524C51
  440          jochen		61A90CB8CE09966D0741880BD1F857D18FE8733D
  441            joel		5A939A71A46792CF57866A51996DDA075594ADB8
  442           joerg		FBFABDB541B5DC955BD9BA6EDB16CF5BB12525C4
  443            joey		B53FE57BD0C1F689FCE256235B9AA5F8801EA932
  444           joeyh		E85A5F63B31D24C1EBF0D81CC910D9222512E3C7
  445          johfel		477C8339D36D766ED853201C8359193BFDCB09C4
  446           johnf		AB74DDFD5B64218A7D5998F361C749B1C77828D4
  447           johns		A4626CBAFF376039D2D7554497BA9CE761A0963B
  448             jon		B8F572F14CC831F9013F7B1E8E62E7F764011A8B
  449           jonny		A4FA7977AA06AFA87D33380781812383AD289755
  450         joostvb		B8FAC2E250475B8CE940A91957930DAB0B86B067
  451           jordi		E8175486C02929837C286A1625502F6FCBE3CB04
  452           josem		B5644BBB97419F11A461719D39A237CB2809E61A
  453           joshk		3F3787880D85019456F741CBA3882EBF78446F26
  454            joss		EC49567210C69CAB25DB34EFE78F751770E81554
  455         joussen		7A10EB66D499C62996CD88C2307B5229D2A6B810
  456             joy		741B5485DB27D5CDC6E75D4D8D29AB07711AE871
-=-=-=-=-=-=-=-=-=-=-=-=-=-=-=-=-=-=-=-=-=-=-=-=-=-=-=-=-=-=-=-=-=-=-=
Count      Debian UID		 Key Fingerprint(s)
-=-=-=-=-=-=-=-=-=-=-=-=-=-=-=-=-=-=-=-=-=-=-=-=-=-=-=-=-=-=-=-=-=-=-=
  457        jredrejo		4491BB79CD5AD94A66814B0C9AA551D966A90DE2
  458        jrnieder		521E58F17E96D712AA0FF102DFC671EEB333FA25
  459              js		9FE3E9C36691A69FF53CC6842C7C3146C1A00121
  460             jsa		87FCDA315F00C8850DC3E28FBD0D4B33A997BA7A
  461           jsogo		B06B023FEAA637DC1E62B0794BE0582590788E11
  462             jsw		CB3EEC7081E7F3D54D2C3F2ECC79866F99409084
  463          julian		C2C8904E314CD8FA041D9B00D5FDFC156168BF60
  464          julien		E1D8579682144687E416948C859FEF67258E26B1
  465           jurij		1D0120342DF409F5CBB0A0459388188B43C30A7D
  466           jwilk		CDB5A1243ACDB63009AD07212D4EB3A6015475F5
  467           kaare		5E5C4B0E1AFD7325CF66500F962680C5305A9418
  468            kabi		B9B99D73B04756F9FDDF98A91885AD387D42F16E
  469           kalfa		0DBD8FCC4F6B8D418F4363A1E43B153CCB467E27
  470           kamal		73EE922658C2E07340EA9613E7F710555409E422
  471           kamop		2D2B6C13DB888AD4F69FDCD73A0A01731BAE93B9
  472            kaol		09C397FE531118695A533445840867EE9D8F265C
  473          kaplan		C644D0B392F48FE44662B5411558944599E81DA0
  474         kapouer		03C4E7ABB880F524306E48156611C05EDD39F374
  475          kartik		6B631B5EF554AF6B1196629202C1D3F2783AA4DE
  476         kcoyner		FA7FB8C09F87C4A0482F4A86EBB31A62C85D8F71
  477             kcr		D4131B46EC40C61A91BCD54BE63716F4E069949E
  478            kees		A5C3F68F229DD60F723E6E138972F4DFDC6DC026
  479          keithp		C383B778255613DFDB409D91DB221A6900000011
  480         kelbert		058963931BFCABEDBEB2091E640E642E2F2F0CDE
-=-=-=-=-=-=-=-=-=-=-=-=-=-=-=-=-=-=-=-=-=-=-=-=-=-=-=-=-=-=-=-=-=-=-=
Count      Debian UID		 Key Fingerprint(s)
-=-=-=-=-=-=-=-=-=-=-=-=-=-=-=-=-=-=-=-=-=-=-=-=-=-=-=-=-=-=-=-=-=-=-=
  481          keving		C6EA9EA1442B7F369645F89DF3AC49989AD13245
  482          keybuk		8D2D1F62A4AC9A22FEFCB0DC21EC4FDC84AD676C
  483          khalid		1FEA0251FD47DBF5A4062BE7950118DBA895B621
  484           khkim		7DB291A3CA1BE7078065B873F36D89424DB97694
  485            kibi		B60EBF2984453C70D74CF478FF914AF0C2B35520
  486          kilian		8381EF07EF163D3A9754A6E9EF758EAF49FA435C
  487          kitame		DC1A298CE5C95ECE9A0882263D6903DFE1D316DC
  488       kitterman		E7729BFFBE85400FEEEE23B178D7DEFB9AD59AF1
  489             kix		3F480B8CC385AD419E28006A7B1F549072B74923
  490             kju		9D50042EFF89954364AF01CF509880E3F6A10C2D
  491            klee		91EECA611F18DA32AFA40E2E84CCF98060F105FE
  492             kmr		D7A055B647683582B10D3F0C112ECDF2C4A3823E
  493           kmuto		9CCC5C22C10955B58F55A51B1D21C83DC452E0FC
  494            knok		99452B4DD28BEEAC8AB5C931B06662EC9C0C1404
  495          kobold		54656E69E5596466BF3D9F012BF8EE2B7F961564
  496          kobras		6665725C400A7EE071500F60A4E2880389BF7E2B
  497           kohda		3AAAE18DDBB4C8D056173880D485DD2F5BFA90EC
  498          kolter		4D0D537E8C37BC99DFF10B874B077723929D42C3
  499          koster		374FF2AD0A12935FD0B0C84F1B132E01CEC6AD46
  500             kov		9AE55601A23412FF423FA999D200EB30A0FB5DA6
  501           kraai		CC18531C52CB15723A06EF9F1E9310D9ADCE6065
  502           krala		97A41066E5643748977593C33298C70DE5FFEDE1
  503         kreckel		2F1C04A3697FDE6E22FECE95F040BD4C93C85AD2
  504        krisrose		291FC71D8BD6EECCAAF88379C4D012FFE0163787
-=-=-=-=-=-=-=-=-=-=-=-=-=-=-=-=-=-=-=-=-=-=-=-=-=-=-=-=-=-=-=-=-=-=-=
Count      Debian UID		 Key Fingerprint(s)
-=-=-=-=-=-=-=-=-=-=-=-=-=-=-=-=-=-=-=-=-=-=-=-=-=-=-=-=-=-=-=-=-=-=-=
  505         kroeckx		E5E52560DD91C556DDBDA5D02064C53641C25E5D
  506           lamby		0F1E5C1F1D3DF7DBAEE04288E7FF2E5B634F9A20
  507          lamont		8A46ADB3FC4B4B24DF1728BACCDFE49B0A0AC927
  508           laney		3D0EFB95E7B5237F16E82258E352D5C51C5041D4
  509           lange		B11EE3273F6B2DEB528C93DA2BF8D9FE074BCDE4
  510            lars		0CA2E3A6FBC7BC3BEBDCCEB8EB5CE1D75E8511F9
  511        lawrencc		6958A4100D1830978B3DACB6C9FC41B8F98C66CF
  512      lazyfrosch		6FBDB41587919A0F4BA96EBA9A358BAB04A4ED27
  513         lbrenta		55D962BB3022E32672E82C28F1C9A83C08AA3E9C
  514         ldrolez		8944F03B2DFCE015306ACF363EABB1CB540A7E68
  515     leatherface		34C2252964508E0BCC4BDE66397F3DB1C97A628E
  516           leist		63490CA7D9728AA050A620FEB14BCEFE316DC8FB
  517        lfaraone		51892A7D16D049BB046BDC7797325DD8F9FDD506
  518        lfilipoz		CE98F258BB344F29F4F5AF45B5754A69B6BE608C
  519         lfousse		8580406BA42572F1075EB7CA95921ED6E9A14344
  520         licquia		1DA0F1B5FAC435E895C76E28600A553FF666C91D
  521       lidaobing		2F18947301F75240A6E8B1BCE5350AE06087D2F8
  522        lightsey		18D805F88178E8A9BD0C097DE44F8016D3630F89
  523           liiwi		C4402EA201E79D54E6EA61DE24C5CFE4F5521541
  524           lindi		9A5C6B0937685F8E11878BD84D249D9B23E6FC3A
  525         lingnau		7381CB06184C5C490FE59CED0EEF2AE4AF8165FC
  526          lintux		D604F94B5A4C45E84E8465187985979AE3304051
  527        lisandro		12DDFA84AC23B2BBF04B313CAB645F406286A7D0
  528          ljlane		732368015D7002442ECE3563C490643655D3A1E9
-=-=-=-=-=-=-=-=-=-=-=-=-=-=-=-=-=-=-=-=-=-=-=-=-=-=-=-=-=-=-=-=-=-=-=
Count      Debian UID		 Key Fingerprint(s)
-=-=-=-=-=-=-=-=-=-=-=-=-=-=-=-=-=-=-=-=-=-=-=-=-=-=-=-=-=-=-=-=-=-=-=
  529          lkajan		91B46ECD90312D7C86F9469A9BD2D6409A0C52FA
  530         lmamane		3ED52FEE3D7080106D89D734EED5716B078E43D4
  531          lohner		72076C7376397FBEEDE66EA8E9B0C69E268462E3
  532            loic		24F2720EC693FEA0A564F8DEF1D2CCC8497A176D
  533         lolando		B415360F591EB6DD73AFFB83D30DECD2599322FC
  534            lool		EA721EE999D3135F0860E545F114084C08611111
  535         lopippo		B053304E17D6D419DD9B465141AB484D7694CF42
  536           lucab		4C8413AA38176150A8906994BB1A3A854F3BBEBF
  537           lucas		FEDEC1CB337BCF509F43C2243914B532F4DFBE99
  538         luciano		6B2CC5967BD1BDEA9E589B296EC2DEF68FFE3774
  539           luigi		8D485A35FF1E6EB790E50F6D0284F20C2BA97CED
  540             luk		A4AD7A700EE5F70F31B16FA32127371B9BB23062
  541           lunar		0603CCFD91865C17E88D4C798382C95C29023DF9
  542           lupus		9A303F9907A03230D188B75A2EF5710914C6A712
  543           lutin		5732F0C3999089EEC643F0651106F2005BB6E4A5
  544              ma		7DDF975E73435ACD725E62159A6027DB1A944AD7
  545         maarten		B97BD6A80CAC4981091AE547FE558C72A67013C3
  546            mace		7345F2F751F07700FEB7FE2087D5E190EBC73D63
  547       madamezou		A197352049C1BDBDA18E763CDB686C92D9D59F61
  548        madcoder		72B4C59ADA78D70E055C129EBC6AFB5BA1EE761C
  549         madduck		2CCB26BC5C49BC221F20794255C9882D999BBCC4
  550         madhack		7FC70DC0EF31DF837313FE2B77A8F36A3B047084
  551         madkiss		6D2D424D824C81DA7D6F1ED41CFA3E8CD7145E30
  552         maehara		6A2E6A5438F1D1D815136CDF27122D42A674A359
-=-=-=-=-=-=-=-=-=-=-=-=-=-=-=-=-=-=-=-=-=-=-=-=-=-=-=-=-=-=-=-=-=-=-=
Count      Debian UID		 Key Fingerprint(s)
-=-=-=-=-=-=-=-=-=-=-=-=-=-=-=-=-=-=-=-=-=-=-=-=-=-=-=-=-=-=-=-=-=-=-=
  553            mafm		2A8E80505C486298430DD0937F7606A445DCA80E
  554             mak		D33A3F0CA16B0ACC51A60738494C8A5FBF4DECEB
  555         makholm		A32897E97EA9BAE5A7195812A1B13F2C2C8B195A
  556            mako		E9A271C071964891AA57663D9EA33414F5852F4E
  557            maks		B62B5DA4A31446F014F8D66410252E653A91E527
  558           malat		693367FFAECD8EAACD1F063B0171E1828AE09345
  559        malattia		058E0BBC57E7F03479579D3182944F68EA2D2C41
  560           malex		EE63C471ADBA5D80ADFB1054DA286F326C5F196B
  561           manty		3F0A12FC0B55A917D79182D372FDC205F6A32A8E
  562          manuel		802EB746852F21A39239C111F16961C8CC8D7957
  563         mapache		E506FDDEA891E826E7137B4A1E198A792782AF55
  564          marcot		658A2ACF83A6E5D7F6E45E3AD7884C4718E18F44
  565           marga		00C3E184E8AF12711856DFD280D0A42FF2C850CA
  566        marillat		A401FF99368FA1F98152DE755C808C2B65558117
  567           mario		DF3AB6653EEB747A7BDD9B7327D10348DD1B0EF7
  568          markos		3FC37391FECDD3CB550171216606027F6437124C
  569           marks		70E466E41AF7052F7F2C3B275D3CE77FD54F0847
  570       martignlo		363D3EF3CC922069949C4F116C572D708B143975
  571          maswan		C0BD59FEBBFA2A7E8A41BB3F91374E81825BEF79
  572          matrix		25C32A87055A4275EBB9DFAC3D3E735D83467A34
  573            mats		1624F9A558458C84DB055684EE3A9F0281C2A4AC
  574           mattb		6583A11F1428FCDD65FCC7B5E0CD3CDC59B2D9A0
  575         matthew		BA4EF9C84DF96D37D8A1E2D412F4D21C8F6A63C8
  576        matthijs		28F4DD779010CEAA86ECE5BE15C18EF489FA4CBE
-=-=-=-=-=-=-=-=-=-=-=-=-=-=-=-=-=-=-=-=-=-=-=-=-=-=-=-=-=-=-=-=-=-=-=
Count      Debian UID		 Key Fingerprint(s)
-=-=-=-=-=-=-=-=-=-=-=-=-=-=-=-=-=-=-=-=-=-=-=-=-=-=-=-=-=-=-=-=-=-=-=
  577         mattice		050C2D2FA95A25BBB61FCD16EC3BCAC4137A955E
  578           mauro		2B82A38D1BA5847AA74D6C346AB79ED6C8FDF9C1
  579            maxx		30DC1D281D7932F55E673ABB28EEB35A3E8DCCC0
  580            maxy		F8921D3A7404C86E11352215C7197699B29B232A
  581           mazen		E1870B62BFAB87447FEDE31A8F7274F307062A38
  582          mbaker		110D06BC02F6447AD80CA75E2E4F86BA8B0D42F9
  583          mbanck		9CA877749FAB2E4FA96862ECDC686A27B43481B0
  584           mbuck		74FD81B904BA906F79712714E676B867F8D54259
  585       mckinstry		CD45260A4546C3C0F595F0F64132BF902A385C57
  586              md		6791403B68AE2690517C42EAE6FFF1E38DC968B0
  587             mdj		B282763CE63729B64B024260D722058FC0033D7A
  588             mdz		A24331921670F0060A97500A8A111B5CAE426944
  589        mechanix		CAC10932B6B9876840DBC6AA1239F7098E950E00
  590          meebey		ABE195E150A8DBE7809D3F427127E5ABEEF946C8
  591           mehdi		BD838A2BAAF9E3408BD9646833BE1A0A8C2ED8FF
  592            mejo		2C8CD283D3EFDF433890E7835262E7FF491049FE
  593         mendoza		9B0B8CFD05F333F786C7B5DB3056F0EF4C2D3EFA
  594        mennucc1		F58548B594504CC6AD853EC3F41FED8E33FC40A4
  595          merker		BA62C2D7EE4490884FD6E7B8B22C1F17F1E89CE2
  596          meskes		BBBC58B45994CF9CCC56BCDADF23DA3396978EB3
  597           metal		5FAE7D03CCD22E1C8DA9C5095B924EE310055CD3
  598        meyering		155D3FC500C834486D1EEA677FD9FCCB000BEEEE
  599             mez		065BFD16E4BFB184D73F768C2AFBD67FD133AC6E
  600           mfurr		5B9F587FBC5CD82350CE4DB0ED93CA29124B26F3
-=-=-=-=-=-=-=-=-=-=-=-=-=-=-=-=-=-=-=-=-=-=-=-=-=-=-=-=-=-=-=-=-=-=-=
Count      Debian UID		 Key Fingerprint(s)
-=-=-=-=-=-=-=-=-=-=-=-=-=-=-=-=-=-=-=-=-=-=-=-=-=-=-=-=-=-=-=-=-=-=-=
  601        mgilbert		1FBB8F049963FA032C3DAD88A784FF770F0F4FFA
  602          mhatta		643CD2E8DDCB00F8F158121BDDAE12626E141035
  603             mhy		309911BEA966D0613053045711B4E5FF15B0FD82
  604           micah		4777535FE5471562626077B58CBF9A322861A790
  605           micha		A3EBB41FC5ABD675CEE41C45EA6CA6B951B85139
  606           michi		16FB517BA866C3F68F111485F3E4122F1D8C261A
  607          midget		BAA17AAFB21D6567D457D67DA82FBB83F3D57033
  608             mih		5701F1D0D18B87E61AA31F3DC073D2287FFB9E9B
  609            mika		04AEE62C9502CD34A7DA857BD8DF53FB37E272E8
  610         miquels		AEE3CFA76134028A2E290DA1E42E41CAFD50FF4F
  611          miriam		AA46F4F2BD5975A4EE4282237DB96D2E36EE0861
  612       mithrandi		DB24E315EDAAAC13D646709958C0FB1CDE3B7600
  613         mitya57		F24299FF1BBC9018B906A4CB6026936D2F1C8AE0
  614             mjb		F3A5FA523D1DCD1FB05BE328D90A1C75F90F9FF1
  615             mjr		B55E1248ADE6909495BAC7E59946397AE142E6F4
  616             mjt		6EE195D1886E8FFB810D4324457CE0A0804465C5
  617           mkoch		BAC54B28D43695E6F2E0BD115923A0082763483B
  618           mlang		ECCF01262122210307349CFAB87D9ADC46820241
  619             mlt		D02D8C0CADBBA69BBF0F6EADB2B05F45D626ABB6
  620        mmagallo		4389F70092A2044E83520EFE7A81833366468D05
  621           mmind		795D0851095CAACA16CA79259AFB7B8C9A5F5BBC
  622         mnencia		7C23B8043E65D2980A21B6E2589F03F01BA55038
  623        mnordstr		737357552CC0B16C4339258FC0A4F11DE06B3F97
  624           modax		9E8CCC49180D6A1500B400881CEF494673EAE214
-=-=-=-=-=-=-=-=-=-=-=-=-=-=-=-=-=-=-=-=-=-=-=-=-=-=-=-=-=-=-=-=-=-=-=
Count      Debian UID		 Key Fingerprint(s)
-=-=-=-=-=-=-=-=-=-=-=-=-=-=-=-=-=-=-=-=-=-=-=-=-=-=-=-=-=-=-=-=-=-=-=
  625         moeller		84C1977A89E7EFED3E5CA62E2FD8BEDAC020EED1
  626           mones		43BC364B16DF0C205EBD75921F0F0A88DE5BCCA6
  627           monga		412390227937157C990177E5846A74DB6538F5BF
  628          monica		403ACC0852105B2334EF153E1EFEB1801A49C0D2
  629           mooch		A103263A1923373E122746A06DEA9281DA034410
  630           moray		EB32D67638C4E3D8AA2403F0BEBD933335FC140B
  631        morimura		B3AA8A8AC95EEA2877AA140D6F0B4F8857D68A06
  632        mornfall		16A286B6CA6FC9FA6280C9D5BD099FA292DC02A9
  633           morph		CE3353BB501F115039D0DC2402E93057444DD950
  634         mpalmer		AC17A3ECE2C52DC48898CC4B0449EB4D69351387
  635           mpitt		3DB46B55EFA59D40E6232148D14EF15DAFE11347
  636        mquinson		4FBE9C4EEA52EF13D541661298BD97244F73BEA7
  637             mrd		BC8506510E9CE91D49EC2C0BBC10BD0F7B8BF08B
  638              ms		F369DA7EB08B0320562F5D6BCE04080E9456ADE2
  639         msameer		9F73032EEAC9F7AD951F280ECB668E29A3FD0DF7
  640             msp		51B335E71D4C13261A37E86DA02CDA9F3D08B612
  641          mstone		02D5315FF11F1861860E1E02F61AACDCFA11FFDE
  642              mt		467348C85F3A5A9B2B0D169EBF1E9D1F76D52AC4
  643        mtmiller		930750035A15E27C3830740728FA801A43BDD637
  644         muammar		90B8BFC44A75B88139A3144030EB403B127029F1
  645           murat		0D70D69D9D5B00E4E74E674300959FA39C478D49
  646             mvo		DA6C6754D8887626CD06A12898CABB3ABD4CA59E
  647            myon		5C48FE6157F49179597087C64C5A6BAB12D2A7AE
  648          naoliv		8C215F25828DA7C07F462399010C2EA6D9309644
-=-=-=-=-=-=-=-=-=-=-=-=-=-=-=-=-=-=-=-=-=-=-=-=-=-=-=-=-=-=-=-=-=-=-=
Count      Debian UID		 Key Fingerprint(s)
-=-=-=-=-=-=-=-=-=-=-=-=-=-=-=-=-=-=-=-=-=-=-=-=-=-=-=-=-=-=-=-=-=-=-=
  649             nas		9B3B987BF40E932006190A17A366302EB1DE86CE
  650         nathans		71DFD2B345C267FF2B7F06CE9BC7E5DC74886B63
  651        nboullis		C382DF92991C50061204E0C4C26C97906D4FC66F
  652          nbreen		843E5FA61E6063389876D2E5EE4AFD69EC65108F
  653          nduboc		C0D3F2F00CAC142A46239110100952B5F801A743
  654            negm		CFB557734D191507C4B0A38A27FEA5D163E8BE82
  655            neil		9A8DC9566B8148801557A82BEA3FAC90FAEEB4A9
  656           neilm		8217A2055E57043B2883054E7F55BB12A40F862E
  657          nekral		96F7A8CCA87F0EB8349701B25A0A399AEA7CF5AD
  658        netzwurm		C6AEBDCC834C811871A3634176112FBCFCB1DD23
  659        nhandler		31DCC3B33F2179883DA014C7CAFB3BAD0A75C877
  660      nickrusnov		C4616C2533DABA992A1F0F3C54D4094CF1219B84
  661         nicolas		62D94D32A99722112F59F7F2B52A9CF4490DFC8D
  662           nijel		63CB1DF1EF12CF2AC0EE5A329C27B31342B7511D
  663            nion		E1ABDE0EFFCAAEF394947592CD4B2AF3A0A0AAAA
  664         njordan		807BA7C50D7D81C0C21F1D36775AC806095918D0
  665           noahm		A4D19E6ED3C1331EF253EA251CD8D854FE4252C1
  666           nobse		4A6B2543679D43B02B635439AFF4670B0F7A8D01
  667            noel		A45E405C0C6C80F13FF1521768C078BE88F80CDA
  668        nomadium		4CB7FE1E280ECC90F29A597E6E608B637D8967E9
  669         nomeata		1A46087F955D93C57C60571B3D908AB3F0FBF51F
  670          nonaka		B800BE0B06D78EEBFF980CCF563D7CEC0B191787
  671         noodles		0E3A94C3E83002DAB88CCA1694FA372B2DA8B985
  672         noshiro		756D73EF1C11668A5E495F5C8607903DBDF0AAD0
-=-=-=-=-=-=-=-=-=-=-=-=-=-=-=-=-=-=-=-=-=-=-=-=-=-=-=-=-=-=-=-=-=-=-=
Count      Debian UID		 Key Fingerprint(s)
-=-=-=-=-=-=-=-=-=-=-=-=-=-=-=-=-=-=-=-=-=-=-=-=-=-=-=-=-=-=-=-=-=-=-=
  673        nthykier		B3131A451DBFDF7CA05B4197054BBB9F7D806442
  674           ntyni		76A28E42C9811D91E88FBA5E2EC0FFB3B7301B1F
  675          nveber		CF677AECDC3E11621E32AF6AA217C4C35E2EB5B4
  676             nwp		3A6D1E36E58A91CCC372A68E7592489BCC983928
  677         obergix		ACE46EBD89F6656D6642660BE941DEDA7C5BB6A5
  678            ocsi		83CF22A155BD99BBC084B13FA0A9766CDB362222
  679            odyx		5D3E052646729E4E85F05B3FD929F2992BEF0A33
  680             ogi		5A4375C9244E9554A975F2F6AB98288E36D33D07
  681           ohura		54F6D1B12EE181CD65E3A1D3EEA2EFA277DCE083
  682           okoli		E6BB7EF8CC4D7FF79D570EAA6042B0B5D3F974DF
  683           olasd		791F12396630DD71FD364375B8E5087766475AAF
  684         olebole		BAFC6C85F7CB143FEEB6FB157115AFD07710DCF7
  685           oliva		EB3345F56441B8B81A7798767DFA41AD961985D7
  686            olly		08E2400FF7FE8FEDE3ACB52818147B073BAD2B07
  687           omote		5230575778003789D68AFD38E1060E07B25A5CF1
  688          ondrej		30B933D80FCE3D981A2D38FB0C99B70EF4FCBB07
  689         onlyjob		50BC7CF939D20C272A6B065652B6BBD953968D1B
  690          oohara		61428D079C5B159BC1701F4A40D6F42EF464A695
  691            opal		22F232C6B1E0F4BF2B260A6A5E90DCFA9426876F
  692         osallou		5FB46F83D3B952046335D26D78DC68DB326D8438
  693           osamu		3133724D6207881579E95D621E1356881DD8D791
  694          otavio		B7F7F218A0541D2A0BEDBE8BEB70FEF3CDFC6E4F
  695            ovek		E37B9BC2CB44DC419FEA4EE103E18C6B83E5110F
  696              p2		950CA1EA6493A7F64A90AA4D28B295C3F46EADBB
-=-=-=-=-=-=-=-=-=-=-=-=-=-=-=-=-=-=-=-=-=-=-=-=-=-=-=-=-=-=-=-=-=-=-=
Count      Debian UID		 Key Fingerprint(s)
-=-=-=-=-=-=-=-=-=-=-=-=-=-=-=-=-=-=-=-=-=-=-=-=-=-=-=-=-=-=-=-=-=-=-=
  697            pabs		610B28B55CFCFE45EA1B563B3116BA5E9FFA69A3
  698            paco		CDE122BC836DA44098A853D41BD0E4A5D047CDE1
  699            pape		23F41D24FF2C083DB0932EC2189A3241BC70A6FF
  700        paravoid		A9592C521CB904077D6598009D0B5E5B1EEC8F0E
  701            pasc		A86D7CED4E8C17F64457FD1ADFEDBB2225BCD5BF
  702          pascal		B82CDC351FC8191C3B75290DBE5CF687DC5AB7C2
  703          patryk		DC02BED6463913B817BB6AEC5EC42C53D86A66BA
  704            paul		3C77E7F046F8D3653F3873F2BADBEFA9B4D6DE13
  705         paulliu		A36878F464108681600CB64844173FA13D058888
  706     paulproteus		D00436A90C4BD12002020A3C37E1C17570096AD1
  707         paultag		8F049AD82C92066C7352D28A7B585B30807C2A87
  708          paulvt		B73B7544AA9E528E838E88F9241061CA50064181
  709       paulwaite		7F9E800AFC6BA5928914D71FB5F92902090C3B23
  710             pdm		C9024BD80CFFBE4529EBA711912924FE3DC29B41
  711           pelle		1559FABEB1CE464DAB7F2E7178302C4B8DBFEC2F
  712           peloy		31A2171EFA6B051885809BD86A08D37C0B4D63D8
  713            pere		830C56B4125681C54D71CFD1DB4CCC4B2A30D729
  714         periapt		B0838C2660D764D9D806455CB6C4D9B63BFFE73C
  715          petere		975450AAFA49A20BA9C89D714D3C7CA1554FB4C6
  716          peterk		EE93BB17DE3DB89F44CE4ECB92BC94766394265E
  717          peters		640FED1488F41A5ED57183585E4EEC2113D0461D
  718        pfaffben		C2D1AB061656AAC54B5E975485199DE8C6648E90
  719           philh		DFF1415ACE3227FCF20707D6D04BA3A00125D5C0
  720         philipp		C1A82BE87587215D91EBB015A95C3BECEB88E930
-=-=-=-=-=-=-=-=-=-=-=-=-=-=-=-=-=-=-=-=-=-=-=-=-=-=-=-=-=-=-=-=-=-=-=
Count      Debian UID		 Key Fingerprint(s)
-=-=-=-=-=-=-=-=-=-=-=-=-=-=-=-=-=-=-=-=-=-=-=-=-=-=-=-=-=-=-=-=-=-=-=
  721           picca		E92E7E6E9E9DA6B1AA3139DC5632906F4696E015
  722          piefel		497DEE4549D1CF9E71C15ACDE569B5E3F30D2F35
  723            piem		BD2A847E2C31BC788631CDE592E0BDE7C6002CBD
  724             pik		29E003C86C6AC548A5E9D4E8136E9CF17B5D342D
  725            pini		A0939BCC0AC3134E56B48C91EFE86C6C7FFECF83
  726            pino		35B9B3BFB3E9765FD90E30224CD1F6A6207F2F7A
  727           piotr		1D2FA89858DAAF6217862DF7AEF6F1A2A7457645
  728             pjb		2823000E3FA98FF8EB7C100A819D278A0E6F992A
  729           pkern		F75FBFCD771DEB5E9C86050550C3634D3A291CF9
  730          plessy		73471499CC60ED9EEE805946C5BD6C8F2295D502
  731        plugwash		5340D001360CA656E3497EB70C48EA2A7A8FFD7B
  732              pm		556054EA47665DE00263CB41603B832661F9CA53
  733        pmachard		B906A53F84E049B66CF782C2B3A02D6623706F87
  734       pmatthaei		58A03DC582425A4DC8B90E1312D9B04A90CBD8E4
  735          pmhahn		3F898015C8F3F388BF34FA0560F960A19A540E39
  736           pochu		709CA6C7EBE6259C5DF7643E9D46C488E4368302
  737          pocock		F50FF72AADF5C01BF0FCE5636C6580E77BD756C4
  738          pollux		BF18695797741DB24E59188FC61A64DCF1393998
  739        porridge		35E913449F775F4313DD6423DBF480C602F946FC
  740         pouelle		6FB77BB89C41C8C8D2D2B59A19B267802103329F
  741        ppatters		DAED39803772421B1AE40F3945458ADCB1E557A0
  742         praveen		2A7974AE2FC152D77867DA4ACE1F9C674512C22A
  743        preining		F7D8A92826E316A19FA0ACF06CACA448860CDC13
  744             prh		587D9A3EC1D563EAD4245DDEC79838D0436337DD
-=-=-=-=-=-=-=-=-=-=-=-=-=-=-=-=-=-=-=-=-=-=-=-=-=-=-=-=-=-=-=-=-=-=-=
Count      Debian UID		 Key Fingerprint(s)
-=-=-=-=-=-=-=-=-=-=-=-=-=-=-=-=-=-=-=-=-=-=-=-=-=-=-=-=-=-=-=-=-=-=-=
  745         profeta		E2860604AA3AA178E04870C36C979FDE44E22ACD
  746        pronovic		0A463F5CE07D0979B5C5C90711192892EFD75934
  747        prudhomm		370350DE7A9F024E0F260D07A18FB40BD4BE1450
  748             psg		630928AE8EB3AB5722F303BC17DC3CC470D4A979
  749      pstorralba		B9FA855DBE54DE19AD27851F995B17866B3B7323
  750        pvaneynd		177A79EBA658DBCE9854073EB59EB72202D1BC65
  751            pyro		C5B81C4D3C1663B2711E4C28D4D8356166F24521
  752             qjb		C2C96B10011FE009E6D1DF828A75D10998012C7E
  753           racke		E5520FF2E1383E6928B3A1838E055F139B726B71
  754            radu		F3EFB12B23D9D245B7E4BE6D26431938C9ABFBD3
  755            rafl		E8DC91A1B7BEE5ABC17247EE742F2A428E635A5E
  756             rak		4E469519ED677734268FBD958F7BF8FC4A11C97A
  757             ras		D25DD87DF8EA9ED1D1465023F5231C62E7843A8C
  758         rbalint		8A125F698A1F7762B5D5363E55AD141521E764DF
  759             rbd		3779F472BB84DFE1A650C304DDC7ECFBB4F83169
  760             rcp		32F23DB43D709382E58BD19204D147A595E0A1A1
  761             rcw		FFFDBD99A508A2372B26C623F5CE68EB6FF0ABF2
  762             reg		976448D147ADE1E1E882966C32175C0DC1027A0E
  763           regis		BA1C73EB8400716C5B4659C1544D7BB0B12D595A
  764         reichel		AD7E8DCCBC30B2BE318EC115B8FAFF1C43886771
  765           remco		C7B709D005F838EF9A48CCBDDAD5A719BCC131DE
  766            rene		E12DEA46750670CFA960801D0AA04571D03E3E70
  767      rfrancoise		BE349742CA987ECD7E77E42DAD15F435F05F962D
  768        rganesan		F36184F18D8232E71832679815E002BA5D8C12EA
-=-=-=-=-=-=-=-=-=-=-=-=-=-=-=-=-=-=-=-=-=-=-=-=-=-=-=-=-=-=-=-=-=-=-=
Count      Debian UID		 Key Fingerprint(s)
-=-=-=-=-=-=-=-=-=-=-=-=-=-=-=-=-=-=-=-=-=-=-=-=-=-=-=-=-=-=-=-=-=-=-=
  769          rhonda		5393ACF308011A978845026331FCE7E7DD079461
  770          richih		DF0BFDFF4A4DDA0179441B8F69064B0195206DD3
  771            riku		FF8203C8C39198AE058141EFB44890DEDE3C9BC0
  772           risko		BD1DDA696803C41A564A62072930100100003344
  773             rjs		3F437485B057EFEF2F2FA12BE90112A72B05B73A
  774       rkrishnan		4DEE15BCEEAAC544DAFD4419CF64CD61EB46CA9A
  775             rlb		E6A9DA3CC9FD1FF8C676D2C4C0F039E9ED1B597A
  776          rleigh		F33D281D470AB4436756147C07B3C8BC4083E800
  777        rmayorga		3CD593CFAF0908BE7C74A8F5BB20AC20E0B7D6BE
  778           rmayr		717A033BBB45A2B328CFB84BA1E52A7E249BC034
  779       rmgolbeck		738D57F5B656ECBA6757EB227EA7A51C29C2BDB6
  780             rmh		8E57F7A8E4B04244C915321B0B5F62A3AAD40AFF
  781         rmurray		70BC7F9D8C60D2265B7076A23760DBCFFD6645AB
  782          robert		AEE01F853E638BAACDF13D184E1875709D309C3B
  783         robertc		92228732859D25CC2560B617867BF9A9FBD3EB8E
  784        robertle		F5F817BCCBD1B8D268179CB086F5FB8791776115
  785         roberto		2AB8EB163CA562E182A13AAE7731FCCC63E4E277
  786         robotux		5F35F67BAFA8B6D581CA08EBD003852FBD52529E
  787         robster		A8ED2F81B1778FFDA9A69A570B0F2929DF81EE83
  788         rodrigo		7C81E60C442E8FBCD9752F4901998318ADC9BC28
  789         rogerso		F2C341368FB175020C0C01B10E5937AC98FAA0AD
  790          roktas		2061020BA49CB3F7810815D09C0E389B3FD25C84
  791          roland		AC2FBDB104943D8A44A0211D02713BCFCA5410B2
  792             ron		8A306ED1C122B4D524D05137A780421C68021CE4
-=-=-=-=-=-=-=-=-=-=-=-=-=-=-=-=-=-=-=-=-=-=-=-=-=-=-=-=-=-=-=-=-=-=-=
Count      Debian UID		 Key Fingerprint(s)
-=-=-=-=-=-=-=-=-=-=-=-=-=-=-=-=-=-=-=-=-=-=-=-=-=-=-=-=-=-=-=-=-=-=-=
  793            ross		1A21F5B0D8D0CFE381D4E25A2D09E447D0B433DF
  794           rotty		C38A39C516D7B69F33A3699322C827F735A992E7
  795        rousseau		F5E11B9FFE911146F41D953D78A1B4DFE8F9C57E
  796           rover		BF811C95882BE1C26562772D7C811013F5C9708D
  797             rra		E784364E8DDE7BB370FBD9EAD15D313882004173
  798             rrs		43DEF582F9E67111CE008917F2F11C23F00A2BE6
  799            rudi		0FDF0F1869C2AA24B45F1691A84F709AEDD3D779
  800            rudy		0D128537607E2DF54EFB35A7550F1A003433BD21
  801           ruoso		4FD0E8B755CA8EF008DC9FE11D7365A755815D42
  802             rvr		BEB43CCC0725E024F531D1DD43148E6D18EA3457
  803          rweber		E807B151497DFFBF88F8C846CCF0D5379F223683
  804            ryan		47009BB5CC109BFDF7B124752DE1AD437A9DBF6E
  805           sacha		7285A1EBA8633EE26BB23D41FDDAB37AD935CEBA
  806           salve		D3B2A3F5E9EBBDE6A245AA4A212B306C9396865D
  807            samj		BD486B9E4BFAA792CEC5FD7D0EBD65E13C093EEF
  808            samo		DDF8B22B71418194DB94817A2CEBF138D91EE369
  809        santiago		07A7044DD7EE3DC8AEB16FF5B3F25D6B00A80662
  810         sanvila		D54C3BFAFFB042DE382DA5D741CE7F0B9F1B8B32
  811            sasa		45CFB559828180918469CACDDB71AEFCABA0E8B2
  812         sathieu		AAA58B842E882CF414E0BAB1A7C72A1C782B8C3F
  813      scheffczyk		E91E9F5E01866C52F431333420258B8FA2E31632
  814        schepler		83C28932B64F1A4EE8A2D7C9342DCB0320021490
  815         schimmi		4E68B38EFDB08F638D97F1671D40E113E62B2C45
  816          schlue		2B653B348212337FB37E585A79D9469400E0D054
-=-=-=-=-=-=-=-=-=-=-=-=-=-=-=-=-=-=-=-=-=-=-=-=-=-=-=-=-=-=-=-=-=-=-=
Count      Debian UID		 Key Fingerprint(s)
-=-=-=-=-=-=-=-=-=-=-=-=-=-=-=-=-=-=-=-=-=-=-=-=-=-=-=-=-=-=-=-=-=-=-=
  817         schmitz		818AE6055310CEB65B08D8C48C7DD3254F6A478E
  818      schoenfeld		D3367A17DCCC090651C626B795BD42E195D12EF7
  819        schultmc		BAE0340127D536AD2CB12FE09EC002FE1C9CA517
  820           sdier		CF67D67A398CD0B8723431C4C97425FBAE4B5D92
  821             sdt		663BD5D71E1C4AB4CD254A3AA975987B1F9FA7EE
  822          seamus		D85B36267C65069E446022FDA1231035532005DA
  823         seanius		F6FB223148A9B50C68D718ECCA78CB3E6E76D81D
  824             seb		E40F8DC40800ACA52562BBE491AD581ADAF6CE93
  825          seb128		E02EFEF54EC6289E6740D61C431A3CEDA2D7D292
  826       sebastien		20691DFCC2C98C47952984EE00018C22381A7594
  827           segre		B66CD97ACE820575D38E8B7B79B0126693701EEF
  828           sesse		C2E9004FF028C18E4EADDB837F61756177978F76
  829             sez		036456AA8EC8C0B08B48561B4F9F6D550ED6122A
  830              sf		3A988DCDAF09A81CB2618B31C6875F3541CEFDE0
  831          sfrost		C1FEA06F12A10FCEB7CEBC7FED6C8A3883476455
  832       sgevatter		7C0FF088052C082B442454171CFC22F3363DEAE3
  833        sgolovan		59E895A48D09D6C8EBB94CE857E7C6324F81391D
  834           sgran		84C605B363AB70ADFB6ABAE5B3118CEF8AEA8FEE
  835         shachar		F2D643A558B9924C0649207BA0C5AD1359CD3653
  836           shaka		0FA6DCF3C1B87FC2E637B9D4EE50AA3CDD81604C
  837           shane		F099A5F4B77CD6F66A992E6C7B9DBAD42A7E0F3D
  838         sharkey		608B549B779A8DAAED28FEF1725525032224FABC
  839          sharky		C8845CF9E83F50114D07A264D2CF64921ACE2687
  840         shlomme		190200025DFC856BF146894C7CC5451EA244C858
-=-=-=-=-=-=-=-=-=-=-=-=-=-=-=-=-=-=-=-=-=-=-=-=-=-=-=-=-=-=-=-=-=-=-=
Count      Debian UID		 Key Fingerprint(s)
-=-=-=-=-=-=-=-=-=-=-=-=-=-=-=-=-=-=-=-=-=-=-=-=-=-=-=-=-=-=-=-=-=-=-=
  841             sho		5C809377432D6157DDF52D5D055C4B35FFFFFFFE
  842         showard		5E9E9A7BDBB9DC61B7D14D358ED06069037E24F2
  843           shugo		EEA16E29E9EEE8297499CD796771A2CC718329DC
  844        siretart		B3932517957C77DF066EADC40D1B6F07658CB036
  845        sjackman		FEDD8BFA71ED33F4F8F4F469D4ED5223F4E57996
  846          sjoerd		2870A31BEA9DBCF274723108C274DB64C2300F7B
  847             sjq		F934244D4E26DBDEC9EFBFB721319B944C1A5BE5
  848             sjr		040EB5F784F14FBCCEADADC618A0CC8D5706A4B4
  849           skitt		79D9C58C50D6B5AA65D530C1759778A9A36B494F
  850           slomo		7F4BC7CC3CA06F97336BBFEB0668CC1486C2D7B5
  851        smarenka		C51BCC4F505F3F8C1C114EDF54A33827B62849B3
  852            smcv		DA98F25C0871C49A59EAFF2C4DE8FF2A63C7CC90
  853         smimram		52F6FEBCA7B91895F1B6D35A21A7B53B800969EF
  854             smr		CBCF64F1F6B7ADC94D8F2A24C9E55E2FADC8F4B9
  855           smurf		AFD79782F3BAEC020B28A19F72CF8E5E25B4C293
  856           sonne		8B229447DCEBD1872719CA977F36CF55AA87AA77
  857             spa		709197B8927DAB9F40255A7BCE84E8E795A4F1D6
  858       spaillard		37241D81BA263AAF93D0B432DFF738C2D16CFBA2
  859         spamaps		F00C9F2F4F7EB714AFAD1A42538C0766F4BCB38E
  860         spectra		20A741B470D74B2077D029E86C7BFF9E99746B65
  861       sramacher		F78CBA07817BB149A11D339069F2FC516EA71993
  862             sre		EF660D07463F8B726A795413D8EED7F3C83BFA9A
  863         srittau		B4BC4D674EDE9802F9A74C17714E66B4496A1827
  864        srivasta		E37E5EC52A01DA25AD2005B6CF489438C5779A1C
-=-=-=-=-=-=-=-=-=-=-=-=-=-=-=-=-=-=-=-=-=-=-=-=-=-=-=-=-=-=-=-=-=-=-=
Count      Debian UID		 Key Fingerprint(s)
-=-=-=-=-=-=-=-=-=-=-=-=-=-=-=-=-=-=-=-=-=-=-=-=-=-=-=-=-=-=-=-=-=-=-=
  865             srk		D6EACBD6EE46B834248D111215CDDA6AE19135A2
  866             ssm		1CB293CA7D0C4C341B8CCDF340E354D9FA26E2EE
  867      stapelberg		424E14D703E7C6D43D9D6F364E7160ED4AC8EE1D
  868        stappers		32690A0477DA7273BE3F731339220D6E0C1AFFBB
  869        stefanor		8B5BD33F542BC3FC03D55A9A51106DF5CD92D072
  870          steinm		F883D8A8FB042D6731BD635D8A1D99BF0D7CA701
  871          stephe		5B8ADB53B6B308B4CF6CF46CECC1D5F5A1FC6CFA
  872           steve		445D0A1210E44A0B7352570E1258534C37EC7A69
  873         stevegr		12EDD7B538F5198A4EC4DDBA76266C50FBB1DB53
  874         stevenk		65574BDD9F3C76D0808CBF36FDD63BAF588A553F
  875            stew		388CA6A59711576C814CBD495ECAFB00A3AE44A4
  876       sthibault		900CB024B67931D40F82304BD0178C767D069EE6
  877          stigge		C6F531340F61030C1C6E8061F41B286258C7B079
  878             sto		FA908E471AD37D7F2363D78F821AEE0FD167FBDF
  879           stone		2CD6C838BE77795F5EF13E5BDA91EE7BA58E164F
  880         stratus		190852B94A166EC274D1C03BEDFB700537155778
  881          stuart		90E2D2C1AD146A1B7EBB891DBBC17EBB1396F2F7
  882            sune		5CE8ADFA1FDD9DEA6E21DCE19CCBDA1601FA8B4A
  883       sunweaver		9BFBAEE86C0AA5FFBF2207829AF46B3025771B31
  884         susumuo		8C45D3765B3907517FA5F866DEEC8C09DE415B0E
  885            sven		3FFE8447F65F659664906B530DCB394414D4060B
  886       sylvestre		B60DB5994D39BEC4D1A95CCF7E6528DA752F1BE1
  887           synrg		5887C8D4012BF84A53E5F9DA4330169952D556DB
  888             syq		816790FE0A75677E2A6C22C814135D277B88D7E5
-=-=-=-=-=-=-=-=-=-=-=-=-=-=-=-=-=-=-=-=-=-=-=-=-=-=-=-=-=-=-=-=-=-=-=
Count      Debian UID		 Key Fingerprint(s)
-=-=-=-=-=-=-=-=-=-=-=-=-=-=-=-=-=-=-=-=-=-=-=-=-=-=-=-=-=-=-=-=-=-=-=
  889            tach		94769E52D436D58B260CA7DD40D716CFE909CDEE
  890          taffit		AE14AD01426D2BFB82EF7E1EB82A217AFDFE09F2
  891         taggart		339FF8F4DEEFC8AAC77E5D1E1E4F6649EA291785
  892          takaki		D24ABFD127CD2556A13C6C79CC149F6C28A5E257
  893            tale		08505F45081052B18F5E5022E53B8AA696552D63
  894          tanguy		240BBA15B694DD00E38030D8D6EFA6AC4B10D847
  895             tao		ED698CF5610221B9AFD19DB70B2796FD15DAA404
  896            taru		09F05D7A2BB04E77A73C9F84D523A6E660062884
  897            tats		031C623D94EF1F3EF17B1C84E5EFAB90080EA63C
  898              tb		A7676E0D4B855C1318128733A8CB01F5BE9F70EA
  899             tbm		D866749DF7FCD903C32D01893D0787AAAF6C61DD
  900         tehnick		EF8359781239A9194D2D7F59D0015BD128F39278
  901        terceiro		B2DEE66036C40829FCD0F10CFC0DB1BBCD460BDE
  902        terminus		FF13C2E9F9C3DF547C4FEAC1F675AAE2D2AB2220
  903        terpstra		0E8944762B0B3F32B56A4043BCBBC495718A9256
  904          tfheen		A28411A596193171331802C0B65A4871CA19D717
  905              tg		9031955E7A97A4FDA32B2B8676B534B2E99007E0
  906             tgg		4B74F71B1C2272344249BF53CF62D79438E68E0E
  907         thansen		A07E3AA25DCCDAEDA6628D248C82169D8ECECD2A
  908             thb		33500F0D4FA9C0C867B85E06706326432D8522BC
  909            thep		32CC490E5A70B23DD6AA5AB2A2EBAED1B6F90241
  910         thibaut		BCADFB52B41998D74D99D98E93945348E0DC2840
  911         thierry		C643C2338B7D7A1742877D03F892981B6258629A
  912           thijs		E0D3FAAA6F50A5DA9D5B293833961588E1C21845
-=-=-=-=-=-=-=-=-=-=-=-=-=-=-=-=-=-=-=-=-=-=-=-=-=-=-=-=-=-=-=-=-=-=-=
Count      Debian UID		 Key Fingerprint(s)
-=-=-=-=-=-=-=-=-=-=-=-=-=-=-=-=-=-=-=-=-=-=-=-=-=-=-=-=-=-=-=-=-=-=-=
  913            thom		1C5DFCF9DDBE01F6ABA9CB36B5679467473F7EFA
  914        thorvald		F8919C6A91DC3A35AE1CC0BFF09B1EEDDEBA6F3E
  915           tiago		62C017B12A96919BBB7AD45DD84747ACE4B6813D
  916           tille		F1F007320A035541F0A663CA578A0494D1C646D1
  917             tim		3CDA0ACDA97EC01795A90243951F892C7FED549B
  918            timo		6B854D46E8433CD7CDC03630E0F759F790BDD207
  919            timr		1BD5D97CDF5356070609A880583CA816CD98B20A
  920             tin		7781BC58325EC6E496CAF4ED02285210789038F2
  921          tincho		E1278E7A3A87C7B622BFAA62578BD370AAA22456
  922        tjaalton		752DE27C4DEB17019B4B6623CB703165A88984DC
  923        tjhukkan		E8DB4B451B2659AFD9B1217E536D57489C2001D0
  924           tjrc1		3006C9FBBFC9CAB82FA38A2A63CE20BAC49C4148
  925        tmancill		E50AFD55ADD27AAB97163A8B21D20589974B3E96
  926         toabctl		1C17166DC55780466188885142EE72DAC27319AD
  927          tobald		264064BA960E6640131AB47866C0ADDE8B45AC41
  928            tobi		13C904F0CE085E7C36307985DECF849AA6357FB7
  929           toddy		60A031EEAB8EFA24001DF0A283FD1C4682D138E0
  930          tokkee		EF0D277FACAF0159BBBDDEB510510A738501C7FC
  931            toma		D75CE26A13D756EA480838C63ED7095569C0FA93
  932           tomfa		DC7B94537F261BF96B219F90C18773559FE8D504
  933            toni		1DF6A19FCA53F97353F3F35D8A0A48874687AF4F
  934           toots		6C608C2D20FCD4624A97D1089EE43746DE599800
  935         torsten		820F6308F2B08DA24D3EC20E750807B5551BE447
  936             tpo		549A598550F2C6DB416F287C9EF854EDFC992520
-=-=-=-=-=-=-=-=-=-=-=-=-=-=-=-=-=-=-=-=-=-=-=-=-=-=-=-=-=-=-=-=-=-=-=
Count      Debian UID		 Key Fingerprint(s)
-=-=-=-=-=-=-=-=-=-=-=-=-=-=-=-=-=-=-=-=-=-=-=-=-=-=-=-=-=-=-=-=-=-=-=
  937          treacy		E922FC882675BF57E8CF5BDF13EE25B5E4B724A4
  938         treinen		02054829E12D0F2A8E648E62745C4766D4CACDFF
  939           troup		9BF093BC475BABF8B6AEA5F6D7C3F131AB2A91F5
  940           troyh		55AB31F837A4104C9C3D7F2740EAFD0BE19F188E
  941        tschmidt		F5A8E22B74F721C380A352AA73DF8DAB0A327652
  942        ttroxell		31B8BF834898E26D19354C5DE2EDE84371473F66
  943           turbo		B5EF402B69E791432461ED189A55B33CA71C1E00
  944        tvainika		003471EA8AFB37A11FD717A98AEFBE4E76169B60
  945          tweber		5DC46B57C74776546BF0A839C7FF938B1C1A3E49
  946         twerner		A698CD7FC5ED63FE985273C27D8DDD89C4CF8EC3
  947           tytso		3AB057B7E78D945C8C5591FBD36F769BC11804F0
  948         tzafrir		C0FE9DAC51E5CAF10DBE7DFC5E62533F19765111
  949            ucko		7C3AB9CFD230BD30DD009C591E7091B1F14A64A2
  950          uhoreg		96C5012F5F74A5F71FF75291AF29C719124B61FA
  951             uli		556509901902AF06ADC6E01C04AAE5B397F1AAAC
  952       ultrotter		140F202C78F643A57CE8B8F449C3BF8927553D2E
  953        umlaeute		7405E745574809734800156DB65019C47F7A36F8
  954           unera		71EDACFC68010DD91AD19B868D1F969A08EEA756
  955             uwe		0F3C34D1E4A38FC6435C01BA5DD5685778D621B4
  956         vagrant		F0ADA5240891831165DF98EA7CFCD8CD257721E9
  957         vanicat		DE8F92CD16FA1E5BA16EE95ED265C08531ED8AEF
  958         varenet		E67C0D43A75E12A5BB1CFA2F1E32C3DAB7D2F063
  959           varun		0C19C882237D25D43B8A41BE70373CF1290DB9CE
  960          vcheng		D53A815A3CB7659AF882E3958EEDCC1BAA1F32FF
-=-=-=-=-=-=-=-=-=-=-=-=-=-=-=-=-=-=-=-=-=-=-=-=-=-=-=-=-=-=-=-=-=-=-=
Count      Debian UID		 Key Fingerprint(s)
-=-=-=-=-=-=-=-=-=-=-=-=-=-=-=-=-=-=-=-=-=-=-=-=-=-=-=-=-=-=-=-=-=-=-=
  961        vdanjean		621E3509654DD77C43F5CA4AF6AEF2AFD17897FA
  962            vela		48B484D197DD75FB5727B665A9B62CEAC42B63CA
  963         venthur		8795AF2E4A1A4EFBA068A4498E889544D985000D
  964           vicho		F43419496DC7B967C36C20FA07B48452768D3824
  965           viiru		B6A927C0FFE73B32D48F1DC034CD816DE6FCD33E
  966           vince		4762F1AE6F400841A52AD16D79B0C7A2CBD93B9E
  967         vlegout		55043B43EFEB282F587CF5816598789058A23DE9
  968             vlm		0BA3FF69645D021DE0542DC4E28450F601D3AB93
  969          vorlon		A7400F5A48FB42B8CEE8638B5759F35001AA4A64
  970            waja		5CE7510A8FBC0D4E72ABBA9B0C70557B5A06513E
  971           waldi		BD111DBBB521B9C3082ACC9B1E2A2F0B19116AD8
  972          warp10		7FEB617A87114E1BDE8C89C92713E679084651AF
  973            wart		705A4C887A366A4E6A12CE5AB8CA331F10726171
  974             wdg		0CA24B9714437CBD3628A341FE87DFAD2C0FCD1A
  975          weasel		25FC1614B8F87B52FF2F99B962AF4031C82E0039
  976            wehe		ACA7C89DD03B52EA7F72AD9A4E8E6FC013282FF2
  977          werner		F8CB9B2230C25F2B113D2F3DC3DE75AE036BAB8D
  978          wijnen		98E5F9F30D3E63B7F3247065152865FB627CCF95
  979            will		E8749170A94830D8A463600DC9CA0C62A9E29ABC
  980           willi		9FDFBD2937CEC8A249DD4D9C8CBE219C74576D81
  981           willy		38FAA231A84DE7C5724850CC2218C81E8E7C03FF
  982          winnie		8D208172388840811B85DA1CC6D50A4188C70E43
  983          wookey		4789EF23C3DEFF0556879CAAFB863251A86F9E47
  984          wouter		CF62318D5BBED48F33ACD5431B0006256FB29164
-=-=-=-=-=-=-=-=-=-=-=-=-=-=-=-=-=-=-=-=-=-=-=-=-=-=-=-=-=-=-=-=-=-=-=
Count      Debian UID		 Key Fingerprint(s)
-=-=-=-=-=-=-=-=-=-=-=-=-=-=-=-=-=-=-=-=-=-=-=-=-=-=-=-=-=-=-=-=-=-=-=
  985            wrar		B5FEA278371F0B5120B4691AA3E3969F6DDEEC86
  986           xaiki		68177B2B2BF382F8C499CB98CF953E76C24B9018
  987             xam		308E81E7B97963BCA0E6ED889D5BD511B7CDA2DC
  988          xavier		BB71C7E6CB1AD8FAF53FE42A60C3AA7180598EFB
  989          xluthi		C2ABED7E865F60C176C47757813FE83A74974824
  990            xnox		D764F6CC2AB59A38B1147D73887B60618B3C16AE
  991         xoswald		DE468D1D2744CF2854311CD785B90D23464B8DE3
  992        yaegashi		47EA803F6F81ECEC9965D77969CB827F225EF8F1
  993             ygh		071405537C103CFE2FB44F6D28D3E82917E57327
  994             yoh		3BB6E1240643A6156F0068548D11456375C024C8
  995        yooseong		A801E1F5D96433F6B20A1EDB0A19648B2AE7444E
  996           yoush		19A5031044F274AA16761CFDBF7C793AC9132DDB
  997         yyabuki		678AC67A3C5A16058122D62171A802D0BCD1BC92
  998            zack		4900707DDC5C07F2DECB02839C31503C6D866396
  999             zed		7408AB6A97DE9850A9F3817348F47C58D61C6283
 1000            zeha		7D1ACFFAD9E0806C9C4CD3925C13D6DB93052E03
 1001            zigo		A0B1A9F3508956130E7A425CD416AD15AC6B43FE
 1002        zinoviev		F6A14116E18FB6B8B43EA18324FD5E649BF42B07
 1003           zobel		6B1856428E41EC893D5DBDBB53B1AC6DB11B627B
 1004           zufus		0416EDEF91138372D4970EE78745DD787582C21A
 1005       zugschlus		E902F9509FCBD2972E3446E38F77201301320442
 1006           zumbi		E90F0889545E78C82A9DE74EAF2283AA76E2AC7B
