-=-=-=-=-=-=-=-=-=-=-=-=-=-=-=-=-=-=-=-=-=-=-=-=-=-=-=-=-=-=-=-=-=-=-=
Count      Debian UID		 Key Fingerprint(s)
-=-=-=-=-=-=-=-=-=-=-=-=-=-=-=-=-=-=-=-=-=-=-=-=-=-=-=-=-=-=-=-=-=-=-=
    1           93sam		CEBB52301D617E910390FE16587979573442684E
    2             aba		E820094883974FDC3CD00EC699D399A1EC36A185
    3             abe		F067EA2726B9C3FC1486202EC09E1D8995930EDE
    4             abi		75D8908EBD35E31D94D102EF10557B83807CAC25
    5          absurd		1CCFF5B3A16607D3FF6E2212CC254778F28CD102
    6            acid		9A0D5FD9EB4222F68974C95CA462B51EC2FEE5CD
    7         acornet		EA7DC27F2742024DFB1E8293B24F9D802225848E
    8           adamm		B7DF3C4162808B749627DA84EF7FDB35D6806145
    9        adconrad		C8B2CB3E322549BB5ED20002BE3CED47C6CEA0C9
   10         adejong		198DA17E5B2523BF88B6F7D45586A7DF9F8D08A7
   11        adeodato		7F9AD2ADCD3737FD60FD0A114F1A998EDA6AE621
   12             adn		E751A687D8EE4EC30922C4A5394DC5910ED704EA
   13           adric		765B5E58293012080CA53FD582B10CCABF02C766
   14            adsb		7203630E2C8E727251684FEBC5CE5DC2C542CD59
   15             aeb		72E5703144142EB6F6B44CBD1181703204880A44
   16        afayolle		A9F7C81F531A6D888F81203A2E5FDBE0DF67A55E
   17           afrb2		24D62C0AE3D38478F27C69FD131EC4C4
   18              ag		2FC3907C20D963EBB234D023236C60C665B4B162
   19             agi		978204E72B75405CF5E90C81C514AF8E4BA401C3
   20        agmartin		01E721217DAFB63CA00A039C58C670084597A593
   21           agney		4B6DC72F824DCF3B75AE64790FDF48D659B957AE
   22             agx		FBDF66F84CAC5E588EC477E49FCF2CCD3F3E6426
   23              ah		7451CC902F5601DBD4D678F572043670BDE5F1EE
   24            ahs3		1C778E9F923F843174A72CE5B28EBE4FBA98E15D
-=-=-=-=-=-=-=-=-=-=-=-=-=-=-=-=-=-=-=-=-=-=-=-=-=-=-=-=-=-=-=-=-=-=-=
Count      Debian UID		 Key Fingerprint(s)
-=-=-=-=-=-=-=-=-=-=-=-=-=-=-=-=-=-=-=-=-=-=-=-=-=-=-=-=-=-=-=-=-=-=-=
   25        aigarius		0E9781D69B8816F286F572CE3330A21567209BDE
   26             ajk		7579786D41105F4A4D4436911EC237D9534584E8
   27        ajkessel		74B762CBDF618DD9CD3A84357537F7664950EAA6
   28         ajmitch		1149DCAB4F2F17C6C458DC7F82091D9A5921B5D8
   29          ajqlee		47E4BB6FF629245E311677E79D0633E1B6250985
   30             ajt		C135F6A86D8F7D25F040E7B43B17BC742A4E3EAA
   31           akira		2A0DD68A657843B60C72C59B5F3931A6E213F1A0
   32          akumar		466FDDBF10560F509CDE3A4C7A8F49E8B63480BE
   33           alain		CF0B10589F1D97102CAD3F858CEEB259B3C281F4
   34            alee		D4199C0239C6A5AFBE2E97AA464DE301B74952A9
   35         alerios		12DAD00150FDB751A32CED19A1BCBB2F306CDFF3
   36            alex		3A3ECA3B63E3B1AB24F31BC435FECD3FEB380BE6
   37       alexander		7BC3013F8489FADC424A07B9141138DDA3E45D66
   38           alexp		8B325F49B8A5F2039A837E9CF9CA01D5E26A6F28
   39           alfie		73DA0A6E57808A7BECD771A810BB80FC16BD77C6
   40            alfs		8E4E3469FA3D36586135BAAAED6BEE2D1C74E0B7
   41         aloiret		05BF5B00A17A5B32117FF7361DE4F44021275CC4
   42        amacater		F3FA275213277904846DC0DE3233C127E93ADE7B
   43           amaya		395DE808BEADD7215E8220513450ED513FCC2A90
   44        ametzler		BCF71345BE42B5B81A57EE091D339C658B8D7663
   45             ana		17A2BDBAA42140727A1536069F78F83CE8C43461
   46             and		D78CDED2EDC8D9BA4807E817DA8622AE93EBF6D8
   47        anderson		0791D3B89A4C2CDCA31FBD030A62E53437A79149
   48          andete		819BE2FDBEF75799B72F81DBD3FAF6FB7CFC94DD
-=-=-=-=-=-=-=-=-=-=-=-=-=-=-=-=-=-=-=-=-=-=-=-=-=-=-=-=-=-=-=-=-=-=-=
Count      Debian UID		 Key Fingerprint(s)
-=-=-=-=-=-=-=-=-=-=-=-=-=-=-=-=-=-=-=-=-=-=-=-=-=-=-=-=-=-=-=-=-=-=-=
   49         andreas		ADEE56831C993257F41DA3F2F20FAC0B7B8357E5
   50          andree		226D697EFF42A4AC7317C40688BBD7DDBD88CDAC
   51        andrelop		A0C1A28E76270AAB1A57D2385B8FE2F59D1B82F6
   52         andrewl		CF9DDD269E27C9E9A5E5F4A2D08DFB32
   53           anfra		5C8CEBFC806DAA3C2B6BC0BF05048A9B631B4819
   54        angdraug		902B5C62E28D59F0F860C39AC61A895E85EE3E0E
   55          anibal		C6045C813887B77C2DFF97A57C56ACFE947897D8
   56         antonio		1B65C26BDA0A507B8E342E69E93ABC69A7BE5AB0
   57        apeeters		EFD432E05C0B10950669743D032570844D2313D5
   58             aph		E21E5D13FAD42A54F1AA5A00D801CE55
   59        apollock		1ECE6A35AF34BC655F65B34121B9575CA7D91602
   60          appaji		5B6BF223B76963E9E2CB0A3FE1EBBEA51D389887
   61             apw		BB1838728F40B7E63BFCD67AE52707E90485EFCD
   62         aquette		137107DF3CF391607905144BDB6414CA204DDF1B
   63              ar		BADAB1EEB153F414CFA505F4AEEC6E7302754958
   64            ardo		3B1F2172005C3A737F72DFD9907847F9
   65             ari		54A266A77609C480A58E06B6C0EFAEE3B70E403B
   66           arjan		B9829452CAE00CFAFBF4D1635002EFB1962E3890
   67           arnau		D792B8A5A567B001C3422613BDF2A2205E3619D3
   68         aroldan		0EE927C955F192E43809B852D8E0724BB29396EB
   69            asac		4215EA5BBDDA4DD48A7AA125BFCA4B38A824B93F
   70             ash		F9F86E60FB2C0EA422BF025F9C10DDE4C6A2EB7E
   71         atterer		08A97B7D3D133EF23D25D15779E6F6DC888354F7
   72         aurel32		4B7D218817B6F67C582DCFB0C376A8DAF1BCDB73
-=-=-=-=-=-=-=-=-=-=-=-=-=-=-=-=-=-=-=-=-=-=-=-=-=-=-=-=-=-=-=-=-=-=-=
Count      Debian UID		 Key Fingerprint(s)
-=-=-=-=-=-=-=-=-=-=-=-=-=-=-=-=-=-=-=-=-=-=-=-=-=-=-=-=-=-=-=-=-=-=-=
   73             awm		CCA377BD77494424B0DB674F8C90347F8F068012
   74       awoodland		3AF29301D73387C5468D4DADD45356D4B0DDAF42
   75              az		DACF8509A3CAA24DC5FEA588A72FF66C42BD645D
   76        azekulic		091B93CF28AD65C2B76C9F23FF666668B9FD8238
   77             bab		925CCE050B76EBBC96375FE731036EC736B861C1
   78          bahner		076531CE6223B28C1A644F7A99727C1454ECB8AF
   79        ballombe		4940AE28C5F8E8A35E4D8D287833ECF1B5444815
   80             bam		99187E12ABAF54EA9C9E27A5B828A71C00530C24
   81            bame		C83EDA064DA5138578C7B9598DD404FF7ED87D57
   82             bap		3755EE8A783F3493A8FF2C8F2F3E069EFEC23FB2
   83           baran		DDBE8A2373481CA7FC9156CC8F3B66A6FC494FC4
   84           bartm		65A12DF4FE31AD6BAC4D76AE3355F4D63B5821CC
   85          baruch		F9ED8708BE1AF04829275FBD1C26ABEAAB474598
   86             bas		C1F5F24CD5143FEC8BF6A2B12BAEE41F0644FAB7
   87           bayle		65D7B7CA2B95916F71BE26144F1E0907AEBCE71F
   88         bcwhite		8112D4D78EB7AEC8186AA086D10C0668
   89           bdale		8470F20B062592187CBA7BB33A936196C095D941
   90       bdefreese		6F1F40039E09BD7A8099C5F3E48B65B54B394F7E
   91          behanw		6DE006ED5430A503940ED685BAC78EE5DBA50595
   92          bencer		93AEA3727846B14E0DB38B65589A903470EB0FCE
   93          bengen		6619634A0F5DB23F6A5FFB6D5028272F3FD29468
   94            benh		AC2B29BD34A6AFDDB3F68F35E7BFC8EC95861109
   95        benjamin		D77D6312932FA19CF9CDB8517AFF4B3AC34AA484
   96          bernat		5854AF2B65B20E962161E32B285BD7A1F22A794E
-=-=-=-=-=-=-=-=-=-=-=-=-=-=-=-=-=-=-=-=-=-=-=-=-=-=-=-=-=-=-=-=-=-=-=
Count      Debian UID		 Key Fingerprint(s)
-=-=-=-=-=-=-=-=-=-=-=-=-=-=-=-=-=-=-=-=-=-=-=-=-=-=-=-=-=-=-=-=-=-=-=
   97          bertol		92720B065DB1A9EEF89001FD3E7434397DD9018D
   98            bg66		A8B90F6902FD86E7D339C9A6FA96A148004DA6B4
   99         bgoglin		23F194455C8CB97C983FE504461F3C17C3DC59FA
  100           biebl		20168F789AC39CA7A9CDEDC787B3C447BD058554
  101           bigon		7E0ED3D2B34A03B15F9F3121C7F7F9660D82A682
  102         bigpaul		69A5548C414511168CA92CB594483FA354DB33D3
  103           blade		E6EB98E2B8858FF06C045C1DE106481EEDF008C5
  104         blarson		D5D098AFB14363734F4178618351C3C268AC5746
  105             bod		87EA44D150D89615E39A3FEEF0DC8E00B28C5995
  106         bossekr		5202EA4B6946AE85149A9BB0376941AB835EB2FF
  107         bottoms		3D16272FA73AF5B1F91B5D8C9306C9BCDAF1054C
  108         bpellin		B67ACB32C21FC4FE6EDEC08175E1C1E9710F68E2
  109            brad		E114EC83721B6D205D7E16B04BFDBDA66045FB1E
  110       bradsmith		D20172742FE1A92AC45CEFAB8F70629AC718D347
  111         branden		1573D54473C3988F00963E4FEA4C661F2B46A27C
  112          brianr		578A87BDBE6D8A04DF7A6EB30D46FE7CD21DF495
  113        bridgett		F8661B0D21F75A715B8FBA809011F62E
  114          brlink		E6E2824DB81C3689659F6B684EB016BCAA6541EE
  115         broonie		4189E4231C09700E89119CAF276568D75C6153AD
  116              bs		D930653A114193BFB8F6163E20D6688259EF5DBC
  117             btb		79982CB0635F170ADFE9643DB5E01C5DE678D1A1
  118         bubulle		F972A168A2703B34CC23E09FD4E5EDACC0143D2D
  119         bureado		7C1081B53C566C78AC7D3A2D51602C8D005C3B82
  120            bzed		06C8C9A2EAADE37E5B2CBE93067AAD04C93BFF79
-=-=-=-=-=-=-=-=-=-=-=-=-=-=-=-=-=-=-=-=-=-=-=-=-=-=-=-=-=-=-=-=-=-=-=
Count      Debian UID		 Key Fingerprint(s)
-=-=-=-=-=-=-=-=-=-=-=-=-=-=-=-=-=-=-=-=-=-=-=-=-=-=-=-=-=-=-=-=-=-=-=
  121           cajus		672319F7F7E1EBAF268E1343B7289B27FED8F826
  122          calvin		A97746CDF7094611A44D27FA781C250432EC6F3E
  123            camm		F1B068F9933AAC362A30A7957331B5C057F045DC
  124        camrdale		FF0784FEE439DA85CAF1EA950F1F76E20D2036AD
  125        capriott		7D9BD9F6F21953332D1DC4F9E283C86878398A01
  126           carey		5A98FF2242DC75277ADE7A58252CC4C873D446C2
  127         carsten		B638FD9E5E6B184FCF9E2363329465A24F1FC85D
  128             cas		96747EE24AC6F5EF3C5752C3EC326810CD5626F0
  129            cate		B7A728128390BBB21AC66F9EF9935424B1DF9A57
  130         cavedon		002421CD1ED4ADD1C4569DDF0A275AB6B4BCA5D7
  131           cavok		3A0F2F80F79C678A89364FEE06779033A20EBC50
  132             cbf		15EE951E72969D56A20B89C2F328AA54
  133         ccheney		2D31192787D71F249FF91BC5D1065AB38E384AF2
  134            cech		0163FBB25BF0E1C8E530944CD152FFDAD06A8654
  135          cedric		995F58995A9D3DED9D473DD56E69973CF7E8BC63
  136        cespedes		8574F8F3947725F5B339896D7A95A5B988784703
  137            cfry		9DAC6903E8579CF8AF72FD6D86200551AA79B91A
  138             cgb		C7F61E9C32910EADCB8E55987806CD6F133108EA
  139              ch		0AA3E8791D82F59E77A40096911F4AE686A118E6
  140          chrisb		5F0D82B343AECAD8BB0B5D19C39E74E049E3ACD3
  141          chrish		BE3D5AF7470A183F0E518C339A8DBEF268396FD2
  142          chrism		911B1763C60865377DF4018081E56287B5CE5497
  143       christine		FBE01342FCEFD379D3DCE61764959FE9838DF19C
  144       christoph		9FED5C6CE206B70A585770CA965522B9D49AE731
-=-=-=-=-=-=-=-=-=-=-=-=-=-=-=-=-=-=-=-=-=-=-=-=-=-=-=-=-=-=-=-=-=-=-=
Count      Debian UID		 Key Fingerprint(s)
-=-=-=-=-=-=-=-=-=-=-=-=-=-=-=-=-=-=-=-=-=-=-=-=-=-=-=-=-=-=-=-=-=-=-=
  145        chrisvdb		E79467F1B907425355D9067E7ECDAD406C0084FC
  146        chrsmrtn		6C4486ED6D66999F4CCAB79C53E8165BEBEDB32B
  147        cjwatson		87317259431038049C92C139F6DD330210FA4CD1
  148           cklin		B5963B24A9B200B55CDB636CAAAEC012DD0F6268
  149        clameter		88462A803BAE94ED94BA98DCD29BBFFC442E63C2
  150        claviola		3BE16591C78C2AA431DDAEEF640602273516D372
  151           clown		4B50F1E3080C21A291F48BF0CD603B5A2ECF984B
  152             cmb		C3267C307B6DFBF86BA89107462E80ACB7D86E0F
  153             cmc		FA59358BA580CA386695714FCEB14A7A1DDC990D
  154            cmot		EFE396F418F58D65849428FC1438516892082481
  155        codehelp		4CD46644C10548EDCA28EC368801094A28BCB3E3
  156          colint		188E8DA35D18B6913848325C8F638F961B3045CE
  157            cord		767C80485684A391A1576818EF653E8D5AF4C462
  158          corsac		4510DCB57ED4704060C6647630550F7871EF0BA8
  159         costela		8AE6CDFF6535192FB5B659212262D36F7ADF9466
  160           coven		DB0DF889C81596F203DF0C5104E76310EFC18770
  161          cowboy		684A1F8DC9BBE0DFF3168C9F015427E3A4B47676
  162             cph		424626C56C4AA9DB11194C07E3AA82D81B352C01
  163           craig		742498929FD4835F3ACB7A0B18742D12
  164          csmall		1C1BD89314182AF445EE95CBC76CE5AC12CADFA5
  165         csurchi		D1E29A9D17120E948671834E0CFF30E126257B68
  166         ctaylor		664EA5A523AFF245748FE1992E9354A1A9FD4821
  167             cts		20F49C926AA6C046F2B05F0885672E5DDDA51280
  168           cupis		716E40B5BEBE5B231C7E17F6233B8A57E4875FF9
-=-=-=-=-=-=-=-=-=-=-=-=-=-=-=-=-=-=-=-=-=-=-=-=-=-=-=-=-=-=-=-=-=-=-=
Count      Debian UID		 Key Fingerprint(s)
-=-=-=-=-=-=-=-=-=-=-=-=-=-=-=-=-=-=-=-=-=-=-=-=-=-=-=-=-=-=-=-=-=-=-=
  169          cworth		FA6925548C9AC52C311B4A9DE890DD36AF2A4968
  170           cwryu		5F6EC41CE863A6C519953A5B01B47334E0D49E99
  171             cyb		5E045B0EA831824D9E5F58716754891DEAAC62DF
  172         daenzer		B09FAF35BE914521980951145A81AF8E6ADBB200
  173             daf		3798CF214178565EFDE7480BA43E6D27128287E8
  174           daigo		17C558FC44F27E08DDF13BBC35C3E3FAE91CD250
  175          dajobe		F879F0DEDA780198DD08DC6443EC92504F71955A
  176           damog		6EF6C284C95D78F60B78FFD3981C5FD7C671257D
  177             dan		4F55A3BFE7077FDA460E3A8F6E038F5EE0A38377
  178           danai		2D9353BFB3CEFFA531AA4BF76436436109F34024
  179          dancer		183A70FC47321B8757A5CE82D8377D4EE81E55C1
  180         danchev		1AE77C660A265BFFDF225D551C570C890E4BD0AB
  181          daniel		709F54E4ECF3195623326AE3F82E5CC04B2B2B9E
  182           dannf		AAA1D9EA42E099A339B36D7686E00D0C19A42D19
  183             dap		F36251F76D5185EBAF6875B9D29B1AFCF90FFFE5
  184           dapal		2BABC6254E66E7B8450AC3E1E6AA90171392B174
  185            dave		B030A2BC56A866CFA492E49B29E14F99391B3928
  186           david		910B9712D9DFC8F5F9FE152D73686F78
  187          davidc		A3602018526B3DFF52BEE5AAB0F7E8C60FCC27C6
  188         dbugger		F3A12880BCF7F8047C39B29E292A35920034C733
  189        dburrows		07FB533591FD5ACC4CBC5DBF721EB1B0CEE44978
  190         debacle		E93E504310EF5D5F5D64E1EBFB13343857E3E888
  191       debalance		BA610B0A2626D49CBFC61C18161974E4C259E0E8
  192         decklin		55782B782151EEB381717DE6B8824687F1968D1B
-=-=-=-=-=-=-=-=-=-=-=-=-=-=-=-=-=-=-=-=-=-=-=-=-=-=-=-=-=-=-=-=-=-=-=
Count      Debian UID		 Key Fingerprint(s)
-=-=-=-=-=-=-=-=-=-=-=-=-=-=-=-=-=-=-=-=-=-=-=-=-=-=-=-=-=-=-=-=-=-=-=
  193            deek		7102808A7733C2F3097B161B9222DAB89840105A
  194        delaunay		08BA6695BF3358B0935624DCAE77E041B9D56A91
  195             des		1E0849A352646367675AD4897D08E5236EB95A6F
  196           devin		13E7199EDD1E65F089052E435395CA0DE9ABFCD2
  197          dexter		56B4B786A62D3EA134CF264C84C1C77BC0B10A5B
  198        dilinger		5D4272A835DA48D030B0392B3A65F019CFD42F26
  199            dima		38841253CD2BCA0BB3432E9F35FC9EEA97AA33D6
  200         diocles		0862E74AAD81B2F26170064438734D7787901452
  201       directhex		C10B0C427181A34B1BC5FEDDC90F9CB90E1FAD0C
  202          dirson		42384696F272C9882A01DB8A575B95B25C33C1B8
  203           djpig		EFFDC2C90B84664F14B3096E41B9F4E85B713DF0
  204             dkg		0EE5BE979282D80B9F7540F1CCD2ED94D21739E9
  205       dktrkranz		D266A2CDAA29DC15AE7022C89D78D71186BC2A50
  206             dld		4AC29C6152C82353307E4BDEC39FFC6F55A410A0
  207           dlehn		F52701E6467CAC15EDC9F9273C8408581A3B48DE
  208         dmartin		6D77976A392AEE47CA4331D3A3F5DC7342000462
  209             dmn		2D797A061A30501980F2CEA1E41B4C557F0D80BE
  210        dnusinow		F2E1D6829607241FE54C12A8C8B7E935D63469DF
  211            doko		2DA00A3E65263CACE706175A4AD9516B0F932C9C
  212             dom		117644DFC579B6DD3E710CB5633B85285178E2A5
  213             don		45AD1B8A9474319A4F7F649881C08922808D0FD0
  214          doogie		AD46C888F587F8A3A6DA32618A2C7DC28BD4A489
  215           dopey		F42F871071C27603A56F16184FDEC6E7E160649A
  216        dparsons		A110EAE1D7D280765FE0EC0AB6CE704164124E4A
-=-=-=-=-=-=-=-=-=-=-=-=-=-=-=-=-=-=-=-=-=-=-=-=-=-=-=-=-=-=-=-=-=-=-=
Count      Debian UID		 Key Fingerprint(s)
-=-=-=-=-=-=-=-=-=-=-=-=-=-=-=-=-=-=-=-=-=-=-=-=-=-=-=-=-=-=-=-=-=-=-=
  217         drazzib		B7044655C849B4F9DD62CB86C88157C885C79389
  218        dreamind		A681868486470C5D79B9A59D8B9D310A97C398CB
  219        dsilvers		19568523759E2A2858F4606B3CCEBABE206C3B69
  220            duck		6ADD5093AC6D1072C9129000B1CCD97290267086
  221         dwatson		5FDBB1BE9B31D3A8298172850DE8799EA7D6AE79
  222              dz		3CEDBDC64F23BEDAF4892445147F1AEA2DB65596
  223             ean		1C977AFDCD9B00F2BC509A088C09994F6E48A047
  224              ed		E959DBA0092A7AD23F41500E7649D1C5B4A4E070
  225             edd		344C9EC6707AFA176FE260B1099491F791B0D3B7
  226        edelhard		DD2937062B8D22A8DEA2C302941C86926F222F1F
  227         edmonds		73FE5760EBEA331FC39F83E7769FBF4873014091
  228          eevans		CEC86BB4A0BA9D0F90397CAEF8358FA2F2833C93
  229          eichin		3B6297D0E736BF2D9B0B4AD6B7680DD8
  230            eike		753636FE62768F94785D2042C3F8A3A26A8333C6
  231             elf		E39685B176DB94BE4CE9A40F57E8CE072EAE5D2D
  232            eloy		AC3A464ADF876468F63DCCB2F8D31F49DEB0EC31
  233             ema		DEE850F81C5AF8208DD629D30BA0EE03EAF19B60
  234           emfox		7E74053E142DB9CC313111B8F8C41B2CF7142EC2
  235        emschwar		FAA6D8592F0BAED7C3329F7AEBAD6E5CBAC59E39
  236           ender		48C4D999F69A4615AF5F28535ACFC4840D62001B
  237          enrico		66B4DFB68CB24EBBD8650BC4F4B4B0CC797EBFAB
  238        eppesuig		43AAF8E27A0E57F4DC7FFD022207C594EC97089D
  239            eric		097C4861993427A08E1C2B0A61E98ECF16D970C6
  240           erich		6073C8748488BCDAA6A9B7619ED078EF4B3A135C
-=-=-=-=-=-=-=-=-=-=-=-=-=-=-=-=-=-=-=-=-=-=-=-=-=-=-=-=-=-=-=-=-=-=-=
Count      Debian UID		 Key Fingerprint(s)
-=-=-=-=-=-=-=-=-=-=-=-=-=-=-=-=-=-=-=-=-=-=-=-=-=-=-=-=-=-=-=-=-=-=-=
  241            erik		1C6E77A082DA2EDBD1B125B498C99E8BDB898410
  242           eriks		0DAFEEA41C0CFD21111B5C3FC007DEBB30825345
  243           erinn		8738A680B84B3031A630F2DB416F061063FEE659
  244            etbe		D51E60CA98996009F1A4B4CDC2B079FCF5C75256
  245           etobi		26C0976C594BE3C7A5A392DDF7180D26AEDAA642
  246           eugen		DCB911B6BEDF8F3C089B9E6429A0BAFB39A8CCE2
  247            evan		A9EBB297CD4424F81CF269A850AA7015A876F581
  248          evgeni		0C04F8720963ADC9AA83882B24A01418AC15B50C
  249             evo		E5D870FFBB267D90D52C56B5347A7D93176015ED
  250           fabbe		A74A703C8FC9198EB12DD83DEFA55436964199E2
  251        fabbione		3EEECE2D3F83E4D423551223842CDB7A44779E18
  252            fabo		CEE06509A9D42D28D2573EA88CF535F66AA572F7
  253            falk		6AA2ABD3C802094EF1FF283BD386DEE262EEAD8B
  254             faw		C2E3EBF1F6E8092F55269A970A300ED090E5CA46
  255           fenio		42B8C61FF6EACE10BCBAFAE9850BA2DE13FEFC40
  256              fh		F9AB00C13E3A8125DD3FDF1CDF79A374B4071A65
  257          filipe		BDC59E6BC8E3B139DAF07E6998A15B3EA6BA423E
  258         filippo		22D52C906D6677F159F10030001CDE6A6B79D401
  259          fizbin		A655FDD9AE06205025A91832249F50C649202B37
  260             fjp		ED6F9504FD4E539A8279616B826FCAC21E880A84
  261         flatmax		D0052FB975BE7827B4516D76C6CCD1330501F882
  262          flimsy		96B05A4725393FEDC181A3A3726C2995383F25B5
  263             flo		86079AD8227425A11AF9B4D151ACF6AD75BE8097
  264         florian		34F879978BC103F09C43F3D7B3753E4D514B3E7C
-=-=-=-=-=-=-=-=-=-=-=-=-=-=-=-=-=-=-=-=-=-=-=-=-=-=-=-=-=-=-=-=-=-=-=
Count      Debian UID		 Key Fingerprint(s)
-=-=-=-=-=-=-=-=-=-=-=-=-=-=-=-=-=-=-=-=-=-=-=-=-=-=-=-=-=-=-=-=-=-=-=
  265             fog		697807F613F7E0A359D1FF95BDC0A0AE06468DEB
  266            foka		E5A68A91A15FE9A1241473DE2DAF2A666D67F790
  267        formorer		CC992DDDD39E75B0B0AAB25CD35BBC99BC7D020A
  268        fourmond		1EBA24A7DAAE662C6FF34B37C7F521C122B282CA
  269         fpeters		62BF2EDA404A6EB4F5BEA1E2A11DCBB16783ED5E
  270       francisco		CF682F046496EFEA663C24419A953C82556ABA51
  271          franck		C10ED1D0EF700A2ACACF9A3CC490534E75C089FE
  272        francois		8C470B2A0B31568E110D432516281F2E007C98D1
  273           frank		25C0E61BDC474BA7204E62F5FB1B3D632252FA1A
  274         frankie		92E42D44336FDF91550823D5A4535199E9F2C747
  275           freee		0AA4EABAF45D81DF35E90F9771A9C91A57159E59
  276            frob		1FFBF62CFFAB43DDDC81F6AEDAF7350A7EBBD625
  277              fs		E4E44DEECDA10D901DD99DA4EA7ED2A341954920
  278             fst		976E747F499C458015CBC0BF7EDE8735DC426429
  279           fuddl		1B954398F362AD2DC5E6718BBAB12CF0C7C58F7C
  280            fuji		D4024AF37488165BCC3441477F0CD922EE4C26E8
  281              fw		C8D3D9CFFA9E70563F32FA54BF7BFF0402D524BE
  282         garabik		9AF5D8B0862D2224400768DF501409C6A0FE58B8
  283          garden		19D5773DE17EB7D5C1CB87B763D2D5D907F89BB8
  284  gareuselesinge		60D04388E3853643807B9507EE491C3E0123F2F2
  285         gaudenz		2BD7F89663E13E3A5820C015DC5A28E48C7740AF
  286             gcs		A7ADD22D796EA275C7C9D1033036AD8EA51A4FDD
  287          geiger		D73EEDEC8D5CBE955D9BC6AAD696CA8660B6B958
  288        geissert		84DAEA2133802516C38106F7632E3DAD46D9CE5A
-=-=-=-=-=-=-=-=-=-=-=-=-=-=-=-=-=-=-=-=-=-=-=-=-=-=-=-=-=-=-=-=-=-=-=
Count      Debian UID		 Key Fingerprint(s)
-=-=-=-=-=-=-=-=-=-=-=-=-=-=-=-=-=-=-=-=-=-=-=-=-=-=-=-=-=-=-=-=-=-=-=
  289             ghe		498639DAD152050B46999A7166DB5A3626F020F7
  290        ghostbar		3E7D4267AFD524072A3720AC38A0AD5BCACAB118
  291          gildor		ECF0A05DA5D040B582BB8A2C8ABD9BA1FB0DFE9B
  292         giskard		7961298678142F4C15D2191282F0707088D224B6
  293           gismo		E6A193BC8B82004B167C4D388D3867D89DDB992B
  294        glandium		A479A824265CB2A5FC548D1EDE4BDA2C54FD2A58
  295          glaweh		B733A61DFE90985905ED4B218233A6D22D2F75EF
  296        gleydson		BC8103B7B2891227A02E675AA56BC3DF985BA281
  297          glondu		58EB0999C64E897EE894B8037853DA4D49881AD3
  298          gniibe		75479757262628A19D753E98041E39AF71D5F43A
  299         godisch		D363691F1C4E70D71B9E07DE84E64AA009FC015C
  300         goedson		20FCAD60E8C8D2EB064A8F5BEED8D4CC1DEB8EAE
  301          goneri		D3BC65BB48B11DA8BC8A5C88B0A4C5A437D9412C
  302           gotom		44A9EDF44076706A22B761A0A88A9AB0864826C3
  303        gpastore		C9FE1962298AEA68EDD2D8C718953F2C73B02592
  304              gq		04B59D90DF7CC2ABCD49BAEACA87E9E82AAC33F1
  305         grantma		C1A1C3F1135DBE0936705CE3C44E5FFC1335C3A2
  306          gregoa		D1E1316E93A760A8104D85FABB3A68018649AA06
  307          greuff		01FA29EF7F5666A86596C50143225D698FC03128
  308           grisu		3CAB9397E835E2E95289A0C0F85EBF46258D8781
  309         guillem		6AAA6732BBA3157CB1522E71B96F5C899D928C9B
  310             gus		24D6980A17E05B155DED1F1D83FFC87BD02F8773
  311          guterm		E7C65AA9EA49291F7781577F3606C51455BFD024
  312            guus		F18823A1E6E6759102CD850E0312E8C35D8CDA7B
-=-=-=-=-=-=-=-=-=-=-=-=-=-=-=-=-=-=-=-=-=-=-=-=-=-=-=-=-=-=-=-=-=-=-=
Count      Debian UID		 Key Fingerprint(s)
-=-=-=-=-=-=-=-=-=-=-=-=-=-=-=-=-=-=-=-=-=-=-=-=-=-=-=-=-=-=-=-=-=-=-=
  313           gwolf		AB41C1C68AFD668CA045EBF8673A03E4C1DB921F
  314            haas		9B26F48E6F2B0A3F7E33E6B7095E77C579CC6586
  315           hakan		5F760FDECF30A6206A6F82DD01BB5D753DE37DC0
  316          hallon		DC6C12B4698D0D907C54380ED115D067AA5FD7AC
  317           halls		BE88B4B38D1F6639580FCCEE7B199D131997E7CF
  318          hamish		79D417AFF510BE814C308BCDDF45A8055D07E95C
  319        hartmans		39272F04C8E560DC056CE2F3FC8D76733C86260F
  320          hattas		9C0712D92B0C8978C547B98BB72D2AB365B328C6
  321        hazelsct		D54D1AEEB11CCE9BA02BC5DD526F01E8564EE4B6
  322              he		0C2CE3E83489599A75EF115698EE733A9DE1EEB1
  323          hecker		C3CF4178B8AD5871DD100B17CC1332317C796B7D
  324          hector		E1BA871DA5EA78F3FCBDBA5B330B038B6C63746D
  325           helen		B7938AC2CC488357C29939C2DDE35CF15653C9C4
  326         hertzog		3E4FB7117877F589DBCF06D6E619045DF2AC729A
  327             hmh		54225C61F6B706FB7E043738EE25DE3F1CDB0FE3
  328         hoexter		5B3B2C825E348080A8BE6E0BC4A5D58EAAAC7BBC
  329          holger		480E51BAFB08CB4175CC91B15072D036AC583520
  330        holmgren		CD0AE4537C92D81065061B7093B991367D61E3E6
  331           honey		057F5FF9577DA76DCC2168E7306C483AFF1F7A5C
  332           horms		B2F9C5E313771B0DC8B0F6B503C0023E05410E97
  333          hsteoh		20AD5478A0BC68434A0508A4060C4E63B071C40A
  334             hug		5C2A86741E3976BAD91F203A69937E9B27FCEB27
  335          huggie		021A833AD2A1015C00103BC9310765FBDF5CE2B4
  336            ianb		AF6CC0F11E74424BBCD5481440ECC154A8BAC1EA
-=-=-=-=-=-=-=-=-=-=-=-=-=-=-=-=-=-=-=-=-=-=-=-=-=-=-=-=-=-=-=-=-=-=-=
Count      Debian UID		 Key Fingerprint(s)
-=-=-=-=-=-=-=-=-=-=-=-=-=-=-=-=-=-=-=-=-=-=-=-=-=-=-=-=-=-=-=-=-=-=-=
  337            ianw		446ECB19D158C53D263691D058395253F829E9E7
  338           igloo		C3ED6F9C2E5B4CFA6030E409EB7CBAA680C83E8E
  339          ijones		414EAC7008BC7BC4836E7CA604B3D367B2B831A2
  340             iko		2123906893F464530847785D1144E4ADA7228C38
  341             iml		5F7A7539EA0DF4B495D30D22A8BBB3661D1DFB53
  342            ingo		B2A37622D32A0D1CCE3F3DF2E17AD7B5090DD8D5
  343        ishikawa		A7DBB59A4268DDF2276035947E2F30EEECA94FA8
  344        iuculano		AB92A49538EF7A0EC816A997371A69E3AE3BE9AA
  345          iustin		CB94E3AA3B1755D61EBB19A5F66E3E419F84F4DE
  346            ivan		68CB5B3A48FC18F17D79A94681872F9B54C1C1C9
  347        iwamatsu		353AC650BB7A6F72365094614121C7433170EBE9
  348             iwj		5906F687BD03ACAD0D8E602EFCF37657
  349             jab		D5D39EFC140AB9FF953572D76B37E8DD34B36856
  350          jackyf		7CE3D0F2EE36C94FAEF6139C721A2B30C154998C
  351           jaime		51C915494C030E7F2150F1F0111E3AA0BFBCC985
  352             jak		D9D9754A4BBA2E7D0A0AC024AC2A5FFE00823EC2
  353         jaldhar		48DFD0003BE71FF8D9C15832DA460E47EE6DC66A
  354        jamessan		FB46A48FF8D28AEA1F9A9F490DBDD4A661326D40
  355         jamuraa		87F192C444AA4105B1C4EDECD9959620C00E9159
  356             jan		3641E48643825A1340E7EB439C851C72F12DA065
  357           jandd		B2FF1D95CE8F7A22DF4CF09BA73E0055558FB8DD
  358             jaq		F2296392EC63C9A7F5B0E809E6EF68372CFD1C38
  359          jaqque		D8C64C2CE88EE5CF873716C4ADE94F6507799E74
  360           jason		5028E73900DC3E7BDE6C6ED6EDC63044925288BE
-=-=-=-=-=-=-=-=-=-=-=-=-=-=-=-=-=-=-=-=-=-=-=-=-=-=-=-=-=-=-=-=-=-=-=
Count      Debian UID		 Key Fingerprint(s)
-=-=-=-=-=-=-=-=-=-=-=-=-=-=-=-=-=-=-=-=-=-=-=-=-=-=-=-=-=-=-=-=-=-=-=
  361        jaybonci		7DF3D4B58EAD38D84E554E3B68530A812B47DCDE
  362         jbailey		DCAF16D5BB56B970A8F9EC88E4CE6199D0980A99
  363       jbelmonte		784F4E389A576829378B105BE4D7E0EA4C40410A
  364        jbernard		D966CBDB8E2975D02B1F1633C004F6035912C27E
  365         jblache		935A79F1C8B33521FD627CC7CD614FD7F5D65169
  366          jbouse		C745FA3527B432A691B33935D573D5B129AB4CDD
  367        jcristau		7B27A3F1A6E18CD9588B4AE8310180050905E40C
  368         jdassen		CC8FDD82CB19DDD31FCC52EB03E1C1D917BA45CE
  369             jdg		96711FD81FCA6831282D6F7A0D4E7DC3FDB4E459
  370             jeb		3F2CF8FDB2D5AA35C81AF914A5F270280917A9E4
  371           jello		73173B093B03CFB85108AD14B11BD919079A3B98
  372          jelmer		F1F3A87ED983DFAD791ADAD83DAF54A21EEF5276
  373          jenner		4F032C3CACA0C02D9BB218E3D203CCA5FDA6B6A9
  374          jeroen		D9E45378D0F9E4B20622D299976B884B0813569F
  375           jewel		325A3DD1F8D5E51C5D1D83725EB9E72A228A3AE4
  376             jfs		86AADB04D2F5CC553A4D940FB1A9DD82DC814B09
  377        jgoerzen		8C9BEC79F11F0A73627F2AB5DCF785B48A1D9A1F
  378              jh		03F39777FE54A8F65545EBFBCA07E61412AA1DB8
  379         jhasler		4274595ED5466A250D8E847D73401E35B4FBDAA5
  380         jhirche		3C4D08BDE22F1DEDEDA3251B1D3C025FE7DFC3B7
  381             jhr		D26FB242AAA167AC310E69F718EA7A5DE0FC710D
  382           jimmy		46B65063C267884B1282170F751AB5DDA79679CC
  383          jlines		A87F09E8B4C54890B17A6DF41F126539964685E7
  384         jluebbe		1B25F91F9E7B5D4F128202D68A838BE4D8480F2E
-=-=-=-=-=-=-=-=-=-=-=-=-=-=-=-=-=-=-=-=-=-=-=-=-=-=-=-=-=-=-=-=-=-=-=
Count      Debian UID		 Key Fingerprint(s)
-=-=-=-=-=-=-=-=-=-=-=-=-=-=-=-=-=-=-=-=-=-=-=-=-=-=-=-=-=-=-=-=-=-=-=
  385         jmarler		15F9573925428D361188CDF49E2B9967C33F126D
  386         jmintha		A2546A1C9D9D1677A0A1EE8314B43D42
  387             jmm		CA4FD469C047165A1A55CCD75E6DEF1C4E2ECA5A
  388            jmtd		FD350B0AC6DD5D91DB7A83D1168B4E717032F238
  389          jochen		61A90CB8CE09966D0741880BD1F857D18FE8733D
  390            joel		9F4BD7806EF45700778D8B220064F9FFBB845E97
  391           joerg		DF7DEB2FDB28FD2BA9FBFA6D715ED6A07E7B8AC9
  392            joey		B53FE57BD0C1F689FCE256235B9AA5F8801EA932
  393           joeyh		E85A5F63B31D24C1EBF0D81CC910D9222512E3C7
  394           johnf		AB74DDFD5B64218A7D5998F361C749B1C77828D4
  395             jon		B8F572F14CC831F9013F7B1E8E62E7F764011A8B
  396           jonny		1D73BCEECB69E3834E36ACADC18AFB9F2E039402
  397         joostvb		8FC6A40E31B87E0E2270D7A906069CF2969457F0
  398         jordens		F01946CCF910B59289E8D6341D28E4BFE02FEF11
  399           jordi		73ED4244FD43588620AC2644258494BA917A225E
  400           josem		B5644BBB97419F11A461719D39A237CB2809E61A
  401           joshk		3F3787880D85019456F741CBA3882EBF78446F26
  402            joss		8C62F78F73041328C670C347AD295AE1D75F8533
  403         joussen		7A10EB66D499C62996CD88C2307B5229D2A6B810
  404             joy		29B6F1DD777F3DB7C267F20D0B5447A2200D1596
  405             jps		DD6A05B0174EBFB2D4D9B52E0EE5978AFE63E8A1
  406        jredrejo		4491BB79CD5AD94A66814B0C9AA551D966A90DE2
  407             jrv		F0374FFDE57EC5E6F1A01E226F46DA0C
  408              js		9A98C6EBC0989ED03085ECA99FB0DB32C02440B8
-=-=-=-=-=-=-=-=-=-=-=-=-=-=-=-=-=-=-=-=-=-=-=-=-=-=-=-=-=-=-=-=-=-=-=
Count      Debian UID		 Key Fingerprint(s)
-=-=-=-=-=-=-=-=-=-=-=-=-=-=-=-=-=-=-=-=-=-=-=-=-=-=-=-=-=-=-=-=-=-=-=
  409             jsa		87FCDA315F00C8850DC3E28FBD0D4B33A997BA7A
  410           jsogo		B06B023FEAA637DC1E62B0794BE0582590788E11
  411             jsw		8FEFE900783CF175827C2F65D14219877A786561
  412          juanma		FCA1A9FEC037B51928CF9FC2E361D392B0AA8450
  413           jurij		7F2D53CD4470EC43B966EBFF8E379CB4C99E03CC
  414           jwest		DC49E87E76DD302D8DF1B4D8A3604C04
  415           jwilk		CDB5A1243ACDB63009AD07212D4EB3A6015475F5
  416            kabi		B9B99D73B04756F9FDDF98A91885AD387D42F16E
  417           kalfa		0DBD8FCC4F6B8D418F4363A1E43B153CCB467E27
  418           kamop		2D2B6C13DB888AD4F69FDCD73A0A01731BAE93B9
  419            kaol		348DE846F4789BC17FBDD2B079897DE7DDC0B70D
  420           kapil		F160CBB903C8425D4BBA79F4491F8FDA5416E5B8
  421          kaplan		C644D0B392F48FE44662B5411558944599E81DA0
  422           karlb		2C1D962605F9CE4B1EB06BF07CC114CB9C6D5E59
  423          kartik		190A8C7607743E3130603836A1183F8ED1028C8D
  424             kay		A73547ECD87B1F15C1E953D3AA036173A723E391
  425         kcoyner		FA7FB8C09F87C4A0482F4A86EBB31A62C85D8F71
  426             kcr		198F5EAE4F00F3D1E9A7BC50B1CA92E8A7D86B95
  427            kees		9FA3C49C23C9D1BC2E3019751FFF4BA917063E6D
  428          keithp		3B31C0AD093B6CCD3C6381CE429F015B096C4DD3
  429         kelbert		058963931BFCABEDBEB2091E640E642E2F2F0CDE
  430          keving		917A0D1F6785C0872A134C1310FAAB980EA84A2B
  431          khalid		1FEA0251FD47DBF5A4062BE7950118DBA895B621
  432           khkim		7DB291A3CA1BE7078065B873F36D89424DB97694
-=-=-=-=-=-=-=-=-=-=-=-=-=-=-=-=-=-=-=-=-=-=-=-=-=-=-=-=-=-=-=-=-=-=-=
Count      Debian UID		 Key Fingerprint(s)
-=-=-=-=-=-=-=-=-=-=-=-=-=-=-=-=-=-=-=-=-=-=-=-=-=-=-=-=-=-=-=-=-=-=-=
  433            kibi		33B18B87928138D4E7AE88FF7867D53C747935DD
  434          kilian		75FFFC9F717B526296A20609BDD933B785FEC17F
  435          killer		D7F53417338270A8870EC9D792E60A8B5F6D8015
  436          kitame		DC1A298CE5C95ECE9A0882263D6903DFE1D316DC
  437             kju		9D50042EFF89954364AF01CF509880E3F6A10C2D
  438             kmr		D7A055B647683582B10D3F0C112ECDF2C4A3823E
  439           kmuto		9CCC5C22C10955B58F55A51B1D21C83DC452E0FC
  440            knok		BDD723BBB7241FA21BB32EC02BA82602C2CE8099
  441          kobold		54656E69E5596466BF3D9F012BF8EE2B7F961564
  442          kobras		6665725C400A7EE071500F60A4E2880389BF7E2B
  443           kohda		3AAAE18DDBB4C8D056173880D485DD2F5BFA90EC
  444          kolter		4D0D537E8C37BC99DFF10B874B077723929D42C3
  445             kov		9AE55601A23412FF423FA999D200EB30A0FB5DA6
  446           kraai		6F0E1FA1F92FF96EDE2E56C97CD760631557BC10
  447           krala		97A41066E5643748977593C33298C70DE5FFEDE1
  448         kreckel		96D40549E44DA739FDAAF2A55D8EE50CF0199162
  449        krisrose		291FC71D8BD6EECCAAF88379C4D012FFE0163787
  450         kroeckx		71D72EF4798F8E3A8B5AB11441DC1C907244970B
  451           lamby		0F1E5C1F1D3DF7DBAEE04288E7FF2E5B634F9A20
  452          lamont		8A46ADB3FC4B4B24DF1728BACCDFE49B0A0AC927
  453           lange		AEA6A8C1BD8E67C48EF68BCADC13E54EAB9B66FD
  454        lawrencc		CAC6254513564ED7507019B3DB040A13A3D7B9BC
  455         lbrenta		23499FA0AE0DE2BA9E18560DC7D930259DFFAAD4
  456         ldrolez		754210E3866279DB1123D352B1195000FD46A698
-=-=-=-=-=-=-=-=-=-=-=-=-=-=-=-=-=-=-=-=-=-=-=-=-=-=-=-=-=-=-=-=-=-=-=
Count      Debian UID		 Key Fingerprint(s)
-=-=-=-=-=-=-=-=-=-=-=-=-=-=-=-=-=-=-=-=-=-=-=-=-=-=-=-=-=-=-=-=-=-=-=
  457           leist		63490CA7D9728AA050A620FEB14BCEFE316DC8FB
  458          lepied		72DB97D67ECED2FA79F2E387BDBBDFAF
  459        lfilipoz		A14997BD188C7F29779E09C1357332C45A827A2D
  460         lfousse		D743B1583C04D940A78E8C4246801517A1696D2B
  461         licquia		1DA0F1B5FAC435E895C76E28600A553FF666C91D
  462       lidaobing		2F18947301F75240A6E8B1BCE5350AE06087D2F8
  463        lightsey		FA48D2AF2802F1824D5828230587B26E45F3FBF9
  464           liiwi		C4402EA201E79D54E6EA61DE24C5CFE4F5521541
  465         lingnau		DC51277EF94DDFFFE156CD85B5022EB582EA653E
  466          lintux		D604F94B5A4C45E84E8465187985979AE3304051
  467          ljlane		732368015D7002442ECE3563C490643655D3A1E9
  468         lmamane		9DAD31313ADAF50BD096002AB1C473173E7B4B73
  469          lohner		72076C7376397FBEEDE66EA8E9B0C69E268462E3
  470            loic		24F2720EC693FEA0A564F8DEF1D2CCC8497A176D
  471         lolando		F5566852EB92BD779CF137190EA756B5144843F5
  472            lool		B3B5F6CDBB5E586B80C15A74E15517F22B0920C0
  473             ltd		C8E0BC7969BE7899AA0FEB16F84BFE5A
  474           lucab		74785B728B8AB530C60BF30346AA1B6A3BFB9FB3
  475           lucas		075D010B80C3AC68BD4FB328DA196237023B3F4F
  476         luciano		53D732109C90AAB211D805034164D1B3894BB479
  477           luigi		12F89C0389D3DB4A9972C24AF19BA618924C0C26
  478             luk		D5AF25FB316B53BB08E7F999E544DE079B7C328D
  479           lunar		ECF2DEA89EB90C612440B2B84814DEC22B307C3C
  480           lupus		DD76657E111EF814F47A902168241DEF
-=-=-=-=-=-=-=-=-=-=-=-=-=-=-=-=-=-=-=-=-=-=-=-=-=-=-=-=-=-=-=-=-=-=-=
Count      Debian UID		 Key Fingerprint(s)
-=-=-=-=-=-=-=-=-=-=-=-=-=-=-=-=-=-=-=-=-=-=-=-=-=-=-=-=-=-=-=-=-=-=-=
  481           lutin		5732F0C3999089EEC643F0651106F2005BB6E4A5
  482              ma		7DDF975E73435ACD725E62159A6027DB1A944AD7
  483           macan		B87DF0605071DDA04D29CF74A144B27BEB9CDAD5
  484            mace		7345F2F751F07700FEB7FE2087D5E190EBC73D63
  485        madcoder		72B4C59ADA78D70E055C129EBC6AFB5BA1EE761C
  486         madduck		ACF49D3E1E1D5EE2B2035E53220BC883330C4A75
  487         madhack		7FC70DC0EF31DF837313FE2B77A8F36A3B047084
  488         madkiss		6D2D424D824C81DA7D6F1ED41CFA3E8CD7145E30
  489         maehara		6A2E6A5438F1D1D815136CDF27122D42A674A359
  490         makholm		A32897E97EA9BAE5A7195812A1B13F2C2C8B195A
  491            mako		E6445A655AF81C0F9DECA73589CD4B21607559E6
  492            maks		505CEDE8C8B16E3680AB0201796ECB739B441EA8
  493        malattia		058E0BBC57E7F03479579D3182944F68EA2D2C41
  494           malex		EE63C471ADBA5D80ADFB1054DA286F326C5F196B
  495           manty		3F0A12FC0B55A917D79182D372FDC205F6A32A8E
  496          manuel		802EB746852F21A39239C111F16961C8CC8D7957
  497          marcot		AF9DA0A7A7549CA8EB221E3F840C0E9A45754E44
  498           marga		CB27020A4D0F68ED63CFF1CC940B94C75B48FFAE
  499        marillat		1D7FC53F80F852C188F4ED0B07DC563D1F41B907
  500           mario		DF3AB6653EEB747A7BDD9B7327D10348DD1B0EF7
  501           marks		70E466E41AF7052F7F2C3B275D3CE77FD54F0847
  502       martignlo		363D3EF3CC922069949C4F116C572D708B143975
  503          maswan		C0BD59FEBBFA2A7E8A41BB3F91374E81825BEF79
  504          matrix		25C32A87055A4275EBB9DFAC3D3E735D83467A34
-=-=-=-=-=-=-=-=-=-=-=-=-=-=-=-=-=-=-=-=-=-=-=-=-=-=-=-=-=-=-=-=-=-=-=
Count      Debian UID		 Key Fingerprint(s)
-=-=-=-=-=-=-=-=-=-=-=-=-=-=-=-=-=-=-=-=-=-=-=-=-=-=-=-=-=-=-=-=-=-=-=
  505            mats		1624F9A558458C84DB055684EE3A9F0281C2A4AC
  506           mattb		6583A11F1428FCDD65FCC7B5E0CD3CDC59B2D9A0
  507         matthew		509D1C55D1401A27ABCB0304237E8D67
  508        matthijs		C2E35FF4B4EDC52285B42F3FDA7D51388917A9B0
  509         mattice		050C2D2FA95A25BBB61FCD16EC3BCAC4137A955E
  510           mauro		2B82A38D1BA5847AA74D6C346AB79ED6C8FDF9C1
  511            maxx		30DC1D281D7932F55E673ABB28EEB35A3E8DCCC0
  512            maxy		18579A2627F0FA4274127C62227B70B65595074A
  513          mbaker		110D06BC02F6447AD80CA75E2E4F86BA8B0D42F9
  514          mbanck		67D60A5932836E53F72E9DEE987689619ED101BF
  515             mbr		C1CEDC19B1891712419C39446FA48F011A5A7357
  516           mbuck		74FD81B904BA906F79712714E676B867F8D54259
  517     mcasadevall		869FDEB491C45F60C767E62EA5B953049DA2DA9B
  518       mckinstry		CD45260A4546C3C0F595F0F64132BF902A385C57
  519              md		1F2232EEE56FD048EAEFE47F1467F0D8E1EE3FB1
  520             mdj		B282763CE63729B64B024260D722058FC0033D7A
  521        mechanix		CAC10932B6B9876840DBC6AA1239F7098E950E00
  522           meder		16202162F42A016F71DCF858BCDBA4DF
  523          meebey		ABE195E150A8DBE7809D3F427127E5ABEEF946C8
  524           mehdi		BD838A2BAAF9E3408BD9646833BE1A0A8C2ED8FF
  525           meike		7DF61B35A6F99CF29CE14520B93DCA0F1451095B
  526            mejo		2C8CD283D3EFDF433890E7835262E7FF491049FE
  527         mendoza		9B0B8CFD05F333F786C7B5DB3056F0EF4C2D3EFA
  528        mennucc1		F58548B594504CC6AD853EC3F41FED8E33FC40A4
-=-=-=-=-=-=-=-=-=-=-=-=-=-=-=-=-=-=-=-=-=-=-=-=-=-=-=-=-=-=-=-=-=-=-=
Count      Debian UID		 Key Fingerprint(s)
-=-=-=-=-=-=-=-=-=-=-=-=-=-=-=-=-=-=-=-=-=-=-=-=-=-=-=-=-=-=-=-=-=-=-=
  529          merker		9C208F6D50870F9BFF3D4FBD7D46C81CFAA95931
  530          meskes		5818BF0C98A32B8382BFD3B4564126F229F19BD1
  531           metal		6CF800245A12B06D98833B6264451521809DE012
  532        meyering		D70D9D25AF3837A5909A4683FDD2DEACD333CBA1
  533             mez		065BFD16E4BFB184D73F768C2AFBD67FD133AC6E
  534           mfurr		5B9F587FBC5CD82350CE4DB0ED93CA29124B26F3
  535          mhatta		6EB39358D8328FE3CDC903A8CB6FA340E7075A54
  536             mhy		A982F04EABCD834CAED9DFFD3485BA08D0EC0723
  537           micah		4777535FE5471562626077B58CBF9A322861A790
  538           micha		25FE474147700558949D1DB158DD3FE299E141B4
  539          midget		62FFF60FCE799CE4EBA8523FFC841B2D82C8B711
  540            mika		04AEE62C9502CD34A7DA857BD8DF53FB37E272E8
  541         miquels		AEE3CFA76134028A2E290DA1E42E41CAFD50FF4F
  542          miriam		AA46F4F2BD5975A4EE4282237DB96D2E36EE0861
  543           mjj29		F629EC43E00419987CF4214417274627C4FB7099
  544             mjr		B55E1248ADE6909495BAC7E59946397AE142E6F4
  545           mkoch		BAC54B28D43695E6F2E0BD115923A0082763483B
  546           mlang		7FC1A0854909BCCDBE6C102DDFFC022A6B113E44
  547             mlt		D02D8C0CADBBA69BBF0F6EADB2B05F45D626ABB6
  548        mmagallo		4389F70092A2044E83520EFE7A81833366468D05
  549             mms		D83BFA1F269CFB7B46BD150EE22FD676BE93D2DE
  550         mnencia		FED969C79E6721F57D9552706864730DF095E5E4
  551        mnordstr		737357552CC0B16C4339258FC0A4F11DE06B3F97
  552           modax		9E8CCC49180D6A1500B400881CEF494673EAE214
-=-=-=-=-=-=-=-=-=-=-=-=-=-=-=-=-=-=-=-=-=-=-=-=-=-=-=-=-=-=-=-=-=-=-=
Count      Debian UID		 Key Fingerprint(s)
-=-=-=-=-=-=-=-=-=-=-=-=-=-=-=-=-=-=-=-=-=-=-=-=-=-=-=-=-=-=-=-=-=-=-=
  553         moeller		63F62CC39FC36950BD47797FD605DD9CBE9D5339
  554           mones		CFB7C7796BAEE81C3E0571722C045542C9B55DAC
  555           monga		412390227937157C990177E5846A74DB6538F5BF
  556           mooch		A103263A1923373E122746A06DEA9281DA034410
  557           moray		586377100EB11C2DAD7E1B3EE74D29B82BE16D01
  558        morimura		B3AA8A8AC95EEA2877AA140D6F0B4F8857D68A06
  559        mornfall		16A286B6CA6FC9FA6280C9D5BD099FA292DC02A9
  560           morph		CE3353BB501F115039D0DC2402E93057444DD950
  561         mpalmer		AC17A3ECE2C52DC48898CC4B0449EB4D69351387
  562           mpitt		4D4DC1443D17F705C62319D50DE7276D5E0577F2
  563        mquinson		7B1D105A8FF96B530CDA0C612220BF31E145F334
  564             mrd		A3C693AF5805F46B67D596B2CF153232C24B6010
  565              ms		F369DA7EB08B0320562F5D6BCE04080E9456ADE2
  566         msameer		9F73032EEAC9F7AD951F280ECB668E29A3FD0DF7
  567             msp		51B335E71D4C13261A37E86DA02CDA9F3D08B612
  568          mstone		9593B59FDFCFE9EF220ACDF5A02394B4
  569              mt		467348C85F3A5A9B2B0D169EBF1E9D1F76D52AC4
  570           murat		0D70D69D9D5B00E4E74E674300959FA39C478D49
  571             mvo		EA71B29645974D8B343E821E962483E15662C734
  572            myon		D224C8B07E63A6946DA32E07C5AF774A58510B5A
  573           nacho		B2CE09EA57BD459180DB731299B38CF8E103FC4D
  574          naoliv		8C215F25828DA7C07F462399010C2EA6D9309644
  575             nas		9B3B987BF40E932006190A17A366302EB1DE86CE
  576         nathans		71DFD2B345C267FF2B7F06CE9BC7E5DC74886B63
-=-=-=-=-=-=-=-=-=-=-=-=-=-=-=-=-=-=-=-=-=-=-=-=-=-=-=-=-=-=-=-=-=-=-=
Count      Debian UID		 Key Fingerprint(s)
-=-=-=-=-=-=-=-=-=-=-=-=-=-=-=-=-=-=-=-=-=-=-=-=-=-=-=-=-=-=-=-=-=-=-=
  577        nboullis		C382DF92991C50061204E0C4C26C97906D4FC66F
  578          nduboc		C0D3F2F00CAC142A46239110100952B5F801A743
  579            negm		CFB557734D191507C4B0A38A27FEA5D163E8BE82
  580            neil		9A8DC9566B8148801557A82BEA3FAC90FAEEB4A9
  581           neilm		8217A2055E57043B2883054E7F55BB12A40F862E
  582          nekral		96F7A8CCA87F0EB8349701B25A0A399AEA7CF5AD
  583        netzwurm		C6AEBDCC834C811871A3634176112FBCFCB1DD23
  584      nickrusnov		C4616C2533DABA992A1F0F3C54D4094CF1219B84
  585           nijel		C7DB6D75EEA1FE1BA255EF80DC3552E836E75604
  586            nion		FF46E5655CC1E2E53F69C7391D87E54973647CFF
  587         njordan		807BA7C50D7D81C0C21F1D36775AC806095918D0
  588           noahm		D896D80AC0307F05701ED53562B54B8C11404EC3
  589           nobse		4A6B2543679D43B02B635439AFF4670B0F7A8D01
  590            noel		B79B0A23EB24809BBAEE5DB6F7F0E70F307D56ED
  591         nomeata		314E3B2D605A6EB35A7D8119F628EB934743206C
  592          nonaka		B800BE0B06D78EEBFF980CCF563D7CEC0B191787
  593         noodles		0E3A94C3E83002DAB88CCA1694FA372B2DA8B985
  594         noshiro		756D73EF1C11668A5E495F5C8607903DBDF0AAD0
  595           ntyni		531F3D19816F1AD0E714FEF18B28B3196A072D39
  596          nveber		CF677AECDC3E11621E32AF6AA217C4C35E2EB5B4
  597             nwp		3A6D1E36E58A91CCC372A68E7592489BCC983928
  598            ocsi		63311CAEC24642A4A15DF75079FCCFD2B0458F4D
  599             ogi		BE163E27804772404A070BA9C1FF10DE90D2295F
  600           ohura		54F6D1B12EE181CD65E3A1D3EEA2EFA277DCE083
-=-=-=-=-=-=-=-=-=-=-=-=-=-=-=-=-=-=-=-=-=-=-=-=-=-=-=-=-=-=-=-=-=-=-=
Count      Debian UID		 Key Fingerprint(s)
-=-=-=-=-=-=-=-=-=-=-=-=-=-=-=-=-=-=-=-=-=-=-=-=-=-=-=-=-=-=-=-=-=-=-=
  601           okoli		E6BB7EF8CC4D7FF79D570EAA6042B0B5D3F974DF
  602            olly		08E2400FF7FE8FEDE3ACB52818147B073BAD2B07
  603           omote		5230575778003789D68AFD38E1060E07B25A5CF1
  604          ondrej		CC918F028CDE911A933FAE52F4E66A7CC20DF273
  605          oohara		61428D079C5B159BC1701F4A40D6F42EF464A695
  606            opal		7090A92B18FE79940C364FE418A1B1CF0FE53DD9
  607           osamu		253A40766A3BCCE2A426DEF5E80FC4C1A8061F32
  608          otavio		B7F7F218A0541D2A0BEDBE8BEB70FEF3CDFC6E4F
  609            ovek		E37B9BC2CB44DC419FEA4EE103E18C6B83E5110F
  610              p2		950CA1EA6493A7F64A90AA4D28B295C3F46EADBB
  611            pabs		248D6AB6867130C0D3BD3749E5273D986BE3C423
  612            paco		CDE122BC836DA44098A853D41BD0E4A5D047CDE1
  613            pape		23F41D24FF2C083DB0932EC2189A3241BC70A6FF
  614        paravoid		B52DA49A01409672AD0A972256DCB977C5E95333
  615            pasc		A86D7CED4E8C17F64457FD1ADFEDBB2225BCD5BF
  616          pascal		710F265D7B816542F23CE054D4B7DDF7B16CCA95
  617         patrick		F3A06327D7557480440C458685E8FBFCF0B27113
  618          patryk		DC02BED6463913B817BB6AEC5EC42C53D86A66BA
  619            paul		3C77E7F046F8D3653F3873F2BADBEFA9B4D6DE13
  620         paulliu		DA06F3E341E999EC18C376DDA108FBC534A26946
  621     paulproteus		D00436A90C4BD12002020A3C37E1C17570096AD1
  622          paulvt		B73B7544AA9E528E838E88F9241061CA50064181
  623       paulwaite		7F9E800AFC6BA5928914D71FB5F92902090C3B23
  624             pdm		C9024BD80CFFBE4529EBA711912924FE3DC29B41
-=-=-=-=-=-=-=-=-=-=-=-=-=-=-=-=-=-=-=-=-=-=-=-=-=-=-=-=-=-=-=-=-=-=-=
Count      Debian UID		 Key Fingerprint(s)
-=-=-=-=-=-=-=-=-=-=-=-=-=-=-=-=-=-=-=-=-=-=-=-=-=-=-=-=-=-=-=-=-=-=-=
  625           pelle		1559FABEB1CE464DAB7F2E7178302C4B8DBFEC2F
  626           peloy		31A2171EFA6B051885809BD86A08D37C0B4D63D8
  627            pere		830C56B4125681C54D71CFD1DB4CCC4B2A30D729
  628          petere		975450AAFA49A20BA9C89D714D3C7CA1554FB4C6
  629          peterk		EE93BB17DE3DB89F44CE4ECB92BC94766394265E
  630          peters		640FED1488F41A5ED57183585E4EEC2113D0461D
  631        pfaffben		C2D1AB061656AAC54B5E975485199DE8C6648E90
  632        pfrauenf		EED1F45F51F88622F8D93AFA58B174319DA5CAD8
  633           philh		DFF1415ACE3227FCF20707D6D04BA3A00125D5C0
  634         philipc		8F78131B6ADB80208B8D6F3FE7D0B098E07586B4
  635         philipp		C1A82BE87587215D91EBB015A95C3BECEB88E930
  636          piefel		497DEE4549D1CF9E71C15ACDE569B5E3F30D2F35
  637            piem		BD2A847E2C31BC788631CDE592E0BDE7C6002CBD
  638             pik		9FD010B80BB453D7DCFB6DFB5194830BEC19B378
  639            pini		A0939BCC0AC3134E56B48C91EFE86C6C7FFECF83
  640           piotr		CB085E3F5BC1C2B1B7A0B663074D737EED75F599
  641             pjb		2A404678F51A50F269C792F81DBF071150973B91
  642           pkern		17107DB19A2842FFB6997654ED1A3933B2CFCDD8
  643          plessy		FECC64F84F833C7DB93E213D75897592BAFEC7F2
  644              pm		556054EA47665DE00263CB41603B832661F9CA53
  645        pmachard		B906A53F84E049B66CF782C2B3A02D6623706F87
  646       pmatthaei		1C54FA0D6F0F50647A95BBD3D970398A7A5A6CC7
  647          pmhahn		3F898015C8F3F388BF34FA0560F960A19A540E39
  648           pochu		90750D0B5211C8962AD67137853575EC4A08B2FE
-=-=-=-=-=-=-=-=-=-=-=-=-=-=-=-=-=-=-=-=-=-=-=-=-=-=-=-=-=-=-=-=-=-=-=
Count      Debian UID		 Key Fingerprint(s)
-=-=-=-=-=-=-=-=-=-=-=-=-=-=-=-=-=-=-=-=-=-=-=-=-=-=-=-=-=-=-=-=-=-=-=
  649          pollux		4D1177AEB1A72C80C17F6125B7056B5A8D5F40CB
  650        porridge		35E913449F775F4313DD6423DBF480C602F946FC
  651         pouelle		8577CFA7B9848E580D0079B6CFDA9D8206A7376E
  652        ppatters		DAED39803772421B1AE40F3945458ADCB1E557A0
  653        preining		14DF2E6C0307BE6DAD76A9C0D2BF4AA309C5B094
  654             prh		587D9A3EC1D563EAD4245DDEC79838D0436337DD
  655         profeta		E2860604AA3AA178E04870C36C979FDE44E22ACD
  656        pronovic		1DCB88A1B90EADFE318CEBE4F0E9F6BA3CD95104
  657        prudhomm		370350DE7A9F024E0F260D07A18FB40BD4BE1450
  658         pseelig		097FCE81987DEF60ABB31DBEDCE6289F
  659             psg		97CE866FF57996EE6E68817035FF799E
  660      pstorralba		B9FA855DBE54DE19AD27851F995B17866B3B7323
  661        pvaneynd		7EE290B21E01D6B3A7520B1BD7595D374B729625
  662            pyro		C5B81C4D3C1663B2711E4C28D4D8356166F24521
  663             pzn		9F1F1EBB29A4918D2C5FFB9C39C979637274AA07
  664             qjb		3402EEF894E8977EE450A6A2101564EAD688E0A7
  665           racke		E5520FF2E1383E6928B3A1838E055F139B726B71
  666            radu		F3EFB12B23D9D245B7E4BE6D26431938C9ABFBD3
  667            rafl		E8DC91A1B7BEE5ABC17247EE742F2A428E635A5E
  668             rcp		32F23DB43D709382E58BD19204D147A595E0A1A1
  669             rcw		FFFDBD99A508A2372B26C623F5CE68EB6FF0ABF2
  670         rdonald		C12044371CB52A92D24A63F353EE87606C27DEAB
  671             reg		976448D147ADE1E1E882966C32175C0DC1027A0E
  672           regis		BA1C73EB8400716C5B4659C1544D7BB0B12D595A
-=-=-=-=-=-=-=-=-=-=-=-=-=-=-=-=-=-=-=-=-=-=-=-=-=-=-=-=-=-=-=-=-=-=-=
Count      Debian UID		 Key Fingerprint(s)
-=-=-=-=-=-=-=-=-=-=-=-=-=-=-=-=-=-=-=-=-=-=-=-=-=-=-=-=-=-=-=-=-=-=-=
  673         reichel		F3C7DAC35EE02E9D93DF2CC3B7635728153FF940
  674           remco		C7B709D005F838EF9A48CCBDDAD5A719BCC131DE
  675            rene		E12DEA46750670CFA960801D0AA04571D03E3E70
  676           ressu		22093C53D0FB041CF7B1F908A9B6F730B83D761C
  677      rfrancoise		55591CCF071DE5AD3976D6F0A20376BEC03C56DF
  678        rganesan		F36184F18D8232E71832679815E002BA5D8C12EA
  679            riku		ECF3ADB2B82A839E1404D80489B3EF32CAEAAF03
  680           risko		B59F508B7FE47E6AF06DC9563B43EB18EE0A35C7
  681             rjs		3F437485B057EFEF2F2FA12BE90112A72B05B73A
  682       rkrishnan		CC183BF49D171DA7E11E67D31729F5866A9F3C38
  683             rlb		14DD432FAE39534DB592F9A025C8D3778C7E73A4
  684          rleigh		2BF1D40D92B50C9772C3E2CC55C15C6925BFB848
  685        rmayorga		3CD593CFAF0908BE7C74A8F5BB20AC20E0B7D6BE
  686           rmayr		7FE40DB561ECC645B2F1C847ABB48F0DC3C24BDE
  687       rmgolbeck		1B1B2A873F00A7FB40F3526D36CFBA4478916B84
  688             rmh		8E57F7A8E4B04244C915321B0B5F62A3AAD40AFF
  689         rmurray		70BC7F9D8C60D2265B7076A23760DBCFFD6645AB
  690          robert		AEE01F853E638BAACDF13D184E1875709D309C3B
  691         robertc		92228732859D25CC2560B617867BF9A9FBD3EB8E
  692        robertle		2B12EC0512C01AE25D559F3F4BA00E72145B6966
  693         roberto		5F7FF3A809F5ED55335050318EA3B90CB2B97BB1
  694        robot101		10D77631735FB57CB8D146D85DCADFE13501E6C5
  695         robster		A8ED2F81B1778FFDA9A69A570B0F2929DF81EE83
  696         rodrigo		7C81E60C442E8FBCD9752F4901998318ADC9BC28
-=-=-=-=-=-=-=-=-=-=-=-=-=-=-=-=-=-=-=-=-=-=-=-=-=-=-=-=-=-=-=-=-=-=-=
Count      Debian UID		 Key Fingerprint(s)
-=-=-=-=-=-=-=-=-=-=-=-=-=-=-=-=-=-=-=-=-=-=-=-=-=-=-=-=-=-=-=-=-=-=-=
  697         rogerso		F2C341368FB175020C0C01B10E5937AC98FAA0AD
  698          roktas		2061020BA49CB3F7810815D09C0E389B3FD25C84
  699          roland		3A6324104B40422D11111D2C3BBFCF77BD8B050D
  700             ron		8A306ED1C122B4D524D05137A780421C68021CE4
  701            ross		1A21F5B0D8D0CFE381D4E25A2D09E447D0B433DF
  702           rotty		C38A39C516D7B69F33A3699322C827F735A992E7
  703        rousseau		535E3696356979F4932CB7443F4A8A8FE07F1CF9
  704           rover		BF811C95882BE1C26562772D7C811013F5C9708D
  705             rra		18CFB0C8368A36A886F566A2F985E3400AFC7476
  706         rsahlen		6BE8E83BFB4EB1C2BA074CBDDF1B0378
  707            rudi		0FDF0F1869C2AA24B45F1691A84F709AEDD3D779
  708            rudy		0D128537607E2DF54EFB35A7550F1A003433BD21
  709           ruoso		4FD0E8B755CA8EF008DC9FE11D7365A755815D42
  710             rvr		BEB43CCC0725E024F531D1DD43148E6D18EA3457
  711          rweber		E807B151497DFFBF88F8C846CCF0D5379F223683
  712            ryan		F97AD64AF267663837B603C032286FF8F69C6AC5
  713           sacha		7285A1EBA8633EE26BB23D41FDDAB37AD935CEBA
  714           salve		D3B2A3F5E9EBBDE6A245AA4A212B306C9396865D
  715            samj		BD486B9E4BFAA792CEC5FD7D0EBD65E13C093EEF
  716            samo		DDF8B22B71418194DB94817A2CEBF138D91EE369
  717        santiago		38214FB5774A611D31E4B268414B84236FECCDE0
  718         sanvila		D54C3BFAFFB042DE382DA5D741CE7F0B9F1B8B32
  719            sasa		45CFB559828180918469CACDDB71AEFCABA0E8B2
  720         sathieu		F607B30B062EA443D33C70E0396DA361FE5F1D7F
-=-=-=-=-=-=-=-=-=-=-=-=-=-=-=-=-=-=-=-=-=-=-=-=-=-=-=-=-=-=-=-=-=-=-=
Count      Debian UID		 Key Fingerprint(s)
-=-=-=-=-=-=-=-=-=-=-=-=-=-=-=-=-=-=-=-=-=-=-=-=-=-=-=-=-=-=-=-=-=-=-=
  721      scheffczyk		E91E9F5E01866C52F431333420258B8FA2E31632
  722        schepler		83C28932B64F1A4EE8A2D7C9342DCB0320021490
  723         schimmi		4E68B38EFDB08F638D97F1671D40E113E62B2C45
  724          schizo		2100A32C46F895AF3A08783AF6D3495BB0AE9A02
  725          schlue		2B653B348212337FB37E585A79D9469400E0D054
  726         schmitz		818AE6055310CEB65B08D8C48C7DD3254F6A478E
  727      schoenfeld		E372BEC0BF6FD89A111005364CA23313A2D8F6BF
  728        schultmc		BAE0340127D536AD2CB12FE09EC002FE1C9CA517
  729           sdier		CF67D67A398CD0B8723431C4C97425FBAE4B5D92
  730             sdt		663BD5D71E1C4AB4CD254A3AA975987B1F9FA7EE
  731          seamus		D85B36267C65069E446022FDA1231035532005DA
  732         seanius		F6FB223148A9B50C68D718ECCA78CB3E6E76D81D
  733             seb		06BD0E92721EA1C6AA4D9F2889980D29C0DDC83F
  734          seb128		E02EFEF54EC6289E6740D61C431A3CEDA2D7D292
  735           segre		B66CD97ACE820575D38E8B7B79B0126693701EEF
  736           sesse		AD8254B339CE673A1406FD075CA450DE52B7487E
  737              sf		A7AC14ACE268FDCC4F8572C96F17A5AFC1F24EA4
  738          sfrost		A729217BE6787B582E88A1D5AF380C3EA0779228
  739        sgolovan		2CA20F848E5C29E3E410438221C747D36A461052
  740           sgran		F3438FD50F2EAAF9215502DE49820C1CEA59038E
  741         shachar		DA7DEC9171418446027A2EFC83C07215CDBDBCE2
  742           shaka		0FA6DCF3C1B87FC2E637B9D4EE50AA3CDD81604C
  743         sharkey		608B549B779A8DAAED28FEF1725525032224FABC
  744          sharky		190E48D751174F42ABAC4DD7E2624966A269D927
-=-=-=-=-=-=-=-=-=-=-=-=-=-=-=-=-=-=-=-=-=-=-=-=-=-=-=-=-=-=-=-=-=-=-=
Count      Debian UID		 Key Fingerprint(s)
-=-=-=-=-=-=-=-=-=-=-=-=-=-=-=-=-=-=-=-=-=-=-=-=-=-=-=-=-=-=-=-=-=-=-=
  745         shlomme		190200025DFC856BF146894C7CC5451EA244C858
  746             sho		5C809377432D6157DDF52D5D055C4B35FFFFFFFE
  747           shugo		EEA16E29E9EEE8297499CD796771A2CC718329DC
  748        siretart		93005DC27E876C37ED7BCA9A98083544945348A4
  749        sjackman		8C8D51FB2E4A38ED4ECDFBA9BC5758175230514A
  750          sjoerd		36CB6E311236B81B3A38054B81377E4A8768B1D2
  751             sjq		F934244D4E26DBDEC9EFBFB721319B944C1A5BE5
  752             sjr		040EB5F784F14FBCCEADADC618A0CC8D5706A4B4
  753             skx		DB1FF3FB1D08FC01ED222243C0CFC6B3CD4C0D9D
  754           slomo		08A90EF89D192196F445097006C05D875BE41F21
  755        smarenka		C51BCC4F505F3F8C1C114EDF54A33827B62849B3
  756            smcv		DA98F25C0871C49A59EAFF2C4DE8FF2A63C7CC90
  757         smimram		52F6FEBCA7B91895F1B6D35A21A7B53B800969EF
  758             smr		5ED7B15389C4ED210E8B7F3DD22D9B3D21DB31C5
  759           smurf		2A111B38C4DB23BFA7C7E19DF3E85400D70AAFF9
  760           sonne		8B229447DCEBD1872719CA977F36CF55AA87AA77
  761             spa		709197B8927DAB9F40255A7BCE84E8E795A4F1D6
  762       spaillard		37241D81BA263AAF93D0B432DFF738C2D16CFBA2
  763         spectra		BC01034DF16542306AD22BC5184452FA268A084D
  764         srittau		B4BC4D674EDE9802F9A74C17714E66B4496A1827
  765        srivasta		E37E5EC52A01DA25AD2005B6CF489438C5779A1C
  766             srk		269322E7D9255916E0394DD628FC869A289B82B7
  767             ssm		1CB293CA7D0C4C341B8CCDF340E354D9FA26E2EE
  768        stappers		32690A0477DA7273BE3F731339220D6E0C1AFFBB
-=-=-=-=-=-=-=-=-=-=-=-=-=-=-=-=-=-=-=-=-=-=-=-=-=-=-=-=-=-=-=-=-=-=-=
Count      Debian UID		 Key Fingerprint(s)
-=-=-=-=-=-=-=-=-=-=-=-=-=-=-=-=-=-=-=-=-=-=-=-=-=-=-=-=-=-=-=-=-=-=-=
  769          steinm		F883D8A8FB042D6731BD635D8A1D99BF0D7CA701
  770           steve		445D0A1210E44A0B7352570E1258534C37EC7A69
  771         stevegr		12EDD7B538F5198A4EC4DDBA76266C50FBB1DB53
  772         stevenk		DB107BC21687426E7AC8BB2309F07408C87FFC2F
  773            stew		388CA6A59711576C814CBD495ECAFB00A3AE44A4
  774       sthibault		9D503A830A1498F7C1E125794565D58245140A6D
  775          stigge		9328CDA73EF53AC1CDF93A8B71A1FF601BF8DE0F
  776             sto		29DF544F1BD9548C8F1586EF6770052BB8C1FA69
  777           stone		2CD6C838BE77795F5EF13E5BDA91EE7BA58E164F
  778         stratus		190852B94A166EC274D1C03BEDFB700537155778
  779            sune		5CE8ADFA1FDD9DEA6E21DCE19CCBDA1601FA8B4A
  780         susumuo		8C45D3765B3907517FA5F866DEEC8C09DE415B0E
  781            sven		3FFE8447F65F659664906B530DCB394414D4060B
  782       sylvestre		DEE63CAACE54B9B27DDCD34A88E5D733DD899610
  783           synrg		395CF3A435D3D24713872D9E5A94F3CA0B2713C8
  784            tach		94769E52D436D58B260CA7DD40D716CFE909CDEE
  785         taggart		339FF8F4DEEFC8AAC77E5D1E1E4F6649EA291785
  786          takaki		EE6D92883D87EA33A343B1CBCA53F1F68A15CC49
  787            tale		08505F45081052B18F5E5022E53B8AA696552D63
  788             tao		7ACE0FB07A74F9949B36E1D1D14E8526DC47CA16
  789            taru		09F05D7A2BB04E77A73C9F84D523A6E660062884
  790            tats		D01B58C3153169A387EABB2E815E0B3EFA4C5298
  791              tb		A7676E0D4B855C1318128733A8CB01F5BE9F70EA
  792             tbm		F849E2025D1C194DE62BC6C829BE5D2268FD549F
-=-=-=-=-=-=-=-=-=-=-=-=-=-=-=-=-=-=-=-=-=-=-=-=-=-=-=-=-=-=-=-=-=-=-=
Count      Debian UID		 Key Fingerprint(s)
-=-=-=-=-=-=-=-=-=-=-=-=-=-=-=-=-=-=-=-=-=-=-=-=-=-=-=-=-=-=-=-=-=-=-=
  793             tca		D1820E3CCB05255CCD9855988143F7EEA5E43EA3
  794        terminus		FF13C2E9F9C3DF547C4FEAC1F675AAE2D2AB2220
  795        terpstra		0E8944762B0B3F32B56A4043BCBBC495718A9256
  796          tfheen		A28411A596193171331802C0B65A4871CA19D717
  797              tg		9031955E7A97A4FDA32B2B8676B534B2E99007E0
  798             tgg		4B74F71B1C2272344249BF53CF62D79438E68E0E
  799             thb		26C536DCA9AB1F3F640EE0308771348338015E7E
  800            thep		CAD2453DC41A3AACD4864D27AA0CD1EED08B47FE
  801           thijs		E0D3FAAA6F50A5DA9D5B293833961588E1C21845
  802            thom		1C5DFCF9DDBE01F6ABA9CB36B5679467473F7EFA
  803        thorvald		F8919C6A91DC3A35AE1CC0BFF09B1EEDDEBA6F3E
  804           tiago		C42623B760FA5999693F0782690D6214A504FECA
  805           tille		6D2EB3CAF6BCD06EEF42247F60305B31C09FD35A
  806             tim		3CDA0ACDA97EC01795A90243951F892C7FED549B
  807            timo		E6A88BA0D28A362930A9899F82D7DF6DFC7F6D0F
  808            timr		1BD5D97CDF5356070609A880583CA816CD98B20A
  809          tincho		D32A5C3A81B85406ED96EF81696436BF575D0A76
  810        tjhukkan		828781B3AF3430F1687EAF6454C24FB53B0BB9A9
  811           tjrc1		5BA68CD42C5798246638C06616E2F4F5FC81E159
  812        tmancill		F9881A2097179B7679ED6D06A5DC0190F972BE03
  813           toddy		D544C042A1FBD77E71983B23DD45D40015E2AFD6
  814          tokkee		EF0D277FACAF0159BBBDDEB510510A738501C7FC
  815         tolimar		46CDD2920692D5A28F812E48071774E000D8CD16
  816            toma		D75CE26A13D756EA480838C63ED7095569C0FA93
-=-=-=-=-=-=-=-=-=-=-=-=-=-=-=-=-=-=-=-=-=-=-=-=-=-=-=-=-=-=-=-=-=-=-=
Count      Debian UID		 Key Fingerprint(s)
-=-=-=-=-=-=-=-=-=-=-=-=-=-=-=-=-=-=-=-=-=-=-=-=-=-=-=-=-=-=-=-=-=-=-=
  817        tomasera		D11E8FF816BCDF5F4EAA8EC61BBABE1EB4A0DE89
  818           tomfa		DC7B94537F261BF96B219F90C18773559FE8D504
  819            toni		58A3037655F27B947763BD2D7E8114A075CB1AD2
  820           toots		6C608C2D20FCD4624A97D1089EE43746DE599800
  821         torsten		820F6308F2B08DA24D3EC20E750807B5551BE447
  822             tpo		549A598550F2C6DB416F287C9EF854EDFC992520
  823          treacy		E922FC882675BF57E8CF5BDF13EE25B5E4B724A4
  824         treinen		8C9B3B90A68C53FD57568BFFB735A649E0BA04C1
  825           troup		9BF093BC475BABF8B6AEA5F6D7C3F131AB2A91F5
  826           troyh		55AB31F837A4104C9C3D7F2740EAFD0BE19F188E
  827        tschmidt		F5A8E22B74F721C380A352AA73DF8DAB0A327652
  828        ttroxell		31B8BF834898E26D19354C5DE2EDE84371473F66
  829           turbo		B5EF402B69E791432461ED189A55B33CA71C1E00
  830         twerner		A698CD7FC5ED63FE985273C27D8DDD89C4CF8EC3
  831           tytso		52C344D60D02CD9B07031447ED3A39E393674C40
  832         tzafrir		2BBBA14DDD49D5F38C105F01C40AD676437D328B
  833            ucko		BC5E69E0AA883F5BD0DCBFE558D0B1B227572C47
  834          uhoreg		96C5012F5F74A5F71FF75291AF29C719124B61FA
  835       ultrotter		4C951CEC98B44B68A286FF458489B14D8807529B
  836           unera		1B23D4F88EC0D9020555E438AB8C00CFF8E26537
  837             uwe		0F3C34D1E4A38FC6435C01BA5DD5685778D621B4
  838         vagrant		093E70A1D8CF980259EBE04303042BF0E3BF6C78
  839         vanicat		7AA19755336C6D0B8757E393B0E198D79057B5D3
  840         varenet		E67C0D43A75E12A5BB1CFA2F1E32C3DAB7D2F063
-=-=-=-=-=-=-=-=-=-=-=-=-=-=-=-=-=-=-=-=-=-=-=-=-=-=-=-=-=-=-=-=-=-=-=
Count      Debian UID		 Key Fingerprint(s)
-=-=-=-=-=-=-=-=-=-=-=-=-=-=-=-=-=-=-=-=-=-=-=-=-=-=-=-=-=-=-=-=-=-=-=
  841           varun		2B98FD5F51A353E7A92198553C415250CC453197
  842        vdanjean		FC9508A6854DDB484B9A8A940BF778679D025E87
  843            vela		48B484D197DD75FB5727B665A9B62CEAC42B63CA
  844         venthur		8795AF2E4A1A4EFBA068A4498E889544D985000D
  845           viiru		BE86399AF0B45EB2AE7FEBFB43DFE22488DC167A
  846           vince		4100B65052BF970E4F1F9867894C303CEBE31EF5
  847             vlm		0BA3FF69645D021DE0542DC4E28450F601D3AB93
  848          vorlon		A7400F5A48FB42B8CEE8638B5759F35001AA4A64
  849            waja		935E449D2B0843E4FF6CE510F6EE83B9DF901724
  850           waldi		887C1B4BC121A3137D1FC04D2E4008227F4E0E11
  851     warmenhoven		89AFA298E9CCD21216603EC604B7317054AD21B5
  852            wart		705A4C887A366A4E6A12CE5AB8CA331F10726171
  853             wdg		0CA24B9714437CBD3628A341FE87DFAD2C0FCD1A
  854          weasel		5B00C96D5D54AEE1206BAF84DE7AAF6E94C09C7F
  855            wehe		ACA7C89DD03B52EA7F72AD9A4E8E6FC013282FF2
  856          werner		F8CB9B2230C25F2B113D2F3DC3DE75AE036BAB8D
  857           white		208B682510093F2ED295E34EEB6CD6C5893FAD07
  858          wijnen		98E5F9F30D3E63B7F3247065152865FB627CCF95
  859            will		FA91956AA3DB251EF0B5AC3E96FF6FE4244ACFB7
  860           willy		38FAA231A84DE7C5724850CC2218C81E8E7C03FF
  861          winnie		63EB6E8B13022EC3A02E9DDFCE09B6E9B913143A
  862             wjl		41352A3B4726ACC590940097F0A98A4C4CD6E3D2
  863          wookey		655426C9FA10C1D1D3D199C221672570174FEE35
  864          wouter		42671013F94A0ABEB4CE9B6D3DFC2C62AF79D29E
-=-=-=-=-=-=-=-=-=-=-=-=-=-=-=-=-=-=-=-=-=-=-=-=-=-=-=-=-=-=-=-=-=-=-=
Count      Debian UID		 Key Fingerprint(s)
-=-=-=-=-=-=-=-=-=-=-=-=-=-=-=-=-=-=-=-=-=-=-=-=-=-=-=-=-=-=-=-=-=-=-=
  865           xaiki		68177B2B2BF382F8C499CB98CF953E76C24B9018
  866             xam		308E81E7B97963BCA0E6ED889D5BD511B7CDA2DC
  867          xavier		FF7A33E79EF3EB2426E86868DCF8D65B03F35988
  868         xerakko		85A006FD9A6C470127C25536353350CA580808C4
  869          xluthi		C2ABED7E865F60C176C47757813FE83A74974824
  870         xoswald		938DD7156915886096794A0CA430C6AA88BBB51E
  871           xtifr		EE0559E5AAFACFF002CF03DB2E55226B
  872        yaegashi		864EEF5DE946DE3814D4D2D46FEA7E2656F06D01
  873             ygh		071405537C103CFE2FB44F6D28D3E82917E57327
  874             yoh		3BB6E1240643A6156F0068548D11456375C024C8
  875        yooseong		A801E1F5D96433F6B20A1EDB0A19648B2AE7444E
  876           yoush		19A5031044F274AA16761CFDBF7C793AC9132DDB
  877         yyabuki		DB64AF5C43741E43FA8737AB6692F138ED430BBA
  878            zack		8156FBF93EC1D872722D3632D5CA9B04F2C423BC
  879             zed		7408AB6A97DE9850A9F3817348F47C58D61C6283
  880        zinoviev		F6A14116E18FB6B8B43EA18324FD5E649BF42B07
  881           zobel		5DB31301375AA50F07E7302F493EFB8E5D64F870
  882         zorglub		866D7D6CC6B07DA82660738CAD26ED82A6C805B9
  883            zoso		D41C9A3FC7CD67574808A01585880AE5BD540EC1
  884           zufus		0416EDEF91138372D4970EE78745DD787582C21A
  885       zugschlus		A3C282024F979BAD6ED484D18196A5446BBA3C84
  886           zumbi		E90F0889545E78C82A9DE74EAF2283AA76E2AC7B
