This is TeX, Version 3.14159 (Web2C 7.3.1) (format=latex 2000.2.28)  13 MAR 2000 21:32
**card.tex
(card.tex
LaTeX2e <1998/12/01> patch level 1
Babel <v3.6x> and hyphenation patterns for american, french, german, ngerman, s
panish, nohyphenation, loaded.
(/usr/share/texmf/tex/latex/base/article.cls
Document Class: article 1999/01/07 v1.4a Standard LaTeX document class
(/usr/share/texmf/tex/latex/base/size11.clo
File: size11.clo 1999/01/07 v1.4a Standard LaTeX file (size option)
)
\c@part=\count79
\c@section=\count80
\c@subsection=\count81
\c@subsubsection=\count82
\c@paragraph=\count83
\c@subparagraph=\count84
\c@figure=\count85
\c@table=\count86
\abovecaptionskip=\skip41
\belowcaptionskip=\skip42
\bibindent=\dimen102
)
(/usr/share/texmf/tex/latex/graphics/graphicx.sty
Package: graphicx 1999/02/16 v1.0f Enhanced LaTeX Graphics (DPC,SPQR)

(/usr/share/texmf/tex/latex/graphics/keyval.sty
Package: keyval 1999/03/16 v1.13 key=value parser (DPC)
\KV@toks@=\toks14
)
(/usr/share/texmf/tex/latex/graphics/graphics.sty
Package: graphics 1999/02/16 v1.0l Standard LaTeX Graphics (DPC,SPQR)

(/usr/share/texmf/tex/latex/graphics/trig.sty
Package: trig 1999/03/16 v1.09 sin cos tan (DPC)
)
(/usr/share/texmf/tex/latex/config/graphics.cfg)
Package graphics Info: Driver file: dvips.def on input line 80.

(/usr/share/texmf/tex/latex/graphics/dvips.def
File: dvips.def 1999/02/16 v3.0i Driver-dependant file (DPC,SPQR)
))
\Gin@req@height=\dimen103
\Gin@req@width=\dimen104
)
(/usr/share/texmf/tex/latex/psnfss/times.sty
Package: times 1999/03/29 PSNFSS v.7.2 Times font as default roman : S Rahtz
) (card.aux)
\openout1 = `card.aux'.

LaTeX Font Info:    Checking defaults for OML/cmm/m/it on input line 91.
LaTeX Font Info:    ... okay on input line 91.
LaTeX Font Info:    Checking defaults for T1/cmr/m/n on input line 91.
LaTeX Font Info:    ... okay on input line 91.
LaTeX Font Info:    Checking defaults for OT1/cmr/m/n on input line 91.
LaTeX Font Info:    ... okay on input line 91.
LaTeX Font Info:    Checking defaults for OMS/cmsy/m/n on input line 91.
LaTeX Font Info:    ... okay on input line 91.
LaTeX Font Info:    Checking defaults for OMX/cmex/m/n on input line 91.
LaTeX Font Info:    ... okay on input line 91.
LaTeX Font Info:    Checking defaults for U/cmr/m/n on input line 91.
LaTeX Font Info:    ... okay on input line 91.
LaTeX Font Info:    Try loading font information for OT1+ptm on input line 91.

(/usr/share/texmf/tex/latex/psnfss/ot1ptm.fd
File: ot1ptm.fd 1998/07/06 Fontinst v1.800 font definitions for OT1/ptm.
)
LaTeX Font Info:    Try loading font information for OT1+phv on input line 146.


(/usr/share/texmf/tex/latex/psnfss/ot1phv.fd
File: ot1phv.fd 1998/07/06 Fontinst v1.800 font definitions for OT1/phv.
)
File: ./bottle.eps Graphic file (type eps)
 <./bottle.eps>
LaTeX Font Info:    Try loading font information for OT1+pcr on input line 146.


(/usr/share/texmf/tex/latex/psnfss/ot1pcr.fd
File: ot1pcr.fd 1998/07/06 Fontinst v1.800 font definitions for OT1/pcr.
)
File: ./bottle.eps Graphic file (type eps)
 <./bottle.eps>
File: ./bottle.eps Graphic file (type eps)
 <./bottle.eps>
File: ./bottle.eps Graphic file (type eps)

<./bottle.eps>
File: ./bottle.eps Graphic file (type eps)
 <./bottle.eps>
File: ./bottle.eps Graphic file (type eps)
 <./bottle.eps>
File: ./bottle.eps Graphic file (type eps)
 <./bottle.eps>
File: ./bottle.eps Graphic file (type eps)
 <./bottle.eps>
File: ./bottle.eps Graphic file (type eps)

<./bottle.eps>
File: ./bottle.eps Graphic file (type eps)
 <./bottle.eps>
Overfull \hbox (17.56639pt too wide) in paragraph at lines 147--148
[][] 
 []

[1

] (card.aux) ) 
Here is how much of TeX's memory you used:
 632 strings out of 10898
 7090 string characters out of 72508
 54658 words of memory out of 263001
 3611 multiletter control sequences out of 10000+0
 8397 words of font info for 24 fonts, out of 400000 for 1000
 14 hyphenation exceptions out of 1000
 25i,7n,31p,199b,240s stack positions out of 300i,100n,500p,50000b,4000s

Output written on card.dvi (1 page, 5152 bytes).
