-=-=-=-=-=-=-=-=-=-=-=-=-=-=-=-=-=-=-=-=-=-=-=-=-=-=-=-=-=-=-=-=-=-=-=
Count      Debian UID		 Key Fingerprint(s)
-=-=-=-=-=-=-=-=-=-=-=-=-=-=-=-=-=-=-=-=-=-=-=-=-=-=-=-=-=-=-=-=-=-=-=
    1           93sam		CEBB52301D617E910390FE16587979573442684E
    2             aba		E820094883974FDC3CD00EC699D399A1EC36A185
    3             abe		F067EA2726B9C3FC1486202EC09E1D8995930EDE
    4             abi		75D8908EBD35E31D94D102EF10557B83807CAC25
    5          absurd		1CCFF5B3A16607D3FF6E2212CC254778F28CD102
    6            acid		5361BD40015B74382739101A611BA9508B78A5C2
    7         acornet		EA7DC27F2742024DFB1E8293B24F9D802225848E
    8           adamm		B7DF3C4162808B749627DA84EF7FDB35D6806145
    9        adconrad		C8B2CB3E322549BB5ED20002BE3CED47C6CEA0C9
   10         adejong		198DA17E5B2523BF88B6F7D45586A7DF9F8D08A7
   11        adeodato		7F9AD2ADCD3737FD60FD0A114F1A998EDA6AE621
   12             adn		E751A687D8EE4EC30922C4A5394DC5910ED704EA
   13            adsb		7203630E2C8E727251684FEBC5CE5DC2C542CD59
   14             aeb		72E5703144142EB6F6B44CBD1181703204880A44
   15        afayolle		A9F7C81F531A6D888F81203A2E5FDBE0DF67A55E
   16              ag		2FC3907C20D963EBB234D023236C60C665B4B162
   17             agi		978204E72B75405CF5E90C81C514AF8E4BA401C3
   18        agmartin		01E721217DAFB63CA00A039C58C670084597A593
   19           agney		4B6DC72F824DCF3B75AE64790FDF48D659B957AE
   20             agx		FBDF66F84CAC5E588EC477E49FCF2CCD3F3E6426
   21              ah		7451CC902F5601DBD4D678F572043670BDE5F1EE
   22            ahs3		1C778E9F923F843174A72CE5B28EBE4FBA98E15D
   23        aigarius		0E9781D69B8816F286F572CE3330A21567209BDE
   24             ajk		7579786D41105F4A4D4436911EC237D9534584E8
-=-=-=-=-=-=-=-=-=-=-=-=-=-=-=-=-=-=-=-=-=-=-=-=-=-=-=-=-=-=-=-=-=-=-=
Count      Debian UID		 Key Fingerprint(s)
-=-=-=-=-=-=-=-=-=-=-=-=-=-=-=-=-=-=-=-=-=-=-=-=-=-=-=-=-=-=-=-=-=-=-=
   25         ajmitch		1149DCAB4F2F17C6C458DC7F82091D9A5921B5D8
   26          ajqlee		47E4BB6FF629245E311677E79D0633E1B6250985
   27             ajt		C135F6A86D8F7D25F040E7B43B17BC742A4E3EAA
   28           akira		2A0DD68A657843B60C72C59B5F3931A6E213F1A0
   29          akumar		466FDDBF10560F509CDE3A4C7A8F49E8B63480BE
   30           alain		CF0B10589F1D97102CAD3F858CEEB259B3C281F4
   31            alee		D4199C0239C6A5AFBE2E97AA464DE301B74952A9
   32       alejandro		F6A7EF7E468870C66B37A8EFF6B09645B24BF200
   33         alerios		12DAD00150FDB751A32CED19A1BCBB2F306CDFF3
   34         alessio		04160004A8276E40BB9890FBE8A48AE5311D765A
   35            alex		3A3ECA3B63E3B1AB24F31BC435FECD3FEB380BE6
   36       alexander		7BC3013F8489FADC424A07B9141138DDA3E45D66
   37           alexp		8B325F49B8A5F2039A837E9CF9CA01D5E26A6F28
   38            alfs		55D640C2AE41CF92C4DC8804B9A81DDEB19B4B16
   39        algernon		10E65DC045EABEFCC5193A26AC1E90BAC433F68F
   40         aloiret		05BF5B00A17A5B32117FF7361DE4F44021275CC4
   41        alteholz		36E2EDDEC21FEC8F77B87436D362B62A54B99890
   42        amacater		F3FA275213277904846DC0DE3233C127E93ADE7B
   43           amaya		395DE808BEADD7215E8220513450ED513FCC2A90
   44          amejia		2655978EA053D586597FE5D63FB9C78A53C854DF
   45        ametzler		BCF71345BE42B5B81A57EE091D339C658B8D7663
   46             ana		7A33ECAA188B96F27C917288B3464F896AA15948
   47         anarcat		8DC901CE64146C048AD50FBB792152527B75921E
   48            anbe		EBF30A30A8D9C63BDA44C6945FB33F9359E9ED08
-=-=-=-=-=-=-=-=-=-=-=-=-=-=-=-=-=-=-=-=-=-=-=-=-=-=-=-=-=-=-=-=-=-=-=
Count      Debian UID		 Key Fingerprint(s)
-=-=-=-=-=-=-=-=-=-=-=-=-=-=-=-=-=-=-=-=-=-=-=-=-=-=-=-=-=-=-=-=-=-=-=
   49             and		45C75861BE88634A0CD2905CB0A2F1A9B3E6122C
   50        anderson		0791D3B89A4C2CDCA31FBD030A62E53437A79149
   51            andi		938A5CEE1E290DE255D9AC98B01FEA84617B586D
   52         andreas		ADEE56831C993257F41DA3F2F20FAC0B7B8357E5
   53          andree		226D697EFF42A4AC7317C40688BBD7DDBD88CDAC
   54        andrelop		A0C1A28E76270AAB1A57D2385B8FE2F59D1B82F6
   55        andrewsh		782130B4C9944247977B82FD6EA4D2311A2D268D
   56           anfra		5C8CEBFC806DAA3C2B6BC0BF05048A9B631B4819
   57        angdraug		902B5C62E28D59F0F860C39AC61A895E85EE3E0E
   58           angel		EBF6080D59D4008ADF4700D4098DAE47EE3BC279
   59          anibal		C6045C813887B77C2DFF97A57C56ACFE947897D8
   60          ansgar		80E976F14A508A48E9CA3FE9BC372252CA1CF964
   61         antonio		1B65C26BDA0A507B8E342E69E93ABC69A7BE5AB0
   62        apeeters		EFD432E05C0B10950669743D032570844D2313D5
   63        apollock		5B702496CFA6A507239C2D7951DFD93B3EFB79EF
   64          appaji		BF813A99E07CD0F8653D9666A8D2CD13AA544AA1
   65             apw		BB1838728F40B7E63BFCD67AE52707E90485EFCD
   66         aquette		137107DF3CF391607905144BDB6414CA204DDF1B
   67              ar		BADAB1EEB153F414CFA505F4AEEC6E7302754958
   68            ardo		274110CCBCD0DFDF7591B3E583B4B2DC119A098F
   69             ari		1998FD821B7124F525B25133888220B87E798989
   70           arjan		B9829452CAE00CFAFBF4D1635002EFB1962E3890
   71           arnau		D792B8A5A567B001C3422613BDF2A2205E3619D3
   72            arno		3BE9A67148F348F23E1E2076C72B51EE9D80F36D
-=-=-=-=-=-=-=-=-=-=-=-=-=-=-=-=-=-=-=-=-=-=-=-=-=-=-=-=-=-=-=-=-=-=-=
Count      Debian UID		 Key Fingerprint(s)
-=-=-=-=-=-=-=-=-=-=-=-=-=-=-=-=-=-=-=-=-=-=-=-=-=-=-=-=-=-=-=-=-=-=-=
   73         aroldan		0EE927C955F192E43809B852D8E0724BB29396EB
   74            aron		3A9E7D149697510A3E37CD95C38E8160A17841FE
   75       arthurliu		95908AA6E4F7BAA78BD6C148F1A69BE429C0FFEE
   76            asac		4215EA5BBDDA4DD48A7AA125BFCA4B38A824B93F
   77             asb		6EB223D7D71E67A53C93A7DA3B56E2BBD53FDCB1
   78             ash		F9F86E60FB2C0EA422BF025F9C10DDE4C6A2EB7E
   79           asias		E0FD6DAE7C51262FDAE6A28B7174A18FAAA7A078
   80         atterer		08A97B7D3D133EF23D25D15779E6F6DC888354F7
   81         aurel32		4B7D218817B6F67C582DCFB0C376A8DAF1BCDB73
   82        avtobiff		3A2A7ED9122EA05132225996B188AE5579F492F8
   83             awm		F6E0FA5CF0307507BB23A512EAFCFEBF8FEB8EBF
   84       awoodland		F00F67C10AC612F5418B01975098021C70518078
   85              az		DACF8509A3CAA24DC5FEA588A72FF66C42BD645D
   86        azekulic		091B93CF28AD65C2B76C9F23FF666668B9FD8238
   87             bab		925CCE050B76EBBC96375FE731036EC736B861C1
   88          bahner		076531CE6223B28C1A644F7A99727C1454ECB8AF
   89        ballombe		4940AE28C5F8E8A35E4D8D287833ECF1B5444815
   90             bam		8847D2F7662095A869D0C2CF9C84EE1AB9D02636
   91            bame		C83EDA064DA5138578C7B9598DD404FF7ED87D57
   92             bap		3755EE8A783F3493A8FF2C8F2F3E069EFEC23FB2
   93           baran		DDBE8A2373481CA7FC9156CC8F3B66A6FC494FC4
   94         barbier		AC1185A49C0BE1F8180D3B07F118B5951E161AFB
   95           bartm		65A12DF4FE31AD6BAC4D76AE3355F4D63B5821CC
   96          baruch		F9ED8708BE1AF04829275FBD1C26ABEAAB474598
-=-=-=-=-=-=-=-=-=-=-=-=-=-=-=-=-=-=-=-=-=-=-=-=-=-=-=-=-=-=-=-=-=-=-=
Count      Debian UID		 Key Fingerprint(s)
-=-=-=-=-=-=-=-=-=-=-=-=-=-=-=-=-=-=-=-=-=-=-=-=-=-=-=-=-=-=-=-=-=-=-=
   97             bas		C1F5F24CD5143FEC8BF6A2B12BAEE41F0644FAB7
   98           bayle		65D7B7CA2B95916F71BE26144F1E0907AEBCE71F
   99         bcwhite		D20D5E7E7BDA7633BEA14A9F67708B14E1C142B1
  100           bdale		8470F20B062592187CBA7BB33A936196C095D941
  101       bdefreese		6F1F40039E09BD7A8099C5F3E48B65B54B394F7E
  102          bdrung		A62D2CFBD50B9B5BF360D54B159EB5C4EFC8774C
  103          behanw		6DE006ED5430A503940ED685BAC78EE5DBA50595
  104             ben		3ECB3F9C7D589FCBC939F86D54F52A8713AB03A7
  105          bencer		93AEA3727846B14E0DB38B65589A903470EB0FCE
  106          bengen		6619634A0F5DB23F6A5FFB6D5028272F3FD29468
  107            benh		AC2B29BD34A6AFDDB3F68F35E7BFC8EC95861109
  108        benjamin		D77D6312932FA19CF9CDB8517AFF4B3AC34AA484
  109          bernat		AEF2348766F371C689A7360095A42FE8353525F9
  110          bertol		92720B065DB1A9EEF89001FD3E7434397DD9018D
  111            beuc		7394AA3C690660115ED878E672595EB181704B93
  112            bg66		A8B90F6902FD86E7D339C9A6FA96A148004DA6B4
  113         bgoglin		23F194455C8CB97C983FE504461F3C17C3DC59FA
  114           biebl		09B3AC2ECB169C904345CC546AE1DF0D608F22DC
  115           bigon		7E0ED3D2B34A03B15F9F3121C7F7F9660D82A682
  116         bigpaul		69A5548C414511168CA92CB594483FA354DB33D3
  117      blackxored		99E8E74E7B4F93AEF32A552399730D5C8A9A3084
  118           blade		E6EB98E2B8858FF06C045C1DE106481EEDF008C5
  119         blarson		D5D098AFB14363734F4178618351C3C268AC5746
  120             bod		52D5B1593D7FD9146A5A63071C7C41EDEBDDBB60
-=-=-=-=-=-=-=-=-=-=-=-=-=-=-=-=-=-=-=-=-=-=-=-=-=-=-=-=-=-=-=-=-=-=-=
Count      Debian UID		 Key Fingerprint(s)
-=-=-=-=-=-=-=-=-=-=-=-=-=-=-=-=-=-=-=-=-=-=-=-=-=-=-=-=-=-=-=-=-=-=-=
  121         bossekr		5202EA4B6946AE85149A9BB0376941AB835EB2FF
  122         bottoms		3D16272FA73AF5B1F91B5D8C9306C9BCDAF1054C
  123          boutil		30414D81DC28290C25686DE3DA4958F611E149E9
  124         bpellin		B67ACB32C21FC4FE6EDEC08175E1C1E9710F68E2
  125            brad		E114EC83721B6D205D7E16B04BFDBDA66045FB1E
  126       bradsmith		D20172742FE1A92AC45CEFAB8F70629AC718D347
  127         branden		1573D54473C3988F00963E4FEA4C661F2B46A27C
  128         bremner		815B63982A79F8E7C72786C4762B57BB784206AD
  129          brianr		578A87BDBE6D8A04DF7A6EB30D46FE7CD21DF495
  130        bridgett		38378E6102542A8BBF7475959E86D9142C9ED607
  131          brlink		F8AC04D50B9B064B3383C3DAAFFC96D1151DFFDC
  132         broonie		3F2568AAC26998F9E813A1C5C3F436CA30F5D8EB
  133         brother		BDDB667058EE6756BBAA28B196DD4846A3D2357B
  134              bs		D930653A114193BFB8F6163E20D6688259EF5DBC
  135             btb		79982CB0635F170ADFE9643DB5E01C5DE678D1A1
  136         bubulle		D5C2F9BFCA128BBA22A77218872F702C4D6E25A8
  137         bureado		7C1081B53C566C78AC7D3A2D51602C8D005C3B82
  138            bzed		ECA1E3F28E112432D485DD95EB36171A6FF9435F
  139           cajus		672319F7F7E1EBAF268E1343B7289B27FED8F826
  140          calvin		A97746CDF7094611A44D27FA781C250432EC6F3E
  141            camm		F1B068F9933AAC362A30A7957331B5C057F045DC
  142        camrdale		FF0784FEE439DA85CAF1EA950F1F76E20D2036AD
  143        capriott		7D9BD9F6F21953332D1DC4F9E283C86878398A01
  144           carey		5A98FF2242DC75277ADE7A58252CC4C873D446C2
-=-=-=-=-=-=-=-=-=-=-=-=-=-=-=-=-=-=-=-=-=-=-=-=-=-=-=-=-=-=-=-=-=-=-=
Count      Debian UID		 Key Fingerprint(s)
-=-=-=-=-=-=-=-=-=-=-=-=-=-=-=-=-=-=-=-=-=-=-=-=-=-=-=-=-=-=-=-=-=-=-=
  145          carnil		04A4407CB9142C23030C17AE789D6F057FD863FE
  146          caroll		86233022C12B6ECFC90A400785045872DA83FD56
  147         carsten		B638FD9E5E6B184FCF9E2363329465A24F1FC85D
  148             cas		96747EE24AC6F5EF3C5752C3EC326810CD5626F0
  149        cascardo		DF813B226DD39A2C530F6F7D0ABA650372FD9571
  150            cate		B7A728128390BBB21AC66F9EF9935424B1DF9A57
  151         cavedon		C62F5124B8950ADBF7F3AB4C13C0B5667A38B0B0
  152           cavok		3A0F2F80F79C678A89364FEE06779033A20EBC50
  153         ccheney		2D31192787D71F249FF91BC5D1065AB38E384AF2
  154            cech		0163FBB25BF0E1C8E530944CD152FFDAD06A8654
  155          cedric		995F58995A9D3DED9D473DD56E69973CF7E8BC63
  156        cespedes		8574F8F3947725F5B339896D7A95A5B988784703
  157             cgb		C7F61E9C32910EADCB8E55987806CD6F133108EA
  158              ch		0AA3E8791D82F59E77A40096911F4AE686A118E6
  159          chaica		DD34BB88EFB7DE735C77597C0270A2758CD736E2
  160          chrisb		5F0D82B343AECAD8BB0B5D19C39E74E049E3ACD3
  161          chrish		BE3D5AF7470A183F0E518C339A8DBEF268396FD2
  162          chrism		911B1763C60865377DF4018081E56287B5CE5497
  163        chrissie		F3A06327D7557480440C458685E8FBFCF0B27113
  164       christine		FBE01342FCEFD379D3DCE61764959FE9838DF19C
  165       christoph		9FED5C6CE206B70A585770CA965522B9D49AE731
  166        chrisvdb		E79467F1B907425355D9067E7ECDAD406C0084FC
  167        chrsmrtn		6C4486ED6D66999F4CCAB79C53E8165BEBEDB32B
  168        cjwatson		AC0A4FF12611B6FCCF01C111393587D97D86500B
-=-=-=-=-=-=-=-=-=-=-=-=-=-=-=-=-=-=-=-=-=-=-=-=-=-=-=-=-=-=-=-=-=-=-=
Count      Debian UID		 Key Fingerprint(s)
-=-=-=-=-=-=-=-=-=-=-=-=-=-=-=-=-=-=-=-=-=-=-=-=-=-=-=-=-=-=-=-=-=-=-=
  169           cklin		B5963B24A9B200B55CDB636CAAAEC012DD0F6268
  170        clameter		88462A803BAE94ED94BA98DCD29BBFFC442E63C2
  171        claviola		3BE16591C78C2AA431DDAEEF640602273516D372
  172           cleto		1FC9AF77380C91A8545F4CE24933DAB400EF5DFB
  173           clint		2100A32C46F895AF3A08783AF6D3495BB0AE9A02
  174           clown		4B50F1E3080C21A291F48BF0CD603B5A2ECF984B
  175             cmb		C3267C307B6DFBF86BA89107462E80ACB7D86E0F
  176             cmc		FA59358BA580CA386695714FCEB14A7A1DDC990D
  177        codehelp		7F71C1E9C78E735D0360C6CCF167E43C8143B682
  178          colint		188E8DA35D18B6913848325C8F638F961B3045CE
  179            cord		767C80485684A391A1576818EF653E8D5AF4C462
  180          corsac		4510DCB57ED4704060C6647630550F7871EF0BA8
  181         costela		8AE6CDFF6535192FB5B659212262D36F7ADF9466
  182           coven		DB0DF889C81596F203DF0C5104E76310EFC18770
  183          cowboy		684A1F8DC9BBE0DFF3168C9F015427E3A4B47676
  184             cph		424626C56C4AA9DB11194C07E3AA82D81B352C01
  185        cristian		745ECE2B47D405CB9342FEFF80F7DBDCCF4D32E4
  186          csmall		5D2FB320B825D93904D205193938F96BDF50FEA5
  187         csurchi		D1E29A9D17120E948671834E0CFF30E126257B68
  188         ctaylor		664EA5A523AFF245748FE1992E9354A1A9FD4821
  189             cts		20F49C926AA6C046F2B05F0885672E5DDDA51280
  190           cupis		716E40B5BEBE5B231C7E17F6233B8A57E4875FF9
  191           curan		060096CEF3C8E733E5B61587A309D76CE1DE59D2
  192          cworth		FA6925548C9AC52C311B4A9DE890DD36AF2A4968
-=-=-=-=-=-=-=-=-=-=-=-=-=-=-=-=-=-=-=-=-=-=-=-=-=-=-=-=-=-=-=-=-=-=-=
Count      Debian UID		 Key Fingerprint(s)
-=-=-=-=-=-=-=-=-=-=-=-=-=-=-=-=-=-=-=-=-=-=-=-=-=-=-=-=-=-=-=-=-=-=-=
  193           cwryu		5F6EC41CE863A6C519953A5B01B47334E0D49E99
  194             cyb		5E045B0EA831824D9E5F58716754891DEAAC62DF
  195         daenzer		B09FAF35BE914521980951145A81AF8E6ADBB200
  196             daf		3798CF214178565EFDE7480BA43E6D27128287E8
  197             dai		0B29D88E42E6B765B8D8EA507839619DD439668E
  198           daigo		17C558FC44F27E08DDF13BBC35C3E3FAE91CD250
  199          dajobe		F879F0DEDA780198DD08DC6443EC92504F71955A
  200           damog		6EF6C284C95D78F60B78FFD3981C5FD7C671257D
  201           danai		2D9353BFB3CEFFA531AA4BF76436436109F34024
  202          dancer		183A70FC47321B8757A5CE82D8377D4EE81E55C1
  203         danchev		1AE77C660A265BFFDF225D551C570C890E4BD0AB
  204           dannf		09F47DBF2D32EEDC2443EBEE1BF83C5E54FC8640
  205             dap		F36251F76D5185EBAF6875B9D29B1AFCF90FFFE5
  206           dapal		2BABC6254E66E7B8450AC3E1E6AA90171392B174
  207            dave		B030A2BC56A866CFA492E49B29E14F99391B3928
  208          davidc		A3602018526B3DFF52BEE5AAB0F7E8C60FCC27C6
  209         dbugger		F3A12880BCF7F8047C39B29E292A35920034C733
  210        dburrows		07FB533591FD5ACC4CBC5DBF721EB1B0CEE44978
  211         debacle		E93E504310EF5D5F5D64E1EBFB13343857E3E888
  212       debalance		671925C5B8CDE74A52253DF9E5CA8C4925E4205F
  213         decklin		55782B782151EEB381717DE6B8824687F1968D1B
  214            deek		7102808A7733C2F3097B161B9222DAB89840105A
  215          deepak		4BEBFC6A62FC0CB40E10F2CEC4D1681A7F217B01
  216        delaunay		08BA6695BF3358B0935624DCAE77E041B9D56A91
-=-=-=-=-=-=-=-=-=-=-=-=-=-=-=-=-=-=-=-=-=-=-=-=-=-=-=-=-=-=-=-=-=-=-=
Count      Debian UID		 Key Fingerprint(s)
-=-=-=-=-=-=-=-=-=-=-=-=-=-=-=-=-=-=-=-=-=-=-=-=-=-=-=-=-=-=-=-=-=-=-=
  217          dererk		A6C7B88B9583046A11C5403E0B00FB6CEBE2D002
  218             des		1E0849A352646367675AD4897D08E5236EB95A6F
  219           devin		13E7199EDD1E65F089052E435395CA0DE9ABFCD2
  220          dexter		56B4B786A62D3EA134CF264C84C1C77BC0B10A5B
  221        dilinger		5D4272A835DA48D030B0392B3A65F019CFD42F26
  222            dima		38841253CD2BCA0BB3432E9F35FC9EEA97AA33D6
  223         diocles		0862E74AAD81B2F26170064438734D7787901452
  224       directhex		C10B0C427181A34B1BC5FEDDC90F9CB90E1FAD0C
  225          dirson		42384696F272C9882A01DB8A575B95B25C33C1B8
  226           djpig		EFFDC2C90B84664F14B3096E41B9F4E85B713DF0
  227             dkg		0EE5BE979282D80B9F7540F1CCD2ED94D21739E9
  228       dktrkranz		DDC53E5130FD08223F98945649086AD3EBE2F31F
  229             dld		4AC29C6152C82353307E4BDEC39FFC6F55A410A0
  230           dlehn		F52701E6467CAC15EDC9F9273C8408581A3B48DE
  231        dleidert		B5E7DDCA01B39BEE841B1E199B46F1FB088F6B8C
  232         dmartin		6D77976A392AEE47CA4331D3A3F5DC7342000462
  233             dmn		AEA0C44ECB056E93630D9D33DBBE9D4D99D2A004
  234        dnusinow		F2E1D6829607241FE54C12A8C8B7E935D63469DF
  235             dod		9F7239FCB664F10B33E9DC03C31F4FD949AB2B6C
  236            doko		2DA00A3E65263CACE706175A4AD9516B0F932C9C
  237             dom		117644DFC579B6DD3E710CB5633B85285178E2A5
  238         domibel		9B6432712BA2149AAA03CD481800A1F8B351A900
  239             don		2AD865BA26040F67F9CC3660A2D13001D98C0FBA
  240          doogie		AD46C888F587F8A3A6DA32618A2C7DC28BD4A489
-=-=-=-=-=-=-=-=-=-=-=-=-=-=-=-=-=-=-=-=-=-=-=-=-=-=-=-=-=-=-=-=-=-=-=
Count      Debian UID		 Key Fingerprint(s)
-=-=-=-=-=-=-=-=-=-=-=-=-=-=-=-=-=-=-=-=-=-=-=-=-=-=-=-=-=-=-=-=-=-=-=
  241           dopey		F42F871071C27603A56F16184FDEC6E7E160649A
  242       dottedmag		A8DF13269E5D9A38E57CFAC29D20F6503E338888
  243        dparsons		A110EAE1D7D280765FE0EC0AB6CE704164124E4A
  244         drazzib		B3C1A1178EF9C84C6FC7FC1C75E20CCD33E749FC
  245        dreamind		A681868486470C5D79B9A59D8B9D310A97C398CB
  246        dsilvers		19568523759E2A2858F4606B3CCEBABE206C3B69
  247            duck		6ADD5093AC6D1072C9129000B1CCD97290267086
  248         dwatson		5FDBB1BE9B31D3A8298172850DE8799EA7D6AE79
  249              dz		3CEDBDC64F23BEDAF4892445147F1AEA2DB65596
  250             ean		1C977AFDCD9B00F2BC509A088C09994F6E48A047
  251              ed		E959DBA0092A7AD23F41500E7649D1C5B4A4E070
  252             edd		344C9EC6707AFA176FE260B1099491F791B0D3B7
  253        edelhard		DD2937062B8D22A8DEA2C302941C86926F222F1F
  254         edmonds		73FE5760EBEA331FC39F83E7769FBF4873014091
  255          eevans		CEC86BB4A0BA9D0F90397CAEF8358FA2F2833C93
  256          eichin		345EAE92AEFDE9FBDE0395C317E92B42206F8A04
  257       eighthave		5E61C8780F86295CE17D86779F0FE587374BBE81
  258            eike		753636FE62768F94785D2042C3F8A3A26A8333C6
  259          elbrus		58B66D48736BE93B052DE6729C5C99EB05BD750A
  260             elf		E39685B176DB94BE4CE9A40F57E8CE072EAE5D2D
  261          ellert		EA1830AFDF4D431AD9E11452E8AEC2FF3BE1A94B
  262            eloy		AC3A464ADF876468F63DCCB2F8D31F49DEB0EC31
  263             ema		DEE850F81C5AF8208DD629D30BA0EE03EAF19B60
  264           emfox		7E74053E142DB9CC313111B8F8C41B2CF7142EC2
-=-=-=-=-=-=-=-=-=-=-=-=-=-=-=-=-=-=-=-=-=-=-=-=-=-=-=-=-=-=-=-=-=-=-=
Count      Debian UID		 Key Fingerprint(s)
-=-=-=-=-=-=-=-=-=-=-=-=-=-=-=-=-=-=-=-=-=-=-=-=-=-=-=-=-=-=-=-=-=-=-=
  265        emschwar		FAA6D8592F0BAED7C3329F7AEBAD6E5CBAC59E39
  266           ender		48C4D999F69A4615AF5F28535ACFC4840D62001B
  267          enrico		66B4DFB68CB24EBBD8650BC4F4B4B0CC797EBFAB
  268        eppesuig		43AAF8E27A0E57F4DC7FFD022207C594EC97089D
  269            eric		097C4861993427A08E1C2B0A61E98ECF16D970C6
  270           erich		6073C8748488BCDAA6A9B7619ED078EF4B3A135C
  271            erik		1C6E77A082DA2EDBD1B125B498C99E8BDB898410
  272           eriks		0DAFEEA41C0CFD21111B5C3FC007DEBB30825345
  273           erinn		8738A680B84B3031A630F2DB416F061063FEE659
  274            etbe		D51E60CA98996009F1A4B4CDC2B079FCF5C75256
  275           etobi		26C0976C594BE3C7A5A392DDF7180D26AEDAA642
  276           eugen		DCB911B6BEDF8F3C089B9E6429A0BAFB39A8CCE2
  277            evan		A9EBB297CD4424F81CF269A850AA7015A876F581
  278          evgeni		0C04F8720963ADC9AA83882B24A01418AC15B50C
  279             evo		E5D870FFBB267D90D52C56B5347A7D93176015ED
  280           fabbe		A74A703C8FC9198EB12DD83DEFA55436964199E2
  281        fabbione		3EEECE2D3F83E4D423551223842CDB7A44779E18
  282            fabo		CEE06509A9D42D28D2573EA88CF535F66AA572F7
  283            falk		6AA2ABD3C802094EF1FF283BD386DEE262EEAD8B
  284             faw		C2E3EBF1F6E8092F55269A970A300ED090E5CA46
  285           fenio		42B8C61FF6EACE10BCBAFAE9850BA2DE13FEFC40
  286          fgeyer		164C70512F7929476764AB56FE22C6FD83135D45
  287              fh		F9AB00C13E3A8125DD3FDF1CDF79A374B4071A65
  288          filipe		BDC59E6BC8E3B139DAF07E6998A15B3EA6BA423E
-=-=-=-=-=-=-=-=-=-=-=-=-=-=-=-=-=-=-=-=-=-=-=-=-=-=-=-=-=-=-=-=-=-=-=
Count      Debian UID		 Key Fingerprint(s)
-=-=-=-=-=-=-=-=-=-=-=-=-=-=-=-=-=-=-=-=-=-=-=-=-=-=-=-=-=-=-=-=-=-=-=
  289         filippo		22D52C906D6677F159F10030001CDE6A6B79D401
  290          flimsy		96B05A4725393FEDC181A3A3726C2995383F25B5
  291             flo		86079AD8227425A11AF9B4D151ACF6AD75BE8097
  292         florian		34F879978BC103F09C43F3D7B3753E4D514B3E7C
  293             fog		697807F613F7E0A359D1FF95BDC0A0AE06468DEB
  294            foka		E5A68A91A15FE9A1241473DE2DAF2A666D67F790
  295        formorer		CC992DDDD39E75B0B0AAB25CD35BBC99BC7D020A
  296        fourmond		1EBA24A7DAAE662C6FF34B37C7F521C122B282CA
  297         fpeters		7149147DF2F46AE03D556E3B2AE901E5C70218D2
  298          franam		503641CC7DDE2F3D19F851CB4CB7C22F0E2B1756
  299       francisco		CF682F046496EFEA663C24419A953C82556ABA51
  300          franck		C10ED1D0EF700A2ACACF9A3CC490534E75C089FE
  301        francois		8C470B2A0B31568E110D432516281F2E007C98D1
  302           frank		25C0E61BDC474BA7204E62F5FB1B3D632252FA1A
  303         frankie		92E42D44336FDF91550823D5A4535199E9F2C747
  304           freee		0AA4EABAF45D81DF35E90F9771A9C91A57159E59
  305            frob		1FFBF62CFFAB43DDDC81F6AEDAF7350A7EBBD625
  306              fs		E4E44DEECDA10D901DD99DA4EA7ED2A341954920
  307        fsateler		218EE0362033C87B6C135FA4A3BABAE2408DD6CF
  308            fsfs		30B23C8B4E6A3B09EAA6B65212973B6E72DC07B5
  309             fst		976E747F499C458015CBC0BF7EDE8735DC426429
  310           fuddl		1B954398F362AD2DC5E6718BBAB12CF0C7C58F7C
  311            fuji		D4024AF37488165BCC3441477F0CD922EE4C26E8
  312              fw		C8D3D9CFFA9E70563F32FA54BF7BFF0402D524BE
-=-=-=-=-=-=-=-=-=-=-=-=-=-=-=-=-=-=-=-=-=-=-=-=-=-=-=-=-=-=-=-=-=-=-=
Count      Debian UID		 Key Fingerprint(s)
-=-=-=-=-=-=-=-=-=-=-=-=-=-=-=-=-=-=-=-=-=-=-=-=-=-=-=-=-=-=-=-=-=-=-=
  313         garabik		9AF5D8B0862D2224400768DF501409C6A0FE58B8
  314          garden		19D5773DE17EB7D5C1CB87B763D2D5D907F89BB8
  315  gareuselesinge		60D04388E3853643807B9507EE491C3E0123F2F2
  316         gaudenz		836E4F81EFBBADA7085279BFA97A7702BAF91EF5
  317             gcs		A7ADD22D796EA275C7C9D1033036AD8EA51A4FDD
  318          geiger		D73EEDEC8D5CBE955D9BC6AAD696CA8660B6B958
  319        geissert		84DAEA2133802516C38106F7632E3DAD46D9CE5A
  320        georgesk		3F9902038EBCC061F16D2AA19DF99BDA11691130
  321             ghe		498639DAD152050B46999A7166DB5A3626F020F7
  322           ghedo		A4F455C3414B10563FCC9244AFA51BD6CDE573CB
  323        ghostbar		3E7D4267AFD524072A3720AC38A0AD5BCACAB118
  324          gildor		DEC45F25277079F50ED0841F47BE58A24A3CB85A
  325             gio		82D119A840C6EFCA6F5AF9459EDCC991D9AB457E
  326         giskard		7961298678142F4C15D2191282F0707088D224B6
  327           gismo		C331BA3F75FB723B5873785B06EAA066E397832F
  328           gladk		BBBD45EA818AB86FF67E7285D3E17383CFA7FF06
  329        glandium		182E161D1130B9FCCD7DB167E42AA04FA6AA8C72
  330        glaubitz		62FF8A7584E029569546000674263B37F5B5F913
  331          glaweh		B733A61DFE90985905ED4B218233A6D22D2F75EF
  332        gleydson		BC8103B7B2891227A02E675AA56BC3DF985BA281
  333          glondu		58EB0999C64E897EE894B8037853DA4D49881AD3
  334          gniibe		124124BD3B4862AF7A0A42F100B45EBD4CA7BABE
  335         godisch		D363691F1C4E70D71B9E07DE84E64AA009FC015C
  336         goedson		20FCAD60E8C8D2EB064A8F5BEED8D4CC1DEB8EAE
-=-=-=-=-=-=-=-=-=-=-=-=-=-=-=-=-=-=-=-=-=-=-=-=-=-=-=-=-=-=-=-=-=-=-=
Count      Debian UID		 Key Fingerprint(s)
-=-=-=-=-=-=-=-=-=-=-=-=-=-=-=-=-=-=-=-=-=-=-=-=-=-=-=-=-=-=-=-=-=-=-=
  337          goneri		D3BC65BB48B11DA8BC8A5C88B0A4C5A437D9412C
  338           gotom		44A9EDF44076706A22B761A0A88A9AB0864826C3
  339              gq		04B59D90DF7CC2ABCD49BAEACA87E9E82AAC33F1
  340         grantma		C1A1C3F1135DBE0936705CE3C44E5FFC1335C3A2
  341          gregoa		D1E1316E93A760A8104D85FABB3A68018649AA06
  342          greuff		01FA29EF7F5666A86596C50143225D698FC03128
  343            gris		8B94819C255570A374B62CCD26E3C875A74420EF
  344           grisu		3CAB9397E835E2E95289A0C0F85EBF46258D8781
  345         guillem		6AAA6732BBA3157CB1522E71B96F5C899D928C9B
  346        guoliang		2B7F82AF50DADDE16B6F486D82B5B40868C097BC
  347             gus		24D6980A17E05B155DED1F1D83FFC87BD02F8773
  348          guterm		E7C65AA9EA49291F7781577F3606C51455BFD024
  349            guus		F18823A1E6E6759102CD850E0312E8C35D8CDA7B
  350           gwolf		AB41C1C68AFD668CA045EBF8673A03E4C1DB921F
  351            haas		9B26F48E6F2B0A3F7E33E6B7095E77C579CC6586
  352           hakan		5F760FDECF30A6206A6F82DD01BB5D753DE37DC0
  353          hallon		DC6C12B4698D0D907C54380ED115D067AA5FD7AC
  354           halls		BE88B4B38D1F6639580FCCEE7B199D131997E7CF
  355          hamish		79D417AFF510BE814C308BCDDF45A8055D07E95C
  356        harshula		B6DFFF2AEEE316B030F2B4D18D55C80D3430D100
  357        hartmans		39272F04C8E560DC056CE2F3FC8D76733C86260F
  358          hattas		9C0712D92B0C8978C547B98BB72D2AB365B328C6
  359        hazelsct		D54D1AEEB11CCE9BA02BC5DD526F01E8564EE4B6
  360              he		0C2CE3E83489599A75EF115698EE733A9DE1EEB1
-=-=-=-=-=-=-=-=-=-=-=-=-=-=-=-=-=-=-=-=-=-=-=-=-=-=-=-=-=-=-=-=-=-=-=
Count      Debian UID		 Key Fingerprint(s)
-=-=-=-=-=-=-=-=-=-=-=-=-=-=-=-=-=-=-=-=-=-=-=-=-=-=-=-=-=-=-=-=-=-=-=
  361          hecker		C3CF4178B8AD5871DD100B17CC1332317C796B7D
  362          hector		E1BA871DA5EA78F3FCBDBA5B330B038B6C63746D
  363           helen		B7938AC2CC488357C29939C2DDE35CF15653C9C4
  364         henrich		58E1222F9696C885A3CD104C5D328D082AAAB140
  365         hertzog		3E4FB7117877F589DBCF06D6E619045DF2AC729A
  366             hmh		54225C61F6B706FB7E043738EE25DE3F1CDB0FE3
  367         hoexter		7C0717F9FA2B2B9D788B141BA6DC24D9DA2493D1
  368          holger		B8BF54137B09D35CF026FE9D091AB856069AAA1C
  369        holmgren		CD0AE4537C92D81065061B7093B991367D61E3E6
  370           honey		057F5FF9577DA76DCC2168E7306C483AFF1F7A5C
  371           horms		B2F9C5E313771B0DC8B0F6B503C0023E05410E97
  372          hsteoh		20AD5478A0BC68434A0508A4060C4E63B071C40A
  373             hug		210E1CD0A6A31386914A14510953ED7BAD69A1CB
  374          huggie		021A833AD2A1015C00103BC9310765FBDF5CE2B4
  375        hyperair		12E0D09DFB3FF7F759D36ED0FBD5225B588752A1
  376         iamfuzz		2A62FCF3BBE867727440369C9258A798513F86CD
  377            ianb		AF6CC0F11E74424BBCD5481440ECC154A8BAC1EA
  378            ianw		446ECB19D158C53D263691D058395253F829E9E7
  379           igloo		C3ED6F9C2E5B4CFA6030E409EB7CBAA680C83E8E
  380          ijones		414EAC7008BC7BC4836E7CA604B3D367B2B831A2
  381             iko		2123906893F464530847785D1144E4ADA7228C38
  382            ingo		B2A37622D32A0D1CCE3F3DF2E17AD7B5090DD8D5
  383       intrigeri		1152BF136B7A1B1C49FCA659BACE15D2A57498FF
  384        ishikawa		A7DBB59A4268DDF2276035947E2F30EEECA94FA8
-=-=-=-=-=-=-=-=-=-=-=-=-=-=-=-=-=-=-=-=-=-=-=-=-=-=-=-=-=-=-=-=-=-=-=
Count      Debian UID		 Key Fingerprint(s)
-=-=-=-=-=-=-=-=-=-=-=-=-=-=-=-=-=-=-=-=-=-=-=-=-=-=-=-=-=-=-=-=-=-=-=
  385        iuculano		AB92A49538EF7A0EC816A997371A69E3AE3BE9AA
  386          iustin		CB94E3AA3B1755D61EBB19A5F66E3E419F84F4DE
  387            ivan		68CB5B3A48FC18F17D79A94681872F9B54C1C1C9
  388           ivodd		F07D9E73D66E69748C1626CD824294CD0217E8D8
  389        iwamatsu		5E629EE5232197357B84CF4332247FBB40AD1FA6
  390             iwj		559AE46C2D6B6D3265E7CBA1E3E3392348B50D39
  391             jab		D5D39EFC140AB9FF953572D76B37E8DD34B36856
  392          jackyf		7CE3D0F2EE36C94FAEF6139C721A2B30C154998C
  393           jaime		51C915494C030E7F2150F1F0111E3AA0BFBCC985
  394             jak		D9D9754A4BBA2E7D0A0AC024AC2A5FFE00823EC2
  395         jaldhar		48DFD0003BE71FF8D9C15832DA460E47EE6DC66A
  396        jamessan		FB46A48FF8D28AEA1F9A9F490DBDD4A661326D40
  397         jamuraa		87F192C444AA4105B1C4EDECD9959620C00E9159
  398             jan		3641E48643825A1340E7EB439C851C72F12DA065
  399           jandd		B2FF1D95CE8F7A22DF4CF09BA73E0055558FB8DD
  400           janos		ED856FB82F9DA804C678D9959E509C93D26DF9D3
  401             jaq		F2296392EC63C9A7F5B0E809E6EF68372CFD1C38
  402          jaqque		D8C64C2CE88EE5CF873716C4ADE94F6507799E74
  403           jason		5028E73900DC3E7BDE6C6ED6EDC63044925288BE
  404        jaybonci		7DF3D4B58EAD38D84E554E3B68530A812B47DCDE
  405         jbailey		DCAF16D5BB56B970A8F9EC88E4CE6199D0980A99
  406       jbelmonte		784F4E389A576829378B105BE4D7E0EA4C40410A
  407        jbernard		D966CBDB8E2975D02B1F1633C004F6035912C27E
  408          jbouse		C745FA3527B432A691B33935D573D5B129AB4CDD
-=-=-=-=-=-=-=-=-=-=-=-=-=-=-=-=-=-=-=-=-=-=-=-=-=-=-=-=-=-=-=-=-=-=-=
Count      Debian UID		 Key Fingerprint(s)
-=-=-=-=-=-=-=-=-=-=-=-=-=-=-=-=-=-=-=-=-=-=-=-=-=-=-=-=-=-=-=-=-=-=-=
  409        jcorbier		49B286EB0461CEAC2E347CC516AD84C0641323B1
  410        jcristau		7B27A3F1A6E18CD9588B4AE8310180050905E40C
  411         jdassen		CC8FDD82CB19DDD31FCC52EB03E1C1D917BA45CE
  412             jdg		96711FD81FCA6831282D6F7A0D4E7DC3FDB4E459
  413             jeb		859120FE0D9FA6A5B054C775AEC828749D85C53C
  414           jello		73173B093B03CFB85108AD14B11BD919079A3B98
  415          jelmer		DC837EE14A7E37347E87061700806F2BD729A457
  416          jenner		4F032C3CACA0C02D9BB218E3D203CCA5FDA6B6A9
  417          jeroen		D9E45378D0F9E4B20622D299976B884B0813569F
  418           jewel		325A3DD1F8D5E51C5D1D83725EB9E72A228A3AE4
  419             jfs		86AADB04D2F5CC553A4D940FB1A9DD82DC814B09
  420        jgoerzen		276D7B77B69B756C7CB68669DD29F88442839ED3
  421              jh		03F39777FE54A8F65545EBFBCA07E61412AA1DB8
  422         jhasler		4274595ED5466A250D8E847D73401E35B4FBDAA5
  423         jhirche		3C4D08BDE22F1DEDEDA3251B1D3C025FE7DFC3B7
  424             jhr		79A045FB6FC78F80CE0FED32E083EC151231C465
  425           jimmy		46B65063C267884B1282170F751AB5DDA79679CC
  426             jjr		16D2E421C2C9B60E9DC466AB5430209C4DD7CC93
  427          jlines		A87F09E8B4C54890B17A6DF41F126539964685E7
  428         jluebbe		1B25F91F9E7B5D4F128202D68A838BE4D8480F2E
  429         jmarler		15F9573925428D361188CDF49E2B9967C33F126D
  430       jmaslibre		B3ED4984F65A9AE06511DAF4756BEB4B70D8FB2A
  431             jmm		CA4FD469C047165A1A55CCD75E6DEF1C4E2ECA5A
  432            jmtd		E037CB2A1A0061B943363C8B0907409606AAAAAA
-=-=-=-=-=-=-=-=-=-=-=-=-=-=-=-=-=-=-=-=-=-=-=-=-=-=-=-=-=-=-=-=-=-=-=
Count      Debian UID		 Key Fingerprint(s)
-=-=-=-=-=-=-=-=-=-=-=-=-=-=-=-=-=-=-=-=-=-=-=-=-=-=-=-=-=-=-=-=-=-=-=
  433             jmw		0A55B7C51223394286EC74C35394479DD3524C51
  434          jochen		61A90CB8CE09966D0741880BD1F857D18FE8733D
  435            joel		9F4BD7806EF45700778D8B220064F9FFBB845E97
  436           joerg		FBFABDB541B5DC955BD9BA6EDB16CF5BB12525C4
  437            joey		B53FE57BD0C1F689FCE256235B9AA5F8801EA932
  438           joeyh		E85A5F63B31D24C1EBF0D81CC910D9222512E3C7
  439          johfel		477C8339D36D766ED853201C8359193BFDCB09C4
  440           johnf		AB74DDFD5B64218A7D5998F361C749B1C77828D4
  441           johns		A4626CBAFF376039D2D7554497BA9CE761A0963B
  442             jon		B8F572F14CC831F9013F7B1E8E62E7F764011A8B
  443           jonny		A4FA7977AA06AFA87D33380781812383AD289755
  444         joostvb		B8FAC2E250475B8CE940A91957930DAB0B86B067
  445           jordi		73ED4244FD43588620AC2644258494BA917A225E
  446           josem		B5644BBB97419F11A461719D39A237CB2809E61A
  447           joshk		3F3787880D85019456F741CBA3882EBF78446F26
  448            joss		8C62F78F73041328C670C347AD295AE1D75F8533
  449         joussen		7A10EB66D499C62996CD88C2307B5229D2A6B810
  450             joy		741B5485DB27D5CDC6E75D4D8D29AB07711AE871
  451        jredrejo		4491BB79CD5AD94A66814B0C9AA551D966A90DE2
  452        jrnieder		521E58F17E96D712AA0FF102DFC671EEB333FA25
  453              js		9FE3E9C36691A69FF53CC6842C7C3146C1A00121
  454             jsa		87FCDA315F00C8850DC3E28FBD0D4B33A997BA7A
  455           jsogo		B06B023FEAA637DC1E62B0794BE0582590788E11
  456             jsw		8FEFE900783CF175827C2F65D14219877A786561
-=-=-=-=-=-=-=-=-=-=-=-=-=-=-=-=-=-=-=-=-=-=-=-=-=-=-=-=-=-=-=-=-=-=-=
Count      Debian UID		 Key Fingerprint(s)
-=-=-=-=-=-=-=-=-=-=-=-=-=-=-=-=-=-=-=-=-=-=-=-=-=-=-=-=-=-=-=-=-=-=-=
  457          juanma		FCA1A9FEC037B51928CF9FC2E361D392B0AA8450
  458          julian		C2C8904E314CD8FA041D9B00D5FDFC156168BF60
  459          julien		E1D8579682144687E416948C859FEF67258E26B1
  460           jurij		7F2D53CD4470EC43B966EBFF8E379CB4C99E03CC
  461           jwilk		CDB5A1243ACDB63009AD07212D4EB3A6015475F5
  462           kaare		5E5C4B0E1AFD7325CF66500F962680C5305A9418
  463            kabi		B9B99D73B04756F9FDDF98A91885AD387D42F16E
  464           kalfa		0DBD8FCC4F6B8D418F4363A1E43B153CCB467E27
  465           kamal		73EE922658C2E07340EA9613E7F710555409E422
  466           kamop		2D2B6C13DB888AD4F69FDCD73A0A01731BAE93B9
  467            kaol		348DE846F4789BC17FBDD2B079897DE7DDC0B70D
  468           kapil		F160CBB903C8425D4BBA79F4491F8FDA5416E5B8
  469          kaplan		C644D0B392F48FE44662B5411558944599E81DA0
  470         kapouer		03C4E7ABB880F524306E48156611C05EDD39F374
  471           karlb		2C1D962605F9CE4B1EB06BF07CC114CB9C6D5E59
  472          kartik		190A8C7607743E3130603836A1183F8ED1028C8D
  473             kay		A73547ECD87B1F15C1E953D3AA036173A723E391
  474         kcoyner		FA7FB8C09F87C4A0482F4A86EBB31A62C85D8F71
  475             kcr		198F5EAE4F00F3D1E9A7BC50B1CA92E8A7D86B95
  476            kees		A5C3F68F229DD60F723E6E138972F4DFDC6DC026
  477          keithp		3B31C0AD093B6CCD3C6381CE429F015B096C4DD3
  478         kelbert		058963931BFCABEDBEB2091E640E642E2F2F0CDE
  479          keving		C6EA9EA1442B7F369645F89DF3AC49989AD13245
  480          keybuk		8D2D1F62A4AC9A22FEFCB0DC21EC4FDC84AD676C
-=-=-=-=-=-=-=-=-=-=-=-=-=-=-=-=-=-=-=-=-=-=-=-=-=-=-=-=-=-=-=-=-=-=-=
Count      Debian UID		 Key Fingerprint(s)
-=-=-=-=-=-=-=-=-=-=-=-=-=-=-=-=-=-=-=-=-=-=-=-=-=-=-=-=-=-=-=-=-=-=-=
  481          khalid		1FEA0251FD47DBF5A4062BE7950118DBA895B621
  482           khkim		7DB291A3CA1BE7078065B873F36D89424DB97694
  483            kibi		33B18B87928138D4E7AE88FF7867D53C747935DD
  484          kilian		75FFFC9F717B526296A20609BDD933B785FEC17F
  485          kitame		DC1A298CE5C95ECE9A0882263D6903DFE1D316DC
  486       kitterman		7523647B95E5047547EC2BBA1DA8DA33DDCD686A
  487             kju		9D50042EFF89954364AF01CF509880E3F6A10C2D
  488             kmr		D7A055B647683582B10D3F0C112ECDF2C4A3823E
  489           kmuto		9CCC5C22C10955B58F55A51B1D21C83DC452E0FC
  490            knok		99452B4DD28BEEAC8AB5C931B06662EC9C0C1404
  491          kobold		54656E69E5596466BF3D9F012BF8EE2B7F961564
  492          kobras		6665725C400A7EE071500F60A4E2880389BF7E2B
  493           kohda		3AAAE18DDBB4C8D056173880D485DD2F5BFA90EC
  494          kolter		4D0D537E8C37BC99DFF10B874B077723929D42C3
  495          koster		374FF2AD0A12935FD0B0C84F1B132E01CEC6AD46
  496             kov		9AE55601A23412FF423FA999D200EB30A0FB5DA6
  497           kraai		6F0E1FA1F92FF96EDE2E56C97CD760631557BC10
  498           krala		97A41066E5643748977593C33298C70DE5FFEDE1
  499         kreckel		96D40549E44DA739FDAAF2A55D8EE50CF0199162
  500        krisrose		291FC71D8BD6EECCAAF88379C4D012FFE0163787
  501         kroeckx		E5E52560DD91C556DDBDA5D02064C53641C25E5D
  502           lamby		0F1E5C1F1D3DF7DBAEE04288E7FF2E5B634F9A20
  503          lamont		8A46ADB3FC4B4B24DF1728BACCDFE49B0A0AC927
  504           laney		3D0EFB95E7B5237F16E82258E352D5C51C5041D4
-=-=-=-=-=-=-=-=-=-=-=-=-=-=-=-=-=-=-=-=-=-=-=-=-=-=-=-=-=-=-=-=-=-=-=
Count      Debian UID		 Key Fingerprint(s)
-=-=-=-=-=-=-=-=-=-=-=-=-=-=-=-=-=-=-=-=-=-=-=-=-=-=-=-=-=-=-=-=-=-=-=
  505           lange		AEA6A8C1BD8E67C48EF68BCADC13E54EAB9B66FD
  506            lars		0CA2E3A6FBC7BC3BEBDCCEB8EB5CE1D75E8511F9
  507        lawrencc		CAC6254513564ED7507019B3DB040A13A3D7B9BC
  508         lbrenta		23499FA0AE0DE2BA9E18560DC7D930259DFFAAD4
  509         ldrolez		754210E3866279DB1123D352B1195000FD46A698
  510     leatherface		34C2252964508E0BCC4BDE66397F3DB1C97A628E
  511           leist		63490CA7D9728AA050A620FEB14BCEFE316DC8FB
  512        lfaraone		51892A7D16D049BB046BDC7797325DD8F9FDD506
  513        lfilipoz		A14997BD188C7F29779E09C1357332C45A827A2D
  514         lfousse		D743B1583C04D940A78E8C4246801517A1696D2B
  515         licquia		1DA0F1B5FAC435E895C76E28600A553FF666C91D
  516       lidaobing		2F18947301F75240A6E8B1BCE5350AE06087D2F8
  517        lightsey		FA48D2AF2802F1824D5828230587B26E45F3FBF9
  518           liiwi		C4402EA201E79D54E6EA61DE24C5CFE4F5521541
  519           lindi		9A5C6B0937685F8E11878BD84D249D9B23E6FC3A
  520         lingnau		DC51277EF94DDFFFE156CD85B5022EB582EA653E
  521          lintux		D604F94B5A4C45E84E8465187985979AE3304051
  522        lisandro		12DDFA84AC23B2BBF04B313CAB645F406286A7D0
  523          ljlane		732368015D7002442ECE3563C490643655D3A1E9
  524          lkajan		91B46ECD90312D7C86F9469A9BD2D6409A0C52FA
  525         lmamane		9DAD31313ADAF50BD096002AB1C473173E7B4B73
  526          lohner		72076C7376397FBEEDE66EA8E9B0C69E268462E3
  527            loic		24F2720EC693FEA0A564F8DEF1D2CCC8497A176D
  528         lolando		F5566852EB92BD779CF137190EA756B5144843F5
-=-=-=-=-=-=-=-=-=-=-=-=-=-=-=-=-=-=-=-=-=-=-=-=-=-=-=-=-=-=-=-=-=-=-=
Count      Debian UID		 Key Fingerprint(s)
-=-=-=-=-=-=-=-=-=-=-=-=-=-=-=-=-=-=-=-=-=-=-=-=-=-=-=-=-=-=-=-=-=-=-=
  529            lool		B3B5F6CDBB5E586B80C15A74E15517F22B0920C0
  530         lopippo		528627B1F2030DDB90BB37C54D33ACE4C78F687C
  531           lucab		74785B728B8AB530C60BF30346AA1B6A3BFB9FB3
  532           lucas		FEDEC1CB337BCF509F43C2243914B532F4DFBE99
  533         luciano		53D732109C90AAB211D805034164D1B3894BB479
  534           luigi		12F89C0389D3DB4A9972C24AF19BA618924C0C26
  535             luk		A4AD7A700EE5F70F31B16FA32127371B9BB23062
  536           lunar		ECF2DEA89EB90C612440B2B84814DEC22B307C3C
  537           lupus		9A303F9907A03230D188B75A2EF5710914C6A712
  538           lutin		5732F0C3999089EEC643F0651106F2005BB6E4A5
  539              ma		7DDF975E73435ACD725E62159A6027DB1A944AD7
  540            mace		7345F2F751F07700FEB7FE2087D5E190EBC73D63
  541       madamezou		A197352049C1BDBDA18E763CDB686C92D9D59F61
  542        madcoder		72B4C59ADA78D70E055C129EBC6AFB5BA1EE761C
  543         madduck		2CCB26BC5C49BC221F20794255C9882D999BBCC4
  544         madhack		7FC70DC0EF31DF837313FE2B77A8F36A3B047084
  545         madkiss		6D2D424D824C81DA7D6F1ED41CFA3E8CD7145E30
  546         maehara		6A2E6A5438F1D1D815136CDF27122D42A674A359
  547            mafm		2A8E80505C486298430DD0937F7606A445DCA80E
  548             mak		D33A3F0CA16B0ACC51A60738494C8A5FBF4DECEB
  549         makholm		A32897E97EA9BAE5A7195812A1B13F2C2C8B195A
  550            mako		E6445A655AF81C0F9DECA73589CD4B21607559E6
  551           malat		693367FFAECD8EAACD1F063B0171E1828AE09345
  552        malattia		058E0BBC57E7F03479579D3182944F68EA2D2C41
-=-=-=-=-=-=-=-=-=-=-=-=-=-=-=-=-=-=-=-=-=-=-=-=-=-=-=-=-=-=-=-=-=-=-=
Count      Debian UID		 Key Fingerprint(s)
-=-=-=-=-=-=-=-=-=-=-=-=-=-=-=-=-=-=-=-=-=-=-=-=-=-=-=-=-=-=-=-=-=-=-=
  553           malex		EE63C471ADBA5D80ADFB1054DA286F326C5F196B
  554           manty		3F0A12FC0B55A917D79182D372FDC205F6A32A8E
  555          manuel		802EB746852F21A39239C111F16961C8CC8D7957
  556         mapache		E506FDDEA891E826E7137B4A1E198A792782AF55
  557          marcot		658A2ACF83A6E5D7F6E45E3AD7884C4718E18F44
  558           marga		00C3E184E8AF12711856DFD280D0A42FF2C850CA
  559        marillat		1D7FC53F80F852C188F4ED0B07DC563D1F41B907
  560           mario		DF3AB6653EEB747A7BDD9B7327D10348DD1B0EF7
  561          markos		3FC37391FECDD3CB550171216606027F6437124C
  562           marks		70E466E41AF7052F7F2C3B275D3CE77FD54F0847
  563       martignlo		363D3EF3CC922069949C4F116C572D708B143975
  564          maswan		C0BD59FEBBFA2A7E8A41BB3F91374E81825BEF79
  565          matrix		25C32A87055A4275EBB9DFAC3D3E735D83467A34
  566            mats		1624F9A558458C84DB055684EE3A9F0281C2A4AC
  567           mattb		6583A11F1428FCDD65FCC7B5E0CD3CDC59B2D9A0
  568         matthew		BA4EF9C84DF96D37D8A1E2D412F4D21C8F6A63C8
  569        matthijs		28F4DD779010CEAA86ECE5BE15C18EF489FA4CBE
  570         mattice		050C2D2FA95A25BBB61FCD16EC3BCAC4137A955E
  571           mauro		2B82A38D1BA5847AA74D6C346AB79ED6C8FDF9C1
  572            maxx		30DC1D281D7932F55E673ABB28EEB35A3E8DCCC0
  573            maxy		F8921D3A7404C86E11352215C7197699B29B232A
  574          mbaker		110D06BC02F6447AD80CA75E2E4F86BA8B0D42F9
  575          mbanck		67D60A5932836E53F72E9DEE987689619ED101BF
  576             mbr		C1CEDC19B1891712419C39446FA48F011A5A7357
-=-=-=-=-=-=-=-=-=-=-=-=-=-=-=-=-=-=-=-=-=-=-=-=-=-=-=-=-=-=-=-=-=-=-=
Count      Debian UID		 Key Fingerprint(s)
-=-=-=-=-=-=-=-=-=-=-=-=-=-=-=-=-=-=-=-=-=-=-=-=-=-=-=-=-=-=-=-=-=-=-=
  577           mbuck		74FD81B904BA906F79712714E676B867F8D54259
  578     mcasadevall		C7A5543F2D3337914EF0C9157B4D847C7B8E6A47
  579       mckinstry		CD45260A4546C3C0F595F0F64132BF902A385C57
  580              md		1F2232EEE56FD048EAEFE47F1467F0D8E1EE3FB1
  581             mdj		B282763CE63729B64B024260D722058FC0033D7A
  582             mdz		A24331921670F0060A97500A8A111B5CAE426944
  583        mechanix		CAC10932B6B9876840DBC6AA1239F7098E950E00
  584          meebey		ABE195E150A8DBE7809D3F427127E5ABEEF946C8
  585           mehdi		BD838A2BAAF9E3408BD9646833BE1A0A8C2ED8FF
  586           meike		7DF61B35A6F99CF29CE14520B93DCA0F1451095B
  587            mejo		2C8CD283D3EFDF433890E7835262E7FF491049FE
  588         mendoza		9B0B8CFD05F333F786C7B5DB3056F0EF4C2D3EFA
  589        mennucc1		F58548B594504CC6AD853EC3F41FED8E33FC40A4
  590          merker		9C208F6D50870F9BFF3D4FBD7D46C81CFAA95931
  591          meskes		5818BF0C98A32B8382BFD3B4564126F229F19BD1
  592           metal		BEDFC897106617F139BC7279019F7E073264A5C4
  593        meyering		155D3FC500C834486D1EEA677FD9FCCB000BEEEE
  594             mez		065BFD16E4BFB184D73F768C2AFBD67FD133AC6E
  595           mfurr		5B9F587FBC5CD82350CE4DB0ED93CA29124B26F3
  596        mgilbert		1FBB8F049963FA032C3DAD88A784FF770F0F4FFA
  597          mhatta		6EB39358D8328FE3CDC903A8CB6FA340E7075A54
  598             mhy		309911BEA966D0613053045711B4E5FF15B0FD82
  599           micah		4777535FE5471562626077B58CBF9A322861A790
  600           micha		A3EBB41FC5ABD675CEE41C45EA6CA6B951B85139
-=-=-=-=-=-=-=-=-=-=-=-=-=-=-=-=-=-=-=-=-=-=-=-=-=-=-=-=-=-=-=-=-=-=-=
Count      Debian UID		 Key Fingerprint(s)
-=-=-=-=-=-=-=-=-=-=-=-=-=-=-=-=-=-=-=-=-=-=-=-=-=-=-=-=-=-=-=-=-=-=-=
  601           michi		16FB517BA866C3F68F111485F3E4122F1D8C261A
  602          midget		BAA17AAFB21D6567D457D67DA82FBB83F3D57033
  603             mih		5701F1D0D18B87E61AA31F3DC073D2287FFB9E9B
  604            mika		04AEE62C9502CD34A7DA857BD8DF53FB37E272E8
  605         miquels		AEE3CFA76134028A2E290DA1E42E41CAFD50FF4F
  606          miriam		AA46F4F2BD5975A4EE4282237DB96D2E36EE0861
  607       mithrandi		DB24E315EDAAAC13D646709958C0FB1CDE3B7600
  608           mjj29		F629EC43E00419987CF4214417274627C4FB7099
  609             mjr		B55E1248ADE6909495BAC7E59946397AE142E6F4
  610             mjt		6EE195D1886E8FFB810D4324457CE0A0804465C5
  611           mkoch		BAC54B28D43695E6F2E0BD115923A0082763483B
  612           mlang		7FC1A0854909BCCDBE6C102DDFFC022A6B113E44
  613             mlt		D02D8C0CADBBA69BBF0F6EADB2B05F45D626ABB6
  614        mmagallo		4389F70092A2044E83520EFE7A81833366468D05
  615           mmind		795D0851095CAACA16CA79259AFB7B8C9A5F5BBC
  616         mnencia		FED969C79E6721F57D9552706864730DF095E5E4
  617        mnordstr		737357552CC0B16C4339258FC0A4F11DE06B3F97
  618           modax		9E8CCC49180D6A1500B400881CEF494673EAE214
  619         moeller		84C1977A89E7EFED3E5CA62E2FD8BEDAC020EED1
  620           mones		CFB7C7796BAEE81C3E0571722C045542C9B55DAC
  621           monga		412390227937157C990177E5846A74DB6538F5BF
  622          monica		403ACC0852105B2334EF153E1EFEB1801A49C0D2
  623           mooch		A103263A1923373E122746A06DEA9281DA034410
  624           moray		586377100EB11C2DAD7E1B3EE74D29B82BE16D01
-=-=-=-=-=-=-=-=-=-=-=-=-=-=-=-=-=-=-=-=-=-=-=-=-=-=-=-=-=-=-=-=-=-=-=
Count      Debian UID		 Key Fingerprint(s)
-=-=-=-=-=-=-=-=-=-=-=-=-=-=-=-=-=-=-=-=-=-=-=-=-=-=-=-=-=-=-=-=-=-=-=
  625        morimura		B3AA8A8AC95EEA2877AA140D6F0B4F8857D68A06
  626        mornfall		16A286B6CA6FC9FA6280C9D5BD099FA292DC02A9
  627           morph		CE3353BB501F115039D0DC2402E93057444DD950
  628         mpalmer		AC17A3ECE2C52DC48898CC4B0449EB4D69351387
  629           mpitt		3BDC04824EA81277AE46EA72F98825AC26B47B9F
  630        mquinson		4FBE9C4EEA52EF13D541661298BD97244F73BEA7
  631             mrd		A3C693AF5805F46B67D596B2CF153232C24B6010
  632              ms		F369DA7EB08B0320562F5D6BCE04080E9456ADE2
  633         msameer		9F73032EEAC9F7AD951F280ECB668E29A3FD0DF7
  634             msp		51B335E71D4C13261A37E86DA02CDA9F3D08B612
  635          mstone		02D5315FF11F1861860E1E02F61AACDCFA11FFDE
  636              mt		467348C85F3A5A9B2B0D169EBF1E9D1F76D52AC4
  637         muammar		90B8BFC44A75B88139A3144030EB403B127029F1
  638           murat		0D70D69D9D5B00E4E74E674300959FA39C478D49
  639             mvo		EA71B29645974D8B343E821E962483E15662C734
  640            myon		5C48FE6157F49179597087C64C5A6BAB12D2A7AE
  641           nacho		B2CE09EA57BD459180DB731299B38CF8E103FC4D
  642          naoliv		8C215F25828DA7C07F462399010C2EA6D9309644
  643             nas		9B3B987BF40E932006190A17A366302EB1DE86CE
  644         nathans		71DFD2B345C267FF2B7F06CE9BC7E5DC74886B63
  645        nboullis		C382DF92991C50061204E0C4C26C97906D4FC66F
  646          nbreen		843E5FA61E6063389876D2E5EE4AFD69EC65108F
  647          nduboc		C0D3F2F00CAC142A46239110100952B5F801A743
  648            negm		CFB557734D191507C4B0A38A27FEA5D163E8BE82
-=-=-=-=-=-=-=-=-=-=-=-=-=-=-=-=-=-=-=-=-=-=-=-=-=-=-=-=-=-=-=-=-=-=-=
Count      Debian UID		 Key Fingerprint(s)
-=-=-=-=-=-=-=-=-=-=-=-=-=-=-=-=-=-=-=-=-=-=-=-=-=-=-=-=-=-=-=-=-=-=-=
  649            neil		9A8DC9566B8148801557A82BEA3FAC90FAEEB4A9
  650           neilm		8217A2055E57043B2883054E7F55BB12A40F862E
  651          nekral		96F7A8CCA87F0EB8349701B25A0A399AEA7CF5AD
  652        netzwurm		C6AEBDCC834C811871A3634176112FBCFCB1DD23
  653        nhandler		31DCC3B33F2179883DA014C7CAFB3BAD0A75C877
  654      nickrusnov		C4616C2533DABA992A1F0F3C54D4094CF1219B84
  655         nicolas		62D94D32A99722112F59F7F2B52A9CF4490DFC8D
  656           nijel		63CB1DF1EF12CF2AC0EE5A329C27B31342B7511D
  657            nion		E1ABDE0EFFCAAEF394947592CD4B2AF3A0A0AAAA
  658         njordan		807BA7C50D7D81C0C21F1D36775AC806095918D0
  659           noahm		D896D80AC0307F05701ED53562B54B8C11404EC3
  660           nobse		4A6B2543679D43B02B635439AFF4670B0F7A8D01
  661            noel		B79B0A23EB24809BBAEE5DB6F7F0E70F307D56ED
  662         nomeata		314E3B2D605A6EB35A7D8119F628EB934743206C
  663          nonaka		B800BE0B06D78EEBFF980CCF563D7CEC0B191787
  664         noodles		0E3A94C3E83002DAB88CCA1694FA372B2DA8B985
  665         noshiro		756D73EF1C11668A5E495F5C8607903DBDF0AAD0
  666        nthykier		B3131A451DBFDF7CA05B4197054BBB9F7D806442
  667           ntyni		531F3D19816F1AD0E714FEF18B28B3196A072D39
  668          nveber		CF677AECDC3E11621E32AF6AA217C4C35E2EB5B4
  669             nwp		3A6D1E36E58A91CCC372A68E7592489BCC983928
  670         obergix		ACE46EBD89F6656D6642660BE941DEDA7C5BB6A5
  671            ocsi		63311CAEC24642A4A15DF75079FCCFD2B0458F4D
  672            odyx		5D3E052646729E4E85F05B3FD929F2992BEF0A33
-=-=-=-=-=-=-=-=-=-=-=-=-=-=-=-=-=-=-=-=-=-=-=-=-=-=-=-=-=-=-=-=-=-=-=
Count      Debian UID		 Key Fingerprint(s)
-=-=-=-=-=-=-=-=-=-=-=-=-=-=-=-=-=-=-=-=-=-=-=-=-=-=-=-=-=-=-=-=-=-=-=
  673             ogi		5A4375C9244E9554A975F2F6AB98288E36D33D07
  674           ohura		54F6D1B12EE181CD65E3A1D3EEA2EFA277DCE083
  675           okoli		E6BB7EF8CC4D7FF79D570EAA6042B0B5D3F974DF
  676           oliva		EB3345F56441B8B81A7798767DFA41AD961985D7
  677            olly		08E2400FF7FE8FEDE3ACB52818147B073BAD2B07
  678           omote		5230575778003789D68AFD38E1060E07B25A5CF1
  679          ondrej		CC918F028CDE911A933FAE52F4E66A7CC20DF273
  680         onlyjob		50BC7CF939D20C272A6B065652B6BBD953968D1B
  681          oohara		61428D079C5B159BC1701F4A40D6F42EF464A695
  682            opal		7090A92B18FE79940C364FE418A1B1CF0FE53DD9
  683         osallou		5FB46F83D3B952046335D26D78DC68DB326D8438
  684           osamu		253A40766A3BCCE2A426DEF5E80FC4C1A8061F32
  685          otavio		B7F7F218A0541D2A0BEDBE8BEB70FEF3CDFC6E4F
  686            ovek		E37B9BC2CB44DC419FEA4EE103E18C6B83E5110F
  687              p2		950CA1EA6493A7F64A90AA4D28B295C3F46EADBB
  688            pabs		610B28B55CFCFE45EA1B563B3116BA5E9FFA69A3
  689            paco		CDE122BC836DA44098A853D41BD0E4A5D047CDE1
  690            pape		23F41D24FF2C083DB0932EC2189A3241BC70A6FF
  691        paravoid		A9592C521CB904077D6598009D0B5E5B1EEC8F0E
  692            pasc		A86D7CED4E8C17F64457FD1ADFEDBB2225BCD5BF
  693          pascal		710F265D7B816542F23CE054D4B7DDF7B16CCA95
  694          patryk		DC02BED6463913B817BB6AEC5EC42C53D86A66BA
  695            paul		3C77E7F046F8D3653F3873F2BADBEFA9B4D6DE13
  696         paulliu		DA06F3E341E999EC18C376DDA108FBC534A26946
-=-=-=-=-=-=-=-=-=-=-=-=-=-=-=-=-=-=-=-=-=-=-=-=-=-=-=-=-=-=-=-=-=-=-=
Count      Debian UID		 Key Fingerprint(s)
-=-=-=-=-=-=-=-=-=-=-=-=-=-=-=-=-=-=-=-=-=-=-=-=-=-=-=-=-=-=-=-=-=-=-=
  697     paulproteus		D00436A90C4BD12002020A3C37E1C17570096AD1
  698         paultag		8F049AD82C92066C7352D28A7B585B30807C2A87
  699          paulvt		B73B7544AA9E528E838E88F9241061CA50064181
  700       paulwaite		7F9E800AFC6BA5928914D71FB5F92902090C3B23
  701             pdm		C9024BD80CFFBE4529EBA711912924FE3DC29B41
  702           pelle		1559FABEB1CE464DAB7F2E7178302C4B8DBFEC2F
  703           peloy		31A2171EFA6B051885809BD86A08D37C0B4D63D8
  704            pere		830C56B4125681C54D71CFD1DB4CCC4B2A30D729
  705         periapt		B0838C2660D764D9D806455CB6C4D9B63BFFE73C
  706          petere		975450AAFA49A20BA9C89D714D3C7CA1554FB4C6
  707          peterk		EE93BB17DE3DB89F44CE4ECB92BC94766394265E
  708          peters		640FED1488F41A5ED57183585E4EEC2113D0461D
  709        pfaffben		C2D1AB061656AAC54B5E975485199DE8C6648E90
  710        pfrauenf		EED1F45F51F88622F8D93AFA58B174319DA5CAD8
  711           philh		DFF1415ACE3227FCF20707D6D04BA3A00125D5C0
  712         philipp		C1A82BE87587215D91EBB015A95C3BECEB88E930
  713           picca		1688A3D6F0BDE4DF2E6B06AAB6A9BA6AA59B1171
  714          piefel		497DEE4549D1CF9E71C15ACDE569B5E3F30D2F35
  715            piem		BD2A847E2C31BC788631CDE592E0BDE7C6002CBD
  716             pik		29E003C86C6AC548A5E9D4E8136E9CF17B5D342D
  717            pini		A0939BCC0AC3134E56B48C91EFE86C6C7FFECF83
  718            pino		35B9B3BFB3E9765FD90E30224CD1F6A6207F2F7A
  719           piotr		1D2FA89858DAAF6217862DF7AEF6F1A2A7457645
  720             pjb		2A404678F51A50F269C792F81DBF071150973B91
-=-=-=-=-=-=-=-=-=-=-=-=-=-=-=-=-=-=-=-=-=-=-=-=-=-=-=-=-=-=-=-=-=-=-=
Count      Debian UID		 Key Fingerprint(s)
-=-=-=-=-=-=-=-=-=-=-=-=-=-=-=-=-=-=-=-=-=-=-=-=-=-=-=-=-=-=-=-=-=-=-=
  721           pkern		F75FBFCD771DEB5E9C86050550C3634D3A291CF9
  722          plessy		73471499CC60ED9EEE805946C5BD6C8F2295D502
  723        plugwash		5340D001360CA656E3497EB70C48EA2A7A8FFD7B
  724              pm		556054EA47665DE00263CB41603B832661F9CA53
  725        pmachard		B906A53F84E049B66CF782C2B3A02D6623706F87
  726       pmatthaei		58A03DC582425A4DC8B90E1312D9B04A90CBD8E4
  727          pmhahn		3F898015C8F3F388BF34FA0560F960A19A540E39
  728           pochu		90750D0B5211C8962AD67137853575EC4A08B2FE
  729          pocock		F50FF72AADF5C01BF0FCE5636C6580E77BD756C4
  730          pollux		BF18695797741DB24E59188FC61A64DCF1393998
  731        porridge		35E913449F775F4313DD6423DBF480C602F946FC
  732         pouelle		8577CFA7B9848E580D0079B6CFDA9D8206A7376E
  733        ppatters		DAED39803772421B1AE40F3945458ADCB1E557A0
  734         praveen		2A7974AE2FC152D77867DA4ACE1F9C674512C22A
  735        preining		14DF2E6C0307BE6DAD76A9C0D2BF4AA309C5B094
  736             prh		587D9A3EC1D563EAD4245DDEC79838D0436337DD
  737         profeta		E2860604AA3AA178E04870C36C979FDE44E22ACD
  738        pronovic		1DCB88A1B90EADFE318CEBE4F0E9F6BA3CD95104
  739        prudhomm		370350DE7A9F024E0F260D07A18FB40BD4BE1450
  740             psg		630928AE8EB3AB5722F303BC17DC3CC470D4A979
  741      pstorralba		B9FA855DBE54DE19AD27851F995B17866B3B7323
  742        pvaneynd		7EE290B21E01D6B3A7520B1BD7595D374B729625
  743            pyro		C5B81C4D3C1663B2711E4C28D4D8356166F24521
  744             pzn		9F1F1EBB29A4918D2C5FFB9C39C979637274AA07
-=-=-=-=-=-=-=-=-=-=-=-=-=-=-=-=-=-=-=-=-=-=-=-=-=-=-=-=-=-=-=-=-=-=-=
Count      Debian UID		 Key Fingerprint(s)
-=-=-=-=-=-=-=-=-=-=-=-=-=-=-=-=-=-=-=-=-=-=-=-=-=-=-=-=-=-=-=-=-=-=-=
  745             qjb		C2C96B10011FE009E6D1DF828A75D10998012C7E
  746           racke		E5520FF2E1383E6928B3A1838E055F139B726B71
  747            radu		F3EFB12B23D9D245B7E4BE6D26431938C9ABFBD3
  748            rafl		E8DC91A1B7BEE5ABC17247EE742F2A428E635A5E
  749             rak		4E469519ED677734268FBD958F7BF8FC4A11C97A
  750         rbalint		8A125F698A1F7762B5D5363E55AD141521E764DF
  751             rbd		3779F472BB84DFE1A650C304DDC7ECFBB4F83169
  752             rcp		32F23DB43D709382E58BD19204D147A595E0A1A1
  753             rcw		FFFDBD99A508A2372B26C623F5CE68EB6FF0ABF2
  754             reg		976448D147ADE1E1E882966C32175C0DC1027A0E
  755           regis		BA1C73EB8400716C5B4659C1544D7BB0B12D595A
  756         reichel		F3C7DAC35EE02E9D93DF2CC3B7635728153FF940
  757           remco		C7B709D005F838EF9A48CCBDDAD5A719BCC131DE
  758            rene		E12DEA46750670CFA960801D0AA04571D03E3E70
  759      rfrancoise		BE349742CA987ECD7E77E42DAD15F435F05F962D
  760        rganesan		F36184F18D8232E71832679815E002BA5D8C12EA
  761          rhonda		5393ACF308011A978845026331FCE7E7DD079461
  762            riku		ECF3ADB2B82A839E1404D80489B3EF32CAEAAF03
  763           risko		BD1DDA696803C41A564A62072930100100003344
  764             rjs		3F437485B057EFEF2F2FA12BE90112A72B05B73A
  765       rkrishnan		CC183BF49D171DA7E11E67D31729F5866A9F3C38
  766             rlb		E6A9DA3CC9FD1FF8C676D2C4C0F039E9ED1B597A
  767          rleigh		F33D281D470AB4436756147C07B3C8BC4083E800
  768        rmayorga		3CD593CFAF0908BE7C74A8F5BB20AC20E0B7D6BE
-=-=-=-=-=-=-=-=-=-=-=-=-=-=-=-=-=-=-=-=-=-=-=-=-=-=-=-=-=-=-=-=-=-=-=
Count      Debian UID		 Key Fingerprint(s)
-=-=-=-=-=-=-=-=-=-=-=-=-=-=-=-=-=-=-=-=-=-=-=-=-=-=-=-=-=-=-=-=-=-=-=
  769           rmayr		7FE40DB561ECC645B2F1C847ABB48F0DC3C24BDE
  770       rmgolbeck		1B1B2A873F00A7FB40F3526D36CFBA4478916B84
  771             rmh		8E57F7A8E4B04244C915321B0B5F62A3AAD40AFF
  772         rmurray		70BC7F9D8C60D2265B7076A23760DBCFFD6645AB
  773          robert		AEE01F853E638BAACDF13D184E1875709D309C3B
  774         robertc		92228732859D25CC2560B617867BF9A9FBD3EB8E
  775        robertle		2B12EC0512C01AE25D559F3F4BA00E72145B6966
  776         roberto		2AB8EB163CA562E182A13AAE7731FCCC63E4E277
  777        robot101		10D77631735FB57CB8D146D85DCADFE13501E6C5
  778         robotux		5F35F67BAFA8B6D581CA08EBD003852FBD52529E
  779         robster		A8ED2F81B1778FFDA9A69A570B0F2929DF81EE83
  780         rodrigo		7C81E60C442E8FBCD9752F4901998318ADC9BC28
  781         rogerso		F2C341368FB175020C0C01B10E5937AC98FAA0AD
  782          roktas		2061020BA49CB3F7810815D09C0E389B3FD25C84
  783          roland		3A6324104B40422D11111D2C3BBFCF77BD8B050D
  784             ron		8A306ED1C122B4D524D05137A780421C68021CE4
  785            ross		1A21F5B0D8D0CFE381D4E25A2D09E447D0B433DF
  786           rotty		C38A39C516D7B69F33A3699322C827F735A992E7
  787        rousseau		535E3696356979F4932CB7443F4A8A8FE07F1CF9
  788           rover		BF811C95882BE1C26562772D7C811013F5C9708D
  789             rra		E784364E8DDE7BB370FBD9EAD15D313882004173
  790             rrs		43DEF582F9E67111CE008917F2F11C23F00A2BE6
  791            rudi		0FDF0F1869C2AA24B45F1691A84F709AEDD3D779
  792            rudy		0D128537607E2DF54EFB35A7550F1A003433BD21
-=-=-=-=-=-=-=-=-=-=-=-=-=-=-=-=-=-=-=-=-=-=-=-=-=-=-=-=-=-=-=-=-=-=-=
Count      Debian UID		 Key Fingerprint(s)
-=-=-=-=-=-=-=-=-=-=-=-=-=-=-=-=-=-=-=-=-=-=-=-=-=-=-=-=-=-=-=-=-=-=-=
  793           ruoso		4FD0E8B755CA8EF008DC9FE11D7365A755815D42
  794             rvr		BEB43CCC0725E024F531D1DD43148E6D18EA3457
  795          rweber		E807B151497DFFBF88F8C846CCF0D5379F223683
  796            ryan		F97AD64AF267663837B603C032286FF8F69C6AC5
  797           sacha		7285A1EBA8633EE26BB23D41FDDAB37AD935CEBA
  798           salve		D3B2A3F5E9EBBDE6A245AA4A212B306C9396865D
  799            samj		BD486B9E4BFAA792CEC5FD7D0EBD65E13C093EEF
  800            samo		DDF8B22B71418194DB94817A2CEBF138D91EE369
  801        santiago		38214FB5774A611D31E4B268414B84236FECCDE0
  802         sanvila		D54C3BFAFFB042DE382DA5D741CE7F0B9F1B8B32
  803            sasa		45CFB559828180918469CACDDB71AEFCABA0E8B2
  804         sathieu		F607B30B062EA443D33C70E0396DA361FE5F1D7F
  805      scheffczyk		E91E9F5E01866C52F431333420258B8FA2E31632
  806        schepler		83C28932B64F1A4EE8A2D7C9342DCB0320021490
  807         schimmi		4E68B38EFDB08F638D97F1671D40E113E62B2C45
  808          schlue		2B653B348212337FB37E585A79D9469400E0D054
  809         schmitz		818AE6055310CEB65B08D8C48C7DD3254F6A478E
  810      schoenfeld		E372BEC0BF6FD89A111005364CA23313A2D8F6BF
  811        schultmc		BAE0340127D536AD2CB12FE09EC002FE1C9CA517
  812           sdier		CF67D67A398CD0B8723431C4C97425FBAE4B5D92
  813             sdt		663BD5D71E1C4AB4CD254A3AA975987B1F9FA7EE
  814          seamus		D85B36267C65069E446022FDA1231035532005DA
  815         seanius		F6FB223148A9B50C68D718ECCA78CB3E6E76D81D
  816             seb		06BD0E92721EA1C6AA4D9F2889980D29C0DDC83F
-=-=-=-=-=-=-=-=-=-=-=-=-=-=-=-=-=-=-=-=-=-=-=-=-=-=-=-=-=-=-=-=-=-=-=
Count      Debian UID		 Key Fingerprint(s)
-=-=-=-=-=-=-=-=-=-=-=-=-=-=-=-=-=-=-=-=-=-=-=-=-=-=-=-=-=-=-=-=-=-=-=
  817          seb128		E02EFEF54EC6289E6740D61C431A3CEDA2D7D292
  818       sebastien		20691DFCC2C98C47952984EE00018C22381A7594
  819           segre		B66CD97ACE820575D38E8B7B79B0126693701EEF
  820           sesse		AD8254B339CE673A1406FD075CA450DE52B7487E
  821             sez		036456AA8EC8C0B08B48561B4F9F6D550ED6122A
  822              sf		A7AC14ACE268FDCC4F8572C96F17A5AFC1F24EA4
  823          sfrost		A729217BE6787B582E88A1D5AF380C3EA0779228
  824       sgevatter		7C0FF088052C082B442454171CFC22F3363DEAE3
  825        sgolovan		2CA20F848E5C29E3E410438221C747D36A461052
  826           sgran		84C605B363AB70ADFB6ABAE5B3118CEF8AEA8FEE
  827         shachar		F2D643A558B9924C0649207BA0C5AD1359CD3653
  828           shaka		0FA6DCF3C1B87FC2E637B9D4EE50AA3CDD81604C
  829           shane		F099A5F4B77CD6F66A992E6C7B9DBAD42A7E0F3D
  830         sharkey		608B549B779A8DAAED28FEF1725525032224FABC
  831          sharky		190E48D751174F42ABAC4DD7E2624966A269D927
  832         shlomme		190200025DFC856BF146894C7CC5451EA244C858
  833             sho		5C809377432D6157DDF52D5D055C4B35FFFFFFFE
  834         showard		9A57344C54D3C8610A5F22FCBAA569D0CBF12A6A
  835           shugo		EEA16E29E9EEE8297499CD796771A2CC718329DC
  836        siretart		93005DC27E876C37ED7BCA9A98083544945348A4
  837        sjackman		8C8D51FB2E4A38ED4ECDFBA9BC5758175230514A
  838          sjoerd		36CB6E311236B81B3A38054B81377E4A8768B1D2
  839             sjq		F934244D4E26DBDEC9EFBFB721319B944C1A5BE5
  840             sjr		040EB5F784F14FBCCEADADC618A0CC8D5706A4B4
-=-=-=-=-=-=-=-=-=-=-=-=-=-=-=-=-=-=-=-=-=-=-=-=-=-=-=-=-=-=-=-=-=-=-=
Count      Debian UID		 Key Fingerprint(s)
-=-=-=-=-=-=-=-=-=-=-=-=-=-=-=-=-=-=-=-=-=-=-=-=-=-=-=-=-=-=-=-=-=-=-=
  841           skitt		79D9C58C50D6B5AA65D530C1759778A9A36B494F
  842           slomo		08A90EF89D192196F445097006C05D875BE41F21
  843        smarenka		C51BCC4F505F3F8C1C114EDF54A33827B62849B3
  844            smcv		DA98F25C0871C49A59EAFF2C4DE8FF2A63C7CC90
  845         smimram		52F6FEBCA7B91895F1B6D35A21A7B53B800969EF
  846             smr		5ED7B15389C4ED210E8B7F3DD22D9B3D21DB31C5
  847           smurf		2A111B38C4DB23BFA7C7E19DF3E85400D70AAFF9
  848           sonne		8B229447DCEBD1872719CA977F36CF55AA87AA77
  849             spa		709197B8927DAB9F40255A7BCE84E8E795A4F1D6
  850       spaillard		37241D81BA263AAF93D0B432DFF738C2D16CFBA2
  851         spamaps		F00C9F2F4F7EB714AFAD1A42538C0766F4BCB38E
  852         spectra		BC01034DF16542306AD22BC5184452FA268A084D
  853       sramacher		F78CBA07817BB149A11D339069F2FC516EA71993
  854             sre		EF660D07463F8B726A795413D8EED7F3C83BFA9A
  855         srittau		B4BC4D674EDE9802F9A74C17714E66B4496A1827
  856        srivasta		E37E5EC52A01DA25AD2005B6CF489438C5779A1C
  857             srk		269322E7D9255916E0394DD628FC869A289B82B7
  858             ssm		1CB293CA7D0C4C341B8CCDF340E354D9FA26E2EE
  859      stapelberg		424E14D703E7C6D43D9D6F364E7160ED4AC8EE1D
  860        stappers		32690A0477DA7273BE3F731339220D6E0C1AFFBB
  861        stefanor		8B5BD33F542BC3FC03D55A9A51106DF5CD92D072
  862          steinm		F883D8A8FB042D6731BD635D8A1D99BF0D7CA701
  863          stephe		5B8ADB53B6B308B4CF6CF46CECC1D5F5A1FC6CFA
  864           steve		445D0A1210E44A0B7352570E1258534C37EC7A69
-=-=-=-=-=-=-=-=-=-=-=-=-=-=-=-=-=-=-=-=-=-=-=-=-=-=-=-=-=-=-=-=-=-=-=
Count      Debian UID		 Key Fingerprint(s)
-=-=-=-=-=-=-=-=-=-=-=-=-=-=-=-=-=-=-=-=-=-=-=-=-=-=-=-=-=-=-=-=-=-=-=
  865         stevegr		12EDD7B538F5198A4EC4DDBA76266C50FBB1DB53
  866         stevenk		65574BDD9F3C76D0808CBF36FDD63BAF588A553F
  867            stew		388CA6A59711576C814CBD495ECAFB00A3AE44A4
  868       sthibault		900CB024B67931D40F82304BD0178C767D069EE6
  869          stigge		9328CDA73EF53AC1CDF93A8B71A1FF601BF8DE0F
  870             sto		29DF544F1BD9548C8F1586EF6770052BB8C1FA69
  871           stone		2CD6C838BE77795F5EF13E5BDA91EE7BA58E164F
  872         stratus		190852B94A166EC274D1C03BEDFB700537155778
  873          stuart		BE65FD1EF4EA08F323D43C6D9FE8B8CD71C5D1A8
  874            sune		5CE8ADFA1FDD9DEA6E21DCE19CCBDA1601FA8B4A
  875       sunweaver		9BFBAEE86C0AA5FFBF2207829AF46B3025771B31
  876         susumuo		8C45D3765B3907517FA5F866DEEC8C09DE415B0E
  877            sven		3FFE8447F65F659664906B530DCB394414D4060B
  878       sylvestre		DEE63CAACE54B9B27DDCD34A88E5D733DD899610
  879           synrg		395CF3A435D3D24713872D9E5A94F3CA0B2713C8
  880            tach		94769E52D436D58B260CA7DD40D716CFE909CDEE
  881          taffit		AE14AD01426D2BFB82EF7E1EB82A217AFDFE09F2
  882         taggart		339FF8F4DEEFC8AAC77E5D1E1E4F6649EA291785
  883          takaki		D24ABFD127CD2556A13C6C79CC149F6C28A5E257
  884            tale		08505F45081052B18F5E5022E53B8AA696552D63
  885          tanguy		240BBA15B694DD00E38030D8D6EFA6AC4B10D847
  886             tao		7ACE0FB07A74F9949B36E1D1D14E8526DC47CA16
  887            taru		09F05D7A2BB04E77A73C9F84D523A6E660062884
  888            tats		031C623D94EF1F3EF17B1C84E5EFAB90080EA63C
-=-=-=-=-=-=-=-=-=-=-=-=-=-=-=-=-=-=-=-=-=-=-=-=-=-=-=-=-=-=-=-=-=-=-=
Count      Debian UID		 Key Fingerprint(s)
-=-=-=-=-=-=-=-=-=-=-=-=-=-=-=-=-=-=-=-=-=-=-=-=-=-=-=-=-=-=-=-=-=-=-=
  889              tb		A7676E0D4B855C1318128733A8CB01F5BE9F70EA
  890             tbm		F849E2025D1C194DE62BC6C829BE5D2268FD549F
  891             tca		D1820E3CCB05255CCD9855988143F7EEA5E43EA3
  892        terceiro		6A41FE6D5D7B2911D0E47FE80CE33C910F9CB28F
  893        terminus		FF13C2E9F9C3DF547C4FEAC1F675AAE2D2AB2220
  894        terpstra		0E8944762B0B3F32B56A4043BCBBC495718A9256
  895          tfheen		A28411A596193171331802C0B65A4871CA19D717
  896              tg		9031955E7A97A4FDA32B2B8676B534B2E99007E0
  897             tgg		4B74F71B1C2272344249BF53CF62D79438E68E0E
  898         thansen		A07E3AA25DCCDAEDA6628D248C82169D8ECECD2A
  899             thb		26C536DCA9AB1F3F640EE0308771348338015E7E
  900            thep		32CC490E5A70B23DD6AA5AB2A2EBAED1B6F90241
  901         thierry		C643C2338B7D7A1742877D03F892981B6258629A
  902           thijs		E0D3FAAA6F50A5DA9D5B293833961588E1C21845
  903            thom		1C5DFCF9DDBE01F6ABA9CB36B5679467473F7EFA
  904        thorvald		F8919C6A91DC3A35AE1CC0BFF09B1EEDDEBA6F3E
  905           tiago		C42623B760FA5999693F0782690D6214A504FECA
  906           tille		6D2EB3CAF6BCD06EEF42247F60305B31C09FD35A
  907             tim		3CDA0ACDA97EC01795A90243951F892C7FED549B
  908            timo		6B854D46E8433CD7CDC03630E0F759F790BDD207
  909            timr		1BD5D97CDF5356070609A880583CA816CD98B20A
  910          tincho		D32A5C3A81B85406ED96EF81696436BF575D0A76
  911        tjhukkan		828781B3AF3430F1687EAF6454C24FB53B0BB9A9
  912           tjrc1		5BA68CD42C5798246638C06616E2F4F5FC81E159
-=-=-=-=-=-=-=-=-=-=-=-=-=-=-=-=-=-=-=-=-=-=-=-=-=-=-=-=-=-=-=-=-=-=-=
Count      Debian UID		 Key Fingerprint(s)
-=-=-=-=-=-=-=-=-=-=-=-=-=-=-=-=-=-=-=-=-=-=-=-=-=-=-=-=-=-=-=-=-=-=-=
  913        tmancill		E50AFD55ADD27AAB97163A8B21D20589974B3E96
  914           toddy		60A031EEAB8EFA24001DF0A283FD1C4682D138E0
  915          tokkee		EF0D277FACAF0159BBBDDEB510510A738501C7FC
  916         tolimar		EE01B7C2126C2847EADFC720C24B65A2672C8B12
  917            toma		D75CE26A13D756EA480838C63ED7095569C0FA93
  918           tomfa		DC7B94537F261BF96B219F90C18773559FE8D504
  919            toni		1DF6A19FCA53F97353F3F35D8A0A48874687AF4F
  920           toots		6C608C2D20FCD4624A97D1089EE43746DE599800
  921         torsten		820F6308F2B08DA24D3EC20E750807B5551BE447
  922             tpo		549A598550F2C6DB416F287C9EF854EDFC992520
  923          treacy		E922FC882675BF57E8CF5BDF13EE25B5E4B724A4
  924         treinen		8C9B3B90A68C53FD57568BFFB735A649E0BA04C1
  925           troup		9BF093BC475BABF8B6AEA5F6D7C3F131AB2A91F5
  926           troyh		55AB31F837A4104C9C3D7F2740EAFD0BE19F188E
  927        tschmidt		F5A8E22B74F721C380A352AA73DF8DAB0A327652
  928        ttroxell		31B8BF834898E26D19354C5DE2EDE84371473F66
  929           turbo		B5EF402B69E791432461ED189A55B33CA71C1E00
  930        tvainika		10CA47C6A071726120E22E0B54703CDE1228EB75
  931          tweber		29634E5DC7918B1114DD72193EA0F86B794F9D7C
  932         twerner		A698CD7FC5ED63FE985273C27D8DDD89C4CF8EC3
  933           tytso		52C344D60D02CD9B07031447ED3A39E393674C40
  934         tzafrir		2BBBA14DDD49D5F38C105F01C40AD676437D328B
  935            ucko		7C3AB9CFD230BD30DD009C591E7091B1F14A64A2
  936          uhoreg		96C5012F5F74A5F71FF75291AF29C719124B61FA
-=-=-=-=-=-=-=-=-=-=-=-=-=-=-=-=-=-=-=-=-=-=-=-=-=-=-=-=-=-=-=-=-=-=-=
Count      Debian UID		 Key Fingerprint(s)
-=-=-=-=-=-=-=-=-=-=-=-=-=-=-=-=-=-=-=-=-=-=-=-=-=-=-=-=-=-=-=-=-=-=-=
  937             uli		556509901902AF06ADC6E01C04AAE5B397F1AAAC
  938       ultrotter		4C951CEC98B44B68A286FF458489B14D8807529B
  939           unera		1B23D4F88EC0D9020555E438AB8C00CFF8E26537
  940             uwe		0F3C34D1E4A38FC6435C01BA5DD5685778D621B4
  941         vagrant		F0ADA5240891831165DF98EA7CFCD8CD257721E9
  942         vanicat		7AA19755336C6D0B8757E393B0E198D79057B5D3
  943         varenet		E67C0D43A75E12A5BB1CFA2F1E32C3DAB7D2F063
  944           varun		0C19C882237D25D43B8A41BE70373CF1290DB9CE
  945        vdanjean		FC9508A6854DDB484B9A8A940BF778679D025E87
  946            vela		48B484D197DD75FB5727B665A9B62CEAC42B63CA
  947         venthur		8795AF2E4A1A4EFBA068A4498E889544D985000D
  948           vicho		6B1BAEC2CA5D4EA7439803612DCE3F2836D4E4F5
  949           viiru		BE86399AF0B45EB2AE7FEBFB43DFE22488DC167A
  950           vince		4100B65052BF970E4F1F9867894C303CEBE31EF5
  951         vlegout		55043B43EFEB282F587CF5816598789058A23DE9
  952             vlm		0BA3FF69645D021DE0542DC4E28450F601D3AB93
  953          vorlon		A7400F5A48FB42B8CEE8638B5759F35001AA4A64
  954            waja		935E449D2B0843E4FF6CE510F6EE83B9DF901724
  955           waldi		887C1B4BC121A3137D1FC04D2E4008227F4E0E11
  956     warmenhoven		89AFA298E9CCD21216603EC604B7317054AD21B5
  957            wart		705A4C887A366A4E6A12CE5AB8CA331F10726171
  958             wdg		0CA24B9714437CBD3628A341FE87DFAD2C0FCD1A
  959          weasel		25FC1614B8F87B52FF2F99B962AF4031C82E0039
  960            wehe		ACA7C89DD03B52EA7F72AD9A4E8E6FC013282FF2
-=-=-=-=-=-=-=-=-=-=-=-=-=-=-=-=-=-=-=-=-=-=-=-=-=-=-=-=-=-=-=-=-=-=-=
Count      Debian UID		 Key Fingerprint(s)
-=-=-=-=-=-=-=-=-=-=-=-=-=-=-=-=-=-=-=-=-=-=-=-=-=-=-=-=-=-=-=-=-=-=-=
  961          werner		F8CB9B2230C25F2B113D2F3DC3DE75AE036BAB8D
  962          wijnen		98E5F9F30D3E63B7F3247065152865FB627CCF95
  963            will		FA91956AA3DB251EF0B5AC3E96FF6FE4244ACFB7
  964           willi		9FDFBD2937CEC8A249DD4D9C8CBE219C74576D81
  965           willy		38FAA231A84DE7C5724850CC2218C81E8E7C03FF
  966             wjl		41352A3B4726ACC590940097F0A98A4C4CD6E3D2
  967          wookey		655426C9FA10C1D1D3D199C221672570174FEE35
  968          wouter		CF62318D5BBED48F33ACD5431B0006256FB29164
  969           xaiki		68177B2B2BF382F8C499CB98CF953E76C24B9018
  970             xam		308E81E7B97963BCA0E6ED889D5BD511B7CDA2DC
  971          xavier		FF7A33E79EF3EB2426E86868DCF8D65B03F35988
  972          xluthi		C2ABED7E865F60C176C47757813FE83A74974824
  973            xnox		D764F6CC2AB59A38B1147D73887B60618B3C16AE
  974         xoswald		DE468D1D2744CF2854311CD785B90D23464B8DE3
  975        yaegashi		864EEF5DE946DE3814D4D2D46FEA7E2656F06D01
  976             ygh		071405537C103CFE2FB44F6D28D3E82917E57327
  977             yoh		3BB6E1240643A6156F0068548D11456375C024C8
  978        yooseong		A801E1F5D96433F6B20A1EDB0A19648B2AE7444E
  979           yoush		19A5031044F274AA16761CFDBF7C793AC9132DDB
  980         yyabuki		678AC67A3C5A16058122D62171A802D0BCD1BC92
  981            zack		4900707DDC5C07F2DECB02839C31503C6D866396
  982             zed		7408AB6A97DE9850A9F3817348F47C58D61C6283
  983            zigo		E4F0EDDF374F2C50D4735EC097833DC998EF9A49
  984        zinoviev		F6A14116E18FB6B8B43EA18324FD5E649BF42B07
-=-=-=-=-=-=-=-=-=-=-=-=-=-=-=-=-=-=-=-=-=-=-=-=-=-=-=-=-=-=-=-=-=-=-=
Count      Debian UID		 Key Fingerprint(s)
-=-=-=-=-=-=-=-=-=-=-=-=-=-=-=-=-=-=-=-=-=-=-=-=-=-=-=-=-=-=-=-=-=-=-=
  985           zobel		6B1856428E41EC893D5DBDBB53B1AC6DB11B627B
  986           zufus		0416EDEF91138372D4970EE78745DD787582C21A
  987       zugschlus		A3C282024F979BAD6ED484D18196A5446BBA3C84
  988           zumbi		E90F0889545E78C82A9DE74EAF2283AA76E2AC7B
