-=-=-=-=-=-=-=-=-=-=-=-=-=-=-=-=-=-=-=-=-=-=-=-=-=-=-=-=-=-=-=-=-=-=-=
Count      Debian UID		 Key Fingerprint(s)
-=-=-=-=-=-=-=-=-=-=-=-=-=-=-=-=-=-=-=-=-=-=-=-=-=-=-=-=-=-=-=-=-=-=-=
    1           93sam		6693C240B3CE141C74040A773BF5E570
                     		AC656D79E36232CF77BBB0E87C3B797088C7C1F7
    2          aaronl		00FD5113166C6D5C055056C81D62E9C9376DCEC7
    3             aba		E820094883974FDC3CD00EC699D399A1EC36A185
    4          absurd		1CCFF5B3A16607D3FF6E2212CC254778F28CD102
                     		23443C4E360141B9ACE7587283D8D90D
    5             abz		DD417D06D7106B89C7AE44A5CEF563662B555AEE
    6            acid		9A0D5FD9EB4222F68974C95CA462B51EC2FEE5CD
    7            adam		17A411F75E7EC2E708AA38B005D08BF72C6D110A
    8           adamm		B7DF3C4162808B749627DA84EF7FDB35D6806145
    9        adconrad		C8B2CB3E322549BB5ED20002BE3CED47C6CEA0C9
   10         adejong		198DA17E5B2523BF88B6F7D45586A7DF9F8D08A7
   11           adric		551F6AC7D8AE875ACAD9099DF7D3BD00
                     		765B5E58293012080CA53FD582B10CCABF02C766
   12             ads		7EF8BA8B79FDC748C2DC1767701CB2A3DA602822
   13             aeb		72E5703144142EB6F6B44CBD1181703204880A44
   14        afayolle		A9F7C81F531A6D888F81203A2E5FDBE0DF67A55E
   15           afrb2		24D62C0AE3D38478F27C69FD131EC4C4
   16             agi		978204E72B75405CF5E90C81C514AF8E4BA401C3
   17        agmartin		01E721217DAFB63CA00A039C58C670084597A593
   18             agx		FBDF66F84CAC5E588EC477E49FCF2CCD3F3E6426
   19            ahs3		1C778E9F923F843174A72CE5B28EBE4FBA98E15D
   20        aigarius		0E9781D69B8816F286F572CE3330A21567209BDE
   21             ajk		7579786D41105F4A4D4436911EC237D9534584E8
                     		C086702FBADE5C579375E2947E532984
-=-=-=-=-=-=-=-=-=-=-=-=-=-=-=-=-=-=-=-=-=-=-=-=-=-=-=-=-=-=-=-=-=-=-=
Count      Debian UID		 Key Fingerprint(s)
-=-=-=-=-=-=-=-=-=-=-=-=-=-=-=-=-=-=-=-=-=-=-=-=-=-=-=-=-=-=-=-=-=-=-=
   22        ajkessel		74B762CBDF618DD9CD3A84357537F7664950EAA6
   23         ajmitch		E03032E01CF703A5B403EC74DDCA799C61434DD6
   24            ajpg		A906708C30548F27FB1A28EC5534D50037E36242
                     		F8742DE87FE1F7AC8E8358424426F1DA
   25             ajt		C135F6A86D8F7D25F040E7B43B17BC742A4E3EAA
   26           akira		29B3FBBA1299C6B6AE39DB39216E6336
                     		2A0DD68A657843B60C72C59B5F3931A6E213F1A0
   27         akumria		272DC6FA14A408B719C2C9B1BFEE2BD4
   28           alain		CF0B10589F1D97102CAD3F858CEEB259B3C281F4
   29            alee		D4199C0239C6A5AFBE2E97AA464DE301B74952A9
   30            alex		3A3ECA3B63E3B1AB24F31BC435FECD3FEB380BE6
                     		887F247F57419ACD45DABC6ABE06FCB4
   31       alexander		7BC3013F8489FADC424A07B9141138DDA3E45D66
   32           alexp		8B325F49B8A5F2039A837E9CF9CA01D5E26A6F28
   33           alexu		1369930E55262BB3C3BB22030FEE55B546399138
   34           alfie		73DA0A6E57808A7BECD771A810BB80FC16BD77C6
   35            alfs		8E4E3469FA3D36586135BAAAED6BEE2D1C74E0B7
   36        algernon		47395463F9F1F67185313429478EDE14C3B2FCDE
   37           alpha		EE0756D7B3943F264294F038FC25567AB25952C0
   38        amacater		E920DF31A4839188C6595806C7D8D012
                     		F3FA275213277904846DC0DE3233C127E93ADE7B
   39           amaya		395DE808BEADD7215E8220513450ED513FCC2A90
   40        ametzler		BCF71345BE42B5B81A57EE091D339C658B8D7663
   41             amu		22EC231CA6DD5453145125DDA1630C8F74E0B766
-=-=-=-=-=-=-=-=-=-=-=-=-=-=-=-=-=-=-=-=-=-=-=-=-=-=-=-=-=-=-=-=-=-=-=
Count      Debian UID		 Key Fingerprint(s)
-=-=-=-=-=-=-=-=-=-=-=-=-=-=-=-=-=-=-=-=-=-=-=-=-=-=-=-=-=-=-=-=-=-=-=
   42        andersee		1BC42742E885E4DE93010C825F9B643E30D39057
                     		783C6A19FA5D925AFBAC7BA5A5E1FF8E
   43          andrea		0E2F54E4D68C9E600473BEAA0AC55D9084EB8CD9
                     		3E28CBEC23F9B60C2F4C241021823497
   44         andreas		ADEE56831C993257F41DA3F2F20FAC0B7B8357E5
   45        andrelop		A0C1A28E76270AAB1A57D2385B8FE2F59D1B82F6
   46        andressh		E61C08A9EBC812E4F363E359EDACBE0B3A48C934
   47         andrewl		CF9DDD269E27C9E9A5E5F4A2D08DFB32
   48           anfra		0AA569FFC71C7BD6D1B576C8672C8B09
                     		5C8CEBFC806DAA3C2B6BC0BF05048A9B631B4819
   49        angdraug		902B5C62E28D59F0F860C39AC61A895E85EE3E0E
   50          anibal		FFB087FFAA67B0BCB97D62048A9067791880283C
   51            anle		9412498451DD80C98B2D50B75BAAE9550FB791EC
   52             aph		E21E5D13FAD42A54F1AA5A00D801CE55
   53        apollock		1ECE6A35AF34BC655F65B34121B9575CA7D91602
   54         aquette		137107DF3CF391607905144BDB6414CA204DDF1B
   55              ar		1E12FE3CC99BD0FA28AF131634E622A62FA9A38C
   56         arafune		AAF3B93EF2F05D426F4A2F60354A245D
                     		DE5024DCC7B9EA4B2F2454FF35F61A470F5F1676
   57         araqnid		841063C658211A2EBB26E98F8F16B533AF99D43A
                     		A45D302CEECB4124A79EDFE374E82E5B
   58            ardo		3B1F2172005C3A737F72DFD9907847F9
   59             ari		54A266A77609C480A58E06B6C0EFAEE3B70E403B
   60            arnd		D645025C7C6D7FF79BCB1F1AE6DE464B62C345FE
-=-=-=-=-=-=-=-=-=-=-=-=-=-=-=-=-=-=-=-=-=-=-=-=-=-=-=-=-=-=-=-=-=-=-=
Count      Debian UID		 Key Fingerprint(s)
-=-=-=-=-=-=-=-=-=-=-=-=-=-=-=-=-=-=-=-=-=-=-=-=-=-=-=-=-=-=-=-=-=-=-=
   61         aroldan		0EE927C955F192E43809B852D8E0724BB29396EB
   62          arthur		79F70C5F444870E35F7D0B33360A6CCA44A0FCB8
   63            asac		4215EA5BBDDA4DD48A7AA125BFCA4B38A824B93F
   64       asuffield		821A76BAD1010C851BE383D99692BDF114AD797F
   65         atterer		08A97B7D3D133EF23D25D15779E6F6DC888354F7
   66            aure		207081CA9835B9A389B1AAF3875EF23315E92319
   67         aurel32		4B7D218817B6F67C582DCFB0C376A8DAF1BCDB73
   68           avdyk		82F345D0F1B2D79ED0BE5188E2FCC566EEB6B4C2
   69             awm		CCA377BD77494424B0DB674F8C90347F8F068012
   70              az		DACF8509A3CAA24DC5FEA588A72FF66C42BD645D
   71        azekulic		478256371D9494F816C1D8331D9D6173
   72             bab		925CCE050B76EBBC96375FE731036EC736B861C1
   73         bagpuss		E20592D5947028D7FBF5FA05170998ED76B8A43D
   74          bahner		076531CE6223B28C1A644F7A99727C1454ECB8AF
   75            bali		A70C6B3446C65FD70B68F205024B5D4F78560E1C
   76        ballombe		4940AE28C5F8E8A35E4D8D287833ECF1B5444815
   77             bam		99187E12ABAF54EA9C9E27A5B828A71C00530C24
                     		A03864DEAE44B503A8577B0D12497882
   78            bame		C83EDA064DA5138578C7B9598DD404FF7ED87D57
   79             bao		8D6666727A9B687985CD42E09F6C7908ED956B38
   80             bap		3755EE8A783F3493A8FF2C8F2F3E069EFEC23FB2
   81           baran		DDBE8A2373481CA7FC9156CC8F3B66A6FC494FC4
   82         barbier		AC1185A49C0BE1F8180D3B07F118B5951E161AFB
   83            bart		2FADE3A21EDE3C1708CA57594E92687B666D21A9
-=-=-=-=-=-=-=-=-=-=-=-=-=-=-=-=-=-=-=-=-=-=-=-=-=-=-=-=-=-=-=-=-=-=-=
Count      Debian UID		 Key Fingerprint(s)
-=-=-=-=-=-=-=-=-=-=-=-=-=-=-=-=-=-=-=-=-=-=-=-=-=-=-=-=-=-=-=-=-=-=-=
   84           bartw		CECCD55FA5D27BF0C08726FED13ACE68
   85          baruch		F9ED8708BE1AF04829275FBD1C26ABEAAB474598
   86             bas		C1F5F24CD5143FEC8BF6A2B12BAEE41F0644FAB7
   87           bates		755EB641BD4030726DF8B7A44EE3DE7D
                     		9D7C9FA296C8483CC142912884A844F6FE61E079
   88           bayle		65D7B7CA2B95916F71BE26144F1E0907AEBCE71F
   89        bcollins		A80600A0547D7A4FBD978D557DFBD52D
                     		CA9C9B60D31FB7FEB093CDA17CD73F641E04EC2D
   90         bcwhite		8112D4D78EB7AEC8186AA086D10C0668
   91           bdale		1B822F5FFCE3FCCF902C21E5E8BF6A7B
                     		A18EEFA7E2E3B02A4168875D64A7C0A7F2CF01A8
   92          bengen		6619634A0F5DB23F6A5FFB6D5028272F3FD29468
   93            benj		63CAD5245B5C71892DF54BBD9C32EAB5904BE741
   94          benoit		9109E0D2AF732D236BEA69EF7FBC80AF6D164EC1
   95           berin		D4E908BDA1A408F07C3BB22F17FDABE8609CD2C0
   96          bertol		92720B065DB1A9EEF89001FD3E7434397DD9018D
   97        bfulgham		0AE3D7F45120575591A144BCCC60DDAF37EF5295
                     		599F8D6DE84D10E58B7B03A49A8D8E81
   98            bg66		A8B90F6902FD86E7D339C9A6FA96A148004DA6B4
   99         bigpaul		69A5548C414511168CA92CB594483FA354DB33D3
  100           bilbo		434943E24AD3E43552ED884CD8CD3C3BD944DF87
  101             bjb		0AE74247370751BC999DD0EB6ED768E7E67F5DDA
  102          bkerin		9CABE11763F6B38B20B63DF553929D83E3A0213C
  103           blade		E6EB98E2B8858FF06C045C1DE106481EEDF008C5
-=-=-=-=-=-=-=-=-=-=-=-=-=-=-=-=-=-=-=-=-=-=-=-=-=-=-=-=-=-=-=-=-=-=-=
Count      Debian UID		 Key Fingerprint(s)
-=-=-=-=-=-=-=-=-=-=-=-=-=-=-=-=-=-=-=-=-=-=-=-=-=-=-=-=-=-=-=-=-=-=-=
  104         blarson		D5D098AFB14363734F4178618351C3C268AC5746
  105             bma		CD4004A44DEE3B10B2C69728BCDD1D6FA10D918C
  106         bnelson		317A2DF561C615F073CF9D6C5DC61A9259DA6AF2
  107             bod		87EA44D150D89615E39A3FEEF0DC8E00B28C5995
  108            boll		93D24C0FA8064A98808406CE3C7B87531EB2DE66
  109           bortz		BE25EAD61B1DCFE9B9C20CD14136479797D6D246
  110         bossekr		5202EA4B6946AE85149A9BB0376941AB835EB2FF
  111         bottoms		13CCC3217D8D5A6D96E612DE382E255B
                     		3D16272FA73AF5B1F91B5D8C9306C9BCDAF1054C
  112            brad		39BC499B7E431BD5B812262654F9721A
  113           bradm		BAE34794E6272EAF7EC0476378844BE847951BD0
  114         branden		1573D54473C3988F00963E4FEA4C661F2B46A27C
                     		9A8D5E8C561487649C74E52924605C92
  115         brandon		D6378D8E36432008C18FA418DDBA93BB3637491C
  116           brian		1BBACC1CAC8DDE48B1C513B919F6C7BD3857C4DA
                     		9413A427FA1425B737EEAA5A2907E9F6
  117          brianb		0A67CCD38E9630496ACAE0C76452DBBB119785C2
  118          brianr		578A87BDBE6D8A04DF7A6EB30D46FE7CD21DF495
                     		890B6837D9748D8E01DA726D86D32A7A
  119        bridgett		BE0B5F40C32149FAEAAE23807E5823F7EE84E71D
                     		F8661B0D21F75A715B8FBA809011F62E
  120         brinkmd		141198894E27D44F7084F098C0A4CBB987978569
                     		1CD2E8813FBE4E9440BE4824FA15EF34
  121          brlink		E6E2824DB81C3689659F6B684EB016BCAA6541EE
-=-=-=-=-=-=-=-=-=-=-=-=-=-=-=-=-=-=-=-=-=-=-=-=-=-=-=-=-=-=-=-=-=-=-=
Count      Debian UID		 Key Fingerprint(s)
-=-=-=-=-=-=-=-=-=-=-=-=-=-=-=-=-=-=-=-=-=-=-=-=-=-=-=-=-=-=-=-=-=-=-=
  122         broonie		4189E4231C09700E89119CAF276568D75C6153AD
                     		78D2FA87C772E319674C7F2F9E0DFD64
  123           bruce		381884D27E1148DA423C05E196DD9D1AF4495B34
  124           bruno		E8E0D40EF88CF4B094C7E3577FEDAEA72D85E5BA
  125              bs		BB0B047F5D4E3A1F0F4E8519B78EAAF7
                     		D930653A114193BFB8F6163E20D6688259EF5DBC
  126             bsb		28DF6A0B027AF1ADD6E7DFBEF7807F4863BC2907
  127             btb		79982CB0635F170ADFE9643DB5E01C5DE678D1A1
                     		C1F405AD05F80FF7E6810EA068E6FFA8
  128         bubulle		F972A168A2703B34CC23E09FD4E5EDACC0143D2D
  129            bug1		3DA3DE8D43B43D57369267DA5966727D788B94BF
  130           cajus		672319F7F7E1EBAF268E1343B7289B27FED8F826
  131          calvin		A97746CDF7094611A44D27FA781C250432EC6F3E
  132            camm		8DBF595D15C8FA93BF273E81CA633848
                     		F1B068F9933AAC362A30A7957331B5C057F045DC
  133           carey		5A98FF2242DC75277ADE7A58252CC4C873D446C2
                     		81F540DFA0490665A3A9DE6F9C5C9224
  134             cas		96747EE24AC6F5EF3C5752C3EC326810CD5626F0
                     		A2E7F4AB22D6A9734CCC1891060F6230
  135            casi		FDE047DE544746CE4016F037778FBB5165057FC2
  136            cate		B7A728128390BBB21AC66F9EF9935424B1DF9A57
  137           cavok		3A0F2F80F79C678A89364FEE06779033A20EBC50
  138             cbf		15EE951E72969D56A20B89C2F328AA54
  139         ccheney		2D31192787D71F249FF91BC5D1065AB38E384AF2
-=-=-=-=-=-=-=-=-=-=-=-=-=-=-=-=-=-=-=-=-=-=-=-=-=-=-=-=-=-=-=-=-=-=-=
Count      Debian UID		 Key Fingerprint(s)
-=-=-=-=-=-=-=-=-=-=-=-=-=-=-=-=-=-=-=-=-=-=-=-=-=-=-=-=-=-=-=-=-=-=-=
  140     ccontavalli		23837B144D0853A42C1ACA299E9854311A686975
  141              cd		214EE4B590BFBA69D6399C3D438F770EC8FA5258
  142            cech		0163FBB25BF0E1C8E530944CD152FFDAD06A8654
                     		C75B671E7511703843BE6B9AC09C3318
  143          cedric		995F58995A9D3DED9D473DD56E69973CF7E8BC63
  144           cesco		2443238D801AD7917420C42AF8B97FD3
  145        cespedes		8574F8F3947725F5B339896D7A95A5B988784703
                     		EEB9E07B57596E4912CF8D171C17ECB3
  146           cetus		105BACE2939AEB5881670BF0181D3D39
                     		126E3C458DCB2B3D99E7B66FC77405ADB0A5FFDC
  147             cgb		C7F61E9C32910EADCB8E55987806CD6F133108EA
                     		C87DDCC103600294CE353EE56C85108C
  148              ch		0AA3E8791D82F59E77A40096911F4AE686A118E6
  149          chanop		9AEBF07DB3FECFA9EBA1AC5AF7F702C563EF565E
  150          charon		A11FBB5DBD797228A198CF53D50853A92213E772
  151          chaton		4837EC640A95001FC10A5E0DC250CB593B76AE3A
  152          chewie		B4ABD6279CBD687E7A3119500CC70B18206C5AFD
  153            chip		35C543FABC62AB48AEFD4B557BFEC2632FCA50BD
                     		4DE88163E19EEAAA6332D0A2F5CD15AF
  154          chojin		C23AF4B8B3131F2CDF8AB706567AB91E28369018
  155           chris		B21E11956AF510EAF606F74BD06B7BC8
  156          chrisb		34FF1EDE56F0779468B13FCB0F340577D097A261
  157          chrish		BE3D5AF7470A183F0E518C339A8DBEF268396FD2
  158          chrism		7CCAB8ACD7D25A9B35B55B11767E4E17
                     		911B1763C60865377DF4018081E56287B5CE5497
-=-=-=-=-=-=-=-=-=-=-=-=-=-=-=-=-=-=-=-=-=-=-=-=-=-=-=-=-=-=-=-=-=-=-=
Count      Debian UID		 Key Fingerprint(s)
-=-=-=-=-=-=-=-=-=-=-=-=-=-=-=-=-=-=-=-=-=-=-=-=-=-=-=-=-=-=-=-=-=-=-=
  159      christophe		E0F6FADF2A5CF0726AF8F67A8F452F1ED72CB41E
  160        cjwatson		87317259431038049C92C139F6DD330210FA4CD1
  161        ckesselh		1CAA0B731419F3DE0B91A6F2813EAA9174EA7E47
  162           cklin		B5963B24A9B200B55CDB636CAAAEC012DD0F6268
  163        clameter		88462A803BAE94ED94BA98DCD29BBFFC442E63C2
                     		FB9B3121041E3A33C7622FC0CD81CAB5
  164        claviola		3BE16591C78C2AA431DDAEEF640602273516D372
  165         clebars		F844B9926FE133FE02B2FC1EF7B257749AACBFB8
  166             cmb		C3267C307B6DFBF86BA89107462E80ACB7D86E0F
  167             cmc		FA59358BA580CA386695714FCEB14A7A1DDC990D
  168         cmiller		4507BE941A5B2BCBFC89F0A4404399A29E6947D9
  169        cmorrone		27E5C60F58B4C3AC21AF50F63565C0FA
                     		6166730D72AD4886FB8C5D785919766CE5B2F474
  170        cmruffin		C0ACFF85A1C78868A3ACACB19AF14FC2D8DB2B9B
  171            cord		767C80485684A391A1576818EF653E8D5AF4C462
  172         costela		8AE6CDFF6535192FB5B659212262D36F7ADF9466
  173           coven		DAB7FE98AB30F098723F419FDA182B3B
                     		DB0DF889C81596F203DF0C5104E76310EFC18770
  174          cowboy		684A1F8DC9BBE0DFF3168C9F015427E3A4B47676
                     		9D3583BC28718C0A058A89E773710686
  175         cpbotha		9059B3C6DF46164290302296BFE09513E94EC0C2
  176            cpbs		7468AB2E1C602294B8212D01DE6613E2
  177             cph		424626C56C4AA9DB11194C07E3AA82D81B352C01
  178         cprados		C91B7C48520E4A9E36183019EC76D8AE85753049
-=-=-=-=-=-=-=-=-=-=-=-=-=-=-=-=-=-=-=-=-=-=-=-=-=-=-=-=-=-=-=-=-=-=-=
Count      Debian UID		 Key Fingerprint(s)
-=-=-=-=-=-=-=-=-=-=-=-=-=-=-=-=-=-=-=-=-=-=-=-=-=-=-=-=-=-=-=-=-=-=-=
  179        crafterm		E2533B819C929129FA409BFD394D2FE3C4C57B42
  180           craig		742498929FD4835F3ACB7A0B18742D12
  181          csmall		1C1BD89314182AF445EE95CBC76CE5AC12CADFA5
                     		AD8DD8636EBFC3C74741B1A21F46EC90
  182         csurchi		D1E29A9D17120E948671834E0CFF30E126257B68
  183             cts		20F49C926AA6C046F2B05F0885672E5DDDA51280
                     		D405D8D15690DE697D1814606C29A610
  184           cupis		716E40B5BEBE5B231C7E17F6233B8A57E4875FF9
  185           cwryu		5F6EC41CE863A6C519953A5B01B47334E0D49E99
  186             cyb		5E045B0EA831824D9E5F58716754891DEAAC62DF
  187         daenzer		B09FAF35BE914521980951145A81AF8E6ADBB200
  188          dajobe		F879F0DEDA780198DD08DC6443EC92504F71955A
  189             dan		4F55A3BFE7077FDA460E3A8F6E038F5EE0A38377
                     		BD2DD12CD3E3980BA9921228D6580834
  190          dancer		17D6120E44551832942374473059BF92CD3756F4
  191          danish		D1853ABA30402679A6F5BE5E5A12C1C206AA24A0
  192         danlutz		DBE9BFF8907BBED4680A7DA03384782D14E06AAF
  193           dannf		AAA1D9EA42E099A339B36D7686E00D0C19A42D19
  194          danpat		250A63CF851D9A751B6387269AF352EAD5E8015B
                     		6290191C55F17888B8B872046B5EEFD4
  195             dap		F36251F76D5185EBAF6875B9D29B1AFCF90FFFE5
  196            dark		49D1D332EEE220DC158A0BD6CC554638
  197            dave		AF618DF1F53766B509C07E8EED72B738
                     		B030A2BC56A866CFA492E49B29E14F99391B3928
-=-=-=-=-=-=-=-=-=-=-=-=-=-=-=-=-=-=-=-=-=-=-=-=-=-=-=-=-=-=-=-=-=-=-=
Count      Debian UID		 Key Fingerprint(s)
-=-=-=-=-=-=-=-=-=-=-=-=-=-=-=-=-=-=-=-=-=-=-=-=-=-=-=-=-=-=-=-=-=-=-=
  198           david		910B9712D9DFC8F5F9FE152D73686F78
  199          davidc		A3602018526B3DFF52BEE5AAB0F7E8C60FCC27C6
  200          davidw		A6CE8C8EBC005A7BCC66E43B0152D603DFEAC4B9
  201        dbharris		CC53F12435C07BC258FE7A3C157DDFD959DDCB9F
  202         dbugger		88B0EDC1A0E7CFD31FC10E3195382444
                     		F3A12880BCF7F8047C39B29E292A35920034C733
  203        dburrows		07FB533591FD5ACC4CBC5DBF721EB1B0CEE44978
  204         debacle		6F7432AB53DD09F13B69E63F798A7053
                     		E93E504310EF5D5F5D64E1EBFB13343857E3E888
  205         decklin		55782B782151EEB381717DE6B8824687F1968D1B
  206            deek		7102808A7733C2F3097B161B9222DAB89840105A
  207        delaunay		08BA6695BF3358B0935624DCAE77E041B9D56A91
                     		CC12255A7BAA318BAAAE5DDE3F9841C1
  208          dennis		FBA0E513AA28DDFF4D707084D7F14E63DD1C62D6
  209           devin		13E7199EDD1E65F089052E435395CA0DE9ABFCD2
  210          dexter		24810A76D3A3B74133C42498BDF2CB8A
                     		56B4B786A62D3EA134CF264C84C1C77BC0B10A5B
  211           dfrey		51F35923114FC8647D05FF173C61EFDE
                     		87F94D550265BC47246C6F2F295CAA946CE5FB54
  212        dilinger		2718F2B915F186D52F5309D7EFCA3D47D36B68C4
  213            dima		38841253CD2BCA0BB3432E9F35FC9EEA97AA33D6
                     		8030A37F998913E5F1CDE4C562D3399C
  214          dirson		42384696F272C9882A01DB8A575B95B25C33C1B8
  215           djpig		EFFDC2C90B84664F14B3096E41B9F4E85B713DF0
-=-=-=-=-=-=-=-=-=-=-=-=-=-=-=-=-=-=-=-=-=-=-=-=-=-=-=-=-=-=-=-=-=-=-=
Count      Debian UID		 Key Fingerprint(s)
-=-=-=-=-=-=-=-=-=-=-=-=-=-=-=-=-=-=-=-=-=-=-=-=-=-=-=-=-=-=-=-=-=-=-=
  216             dld		80207789B47B57372928B38C94A22D3E
                     		831C5DFB46318360F5FD2856D696FEEBB9EB150F
  217           dlehn		F52701E6467CAC15EDC9F9273C8408581A3B48DE
  218         dmartin		6D77976A392AEE47CA4331D3A3F5DC7342000462
                     		BBAC36BF95EEAC85FD290C08E197B95A
  219           dmaze		59DD03FB465C8FFF81B53192A77535CF53C74DE9
  220             dmz		9BA266EF09FF352E645B4065A3C510B4
  221        dnusinow		F2E1D6829607241FE54C12A8C8B7E935D63469DF
  222            doko		2DA00A3E65263CACE706175A4AD9516B0F932C9C
                     		C17CC7DEDD4CC2469CB84BB6620981AD
  223             don		45AD1B8A9474319A4F7F649881C08922808D0FD0
  224          doogie		67014293CA37FB1E63C9801D08CF840A
                     		AD46C888F587F8A3A6DA32618A2C7DC28BD4A489
  225           dopey		F42F871071C27603A56F16184FDEC6E7E160649A
  226        dparsons		A110EAE1D7D280765FE0EC0AB6CE704164124E4A
  227             dpk		20B6B9589228D0E3CD62FE0B79FE9772
                     		3E1654CEBDF8F06165FB0E6187DAEEB3F0132079
  228             drb		92EA568967E104A54C68B6FC99889ECB57484B76
  229        dreamind		A681868486470C5D79B9A59D8B9D310A97C398CB
  230            dres		9757A04A65061BBE8DA3373F5F46B540
                     		C944813CB97016BB31A644612C8882B616EEA647
  231            drew		BEF2BE0A250ADEBBC13BF24FA3B8229DA57D8BF7
  232              ds		FA7A9BC2BD8D28849324203BDAF24CAFD6D549AA
  233            dsb3		09CDD14857DE711E6708B7720DD451D5D7BCA55D
-=-=-=-=-=-=-=-=-=-=-=-=-=-=-=-=-=-=-=-=-=-=-=-=-=-=-=-=-=-=-=-=-=-=-=
Count      Debian UID		 Key Fingerprint(s)
-=-=-=-=-=-=-=-=-=-=-=-=-=-=-=-=-=-=-=-=-=-=-=-=-=-=-=-=-=-=-=-=-=-=-=
  234        dsilvers		961F4EB829D7D304A77477822BC8401620687895
  235             dsp		6B15107840F1DF2A2EC21C59A53FEB96847AFEDD
  236             dsw		05C1D4BECA8B9443FA9F1555144F85EF4F6DF8B6
                     		55A950E86DEE80FA6BC3BDC1C1BFE6C7
  237           duncf		5A806FE537E55FD7E452F53EAA3533346BE69CD0
  238          dunham		2DA2CD9DAB161DEE1AC475052120998E
                     		CB7D1956E94568B7AC61C71888F8048D5AAF6F59
  239          dvdeug		7EA549F6A9D22FD221A92CAC35A27AB72E54EFC6
  240           dwarf		818B26573D76B958BE9148F51A9C4B8EF4984AE0
  241         dwhedon		AF692818DE528C096C2845B9493D66FBA8EFD603
  242              dz		3CEDBDC64F23BEDAF4892445147F1AEA2DB65596
  243             dzu		DCE8E482770CF727D4B374BAB4C1D581629081AC
  244             ean		3C127A74CF2396E9763B9317A38EAEFD
  245           ecain		B0A0BF1E10145493C6FC38FA166257EC104B7390
  246            ecki		3F7DEEC57FE777D32EBBA39737163AD9
  247              ed		E959DBA0092A7AD23F41500E7649D1C5B4A4E070
                     		F31184A456A05926BD6D367BF9AAB1B0
  248             edd		344C9EC6707AFA176FE260B1099491F791B0D3B7
                     		B24975BF442CB7AA50CB197D80F7CBDC
  249           eddie		A46B9BB531487BEA1F055BD5853003AEDE89C75C
  250        edelhard		DD2937062B8D22A8DEA2C302941C86926F222F1F
  251           ediaz		7ABAD05C4490E76BD4AD0F68B9BF7F8A
                     		8891249B8C1519CCB3FEAA77DBFB8F80589ADFA1
  252          edward		26B3E24434237F38C93A73E699C890751BC4E32B
                     		868BF7CAD7CCAC44CC94A78FEAAFD50F
-=-=-=-=-=-=-=-=-=-=-=-=-=-=-=-=-=-=-=-=-=-=-=-=-=-=-=-=-=-=-=-=-=-=-=
Count      Debian UID		 Key Fingerprint(s)
-=-=-=-=-=-=-=-=-=-=-=-=-=-=-=-=-=-=-=-=-=-=-=-=-=-=-=-=-=-=-=-=-=-=-=
  253          eichin		3B6297D0E736BF2D9B0B4AD6B7680DD8
  254            ejad		E272A6DD21A6DFC8C045146EAF16EDB1BB9B8711
  255             elf		476DF13A2450FEB041C9AE94D04D8217
                     		E39685B176DB94BE4CE9A40F57E8CE072EAE5D2D
  256          elonen		F041D6BB96B6BAE3FF9264D35FCAF9022EDFE670
  257            eloy		AC3A464ADF876468F63DCCB2F8D31F49DEB0EC31
  258         elphick		92C839E7280E36313F0E1EC056647A2FA54310EA
  259             ema		DEE850F81C5AF8208DD629D30BA0EE03EAF19B60
  260        emschwar		FAA6D8592F0BAED7C3329F7AEBAD6E5CBAC59E39
  261           ender		48C4D999F69A4615AF5F28535ACFC4840D62001B
  262          enrico		66B4DFB68CB24EBBD8650BC4F4B4B0CC797EBFAB
  263        eppesuig		43AAF8E27A0E57F4DC7FFD022207C594EC97089D
  264             era		F00962117A0FA35D95EA2EEE7EAE8D934F4113A2
  265            eric		097C4861993427A08E1C2B0A61E98ECF16D970C6
  266           erich		6073C8748488BCDAA6A9B7619ED078EF4B3A135C
  267          ericvb		F1B25DDA39291D3F58AF6C26E152EE59B09E8530
  268            erik		1C6E77A082DA2EDBD1B125B498C99E8BDB898410
  269            etbe		D51E60CA98996009F1A4B4CDC2B079FCF5C75256
  270            evan		A9EBB297CD4424F81CF269A850AA7015A876F581
  271             evo		E5D870FFBB267D90D52C56B5347A7D93176015ED
  272         ezanard		D9E760760E20C5CAA70F4CEEC647DE37
                     		EA74DB17A180C7D0F9D5997CF96EBA6DCF4C7754
  273        fabbione		3EEECE2D3F83E4D423551223842CDB7A44779E18
  274          fabien		1CC14FA6EEE54D994F802D2D1F85C170
                     		C15DFE9EBB35F596127FBF7D8F1FDFC9BCE09436
-=-=-=-=-=-=-=-=-=-=-=-=-=-=-=-=-=-=-=-=-=-=-=-=-=-=-=-=-=-=-=-=-=-=-=
Count      Debian UID		 Key Fingerprint(s)
-=-=-=-=-=-=-=-=-=-=-=-=-=-=-=-=-=-=-=-=-=-=-=-=-=-=-=-=-=-=-=-=-=-=-=
  275            falk		6AA2ABD3C802094EF1FF283BD386DEE262EEAD8B
                     		E0D624243F377DAE4CE0F0353AD25A80
  276           fenio		42B8C61FF6EACE10BCBAFAE9850BA2DE13FEFC40
  277          fenton		4BB7E04AC56DBF719E23ABA095908FC0636D59EE
  278             fer		8610BDC9C84E5AF09AF0415C8536D24D
  279              fh		DD61743404FB8ABD435483380C82EFB1
                     		F9AB00C13E3A8125DD3FDF1CDF79A374B4071A65
  280          fizbin		9663F12CEB510F73B26F22CFDDFC845B
                     		A655FDD9AE06205025A91832249F50C649202B37
  281         fjordan		95580DF1BAEBBBBD77D86D258FF71B3245EB348A
                     		CBD1BC05DB3D88EE4468A8326C0AFA2F
  282         flatmax		D0052FB975BE7827B4516D76C6CCD1330501F882
  283          flight		8C03B557EC1CDD5905C1F3FE6CF6F41A
                     		ADA5562B638D552F4BB82A27DDE55F0DFDB91B8D
  284          flimsy		96B05A4725393FEDC181A3A3726C2995383F25B5
  285             flo		86079AD8227425A11AF9B4D151ACF6AD75BE8097
  286         florian		34F879978BC103F09C43F3D7B3753E4D514B3E7C
  287             fmw		6FFC6751BBB80F60C39DAB724A77581CB34A0F1D
  288           fnord		55C5769D6B5F45147299E8598CCCE1E0D3C0A64E
                     		B5D5EAED77ED1D2421F9BF8A6068D634
  289             fog		697807F613F7E0A359D1FF95BDC0A0AE06468DEB
                     		DE9EB275B4F6CC5BC3D5715104ABF3B2
  290            foka		223D627084DB3BDBE72358A9F1A6E0EE
                     		E5A68A91A15FE9A1241473DE2DAF2A666D67F790
-=-=-=-=-=-=-=-=-=-=-=-=-=-=-=-=-=-=-=-=-=-=-=-=-=-=-=-=-=-=-=-=-=-=-=
Count      Debian UID		 Key Fingerprint(s)
-=-=-=-=-=-=-=-=-=-=-=-=-=-=-=-=-=-=-=-=-=-=-=-=-=-=-=-=-=-=-=-=-=-=-=
  291          forcer		7F42C2920B45971F2F186ABC67EBA977028AF63C
  292        formorer		CC992DDDD39E75B0B0AAB25CD35BBC99BC7D020A
  293         fpeters		19FA1B4E7036EF6BD24CD2DAA7E19C57
                     		62BF2EDA404A6EB4F5BEA1E2A11DCBB16783ED5E
  294        francois		5A039C126D136E7329D8480149C5192819D03486
  295           frank		25C0E61BDC474BA7204E62F5FB1B3D632252FA1A
  296         frankie		92E42D44336FDF91550823D5A4535199E9F2C747
  297             frn		1645B6EE83111A0303F2B8967640947667756F5D
  298            frob		1FFBF62CFFAB43DDDC81F6AEDAF7350A7EBBD625
                     		3F62CE84C8D6D542019079CF3EC8FD65
  299            fuji		2687634B07281FAD6DAAB58AD6030FBF
                     		D4024AF37488165BCC3441477F0CD922EE4C26E8
  300              fw		C8D3D9CFFA9E70563F32FA54BF7BFF0402D524BE
  301         garabik		9AF5D8B0862D2224400768DF501409C6A0FE58B8
  302         gaudenz		54C4500049D3DAA242143A59F2B52A5D0A5FB687
  303             gcs		A7ADD22D796EA275C7C9D1033036AD8EA51A4FDD
  304          geiger		D73EEDEC8D5CBE955D9BC6AAD696CA8660B6B958
  305         gemorin		9973E623833D3A5140D34C85778AAE5B578CB542
  306         gibreel		E45E564F84C9A355B49B37742D8C7CEE
  307        glandium		A479A824265CB2A5FC548D1EDE4BDA2C54FD2A58
  308          glaweh		B733A61DFE90985905ED4B218233A6D22D2F75EF
  309        gleydson		BC8103B7B2891227A02E675AA56BC3DF985BA281
  310         godisch		2AB19CDD4BA9D7FB69275A9E9A91821D68DCD606
  311         goedson		20FCAD60E8C8D2EB064A8F5BEED8D4CC1DEB8EAE
-=-=-=-=-=-=-=-=-=-=-=-=-=-=-=-=-=-=-=-=-=-=-=-=-=-=-=-=-=-=-=-=-=-=-=
Count      Debian UID		 Key Fingerprint(s)
-=-=-=-=-=-=-=-=-=-=-=-=-=-=-=-=-=-=-=-=-=-=-=-=-=-=-=-=-=-=-=-=-=-=-=
  312           gopal		C26E6FE0922ABA3281BE063CB62BD228
                     		F6D98D9DCE0E1C04E5EA70FC47D9DD61465B85FF
  313          gordon		EDB0BD4428CFB33375428209160023F7588B7D9C
  314           gotom		44A9EDF44076706A22B761A0A88A9AB0864826C3
  315          graham		A0A7AE54665D6446F2D981FF8B94031D7F75635F
  316         grantma		8C2535E1A11DF3EA5EA19125BA4E790E2EE20270
  317         grendel		0F0B21EE7145AA2A3BF66D29AB7F74F4621FE6EA
  318          greuff		01FA29EF7F5666A86596C50143225D698FC03128
  319            grin		8AF70C62FB01667548E7FBA4A7143B706592813D
  320           grisu		3CAB9397E835E2E95289A0C0F85EBF46258D8781
  321              gt		B408508F30E1F79E60E8AB58DA6D25DF32D75812
  322         guillem		6AAA6732BBA3157CB1522E71B96F5C899D928C9B
  323             gus		24D6980A17E05B155DED1F1D83FFC87BD02F8773
  324          guterm		E7C65AA9EA49291F7781577F3606C51455BFD024
  325            guus		F18823A1E6E6759102CD850E0312E8C35D8CDA7B
  326             gwj		6C53370CD34A586E35660F883BFEB0E2
  327           gwolf		0C79D2D12C4E9CE45973F800D80EF35A8BB527AF
  328            haas		9B26F48E6F2B0A3F7E33E6B7095E77C579CC6586
  329          hadess		9A74032633034FE2926C8B6A27866E218306A836
  330           hafre		35B392FDD5CE230D0F36B0E98B3CC11D204D1441
  331           hakan		5F760FDECF30A6206A6F82DD01BB5D753DE37DC0
                     		E981FD90535CE93E3DED57151B7E29F3
  332          hallon		8036A4564D3901C14FA6E9126BC9A7B2
                     		DC6C12B4698D0D907C54380ED115D067AA5FD7AC
-=-=-=-=-=-=-=-=-=-=-=-=-=-=-=-=-=-=-=-=-=-=-=-=-=-=-=-=-=-=-=-=-=-=-=
Count      Debian UID		 Key Fingerprint(s)
-=-=-=-=-=-=-=-=-=-=-=-=-=-=-=-=-=-=-=-=-=-=-=-=-=-=-=-=-=-=-=-=-=-=-=
  333           halls		BE88B4B38D1F6639580FCCEE7B199D131997E7CF
  334          hamish		5EDD1ABD58B77CB983DE01202C70E229
  335        hartmans		39272F04C8E560DC056CE2F3FC8D76733C86260F
  336          hattas		9C0712D92B0C8978C547B98BB72D2AB365B328C6
  337           hauva		3BB22FBA5B01E0E2FE2AD5437468630C182FFF06
  338        hazelsct		D54D1AEEB11CCE9BA02BC5DD526F01E8564EE4B6
  339              he		0C2CE3E83489599A75EF115698EE733A9DE1EEB1
  340             hec		D3243DC41F2A0936DEB9A4D9D24A8237E8074ECF
  341          hecker		C3CF4178B8AD5871DD100B17CC1332317C796B7D
  342          hector		E1BA871DA5EA78F3FCBDBA5B330B038B6C63746D
  343         henning		12C24D5809950EEFCBC91E88F8DAD7195CBC1773
  344           henry		639D8843F0579F99FF8BCC6383EEA934
                     		A5D36EF88FB2F7DBCAB817B7382B600D7D935D81
  345         hertzog		1E41DEA91452CD33AC67D570506B2442
                     		7D2E678DC54F79E8C02DDE9ABCF6C60F6E8169D2
  346        hilliard		4C2D57C2A015DFAB25FC41C49FE361E9390D6559
                     		7C2A175CA53365BA8FB611D4374DFDDC
  347             hmh		54225C61F6B706FB7E043738EE25DE3F1CDB0FE3
  348           honey		057F5FF9577DA76DCC2168E7306C483AFF1F7A5C
  349           horms		A0E7D2FCCC48721071CC617976EF8CE887B1CFB5
  350              hp		07591C29F64CC8DDE5D5CEE1668A1BC8
  351          hsteoh		20AD5478A0BC68434A0508A4060C4E63B071C40A
  352           huber		61F06138BE7BFEBFA223E9D1BFE120656B21489A
  353            hvdm		5F2E8EC2E0A45D250569F2814A6CD76D60715698
-=-=-=-=-=-=-=-=-=-=-=-=-=-=-=-=-=-=-=-=-=-=-=-=-=-=-=-=-=-=-=-=-=-=-=
Count      Debian UID		 Key Fingerprint(s)
-=-=-=-=-=-=-=-=-=-=-=-=-=-=-=-=-=-=-=-=-=-=-=-=-=-=-=-=-=-=-=-=-=-=-=
  354           ieure		35887CBC8DAD27583C6EAEF11C972F2C947AC16A
  355        igenibel		15044F9B8D185E12B39CF873FB181D301648F6C8
  356           igloo		C3ED6F9C2E5B4CFA6030E409EB7CBAA680C83E8E
                     		CDB3F9532F14A500D06EBB32B219E039
  357          ijones		414EAC7008BC7BC4836E7CA604B3D367B2B831A2
  358             iko		2123906893F464530847785D1144E4ADA7228C38
                     		8F0B1098595DA5528A85C8474BB985FF
  359             iml		5F7A7539EA0DF4B495D30D22A8BBB3661D1DFB53
  360        imurdock		51060059B8586CB395F2AA5364BFACAE
                     		8E3D54B84446D5E316FF6D6BCB1D75A5
  361            ingo		B2A37622D32A0D1CCE3F3DF2E17AD7B5090DD8D5
  362           isaac		ED6FE2EFE0793C8CFB0D06384044F61854E672DE
  363        ishikawa		A7DBB59A4268DDF2276035947E2F30EEECA94FA8
                     		ACFAFA80278D505E5F9FB47894BC61B5
  364            ivan		68CB5B3A48FC18F17D79A94681872F9B54C1C1C9
  365            ivey		D293A6493C5DD2A4BCEF769DC6C872E0E34938C7
  366             ivo		B7AB55C5AA1301D61D8773266D310C97EA1572F1
  367             iwj		5906F687BD03ACAD0D8E602EFCF37657
  368             jab		D5D39EFC140AB9FF953572D76B37E8DD34B36856
  369            jack		566728C6727EAC9D97B64C524F7BF284AFFB0C17
  370           jaime		51C915494C030E7F2150F1F0111E3AA0BFBCC985
  371         jaldhar		48DFD0003BE71FF8D9C15832DA460E47EE6DC66A
                     		B6B3D275DF8DD68704957A7D4D6F9FB3
  372        jalvarez		3660BC4AB81D3472B1FFF0ADC8C71A9539BB323D
-=-=-=-=-=-=-=-=-=-=-=-=-=-=-=-=-=-=-=-=-=-=-=-=-=-=-=-=-=-=-=-=-=-=-=
Count      Debian UID		 Key Fingerprint(s)
-=-=-=-=-=-=-=-=-=-=-=-=-=-=-=-=-=-=-=-=-=-=-=-=-=-=-=-=-=-=-=-=-=-=-=
  373         jamuraa		87F192C444AA4105B1C4EDECD9959620C00E9159
  374             jan		3641E48643825A1340E7EB439C851C72F12DA065
  375             jaq		F2296392EC63C9A7F5B0E809E6EF68372CFD1C38
  376          jaqque		2942DD0F77F4711ADA260C863199B17629E0E66B
  377           jason		5028E73900DC3E7BDE6C6ED6EDC63044925288BE
  378        jaybonci		562B35DCBE8D7802DB31642364D8790FE0B8B2DE
  379         jbailey		DCAF16D5BB56B970A8F9EC88E4CE6199D0980A99
  380       jbelmonte		784F4E389A576829378B105BE4D7E0EA4C40410A
  381        jbernard		D966CBDB8E2975D02B1F1633C004F6035912C27E
  382         jblache		935A79F1C8B33521FD627CC7CD614FD7F5D65169
  383          jbouse		C745FA3527B432A691B33935D573D5B129AB4CDD
  384        jcollins		4B9ED2B3D28C25AC6CDDF08F238F6506EA3A2726
  385         jdassen		CC8FDD82CB19DDD31FCC52EB03E1C1D917BA45CE
                     		DD603260F7906480E76FD4E4F8C94A58
  386             jdg		96711FD81FCA6831282D6F7A0D4E7DC3FDB4E459
  387             jeb		3F2CF8FDB2D5AA35C81AF914A5F270280917A9E4
  388             jef		39E33D31CC8F089C7528464FE37882C881764A2D
  389            jeff		428309C67435F20FC1C2C5B8D4418E70
                     		DE3E7538301B6E3BF42FFF95BC28408D84FF9DEA
  390           jello		9D7F8A3DFA99E32B66374BF350B69C9F398B371D
  391          jensen		7D54A7D0602C23D15454886FA98660C81245207E
  392          jeroen		D9E45378D0F9E4B20622D299976B884B0813569F
  393          jerome		8680DDD58D91D7A6923FE4D1DC913D985DF03167
  394           jewel		325A3DD1F8D5E51C5D1D83725EB9E72A228A3AE4
-=-=-=-=-=-=-=-=-=-=-=-=-=-=-=-=-=-=-=-=-=-=-=-=-=-=-=-=-=-=-=-=-=-=-=
Count      Debian UID		 Key Fingerprint(s)
-=-=-=-=-=-=-=-=-=-=-=-=-=-=-=-=-=-=-=-=-=-=-=-=-=-=-=-=-=-=-=-=-=-=-=
  395             jfs		86AADB04D2F5CC553A4D940FB1A9DD82DC814B09
                     		D691BB89887AF7A0BAE427FD7A6AFEDA
  396             jgb		62811BD865C6AFB944BBA275377165C5870AE0C9
  397             jgg		64BE1319CCF6D393BF87FF9358A6D4EE
  398        jgoerzen		8C9BEC79F11F0A73627F2AB5DCF785B48A1D9A1F
                     		DDF770ED1B8CF7147693609E4A4D5270
  399              jh		03F39777FE54A8F65545EBFBCA07E61412AA1DB8
  400         jhasler		F3620B8844F8FD30027A71E5A3026F9A
  401         jhirche		3C4D08BDE22F1DEDEDA3251B1D3C025FE7DFC3B7
  402             jim		7E9684B1E82957F06F0626421B6A4317FF692BCB
                     		97F1822FC4A234A44B09DF82967D7A3C
  403           jimmy		0D4C40C184AFA56AF548DE1CEAE3DC35F0D7D44A
  404             jjm		FDD4638B993E441AC8F1A498846335B821C06598
  405          jlines		FEAB4E3C601690D40D26D67AA930D253
  406         jmarler		117CA421C8602B900F089EB1F51ADC15
  407         jmintha		A2546A1C9D9D1677A0A1EE8314B43D42
  408         jmunsin		9F699D9680DD8ED0D8A03066F95563B4
                     		B271AE7F7338F15720A8C128EDF3E0A82A9D33FE
  409          jochen		61A90CB8CE09966D0741880BD1F857D18FE8733D
  410             joe		66E324429A1AD550E068EC7A747B25FBC1AA4696
  411            joel		9F4BD7806EF45700778D8B220064F9FFBB845E97
  412           joerg		DF7DEB2FDB28FD2BA9FBFA6D715ED6A07E7B8AC9
  413       joergland		79C07671AFC7315E657AF31857A37FBD51CF8417
  414            joey		B53FE57BD0C1F689FCE256235B9AA5F8801EA932
                     		E4387384DE720D39F7A8CAFD85B04AEB
-=-=-=-=-=-=-=-=-=-=-=-=-=-=-=-=-=-=-=-=-=-=-=-=-=-=-=-=-=-=-=-=-=-=-=
Count      Debian UID		 Key Fingerprint(s)
-=-=-=-=-=-=-=-=-=-=-=-=-=-=-=-=-=-=-=-=-=-=-=-=-=-=-=-=-=-=-=-=-=-=-=
  415           joeyh		80C4A4087B2666099976E143DADA79CD788A3F4C
  416             jon		B8F572F14CC831F9013F7B1E8E62E7F764011A8B
  417           jonas		2A0B0771A530C68967E31F86EC0EAF7136778025
  418         joostvb		8FC6A40E31B87E0E2270D7A906069CF2969457F0
  419         jordens		F01946CCF910B59289E8D6341D28E4BFE02FEF11
  420           jordi		73ED4244FD43588620AC2644258494BA917A225E
  421             jos		0C705A00B987E903A7FF7101F57D1C190341AE99
  422           josem		B5644BBB97419F11A461719D39A237CB2809E61A
  423           joshk		3F3787880D85019456F741CBA3882EBF78446F26
  424          joshua		FF72ED412864A8B9D27B70FEB092ADC1213EED76
  425            joss		8C62F78F73041328C670C347AD295AE1D75F8533
  426         joussen		7A10EB66D499C62996CD88C2307B5229D2A6B810
  427             joy		29B6F1DD777F3DB7C267F20D0B5447A2200D1596
  428          jpenny		30F011C151608000B755B56EAA37DB212A5B2B0D
  429             jps		DD6A05B0174EBFB2D4D9B52E0EE5978AFE63E8A1
  430              jr		DB46412671F5DB18F789F73D6AEBD35661014F99
  431             jrv		F0374FFDE57EC5E6F1A01E226F46DA0C
  432              js		9A98C6EBC0989ED03085ECA99FB0DB32C02440B8
  433           jsogo		B06B023FEAA637DC1E62B0794BE0582590788E11
  434          jstudt		0D36CE11F2D780880A5DA4BE4060ED5C
  435         jtarrio		453CBE8C8DF8B5E27B382D4F2578F87E149CDDB2
  436          juanma		FCA1A9FEC037B51928CF9FC2E361D392B0AA8450
  437           jules		E83139361CE66C9C0D69CA25F7AE40FA
  438           jwest		DC49E87E76DD302D8DF1B4D8A3604C04
-=-=-=-=-=-=-=-=-=-=-=-=-=-=-=-=-=-=-=-=-=-=-=-=-=-=-=-=-=-=-=-=-=-=-=
Count      Debian UID		 Key Fingerprint(s)
-=-=-=-=-=-=-=-=-=-=-=-=-=-=-=-=-=-=-=-=-=-=-=-=-=-=-=-=-=-=-=-=-=-=-=
  439             jwl		5A396B7A45E222ED538A18DB59C469671CA69CBF
                     		D84037FA05A7947B3F0FCBA078CDAD55
  440            kabi		A99883E38A9F878DB83685EB204785A6
  441             kai		37A1C168619E6080CDCA49ED34C83BF2
                     		A884CD3EC0089E58503C3F5C0CB74E454E26D297
  442           kalfa		0DBD8FCC4F6B8D418F4363A1E43B153CCB467E27
  443        kaminski		06DBCDD576EAE1783806EB1CC5D6A00EC008CFC3
  444           kamop		514775388A606A34DC3EB4D863153C9042955682
  445           karlb		2C1D962605F9CE4B1EB06BF07CC114CB9C6D5E59
  446        kawamura		674083340E4141C192AEB34CF17FAE1B
                     		80DEB259E6FD33EF92423048E4E3A0E30E189538
  447             kay		A73547ECD87B1F15C1E953D3AA036173A723E391
  448             kcr		198F5EAE4F00F3D1E9A7BC50B1CA92E8A7D86B95
  449          keithp		3B31C0AD093B6CCD3C6381CE429F015B096C4DD3
  450         kelbert		058963931BFCABEDBEB2091E640E642E2F2F0CDE
  451          keybuk		8D2D1F62A4AC9A22FEFCB0DC21EC4FDC84AD676C
  452           khkim		7DB291A3CA1BE7078065B873F36D89424DB97694
  453          killer		D7F53417338270A8870EC9D792E60A8B5F6D8015
  454            kims		1DE49A6B36C91A707BF60CB91F5D6D59A7F6783A
  455        kirfrank		E091D3B58D5CA94683C789A5F145CC5E20BEF5C4
  456            kirk		3EF37672C33B5DAB6A1FA53032857C29385A3EC1
                     		4180704066846978566DCB9D9146B753
  457          kitame		22AE4F7CEF95A4BEA367ED5A53E5995B5155330A
                     		25292BC3977187794086AAB94A98DDD2
-=-=-=-=-=-=-=-=-=-=-=-=-=-=-=-=-=-=-=-=-=-=-=-=-=-=-=-=-=-=-=-=-=-=-=
Count      Debian UID		 Key Fingerprint(s)
-=-=-=-=-=-=-=-=-=-=-=-=-=-=-=-=-=-=-=-=-=-=-=-=-=-=-=-=-=-=-=-=-=-=-=
  458             kju		9D50042EFF89954364AF01CF509880E3F6A10C2D
  459              kk		C5B5A07AE404AB2CC77C9A9EA62C5187C6D981CF
  460        klindsay		B81E58A3B49A580EEE3D8CF0519A55F0746C51F4
  461             kmr		D7A055B647683582B10D3F0C112ECDF2C4A3823E
  462           kmuto		360BB87969575D6FEED3D98640A5BEED72D03CB1
                     		A6822D4B913C41FB8D96100D1293CFD4
  463            knok		BDD723BBB7241FA21BB32EC02BA82602C2CE8099
  464           koala		9094AFE0AF11C0DC41D2FB47019410C17D0041C7
  465          kobras		6665725C400A7EE071500F60A4E2880389BF7E2B
  466           kohda		3AAAE18DDBB4C8D056173880D485DD2F5BFA90EC
  467          kokids		6C7C856EC7E290678F8B49D7012FEB82E9B5F8EF
  468         koptein		04E2D9E3E8E34CDC3C63E7A7BC25672755AFDE69
  469             kov		B4A1BF689A23E2F7CC44455FB756A78C882A6C4B
  470           kraai		6F0E1FA1F92FF96EDE2E56C97CD760631557BC10
  471           krala		97A41066E5643748977593C33298C70DE5FFEDE1
  472          kraxel		030DE29B74F727E7FBCE1896017CA3229628B502
  473         kreckel		96D40549E44DA739FDAAF2A55D8EE50CF0199162
  474        krisrose		A4D35BD73EC57CA2924ED21D126BB8E0
  475         krooger		6F026FF1E8F6E57EAC6DB624CC649671
  476              ks		6D49380F6B6205681F24B17637F23E6E5F39F176
  477          kubota		44049F8603EDC85D71A26BACC4948F979C520480
  478            kyle		331A9468C04D3A765C56BA687EB792DF191FCD8A
  479         labisso		100D622AD04E793353C5EDC406659946AA285C3C
  480        lakeland		BFF1BEBA703818AE63C80AE08B903466C1BCC7C7
-=-=-=-=-=-=-=-=-=-=-=-=-=-=-=-=-=-=-=-=-=-=-=-=-=-=-=-=-=-=-=-=-=-=-=
Count      Debian UID		 Key Fingerprint(s)
-=-=-=-=-=-=-=-=-=-=-=-=-=-=-=-=-=-=-=-=-=-=-=-=-=-=-=-=-=-=-=-=-=-=-=
  481          lamont		8A46ADB3FC4B4B24DF1728BACCDFE49B0A0AC927
                     		91FD12DC3217F841025C2247FCBF0EDE
  482           lange		AEA6A8C1BD8E67C48EF68BCADC13E54EAB9B66FD
  483          larryg		8462B69CEB851D0769F18FB0300F3A2B
  484            lars		9C7C51A49651CDDC296A77FF06B726A5E0442D74
  485        lawrencc		CAC6254513564ED7507019B3DB040A13A3D7B9BC
                     		E03578D751941AF7E8DB870637193963
  486         ldrolez		754210E3866279DB1123D352B1195000FD46A698
  487            lear		51E706A74C4849684E9BBCF6834137C6
                     		58CB606525E6D1AAD079B01055DB529EEA184ECD
  488           leist		63490CA7D9728AA050A620FEB14BCEFE316DC8FB
  489          lepied		72DB97D67ECED2FA79F2E387BDBBDFAF
  490        leutloff		62EDA651FE8D2F2ED5A98C79DC74DD71
                     		D31AC8CD972BFD76CB77AF222D57E1F315E50D6C
  491             lex		92EC2B07F305069641CC0B20C5768B45D8E53013
  492             ley		A46A753FAEDC2C01BE6EF6DB97E033099FD6E3E6
  493        lfilipoz		A14997BD188C7F29779E09C1357332C45A827A2D
  494         lfousse		D743B1583C04D940A78E8C4246801517A1696D2B
  495         licquia		053BAD5D77324F4B896FD30F556EBD97
                     		1DA0F1B5FAC435E895C76E28600A553FF666C91D
  496        lightsey		FA48D2AF2802F1824D5828230587B26E45F3FBF9
  497           liiwi		C4402EA201E79D54E6EA61DE24C5CFE4F5521541
  498         lingnau		BEC17427C712715E8AAB9ACC72AE7DDC
                     		DC51277EF94DDFFFE156CD85B5022EB582EA653E
-=-=-=-=-=-=-=-=-=-=-=-=-=-=-=-=-=-=-=-=-=-=-=-=-=-=-=-=-=-=-=-=-=-=-=
Count      Debian UID		 Key Fingerprint(s)
-=-=-=-=-=-=-=-=-=-=-=-=-=-=-=-=-=-=-=-=-=-=-=-=-=-=-=-=-=-=-=-=-=-=-=
  499          lintux		D604F94B5A4C45E84E8465187985979AE3304051
  500          ljlane		732368015D7002442ECE3563C490643655D3A1E9
                     		FD3BD76C63DFEF8A9EF8C8E7E14788E5
  501         lmamane		9DAD31313ADAF50BD096002AB1C473173E7B4B73
  502          lmoore		4C3FE9264D89A8AF99B71D53345863ABDAA47511
                     		D6C1348354AF0E12153C6E3AF345D9D1
  503          lohner		72076C7376397FBEEDE66EA8E9B0C69E268462E3
  504            loic		24F2720EC693FEA0A564F8DEF1D2CCC8497A176D
  505         lolando		F5566852EB92BD779CF137190EA756B5144843F5
  506            lowe		4B5E4958FED9BD0B5A03CBF7F0F5A3CB
                     		AB3D9DD76996335B6B56A67A55194C1A627F7BDE
  507             lss		6F2F4639270698F30D051C25FB2F6B93
                     		D9D536B79BB5139F62A6C717CCEC38F5A3679C16
  508             ltd		C8E0BC7969BE7899AA0FEB16F84BFE5A
  509            luca		F1F1C8B92A3ED0518E4F5B0CCAACFF1429F07FE6
  510         luferbu		03A4DD601E2F16638077EF8EE08601C766E68993
  511           luigi		12F89C0389D3DB4A9972C24AF19BA618924C0C26
  512             luk		D5AF25FB316B53BB08E7F999E544DE079B7C328D
  513           lukas		40795396CF075E27575B1FBBABE4859B7F9DA3B2
  514           lupus		DD76657E111EF814F47A902168241DEF
  515          luther		AA96AA954A0F84CF81707AACD964DE4F709141A4
                     		C31BB8E8357FA8DB08664466851716C0
  516           lwall		5D25528A83AB489B356A4087BC9B473384FB46D6
  517         lynbech		D9DA07B0585B5D8835FAC01854063C41
-=-=-=-=-=-=-=-=-=-=-=-=-=-=-=-=-=-=-=-=-=-=-=-=-=-=-=-=-=-=-=-=-=-=-=
Count      Debian UID		 Key Fingerprint(s)
-=-=-=-=-=-=-=-=-=-=-=-=-=-=-=-=-=-=-=-=-=-=-=-=-=-=-=-=-=-=-=-=-=-=-=
  518              ma		7DDF975E73435ACD725E62159A6027DB1A944AD7
  519           macan		A86984E25C04A1ED5919B3DA2A221461
                     		B87DF0605071DDA04D29CF74A144B27BEB9CDAD5
  520            mace		7345F2F751F07700FEB7FE2087D5E190EBC73D63
  521         madduck		ACF49D3E1E1D5EE2B2035E53220BC883330C4A75
  522         madhack		7FC70DC0EF31DF837313FE2B77A8F36A3B047084
  523         madkiss		6D2D424D824C81DA7D6F1ED41CFA3E8CD7145E30
  524         maehara		6A2E6A5438F1D1D815136CDF27122D42A674A359
                     		82372F1E06EDC4371EE2C29622B8B3F1
  525             mag		E7A13C44FC17341BB57CBB6C2FF259511411BBD5
  526          magnus		18DECB628A86374E824E09ED19874B18121379F6
  527         makholm		A32897E97EA9BAE5A7195812A1B13F2C2C8B195A
                     		F5B8C25DADF4DFB06064530FFAE65129
  528            mako		E6445A655AF81C0F9DECA73589CD4B21607559E6
  529        malattia		058E0BBC57E7F03479579D3182944F68EA2D2C41
  530            malc		544E6D2ADE653A621AD83FEF1EF86212
                     		C1DBC11EA9DA22FF56A2D26529E57CDBC08C5275
  531           manty		3F0A12FC0B55A917D79182D372FDC205F6A32A8E
  532            maor		FB716E039AC4A51099BBB70A2C740C86
  533         mapache		E506FDDEA891E826E7137B4A1E198A792782AF55
  534          marcel		CC80D4E5A1E71F37D9EB197BE9D0D451
  535        marillat		1D7FC53F80F852C188F4ED0B07DC563D1F41B907
  536          markos		5117451897B384442D6F3A5A214F6841515F9B74
                     		A13749E18987898A079CA23F6264A039
-=-=-=-=-=-=-=-=-=-=-=-=-=-=-=-=-=-=-=-=-=-=-=-=-=-=-=-=-=-=-=-=-=-=-=
Count      Debian UID		 Key Fingerprint(s)
-=-=-=-=-=-=-=-=-=-=-=-=-=-=-=-=-=-=-=-=-=-=-=-=-=-=-=-=-=-=-=-=-=-=-=
  537          martin		3E907BD09F475B83446C9DE81FEFDA00
  538         masklin		034C94EBDC75E172A34363139418C122B4E24219
  539          matrix		25C32A87055A4275EBB9DFAC3D3E735D83467A34
  540            mats		1624F9A558458C84DB055684EE3A9F0281C2A4AC
  541            matt		745FB3572B290A3008845193DB494FA6
                     		D9F9C82FAD6DBD613F6C54EBD5906147242EA8F0
  542         matthew		509D1C55D1401A27ABCB0304237E8D67
  543        matthieu		A7E1160834622615A974A767E82F467F43A1E308
  544         mattice		050C2D2FA95A25BBB61FCD16EC3BCAC4137A955E
  545             max		078FD05AC7A8CA6E7530E6B1F724DA4D53569524
  546            maxx		30DC1D281D7932F55E673ABB28EEB35A3E8DCCC0
  547          mbaker		110D06BC02F6447AD80CA75E2E4F86BA8B0D42F9
                     		C80263AA4983F7ED87D86D017897F4F3
  548          mbanck		67D60A5932836E53F72E9DEE987689619ED101BF
  549             mbc		457702F3AC9ED41EAFB6E4CFD7D741F8398A0C4A
  550             mbr		C1CEDC19B1891712419C39446FA48F011A5A7357
  551           mbuck		74FD81B904BA906F79712714E676B867F8D54259
                     		83E096962A9A1B43F8C86E2DA14EA5EF
  552       mckinstry		CD45260A4546C3C0F595F0F64132BF902A385C57
  553              md		1F2232EEE56FD048EAEFE47F1467F0D8E1EE3FB1
                     		84546CEC5B42561BFBB6327BF2FD4FB2
  554             mdj		B282763CE63729B64B024260D722058FC0033D7A
  555         mdorman		525362FF27FBF9BF595A4FF5C9B2C9926D85A41E
  556             mdz		E86D858392CBFD9270AD43DC02BC42B743E25D1E
-=-=-=-=-=-=-=-=-=-=-=-=-=-=-=-=-=-=-=-=-=-=-=-=-=-=-=-=-=-=-=-=-=-=-=
Count      Debian UID		 Key Fingerprint(s)
-=-=-=-=-=-=-=-=-=-=-=-=-=-=-=-=-=-=-=-=-=-=-=-=-=-=-=-=-=-=-=-=-=-=-=
  557        mechanix		CAC10932B6B9876840DBC6AA1239F7098E950E00
  558           meder		16202162F42A016F71DCF858BCDBA4DF
  559            mejo		AEC0E35EEFCCB17C2164890077A954B3E25F2102
  560         mendoza		9B0B8CFD05F333F786C7B5DB3056F0EF4C2D3EFA
  561        mennucc1		F58548B594504CC6AD853EC3F41FED8E33FC40A4
  562          merker		9C208F6D50870F9BFF3D4FBD7D46C81CFAA95931
  563          meskes		5818BF0C98A32B8382BFD3B4564126F229F19BD1
                     		6C7733CACCD62203ABAB15A3AEAD397D
  564        meyering		D70D9D25AF3837A5909A4683FDD2DEACD333CBA1
  565              mf		357A1CACA9791C85031BC7AF070AFBCB
                     		4C841816FC9B4907975CC37950DF199327BB42F0
  566           mfurr		5B9F587FBC5CD82350CE4DB0ED93CA29124B26F3
  567              mh		5ACFF025912E9F740B3DCDF5448074F5966FBA3C
  568          mhatta		6EB39358D8328FE3CDC903A8CB6FA340E7075A54
  569         mhummel		F24DEAC6E3D7372C9122D510EB2401CA0B56B518
  570           micah		892BE46A7E96280B4D9373F4F67E2A5D1CF2D62A
  571           micce		387FA8DBDC2A50E3FE2630C4579329D3C01B2A22
  572        michaelf		8F98476C8FDB46FC0C07FC79BE9C868D04604EB8
  573        michaelw		BF52F4F75CAF53491F47A989EA4ACD5CF65C68CD
  574          miguel		7FE69A8DA3CC8D828B23A43414A50A66
  575         mihtjel		47BB99D01FA91BBF97FE6B9CEE9E2C2487CD3DBD
  576           mikan		76F9E895107312B8A28181445A1E4BDD20E93E8E
  577           mikem		F20249A05218F854706770A4C71E84AFFA6B68B2
  578         miquels		FE66524FCD59A5367F398B20F1D67402
-=-=-=-=-=-=-=-=-=-=-=-=-=-=-=-=-=-=-=-=-=-=-=-=-=-=-=-=-=-=-=-=-=-=-=
Count      Debian UID		 Key Fingerprint(s)
-=-=-=-=-=-=-=-=-=-=-=-=-=-=-=-=-=-=-=-=-=-=-=-=-=-=-=-=-=-=-=-=-=-=-=
  579           misha		A063B99A2BD32D48F2D78E680F274D21948F8F06
  580             mjb		F3A5FA523D1DCD1FB05BE328D90A1C75F90F9FF1
  581           mjg59		0C84B078CE316C2D15E1F1FBEC792FF25D58893B
  582             mjr		B55E1248ADE6909495BAC7E59946397AE142E6F4
  583          mkabel		9E479046204C5EDB0C8B8A08AD5A8CFE
                     		AB8793D80062549430F187FBFF2DCFF5EF22F597
  584             mkc		5A5264113C519940D9EC20811F1A588B4BCC8FF4
  585           mlang		7FC1A0854909BCCDBE6C102DDFFC022A6B113E44
  586        mmagallo		4389F70092A2044E83520EFE7A81833366468D05
  587             mms		D83BFA1F269CFB7B46BD150EE22FD676BE93D2DE
  588         mnencia		FED969C79E6721F57D9552706864730DF095E5E4
  589           monga		412390227937157C990177E5846A74DB6538F5BF
  590           mooch		BB6423391CAA7064E4297E1866FC1D7F86946D69
  591           moray		586377100EB11C2DAD7E1B3EE74D29B82BE16D01
  592        morimura		B3AA8A8AC95EEA2877AA140D6F0B4F8857D68A06
  593        moronito		6621E949C2FC8A111126CB2B035738295623FC45
  594          morten		9EBFB2626A56C8424CA53E6BE3DF7A577665A8B7
  595          moshez		4BD17705EEC0260A7F214817C7FCA63646D01BD6
  596            moth		0F0BC06B13DD15FEC98473CF84168E13
  597         mpalmer		AC17A3ECE2C52DC48898CC4B0449EB4D69351387
  598            mpav		68FE94EE70DE82AF1FE42A854C14B05CF93D50FC
  599           mpitt		4D4DC1443D17F705C62319D50DE7276D5E0577F2
  600        mquinson		7B1D105A8FF96B530CDA0C612220BF31E145F334
  601             mrd		A3C693AF5805F46B67D596B2CF153232C24B6010
-=-=-=-=-=-=-=-=-=-=-=-=-=-=-=-=-=-=-=-=-=-=-=-=-=-=-=-=-=-=-=-=-=-=-=
Count      Debian UID		 Key Fingerprint(s)
-=-=-=-=-=-=-=-=-=-=-=-=-=-=-=-=-=-=-=-=-=-=-=-=-=-=-=-=-=-=-=-=-=-=-=
  602             mrj		DBEAFA3CC46A70B5F120568B89D54F61C07DE242
  603           mryan		C1AD3239202321263F52AFB7131EAF03
  604              ms		F369DA7EB08B0320562F5D6BCE04080E9456ADE2
  605             msp		51B335E71D4C13261A37E86DA02CDA9F3D08B612
  606          mstone		9593B59FDFCFE9EF220ACDF5A02394B4
  607           murat		0D70D69D9D5B00E4E74E674300959FA39C478D49
  608             mvo		EA71B29645974D8B343E821E962483E15662C734
  609         nathans		71DFD2B345C267FF2B7F06CE9BC7E5DC74886B63
  610        nboullis		C382DF92991C50061204E0C4C26C97906D4FC66F
  611          nduboc		C0D3F2F00CAC142A46239110100952B5F801A743
  612            neal		11C294DF1D6C9698FEFE231D3BF609C68BAFCDBD
  613           neale		476711062E6CD8562ABDD7FCC1D284BA
                     		A862F10513EF7FAF4F0878B49168856B48BFF157
  614         nefsall		AF7D9D112EFEFC52B46302BEC51DF7B988F41CF5
  615            negm		CFB557734D191507C4B0A38A27FEA5D163E8BE82
  616            neil		9A8DC9566B8148801557A82BEA3FAC90FAEEB4A9
  617           neilm		48FFDD79CB6F62826317D1CCF7B2C1C1B345BDD3
  618        netzwurm		C6AEBDCC834C811871A3634176112FBCFCB1DD23
  619           nevyn		A88490ECD9CB3F81307F3651BC30D4F8F0FCF53B
  620              ng		A9F2F48EEFAEBF34F79C327BB9F4E145D791DF9A
  621      nickrusnov		C4616C2533DABA992A1F0F3C54D4094CF1219B84
  622            nico		1490911EE9CAC02A72994ECBDD630259C24E83C2
  623            nidd		807AE5A3581700CAC16EACCEE227F0C39469A7A7
  624          niklas		C39E1CD0E797BE4B025754E28306388D23305BB2
                     		C8E92887FFCB44699F5D3A79AD22CB4C
-=-=-=-=-=-=-=-=-=-=-=-=-=-=-=-=-=-=-=-=-=-=-=-=-=-=-=-=-=-=-=-=-=-=-=
Count      Debian UID		 Key Fingerprint(s)
-=-=-=-=-=-=-=-=-=-=-=-=-=-=-=-=-=-=-=-=-=-=-=-=-=-=-=-=-=-=-=-=-=-=-=
  625            nils		265F4B310BB22BF0EDC52E3BAA0019FAC66582CE
  626         njordan		807BA7C50D7D81C0C21F1D36775AC806095918D0
  627           noahm		D896D80AC0307F05701ED53562B54B8C11404EC3
  628           nobse		4A6B2543679D43B02B635439AFF4670B0F7A8D01
  629            noel		B79B0A23EB24809BBAEE5DB6F7F0E70F307D56ED
  630         nomeata		314E3B2D605A6EB35A7D8119F628EB934743206C
  631          nonaka		B800BE0B06D78EEBFF980CCF563D7CEC0B191787
  632         noodles		D8916D8D5CA816AE42548495F1BD4BE45B430367
  633         noshiro		756D73EF1C11668A5E495F5C8607903DBDF0AAD0
  634        nsandver		115CAEDEC94B50C529715B1560F2D4C6B9841E08
  635          nveber		B0EC24CB0865C1DBFB8F4D51894667CC
                     		CF677AECDC3E11621E32AF6AA217C4C35E2EB5B4
  636             nwp		3A6D1E36E58A91CCC372A68E7592489BCC983928
  637            ocsi		63311CAEC24642A4A15DF75079FCCFD2B0458F4D
  638           ohura		54F6D1B12EE181CD65E3A1D3EEA2EFA277DCE083
  639             oku		CDA0CB5383C684DF760F6BFE52655226451EAB1B
  640            oldw		6AB8BCB4EF25A0516A4C4513C0B3656E
                     		C78C44B6F5DF174C377B114DCDC34B3A6036311D
  641          oliver		621B52F62AC136DB8761018F878687ADEF50D1FF
  642           omote		5230575778003789D68AFD38E1060E07B25A5CF1
  643          ondrej		CC918F028CDE911A933FAE52F4E66A7CC20DF273
  644          oohara		61428D079C5B159BC1701F4A40D6F42EF464A695
  645            opal		7090A92B18FE79940C364FE418A1B1CF0FE53DD9
  646           osamu		253A40766A3BCCE2A426DEF5E80FC4C1A8061F32
-=-=-=-=-=-=-=-=-=-=-=-=-=-=-=-=-=-=-=-=-=-=-=-=-=-=-=-=-=-=-=-=-=-=-=
Count      Debian UID		 Key Fingerprint(s)
-=-=-=-=-=-=-=-=-=-=-=-=-=-=-=-=-=-=-=-=-=-=-=-=-=-=-=-=-=-=-=-=-=-=-=
  647          ossama		58601AE87A66F444749F3CD4EFBF3588
                     		84EDAA0B120399E4106870E65EB75E71F7A394A8
  648            ossk		BE4BBF8E31BB33B4A62D16348A56A7B49A3ABF48
  649          otavio		87B4725066B62494589DB0C52EA8994049A5F855
  650          othmar		1E3E634DE7A56BC7F62E709ECBE41B4C37D406F0
  651            ovek		E37B9BC2CB44DC419FEA4EE103E18C6B83E5110F
  652              p2		950CA1EA6493A7F64A90AA4D28B295C3F46EADBB
  653              pa		363CACE20A4FDE7EB67A0223C53B932B
                     		5285A09FECEB0B22881EA428CF7E8E241ADD95A3
  654          pa3aba		1CF4E073A7EA9FAD6851C1879EE508FE9B370C9A
  655           pablo		2450FBE3E6734D4B6C895E7D47CA0AD9
  656            pape		23F41D24FF2C083DB0932EC2189A3241BC70A6FF
  657            pasc		A86D7CED4E8C17F64457FD1ADFEDBB2225BCD5BF
  658          pascal		710F265D7B816542F23CE054D4B7DDF7B16CCA95
  659             pat		2D33100D34AC349BD31F66ED76EB5477
  660         patrick		F3A06327D7557480440C458685E8FBFCF0B27113
  661            paul		3C77E7F046F8D3653F3873F2BADBEFA9B4D6DE13
  662          paulvt		B73B7544AA9E528E838E88F9241061CA50064181
  663           pavel		70837FEEDFAFCDDB56BF8415A37246D8A787E950
  664              pb		237AEF3C48C6A74879DA46235532CF25EF424F7D
  665          pbrown		7093255E38AD07963BEE46C50A4E8F42133AD66A
  666             pdm		491449FF6C26905148BD83299A845657
                     		C9024BD80CFFBE4529EBA711912924FE3DC29B41
  667           pelle		1559FABEB1CE464DAB7F2E7178302C4B8DBFEC2F
-=-=-=-=-=-=-=-=-=-=-=-=-=-=-=-=-=-=-=-=-=-=-=-=-=-=-=-=-=-=-=-=-=-=-=
Count      Debian UID		 Key Fingerprint(s)
-=-=-=-=-=-=-=-=-=-=-=-=-=-=-=-=-=-=-=-=-=-=-=-=-=-=-=-=-=-=-=-=-=-=-=
  668           peloy		31A2171EFA6B051885809BD86A08D37C0B4D63D8
  669            pere		830C56B4125681C54D71CFD1DB4CCC4B2A30D729
  670          petere		975450AAFA49A20BA9C89D714D3C7CA1554FB4C6
  671          peterh		C74638A9D3E4A171FB6A56D45E30DFCCBE11F437
  672          peterk		EE93BB17DE3DB89F44CE4ECB92BC94766394265E
  673          peterm		A9A7F8F69821F415B06677F17FF5C2E67BF2F228
  674         petervr		0A8BDC578340AC3B4D2046C7623E49E0876B252F
  675           petra		CB0A94651A8953EC4226D81DC4DB2ED42BE603BA
  676        pfaffben		931BDE61FD542845906D5C0B8EB62FAE
  677        pfrauenf		24A1435BD59B185D29E1685B36F492AA
                     		EED1F45F51F88622F8D93AFA58B174319DA5CAD8
  678        phaggart		69AFA2F7C979BB2D75F1B2AF359977987307CDCD
                     		D6DE2B7F8EEE25E87812CE85757911A7
  679            phil		7BED6454BA31FC775C72660D32BC735B6EAF7F87
  680           philh		8DF8CE5324F3177C24176C6562038A4BDD9B9910
                     		F80E53CF88C23023BA25557B90B5DE66
  681         philipc		8F78131B6ADB80208B8D6F3FE7D0B098E07586B4
  682          phreed		1A6E45BBEA2D439182868FF7AEBE4DFF
                     		4195B944614DF8CECC8BF05B5F7859B198A2AC26
  683         phython		9BA16C3012096ACE92B9445CEF67FBC7628B8E69
  684          piefel		A9D99E3ACD6ECB81A0BC31F1E46C0E35798DD95C
  685             pik		9FD010B80BB453D7DCFB6DFB5194830BEC19B378
  686           piman		8EDB4AB28B884DDD7A96735E4C5914ABB0EBC777
  687             pjb		2A404678F51A50F269C792F81DBF071150973B91
-=-=-=-=-=-=-=-=-=-=-=-=-=-=-=-=-=-=-=-=-=-=-=-=-=-=-=-=-=-=-=-=-=-=-=
Count      Debian UID		 Key Fingerprint(s)
-=-=-=-=-=-=-=-=-=-=-=-=-=-=-=-=-=-=-=-=-=-=-=-=-=-=-=-=-=-=-=-=-=-=-=
  688           pkern		17107DB19A2842FFB6997654ED1A3933B2CFCDD8
  689              pm		7A4A1BE8D46C587444869D69FA08BEAEDED45912
  690        pmachard		B906A53F84E049B66CF782C2B3A02D6623706F87
  691          pmhahn		3F898015C8F3F388BF34FA0560F960A19A540E39
  692        porridge		FE67DA2D0ACAFC5E3F75D6F63A0D8AA060F41216
  693         portnoy		A1BF5A8103E747CE71E03BD48DA692685BB64BBE
  694         pouelle		591C4BE6275D349F9B4AE84ED2CE2ADD
                     		8577CFA7B9848E580D0079B6CFDA9D8206A7376E
  695             prh		587D9A3EC1D563EAD4245DDEC79838D0436337DD
  696         profeta		E2860604AA3AA178E04870C36C979FDE44E22ACD
  697        pronovic		1DCB88A1B90EADFE318CEBE4F0E9F6BA3CD95104
  698        prudhomm		370350DE7A9F024E0F260D07A18FB40BD4BE1450
  699        prussell		0D04465AD3B2D8845DEE4E9C12AA4A6537DA4DAB
  700         pseelig		097FCE81987DEF60ABB31DBEDCE6289F
  701             psg		97CE866FF57996EE6E68817035FF799E
  702          psmith		6D275DAAF58DC42B7A6B8F4804E42465F35303F6
                     		A7B1443483740621C6CC568E292ED30D
  703      pstorralba		B9FA855DBE54DE19AD27851F995B17866B3B7323
  704        pvaneynd		7EE290B21E01D6B3A7520B1BD7595D374B729625
                     		A346593A523D11713A5A63354FF4BDCB
  705             pxt		C9030E859AF51B806A5FF169D7E94363431B38BA
  706            pyro		C5B81C4D3C1663B2711E4C28D4D8356166F24521
  707             pzn		9F1F1EBB29A4918D2C5FFB9C39C979637274AA07
  708             qjb		3402EEF894E8977EE450A6A2101564EAD688E0A7
-=-=-=-=-=-=-=-=-=-=-=-=-=-=-=-=-=-=-=-=-=-=-=-=-=-=-=-=-=-=-=-=-=-=-=
Count      Debian UID		 Key Fingerprint(s)
-=-=-=-=-=-=-=-=-=-=-=-=-=-=-=-=-=-=-=-=-=-=-=-=-=-=-=-=-=-=-=-=-=-=-=
  709           racke		E5520FF2E1383E6928B3A1838E055F139B726B71
  710          rafael		6798CF3BCAE8EB29EBCBF4AF4858157D
                     		D78A949392A2AE0C99E74D40937A206B4A5D72FE
  711           rafou		8CB01F923276DE7952C1CAFC8E4BD74C38CE9CFA
  712              rb		1EF7CCABF334176417F9AE740E95E735A9FA17FF
  713       rcardenes		E81F689C88B018FBC37CD8D01E440865872EB4E5
  714             rcp		32F23DB43D709382E58BD19204D147A595E0A1A1
  715             rcw		701C9AA668C937FBD68D4A826D921640
                     		FFFDBD99A508A2372B26C623F5CE68EB6FF0ABF2
  716         rdonald		C12044371CB52A92D24A63F353EE87606C27DEAB
  717           remco		60CA90913ED77788E18D463B4278665D
                     		C7B709D005F838EF9A48CCBDDAD5A719BCC131DE
  718            remi		663F4039B3AC3DB407697E00DEBAAC3E
                     		8E0ADD4B6C4A90D81579C1E8A540AAA410F1E734
  719            rene		41FAF20828D47CA519BB7AD9F85990B0248AEB73
  720           ressu		22093C53D0FB041CF7B1F908A9B6F730B83D761C
  721      rfrancoise		55591CCF071DE5AD3976D6F0A20376BEC03C56DF
  722        rganesan		F36184F18D8232E71832679815E002BA5D8C12EA
  723            riku		663BF328E4766A10E047D6A9AB9EEAD8
                     		ECF3ADB2B82A839E1404D80489B3EF32CAEAAF03
  724           risko		B59F508B7FE47E6AF06DC9563B43EB18EE0A35C7
  725             rjs		3F437485B057EFEF2F2FA12BE90112A72B05B73A
                     		E2EFB964D2D7A9C302096AB3B9942587
  726       rkrishnan		CC183BF49D171DA7E11E67D31729F5866A9F3C38
-=-=-=-=-=-=-=-=-=-=-=-=-=-=-=-=-=-=-=-=-=-=-=-=-=-=-=-=-=-=-=-=-=-=-=
Count      Debian UID		 Key Fingerprint(s)
-=-=-=-=-=-=-=-=-=-=-=-=-=-=-=-=-=-=-=-=-=-=-=-=-=-=-=-=-=-=-=-=-=-=-=
  727             rla		3AC06CD0B1893ACD60E569EF38642CC105792F34
  728             rlb		14DD432FAE39534DB592F9A025C8D3778C7E73A4
  729          rleigh		2BF1D40D92B50C9772C3E2CC55C15C6925BFB848
  730           rmayr		7FE40DB561ECC645B2F1C847ABB48F0DC3C24BDE
  731       rmgolbeck		1B1B2A873F00A7FB40F3526D36CFBA4478916B84
  732             rmh		8E57F7A8E4B04244C915321B0B5F62A3AAD40AFF
  733         rmurray		70BC7F9D8C60D2265B7076A23760DBCFFD6645AB
  734           robbe		FDF36B2FCB31C84D3BE46239F20DB587BC185AB3
  735          robert		AEE01F853E638BAACDF13D184E1875709D309C3B
  736           robin		56E54069029A02AC339DB875CE883F236A6CAEB5
  737        robot101		10D77631735FB57CB8D146D85DCADFE13501E6C5
  738         robster		A8ED2F81B1778FFDA9A69A570B0F2929DF81EE83
  739         rogerso		F2C341368FB175020C0C01B10E5937AC98FAA0AD
  740        rogoyski		50F7A609845C9EDF8A13F7B237507BD4
  741          roland		2DE7CCDED58D78BE3CA0A4F14B09CEAF
                     		3A6324104B40422D11111D2C3BBFCF77BD8B050D
  742          romain		9BB16B77643D8E7FF833F44491ACEA99DC0D40AD
  743           roman		2ECC78C976C3F2B3152CAA92712DC9583DC576F7
                     		6E67D05B8F45C1140BC322CBF4B28B54
  744         romosan		EFAADB8C6F15BFAC8D6C556D7F21F0E2
  745             ron		455E8CC9B2AF1C3C5D0C6DDF7994893A
                     		8A306ED1C122B4D524D05137A780421C68021CE4
  746            ross		1A21F5B0D8D0CFE381D4E25A2D09E447D0B433DF
  747           rotty		DFB44EB478A45EEE6219F228F92FCFC501FD5B62
-=-=-=-=-=-=-=-=-=-=-=-=-=-=-=-=-=-=-=-=-=-=-=-=-=-=-=-=-=-=-=-=-=-=-=
Count      Debian UID		 Key Fingerprint(s)
-=-=-=-=-=-=-=-=-=-=-=-=-=-=-=-=-=-=-=-=-=-=-=-=-=-=-=-=-=-=-=-=-=-=-=
  748        rousseau		535E3696356979F4932CB7443F4A8A8FE07F1CF9
  749           rover		BF811C95882BE1C26562772D7C811013F5C9708D
  750         rperrot		4AC3910A2AD066F865D78101468D9BDF4ED62BFE
  751         rsahlen		6BE8E83BFB4EB1C2BA074CBDDF1B0378
  752            rudi		0FDF0F1869C2AA24B45F1691A84F709AEDD3D779
  753           ruoso		4FD0E8B755CA8EF008DC9FE11D7365A755815D42
  754            ruud		D4639CC3B80A0F0A8F38B71B3F5D55CF
                     		E401CDFA70B908EEB322D55C816A4C2742CFFE4B
  755            rvdm		825A9D9B0301474BD089BCEA14B24766281A810E
  756             rvr		BEB43CCC0725E024F531D1DD43148E6D18EA3457
  757          rweber		E807B151497DFFBF88F8C846CCF0D5379F223683
  758           sacha		7285A1EBA8633EE26BB23D41FDDAB37AD935CEBA
  759           salve		C010AA176FFF42768375E6B81286C912
                     		D3B2A3F5E9EBBDE6A245AA4A212B306C9396865D
  760            sama		57AD6C6FADF132A23B22ED893FCBA2BCF0402F3F
  761            samj		BD486B9E4BFAA792CEC5FD7D0EBD65E13C093EEF
  762            samo		DDF8B22B71418194DB94817A2CEBF138D91EE369
  763            samu		38A2B0C62F74F95AED267011CEF15C1FF2597E04
  764            sano		A1A0F2D09C5D7D61DBA11507D0B3F3D0AE31C009
                     		DA00138C49BB60BEA4543DAF2ECE28DD
  765         sanvila		95406A8C334C157CC2F6686998C04E91
                     		A176F2AAD9CC40E66374E32377D52EBE3EF23CD6
  766            sasa		45CFB559828180918469CACDDB71AEFCABA0E8B2
                     		C59543F86F19E829535E9661056342D0
-=-=-=-=-=-=-=-=-=-=-=-=-=-=-=-=-=-=-=-=-=-=-=-=-=-=-=-=-=-=-=-=-=-=-=
Count      Debian UID		 Key Fingerprint(s)
-=-=-=-=-=-=-=-=-=-=-=-=-=-=-=-=-=-=-=-=-=-=-=-=-=-=-=-=-=-=-=-=-=-=-=
  767             sax		5456C17242EBAA580E1666C4B8A458CD82AB4DF6
  768        schaumat		B1EA93094F9FA45D5E94CAF57C54BE5D9925DC13
  769      scheffczyk		E91E9F5E01866C52F431333420258B8FA2E31632
  770        schepler		83C28932B64F1A4EE8A2D7C9342DCB0320021490
  771         schimmi		4E68B38EFDB08F638D97F1671D40E113E62B2C45
  772          schizo		754D5F7CF396B4185FB7ED508030359A
                     		995314085A0EC967941DCE9DE66D2EEBAB963370
  773          schlue		2B653B348212337FB37E585A79D9469400E0D054
                     		AFDD1FFAA6C4C065F645ADAC2EF51678
  774         schmitz		00D2CA0AB530B0761FF549E58EC390A5
                     		818AE6055310CEB65B08D8C48C7DD3254F6A478E
  775         schoepf		FA382D7E408F61E4BF49B48F04BDF5BEB0FA4F49
  776        schuller		3FF914B77CD1109FE572CC8975B5F70463B1C106
                     		B4140E37CBA8D0D42B1802B70B50E44C
  777        schultmc		2732356EA676373D7216B964C890730FA3F9E30E
  778           scott		7B7B8184590412EF9505B8D4362EC5E6
  779           sdier		CF67D67A398CD0B8723431C4C97425FBAE4B5D92
  780          seamus		D85B36267C65069E446022FDA1231035532005DA
  781         seanius		F6FB223148A9B50C68D718ECCA78CB3E6E76D81D
  782          seb128		E02EFEF54EC6289E6740D61C431A3CEDA2D7D292
  783           seppy		BEC9A3723351A8951C9742A4CBFBFB57EFAA3331
  784           sesse		AD8254B339CE673A1406FD075CA450DE52B7487E
  785          sfllaw		1F9758A650D01FD260AB49952E2CF67B7796A60B
  786          sfrost		A729217BE6787B582E88A1D5AF380C3EA0779228
-=-=-=-=-=-=-=-=-=-=-=-=-=-=-=-=-=-=-=-=-=-=-=-=-=-=-=-=-=-=-=-=-=-=-=
Count      Debian UID		 Key Fingerprint(s)
-=-=-=-=-=-=-=-=-=-=-=-=-=-=-=-=-=-=-=-=-=-=-=-=-=-=-=-=-=-=-=-=-=-=-=
  787             sgk		C4F804163E20CC8081DE1C3F2DE1FC240AAEB1B6
                     		EFCCE3802E2E0205E24BDEE68C8C09F6
  788           sgran		F3438FD50F2EAAF9215502DE49820C1CEA59038E
  789          sgybas		B1023170C07D0022AE6635BC7959E54C
                     		EC5BC83FCD7AFBB5FC16392009DA1280DAEB246B
  790          shadur		524A407CEA32ACCC4C87ED154794FDDBF02317F8
  791          shaleh		EEFDFD8B41881F2CB5C4A846D463D4D99EE16F1B
  792           shane		A0EDDAC477ECD67454875B5C4F899A4EFFE3035D
  793         shanson		493B256EECAEEC82F3FD4EA93F86A33A
  794         sharkey		608B549B779A8DAAED28FEF1725525032224FABC
  795          sharky		190E48D751174F42ABAC4DD7E2624966A269D927
  796        sharpone		1512813118CD8CBCD30F8A7750ECB05F
                     		1DED946A0B99642899BCBE6D3600174A9C87E957
  797           shaul		E34EF9020C3E73F16A6F3319A9E2A289FD3C916B
  798           shell		8C34B485C4371F504D7AEFD7DBCBBC922366D95E
  799        shensche		403817803B30BD88E489374EADE1DF2F7A62F9B4
  800             sho		11554B19A50F11366E60A4997CF3F5AF29499F61
  801          shorty		44BD1F9EA9973BE2A44F96A41C98EEF3B7CEC7E8
                     		C390F8AE9A6966AF553455D3444123C3
  802           shugo		EEA16E29E9EEE8297499CD796771A2CC718329DC
  803           siggi		2F21E479A50DD5A2D82545001A53DD5F7971EF0F
  804        sjackman		8C8D51FB2E4A38ED4ECDFBA9BC5758175230514A
  805             sjg		AB351FFB126856C0452B302E2A25842153BBA490
  806          sjoerd		36CB6E311236B81B3A38054B81377E4A8768B1D2
-=-=-=-=-=-=-=-=-=-=-=-=-=-=-=-=-=-=-=-=-=-=-=-=-=-=-=-=-=-=-=-=-=-=-=
Count      Debian UID		 Key Fingerprint(s)
-=-=-=-=-=-=-=-=-=-=-=-=-=-=-=-=-=-=-=-=-=-=-=-=-=-=-=-=-=-=-=-=-=-=-=
  807         sjogren		952A1C13658D24426C9B978A1A904F899C04F456
  808             sjq		F934244D4E26DBDEC9EFBFB721319B944C1A5BE5
  809             sjr		040EB5F784F14FBCCEADADC618A0CC8D5706A4B4
  810             skx		DB1FF3FB1D08FC01ED222243C0CFC6B3CD4C0D9D
  811        smarenka		C51BCC4F505F3F8C1C114EDF54A33827B62849B3
  812            smig		487398C0944A9251672454C5A2AE486BE353533C
  813         smimram		52F6FEBCA7B91895F1B6D35A21A7B53B800969EF
  814             smp		C31E6617AD4D2D2BE87A6AAF7C7A48ECF9EA9385
  815             smr		5ED7B15389C4ED210E8B7F3DD22D9B3D21DB31C5
  816           smurf		2A111B38C4DB23BFA7C7E19DF3E85400D70AAFF9
  817             spa		709197B8927DAB9F40255A7BCE84E8E795A4F1D6
  818         spectra		BC01034DF16542306AD22BC5184452FA268A084D
  819       speedblue		D16F962ECD4AF0C3578FE7C4736F5CF0DD982A75
  820             sph		91ECC1FEA784E35121CDCFC8A289A9299053B7F8
  821         srbaker		3DE1F1CCB2997E68F1F6FD7396E2F6B6FE56BC61
                     		50692BB22DEAC44DDCA004F9DC1E603A
  822         srittau		B4BC4D674EDE9802F9A74C17714E66B4496A1827
  823        srivasta		4966F272D093B493410B924B21BADABBBF24424C
                     		CBD9F4126807E405CC2D27121DF5E86E
  824             srk		0A189474530305A1EEBB3562C04974CFDF6807BE
  825         ssmeenk		34B33314B146E13C70C89BDBD4637E4108CEC94D
  826         sstrick		30624329AA5C6095DB71AF9A2A5EC7DEAE7637D9
                     		8452C7EAE6DBA1C56AC9D6B9882674FC
  827        stappers		32690A0477DA7273BE3F731339220D6E0C1AFFBB
-=-=-=-=-=-=-=-=-=-=-=-=-=-=-=-=-=-=-=-=-=-=-=-=-=-=-=-=-=-=-=-=-=-=-=
Count      Debian UID		 Key Fingerprint(s)
-=-=-=-=-=-=-=-=-=-=-=-=-=-=-=-=-=-=-=-=-=-=-=-=-=-=-=-=-=-=-=-=-=-=-=
  828         stefanb		8D8B00E654AA81D74EB3C727479C4DA3
  829          steinm		F883D8A8FB042D6731BD635D8A1D99BF0D7CA701
  830         stephen		5BB32A85BC95A4442BE8D4DD3AAE1CA5EAD9259A
                     		E5A19C5FB339ED171662D0AD29A4DF19
  831           steve		445D0A1210E44A0B7352570E1258534C37EC7A69
                     		A837D721E10D78EF1342D2B84FBA1875
  832         stevegr		12EDD7B538F5198A4EC4DDBA76266C50FBB1DB53
  833         stevenk		DB107BC21687426E7AC8BB2309F07408C87FFC2F
  834          stigge		9328CDA73EF53AC1CDF93A8B71A1FF601BF8DE0F
  835           stijn		A85B6FBCE136EBBDB87B082B3E2B612A4CD366BA
  836             sto		29DF544F1BD9548C8F1586EF6770052BB8C1FA69
  837           stone		2CD6C838BE77795F5EF13E5BDA91EE7BA58E164F
  838           storm		37F6BCA6621D920CE02EE3C873B2C01954434E65
  839      stramiello		A4DF242D492D790424F5AF2FEC2D7F562A2335A5
  840         stratus		190852B94A166EC274D1C03BEDFB700537155778
  841        stroucki		FCC966EA8698F326638B0DBD499D19FA
                     		FD75E3EEAA4E8DC5B79943F3C02E0F9243A83C36
  842         susumuo		8C45D3765B3907517FA5F866DEEC8C09DE415B0E
                     		A8B38402E8C34F0CD2A2EDB3437A1345
  843          sweeks		1B1C0E9EAE2D7479D77D07493A5B55A3332F2703
  844           synrg		395CF3A435D3D24713872D9E5A94F3CA0B2713C8
                     		7FDA094BBA2C0DE01BB131EDC6A9394F
  845            tach		A2B4E9DC8B657DDF9C4B15BD1705390EE66C9BB0
  846         taggart		339FF8F4DEEFC8AAC77E5D1E1E4F6649EA291785
-=-=-=-=-=-=-=-=-=-=-=-=-=-=-=-=-=-=-=-=-=-=-=-=-=-=-=-=-=-=-=-=-=-=-=
Count      Debian UID		 Key Fingerprint(s)
-=-=-=-=-=-=-=-=-=-=-=-=-=-=-=-=-=-=-=-=-=-=-=-=-=-=-=-=-=-=-=-=-=-=-=
  847           tagoh		2963D60B2CBA075C9BCC8376FCF6DD4539CCF0C7
  848           talby		86D8A9996E6A0E611E341F94D4370103F5FE3733
                     		BA4690A9D74C74B1D4CF850C81B0E122
  849            tale		08505F45081052B18F5E5022E53B8AA696552D63
                     		AF14756ABFE40E5BC82654A8DCD20A0B
  850            tali		B21B5755968454897577001A8FF11AC5DFE80FB2
  851             tao		7ACE0FB07A74F9949B36E1D1D14E8526DC47CA16
  852           taral		2CBE6AF50E52A3E517F906AEA10405F3108FC094
  853            taru		09F05D7A2BB04E77A73C9F84D523A6E660062884
                     		494674E18DD1EB568DCA2A20149EA925
  854           tausq		28D175321BC6D1DF4938F6A7D42029BB
                     		9E1E1052F8BBA3510606552750BB29742D59A7D2
  855              tb		A7676E0D4B855C1318128733A8CB01F5BE9F70EA
  856        tbarreno		E2049823813FC7107A591D26A864059C
  857             tbm		F849E2025D1C194DE62BC6C829BE5D2268FD549F
  858             tca		D1820E3CCB05255CCD9855988143F7EEA5E43EA3
  859             teo		D3D1559BEDF09317C29E80E63C81158E72D2E007
  860        terminus		FF13C2E9F9C3DF547C4FEAC1F675AAE2D2AB2220
  861        terpstra		0E8944762B0B3F32B56A4043BCBBC495718A9256
  862           terry		CE133A4D1EF002707870E41B3B5199AA
  863          tfheen		5328ACB4D850BE1418782B82412B1E31817A996A
  864             tgs		3A47CFA50E5DCF4A5B2212D3FF1B84FEACABA81E
  865           thimo		4A7016C3A760025AE726F42A1DAB3C44DA263218
                     		65B4C14FE646AAA50C7F80368359A01B
-=-=-=-=-=-=-=-=-=-=-=-=-=-=-=-=-=-=-=-=-=-=-=-=-=-=-=-=-=-=-=-=-=-=-=
Count      Debian UID		 Key Fingerprint(s)
-=-=-=-=-=-=-=-=-=-=-=-=-=-=-=-=-=-=-=-=-=-=-=-=-=-=-=-=-=-=-=-=-=-=-=
  866            thom		1C5DFCF9DDBE01F6ABA9CB36B5679467473F7EFA
  867          thomas		215CC0B3709594FE2E5CDABECB0B37E1
                     		4737A0ADE5966D30435629B8004D54B8393D2469
  868             ths		D8B9542C35C0194B1881D2305CDBAAD2D14235A0
  869        tibbetts		A72E294878DD0002C41FD8A6292003B8AA15EA21
  870           tille		6D2EB3CAF6BCD06EEF42247F60305B31C09FD35A
  871            timr		1BD5D97CDF5356070609A880583CA816CD98B20A
  872         timshel		6ABC91A9E274ED670E328F0F5DFA9391DE3E8AA7
  873        tjhukkan		828781B3AF3430F1687EAF6454C24FB53B0BB9A9
                     		9FDCAA257C4F6B07678B75376FB6E039
  874           tjrc1		5BA68CD42C5798246638C06616E2F4F5FC81E159
  875        tmancill		5D5A21A5EEFF1C7CC17AEAC91C80B0FC
                     		F9881A2097179B7679ED6D06A5DC0190F972BE03
  876            toma		D75CE26A13D756EA480838C63ED7095569C0FA93
  877        tomasera		D11E8FF816BCDF5F4EAA8EC61BBABE1EB4A0DE89
  878           tomfa		DC7B94537F261BF96B219F90C18773559FE8D504
  879            toni		58A3037655F27B947763BD2D7E8114A075CB1AD2
  880             tor		680135A4F89AC1098927E49DF9771443
                     		EE6C46C5E7905F13AC1A9B029EDE0AB70BEE6CFC
  881            tora		8B371FE676B27BA6D59A9BF7E7F446C852936E17
  882            tore		C00AA96041A709515020E135FFCC784B103D398F
  883         torsten		7AF04E2DDC4AA7BFCBEC2F0326528732
                     		820F6308F2B08DA24D3EC20E750807B5551BE447
  884          totoro		F226C55F1CD59E07439056DAAE5817DF894A158D
-=-=-=-=-=-=-=-=-=-=-=-=-=-=-=-=-=-=-=-=-=-=-=-=-=-=-=-=-=-=-=-=-=-=-=
Count      Debian UID		 Key Fingerprint(s)
-=-=-=-=-=-=-=-=-=-=-=-=-=-=-=-=-=-=-=-=-=-=-=-=-=-=-=-=-=-=-=-=-=-=-=
  885             tpo		549A598550F2C6DB416F287C9EF854EDFC992520
  886          treacy		5970104D190AF907F3193AD9249D114C
                     		E922FC882675BF57E8CF5BDF13EE25B5E4B724A4
  887         treinen		8C9B3B90A68C53FD57568BFFB735A649E0BA04C1
  888           troup		9BF093BC475BABF8B6AEA5F6D7C3F131AB2A91F5
  889            troy		780ADF6786663965ADD852ED66112C993A4B7499
                     		7A8D5BC8F389AE52B832631547CDEF6B
  890         tsauter		FDDC0E5160205AFF24A83F02949B25EC07447252
  891        tschmidt		F5A8E22B74F721C380A352AA73DF8DAB0A327652
  892        ttroxell		31B8BF834898E26D19354C5DE2EDE84371473F66
  893           turbo		B5EF402B69E791432461ED189A55B33CA71C1E00
                     		B792930E0694D622981F0B5BFE33A10B
  894          turgon		B0B1E1FFD6E72F11DE79F598503FA9A7AA4241B2
  895              tv		CD7718EB972FA2656969A68DF270442B
  896       tviehmann		70BE71A76EFFDE9DE087F1EBAE266969A21AD4F9
  897         twerner		A698CD7FC5ED63FE985273C27D8DDD89C4CF8EC3
  898           tytso		52C344D60D02CD9B07031447ED3A39E393674C40
  899            ucko		BC5E69E0AA883F5BD0DCBFE558D0B1B227572C47
  900            ukai		04FB134FB106D372D28CC8A7F43E72663CC88C09
                     		9F27C9B37C630789289CABE47BED658A
  901       ultrotter		4C951CEC98B44B68A286FF458489B14D8807529B
  902            utsl		DAE620030D4DDECF938B9396386FA57D
  903             uwe		0F3C34D1E4A38FC6435C01BA5DD5685778D621B4
  904         vanicat		7AA19755336C6D0B8757E393B0E198D79057B5D3
-=-=-=-=-=-=-=-=-=-=-=-=-=-=-=-=-=-=-=-=-=-=-=-=-=-=-=-=-=-=-=-=-=-=-=
Count      Debian UID		 Key Fingerprint(s)
-=-=-=-=-=-=-=-=-=-=-=-=-=-=-=-=-=-=-=-=-=-=-=-=-=-=-=-=-=-=-=-=-=-=-=
  905         varenet		E67C0D43A75E12A5BB1CFA2F1E32C3DAB7D2F063
  906            vela		918E4ACF6AA5A7DC02DCCC89C41622BCA965818F
  907            vigu		1C2A0241D350B43DE0274FCDF8E834544EB82468
  908           viiru		BE86399AF0B45EB2AE7FEBFB43DFE22488DC167A
  909         villate		2B3D367BE9F0FC09A85A31E5508FD363BC936839
  910           vince		4100B65052BF970E4F1F9867894C303CEBE31EF5
  911         vincent		3BF7A57BD49068FCA8E40A9AC2D9439A
  912           viral		2128808675F531712AF436E70C0274F06E25E283
  913        vleeuwen		0C086F4C8D794C10E51DCEE726B3D68102F3713C
  914             vlm		0BA3FF69645D021DE0542DC4E28450F601D3AB93
  915             voc		80AB41647CF580D042C889D18B6CD06010656584
  916          vomjom		220BA4EF70FEB884CB38F93FEA8A10245228D713
  917          vorlon		DEA27BAA479CCA5876E5DE5628DEAE7F29982E5A
  918            voss		F1DB1FB5FEA496CE8F2EDF157FE883F3211B1025
  919            w1bw		E7A45E46DDA4E29BF828DE1D0A2619B646DC0A36
  920          wagner		7DC101727522014F6F0806491B024AA6
  921        wakkerma		576E100B518D2F1636B028053CB892502FA3BC2D
  922           waldi		887C1B4BC121A3137D1FC04D2E4008227F4E0E11
  923          walken		C09BE8D84443D3635AB4BA55575B196D
                     		CC8CE586C50860AAA54BABEB70333081086C8803
  924         walters		25D7D03BB2689DC9E61C7752388909596A765865
  925            warp		92ED94E4B1E63624226D57274453008BE65A7801
  926            wart		705A4C887A366A4E6A12CE5AB8CA331F10726171
  927             was		751244B519D9897AD1AB8E6250FF32CA87CAB60F
-=-=-=-=-=-=-=-=-=-=-=-=-=-=-=-=-=-=-=-=-=-=-=-=-=-=-=-=-=-=-=-=-=-=-=
Count      Debian UID		 Key Fingerprint(s)
-=-=-=-=-=-=-=-=-=-=-=-=-=-=-=-=-=-=-=-=-=-=-=-=-=-=-=-=-=-=-=-=-=-=-=
  928             wdg		0CA24B9714437CBD3628A341FE87DFAD2C0FCD1A
  929          weasel		5B00C96D5D54AEE1206BAF84DE7AAF6E94C09C7F
  930            wehe		ACA7C89DD03B52EA7F72AD9A4E8E6FC013282FF2
  931        weinholt		EC277F6ADFA9CBBD9EE3F07A8DF58BB64A8854E6
  932            whig		4FCE4CAC61FDEECFC2578F9C99C1979EB2950467
                     		DB8955F6E5364925A694E3B46C935799
  933            will		FA91956AA3DB251EF0B5AC3E96FF6FE4244ACFB7
  934           willy		38FAA231A84DE7C5724850CC2218C81E8E7C03FF
  935          witten		38CE9D162BB9A969656245E2CCFBC09569A8D866
  936             wjl		41352A3B4726ACC590940097F0A98A4C4CD6E3D2
  937             wli		548ADA55DF77F3AE3618BDF40F92003B0046BCA2
  938           wmono		E364C5433EB32DA6C6D7E345902478DE
  939          wookey		655426C9FA10C1D1D3D199C221672570174FEE35
  940          wouter		42671013F94A0ABEB4CE9B6D3DFC2C62AF79D29E
  941             xam		308E81E7B97963BCA0E6ED889D5BD511B7CDA2DC
  942          xavier		FF7A33E79EF3EB2426E86868DCF8D65B03F35988
  943           xtifr		EE0559E5AAFACFF002CF03DB2E55226B
  944        yaegashi		864EEF5DE946DE3814D4D2D46FEA7E2656F06D01
  945             ygh		071405537C103CFE2FB44F6D28D3E82917E57327
  946        ykomatsu		4E0C26296DC75EA73957898221561D44D12C489D
  947           yochi		63C0C7EAA2EB4CA817FC6A81E55BC52D772D695D
                     		97C2DA47196616145E31876C1834F553
  948        yooseong		A801E1F5D96433F6B20A1EDB0A19648B2AE7444E
  949          younie		0D2C4039D03A428EAA0CBE3E132706A503CDB1D2
-=-=-=-=-=-=-=-=-=-=-=-=-=-=-=-=-=-=-=-=-=-=-=-=-=-=-=-=-=-=-=-=-=-=-=
Count      Debian UID		 Key Fingerprint(s)
-=-=-=-=-=-=-=-=-=-=-=-=-=-=-=-=-=-=-=-=-=-=-=-=-=-=-=-=-=-=-=-=-=-=-=
  950          ypwong		C6695291C2B1A32D5E18E8717B70E828
                     		CD094F7BBBEE93CD7966629934B3A9A07BD22F74
  951            yves		59D726A309323A110A85A84FF55CB49663D2C165
  952            zack		8156FBF93EC1D872722D3632D5CA9B04F2C423BC
  953            zacs		CC8ADB414B47ABD0C6CEBEFC5FCCFDF44DE6F9CE
  954             zal		5FE0559F37E9B8BB8354B5BFB70C7A33F7E90FF1
  955             zed		FF758D70578DA47D3ADE6D2F25C3E6E7
  956          zeevon		F54C019D18BE6ED8678D39D021FDD515BFB880A3
  957        zinoviev		F6A14116E18FB6B8B43EA18324FD5E649BF42B07
  958            zoso		D41C9A3FC7CD67574808A01585880AE5BD540EC1
  959           zufus		0416EDEF91138372D4970EE78745DD787582C21A
  960       zugschlus		A3C282024F979BAD6ED484D18196A5446BBA3C84
